AI_LOG {"event": "hardcoded_main_start", "settings": {"L": 4, "adapt_allow_repeats": true, "adapt_disable_hh_seed": false, "adapt_eps_energy": 1e-08, "adapt_eps_grad": 1e-05, "adapt_finite_angle": 0.1, "adapt_finite_angle_fallback": true, "adapt_finite_angle_min_improvement": 1e-12, "adapt_input_json": ".vscode-userdata/artifacts/useful/L4/l4_hh_seq_20260302_215706_resume_adaptB_20260303_111311_adapt_B_B_probe_checkpoint_state.json", "adapt_max_depth": 30, "adapt_maxiter": 800, "adapt_pool": "paop_std", "adapt_ref_source": "hf", "adapt_seed": 7, "adapt_strict_match": true, "adapt_summary_in_pdf": true, "boson_encoding": "binary", "boundary": "open", "cfqm_coeff_drop_abs_tol": 0.0, "cfqm_normalize": false, "cfqm_stage_exp": "expm_multiply_sparse", "drive_A": 0.0, "drive_custom_s": null, "drive_include_identity": false, "drive_omega": 1.0, "drive_pattern": "staggered", "drive_phi": 0.0, "drive_t0": 0.0, "drive_tbar": 1.0, "drive_time_sampling": "midpoint", "dv": 0.0, "enable_drive": false, "exact_steps_multiplier": 1, "fidelity_subspace_energy_tol": 1e-08, "g_ep": 0.5, "initial_state_source": "adapt_json", "n_ph_max": 1, "num_times": 1, "omega0": 1.0, "ordering": "blocked", "output_json": "artifacts/json/l4_hh_seq_20260304_fastcomp_hb_parallel_reps4_vqe_hh_hva_tw_from_adaptB_setsid.json", "output_pdf": null, "paop_normalization": "none", "paop_prune_eps": 0.0, "paop_r": 1, "paop_split_paulis": false, "problem": "hh", "propagator": "cfqm4", "qpe_eval_qubits": 6, "qpe_seed": 11, "qpe_shots": 1024, "skip_pdf": true, "skip_qpe": true, "suzuki_order": 2, "t": 1.0, "t_final": 0.0, "term_order": "sorted", "trotter_steps": 64, "u": 4.0, "vqe_ansatz": "hh_hva_tw", "vqe_energy_backend": "one_apply_compiled", "vqe_maxiter": 12000, "vqe_method": "COBYLA", "vqe_progress_every_s": 60.0, "vqe_reps": 4, "vqe_restarts": 16, "vqe_seed": 7, "vqe_spsa_A": 10.0, "vqe_spsa_a": 0.2, "vqe_spsa_alpha": 0.602, "vqe_spsa_avg_last": 0, "vqe_spsa_c": 0.1, "vqe_spsa_eval_agg": "mean", "vqe_spsa_eval_repeats": 1, "vqe_spsa_gamma": 0.101}, "ts_utc": "2026-03-04T20:15:39.913913+00:00"}
AI_LOG {"L": 4, "event": "hardcoded_hamiltonian_built", "num_terms": 37, "ts_utc": "2026-03-04T20:15:39.919847+00:00"}
AI_LOG {"L": 4, "ansatz": "hh_hva_tw", "energy_backend": "one_apply_compiled", "event": "hardcoded_vqe_start", "maxiter": 12000, "method": "COBYLA", "ordering": "blocked", "problem": "hh", "reps": 4, "restarts": 16, "seed": 7, "ts_utc": "2026-03-04T20:20:39.511953+00:00", "vqe_progress_every_s": 60.0}
AI_LOG {"elapsed_s": 0.0, "event": "hardcoded_vqe_run_start", "label": "hardcoded_vqe", "maxiter": 12000, "method": "COBYLA", "npar": 152, "restarts_total": 16, "ts_utc": "2026-03-04T20:20:40.060644+00:00"}
AI_LOG {"elapsed_restart_s": 0.0, "elapsed_s": 0.0001205001026391983, "energy_best_global": null, "event": "hardcoded_vqe_restart_start", "label": "hardcoded_vqe", "maxiter": 12000, "method": "COBYLA", "nfev_so_far": 0, "restart_index": 1, "restarts_total": 16, "ts_utc": "2026-03-04T20:20:40.060767+00:00"}
AI_LOG {"elapsed_restart_s": 61.67540158238262, "elapsed_s": 61.67552208248526, "energy_best_global": 3.5975387348093966, "energy_current": 3.689295168827811, "energy_restart_best": 3.5975387348093966, "event": "hardcoded_vqe_heartbeat", "label": "hardcoded_vqe", "maxiter": 12000, "method": "COBYLA", "nfev_restart": 38, "nfev_so_far": 38, "restart_index": 1, "restarts_total": 16, "theta_current": null, "theta_restart_best": null, "ts_utc": "2026-03-04T20:21:41.736069+00:00"}
AI_LOG {"elapsed_restart_s": 122.68162108305842, "elapsed_s": 122.68174158316106, "energy_best_global": 2.314543462187589, "energy_current": 2.40839694742471, "energy_restart_best": 2.314543462187589, "event": "hardcoded_vqe_heartbeat", "label": "hardcoded_vqe", "maxiter": 12000, "method": "COBYLA", "nfev_restart": 72, "nfev_so_far": 72, "restart_index": 1, "restarts_total": 16, "theta_current": null, "theta_restart_best": null, "ts_utc": "2026-03-04T20:22:42.742071+00:00"}
AI_LOG {"elapsed_restart_s": 183.46402883250266, "elapsed_s": 183.4641493326053, "energy_best_global": 2.095452567667494, "energy_current": 2.103796023429238, "energy_restart_best": 2.095452567667494, "event": "hardcoded_vqe_heartbeat", "label": "hardcoded_vqe", "maxiter": 12000, "method": "COBYLA", "nfev_restart": 106, "nfev_so_far": 106, "restart_index": 1, "restarts_total": 16, "theta_current": null, "theta_restart_best": null, "ts_utc": "2026-03-04T20:23:43.524550+00:00"}
AI_LOG {"elapsed_restart_s": 244.46459170803428, "elapsed_s": 244.46471220813692, "energy_best_global": 1.9586398833733987, "energy_current": 2.1001930201396757, "energy_restart_best": 1.9586398833733987, "event": "hardcoded_vqe_heartbeat", "label": "hardcoded_vqe", "maxiter": 12000, "method": "COBYLA", "nfev_restart": 148, "nfev_so_far": 148, "restart_index": 1, "restarts_total": 16, "theta_current": null, "theta_restart_best": null, "ts_utc": "2026-03-04T20:24:44.524598+00:00"}
AI_LOG {"elapsed_restart_s": 308.77993733249605, "elapsed_s": 308.7800578325987, "energy_best_global": 1.8233798343796195, "energy_current": 1.938776015941213, "energy_restart_best": 1.8233798343796195, "event": "hardcoded_vqe_heartbeat", "label": "hardcoded_vqe", "maxiter": 12000, "method": "COBYLA", "nfev_restart": 175, "nfev_so_far": 175, "restart_index": 1, "restarts_total": 16, "theta_current": null, "theta_restart_best": null, "ts_utc": "2026-03-04T20:40:06.865382+00:00"}
AI_LOG {"elapsed_restart_s": 369.9123579580337, "elapsed_s": 369.9124784581363, "energy_best_global": 1.7815802809246115, "energy_current": 3.0380640002471893, "energy_restart_best": 1.7815802809246115, "event": "hardcoded_vqe_heartbeat", "label": "hardcoded_vqe", "maxiter": 12000, "method": "COBYLA", "nfev_restart": 197, "nfev_so_far": 197, "restart_index": 1, "restarts_total": 16, "theta_current": null, "theta_restart_best": null, "ts_utc": "2026-03-04T20:41:08.002541+00:00"}
AI_LOG {"elapsed_restart_s": 429.97351724933833, "elapsed_s": 429.97363774944097, "energy_best_global": 1.5811296921936753, "energy_current": 1.8689775587161832, "energy_restart_best": 1.5811296921936753, "event": "hardcoded_vqe_heartbeat", "label": "hardcoded_vqe", "maxiter": 12000, "method": "COBYLA", "nfev_restart": 235, "nfev_so_far": 235, "restart_index": 1, "restarts_total": 16, "theta_current": null, "theta_restart_best": null, "ts_utc": "2026-03-04T20:42:08.064215+00:00"}
AI_LOG {"elapsed_restart_s": 490.17536274995655, "elapsed_s": 490.1754832500592, "energy_best_global": 1.4228107445949418, "energy_current": 1.4892575695541703, "energy_restart_best": 1.4228107445949418, "event": "hardcoded_vqe_heartbeat", "label": "hardcoded_vqe", "maxiter": 12000, "method": "COBYLA", "nfev_restart": 278, "nfev_so_far": 278, "restart_index": 1, "restarts_total": 16, "theta_current": null, "theta_restart_best": null, "ts_utc": "2026-03-04T20:43:08.266393+00:00"}
AI_LOG {"elapsed_restart_s": 550.2905459580943, "elapsed_s": 550.2906664581969, "energy_best_global": 1.3471200915759618, "energy_current": 1.4177654300637523, "energy_restart_best": 1.3471200915759618, "event": "hardcoded_vqe_heartbeat", "label": "hardcoded_vqe", "maxiter": 12000, "method": "COBYLA", "nfev_restart": 323, "nfev_so_far": 323, "restart_index": 1, "restarts_total": 16, "theta_current": null, "theta_restart_best": null, "ts_utc": "2026-03-04T20:44:08.381976+00:00"}
AI_LOG {"elapsed_restart_s": 610.5279294578359, "elapsed_s": 610.5280499579385, "energy_best_global": 1.3471200915759618, "energy_current": 2.262414185908697, "energy_restart_best": 1.3471200915759618, "event": "hardcoded_vqe_heartbeat", "label": "hardcoded_vqe", "maxiter": 12000, "method": "COBYLA", "nfev_restart": 364, "nfev_so_far": 364, "restart_index": 1, "restarts_total": 16, "theta_current": null, "theta_restart_best": null, "ts_utc": "2026-03-04T20:45:08.619267+00:00"}
AI_LOG {"elapsed_restart_s": 671.8694457905367, "elapsed_s": 671.8695662906393, "energy_best_global": 1.2611754285245325, "energy_current": 1.4179825697848674, "energy_restart_best": 1.2611754285245325, "event": "hardcoded_vqe_heartbeat", "label": "hardcoded_vqe", "maxiter": 12000, "method": "COBYLA", "nfev_restart": 400, "nfev_so_far": 400, "restart_index": 1, "restarts_total": 16, "theta_current": null, "theta_restart_best": null, "ts_utc": "2026-03-04T20:46:09.961021+00:00"}
AI_LOG {"elapsed_restart_s": 732.52311779093, "elapsed_s": 732.5232382910326, "energy_best_global": 1.1072182549056777, "energy_current": 1.1686113569197905, "energy_restart_best": 1.1072182549056777, "event": "hardcoded_vqe_heartbeat", "label": "hardcoded_vqe", "maxiter": 12000, "method": "COBYLA", "nfev_restart": 442, "nfev_so_far": 442, "restart_index": 1, "restarts_total": 16, "theta_current": null, "theta_restart_best": null, "ts_utc": "2026-03-04T20:47:10.614960+00:00"}
AI_LOG {"elapsed_restart_s": 792.984707958065, "elapsed_s": 792.9848284581676, "energy_best_global": 1.0473503876111512, "energy_current": 1.0617719855811223, "energy_restart_best": 1.0473503876111512, "event": "hardcoded_vqe_heartbeat", "label": "hardcoded_vqe", "maxiter": 12000, "method": "COBYLA", "nfev_restart": 496, "nfev_so_far": 496, "restart_index": 1, "restarts_total": 16, "theta_current": null, "theta_restart_best": null, "ts_utc": "2026-03-04T20:48:11.076760+00:00"}
AI_LOG {"elapsed_restart_s": 853.6090702079237, "elapsed_s": 853.6091907080263, "energy_best_global": 0.8554250480661254, "energy_current": 0.9162973570684306, "energy_restart_best": 0.8554250480661254, "event": "hardcoded_vqe_heartbeat", "label": "hardcoded_vqe", "maxiter": 12000, "method": "COBYLA", "nfev_restart": 559, "nfev_so_far": 559, "restart_index": 1, "restarts_total": 16, "theta_current": null, "theta_restart_best": null, "ts_utc": "2026-03-04T20:49:11.701409+00:00"}
AI_LOG {"elapsed_restart_s": 913.7978754993528, "elapsed_s": 913.7979959994555, "energy_best_global": 0.6831286886161771, "energy_current": 0.6868840256440616, "energy_restart_best": 0.6831286886161771, "event": "hardcoded_vqe_heartbeat", "label": "hardcoded_vqe", "maxiter": 12000, "method": "COBYLA", "nfev_restart": 622, "nfev_so_far": 622, "restart_index": 1, "restarts_total": 16, "theta_current": null, "theta_restart_best": null, "ts_utc": "2026-03-04T20:50:11.890367+00:00"}
AI_LOG {"elapsed_restart_s": 974.6403376655653, "elapsed_s": 974.640458165668, "energy_best_global": 0.5928394565236844, "energy_current": 0.6144162996956932, "energy_restart_best": 0.5928394565236844, "event": "hardcoded_vqe_heartbeat", "label": "hardcoded_vqe", "maxiter": 12000, "method": "COBYLA", "nfev_restart": 686, "nfev_so_far": 686, "restart_index": 1, "restarts_total": 16, "theta_current": null, "theta_restart_best": null, "ts_utc": "2026-03-04T20:51:12.733064+00:00"}
AI_LOG {"elapsed_restart_s": 1035.1296519581228, "elapsed_s": 1035.1297724582255, "energy_best_global": 0.5511247530423156, "energy_current": 0.5905525607965919, "energy_restart_best": 0.5511247530423156, "event": "hardcoded_vqe_heartbeat", "label": "hardcoded_vqe", "maxiter": 12000, "method": "COBYLA", "nfev_restart": 745, "nfev_so_far": 745, "restart_index": 1, "restarts_total": 16, "theta_current": null, "theta_restart_best": null, "ts_utc": "2026-03-04T20:52:13.223487+00:00"}
AI_LOG {"elapsed_restart_s": 1095.1796253323555, "elapsed_s": 1095.1797458324581, "energy_best_global": 0.5383617720227107, "energy_current": 0.6328259790351127, "energy_restart_best": 0.5383617720227107, "event": "hardcoded_vqe_heartbeat", "label": "hardcoded_vqe", "maxiter": 12000, "method": "COBYLA", "nfev_restart": 802, "nfev_so_far": 802, "restart_index": 1, "restarts_total": 16, "theta_current": null, "theta_restart_best": null, "ts_utc": "2026-03-04T20:53:13.273871+00:00"}
capi_return is NULL
Call-back cb_calcfc_in__cobyla__user__routines failed.
Traceback (most recent call last):
  File "/Users/jakestrobel/Documents/Holstein_implementation/Holstein_test/pipelines/hardcoded/hubbard_pipeline.py", line 3381, in <module>
    main()
  File "/Users/jakestrobel/Documents/Holstein_implementation/Holstein_test/pipelines/hardcoded/hubbard_pipeline.py", line 2846, in main
    vqe_payload, psi_vqe = _run_hardcoded_vqe(
  File "/Users/jakestrobel/Documents/Holstein_implementation/Holstein_test/pipelines/hardcoded/hubbard_pipeline.py", line 828, in _run_hardcoded_vqe
    result = ns["vqe_minimize"](
  File "/Users/jakestrobel/Documents/Holstein_implementation/Holstein_test/src/quantum/vqe_latex_python_pairs.py", line 1932, in vqe_minimize
    res = minimize(
  File "/opt/anaconda3/lib/python3.10/site-packages/scipy/optimize/_minimize.py", line 744, in minimize
    res = _minimize_cobyla(fun, x0, args, constraints, callback=callback,
  File "/opt/anaconda3/lib/python3.10/site-packages/scipy/optimize/_cobyla_py.py", line 35, in wrapper
    return func(*args, **kwargs)
  File "/opt/anaconda3/lib/python3.10/site-packages/scipy/optimize/_cobyla_py.py", line 293, in _minimize_cobyla
    xopt, info = cobyla.minimize(calcfc, m=m, x=np.copy(x0), rhobeg=rhobeg,
  File "/opt/anaconda3/lib/python3.10/site-packages/scipy/optimize/_cobyla_py.py", line 281, in calcfc
    f = sf.fun(x)
  File "/opt/anaconda3/lib/python3.10/site-packages/scipy/optimize/_differentiable_functions.py", line 326, in fun
    self._update_fun()
  File "/opt/anaconda3/lib/python3.10/site-packages/scipy/optimize/_differentiable_functions.py", line 295, in _update_fun
    fx = self._wrapped_fun(self.x)
  File "/opt/anaconda3/lib/python3.10/site-packages/scipy/optimize/_differentiable_functions.py", line 21, in wrapped
    fx = fun(np.copy(x), *args)
  File "/Users/jakestrobel/Documents/Holstein_implementation/Holstein_test/src/quantum/vqe_latex_python_pairs.py", line 1793, in _objective_with_progress
    e_val = float(energy_fn(x))
  File "/Users/jakestrobel/Documents/Holstein_implementation/Holstein_test/src/quantum/vqe_latex_python_pairs.py", line 1720, in energy_fn
    psi = ansatz.prepare_state(theta, psi_ref)
  File "/Users/jakestrobel/Documents/Holstein_implementation/Holstein_test/src/quantum/vqe_latex_python_pairs.py", line 1199, in prepare_state
    psi = apply_exp_pauli_polynomial(
  File "/Users/jakestrobel/Documents/Holstein_implementation/Holstein_test/src/quantum/vqe_latex_python_pairs.py", line 386, in apply_exp_pauli_polynomial
    psi = apply_pauli_rotation(psi, ps, angle)
  File "/Users/jakestrobel/Documents/Holstein_implementation/Holstein_test/src/quantum/vqe_latex_python_pairs.py", line 346, in apply_pauli_rotation
    Ppsi = apply_pauli_string(state, pauli)
  File "/Users/jakestrobel/Documents/Holstein_implementation/Holstein_test/src/quantum/vqe_latex_python_pairs.py", line 257, in apply_pauli_string
    if op == "e":
KeyboardInterrupt
