AI_LOG {"event": "hardcoded_main_start", "settings": {"L": 4, "adapt_allow_repeats": true, "adapt_disable_hh_seed": false, "adapt_eps_energy": 1e-08, "adapt_eps_grad": 1e-05, "adapt_finite_angle": 0.1, "adapt_finite_angle_fallback": true, "adapt_finite_angle_min_improvement": 1e-12, "adapt_input_json": ".vscode-userdata/artifacts/useful/L4/l4_hh_seq_20260302_215706_resume_adaptB_20260303_111311_adapt_B_B_probe_checkpoint_state.json", "adapt_max_depth": 30, "adapt_maxiter": 800, "adapt_pool": "paop_std", "adapt_ref_source": "hf", "adapt_seed": 7, "adapt_strict_match": true, "adapt_summary_in_pdf": true, "boson_encoding": "binary", "boundary": "open", "cfqm_coeff_drop_abs_tol": 0.0, "cfqm_normalize": false, "cfqm_stage_exp": "expm_multiply_sparse", "drive_A": 0.0, "drive_custom_s": null, "drive_include_identity": false, "drive_omega": 1.0, "drive_pattern": "staggered", "drive_phi": 0.0, "drive_t0": 0.0, "drive_tbar": 1.0, "drive_time_sampling": "midpoint", "dv": 0.0, "enable_drive": false, "exact_steps_multiplier": 1, "fidelity_subspace_energy_tol": 1e-08, "g_ep": 0.5, "initial_state_source": "adapt_json", "n_ph_max": 1, "num_times": 1, "omega0": 1.0, "ordering": "blocked", "output_json": "artifacts/json/l4_hh_seq_20260304_fastcomp_hb_parallel_reps4_vqe_hh_hva_tw_from_adaptB_setsid_abs.json", "output_pdf": null, "paop_normalization": "none", "paop_prune_eps": 0.0, "paop_r": 1, "paop_split_paulis": false, "problem": "hh", "propagator": "cfqm4", "qpe_eval_qubits": 6, "qpe_seed": 11, "qpe_shots": 1024, "skip_pdf": true, "skip_qpe": true, "suzuki_order": 2, "t": 1.0, "t_final": 0.0, "term_order": "sorted", "trotter_steps": 64, "u": 4.0, "vqe_ansatz": "hh_hva_tw", "vqe_energy_backend": "one_apply_compiled", "vqe_maxiter": 12000, "vqe_method": "COBYLA", "vqe_progress_every_s": 60.0, "vqe_reps": 4, "vqe_restarts": 16, "vqe_seed": 7, "vqe_spsa_A": 10.0, "vqe_spsa_a": 0.2, "vqe_spsa_alpha": 0.602, "vqe_spsa_avg_last": 0, "vqe_spsa_c": 0.1, "vqe_spsa_eval_agg": "mean", "vqe_spsa_eval_repeats": 1, "vqe_spsa_gamma": 0.101}, "ts_utc": "2026-03-04T20:19:31.956898+00:00"}
AI_LOG {"L": 4, "event": "hardcoded_hamiltonian_built", "num_terms": 37, "ts_utc": "2026-03-04T20:19:31.963463+00:00"}
AI_LOG {"L": 4, "ansatz": "hh_hva_tw", "energy_backend": "one_apply_compiled", "event": "hardcoded_vqe_start", "maxiter": 12000, "method": "COBYLA", "ordering": "blocked", "problem": "hh", "reps": 4, "restarts": 16, "seed": 7, "ts_utc": "2026-03-04T20:23:48.937906+00:00", "vqe_progress_every_s": 60.0}
AI_LOG {"elapsed_s": 0.0, "event": "hardcoded_vqe_run_start", "label": "hardcoded_vqe", "maxiter": 12000, "method": "COBYLA", "npar": 152, "restarts_total": 16, "ts_utc": "2026-03-04T20:23:49.507365+00:00"}
AI_LOG {"elapsed_restart_s": 0.0, "elapsed_s": 0.00014466606080532074, "energy_best_global": null, "event": "hardcoded_vqe_restart_start", "label": "hardcoded_vqe", "maxiter": 12000, "method": "COBYLA", "nfev_so_far": 0, "restart_index": 1, "restarts_total": 16, "ts_utc": "2026-03-04T20:23:49.507511+00:00"}
AI_LOG {"elapsed_restart_s": 61.42694600019604, "elapsed_s": 61.427090666256845, "energy_best_global": 2.7746138175782953, "energy_current": 3.111583336072852, "energy_restart_best": 2.7746138175782953, "event": "hardcoded_vqe_heartbeat", "label": "hardcoded_vqe", "maxiter": 12000, "method": "COBYLA", "nfev_restart": 43, "nfev_so_far": 43, "restart_index": 1, "restarts_total": 16, "theta_current": null, "theta_restart_best": null, "ts_utc": "2026-03-04T20:24:50.934643+00:00"}
AI_LOG {"elapsed_restart_s": 121.90727241709828, "elapsed_s": 121.90741708315909, "energy_best_global": 2.400849490168545, "energy_current": 2.400849490168545, "energy_restart_best": 2.400849490168545, "event": "hardcoded_vqe_heartbeat", "label": "hardcoded_vqe", "maxiter": 12000, "method": "COBYLA", "nfev_restart": 67, "nfev_so_far": 67, "restart_index": 1, "restarts_total": 16, "theta_current": null, "theta_restart_best": null, "ts_utc": "2026-03-04T20:40:09.443897+00:00"}
AI_LOG {"elapsed_restart_s": 183.10039054229856, "elapsed_s": 183.10053520835936, "energy_best_global": 2.12336292264853, "energy_current": 2.12336292264853, "energy_restart_best": 2.12336292264853, "event": "hardcoded_vqe_heartbeat", "label": "hardcoded_vqe", "maxiter": 12000, "method": "COBYLA", "nfev_restart": 90, "nfev_so_far": 90, "restart_index": 1, "restarts_total": 16, "theta_current": null, "theta_restart_best": null, "ts_utc": "2026-03-04T20:41:10.640190+00:00"}
AI_LOG {"elapsed_restart_s": 243.2300437502563, "elapsed_s": 243.2301884163171, "energy_best_global": 2.044135798399532, "energy_current": 2.044135798399532, "energy_restart_best": 2.044135798399532, "event": "hardcoded_vqe_heartbeat", "label": "hardcoded_vqe", "maxiter": 12000, "method": "COBYLA", "nfev_restart": 128, "nfev_so_far": 128, "restart_index": 1, "restarts_total": 16, "theta_current": null, "theta_restart_best": null, "ts_utc": "2026-03-04T20:42:10.768141+00:00"}
AI_LOG {"elapsed_restart_s": 304.34915279224515, "elapsed_s": 304.34929745830595, "energy_best_global": 1.8258411763721374, "energy_current": 1.8258411763721374, "energy_restart_best": 1.8258411763721374, "event": "hardcoded_vqe_heartbeat", "label": "hardcoded_vqe", "maxiter": 12000, "method": "COBYLA", "nfev_restart": 171, "nfev_so_far": 171, "restart_index": 1, "restarts_total": 16, "theta_current": null, "theta_restart_best": null, "ts_utc": "2026-03-04T20:43:11.887454+00:00"}
AI_LOG {"elapsed_restart_s": 365.4234047923237, "elapsed_s": 365.4235494583845, "energy_best_global": 1.6322539590079805, "energy_current": 1.6591446842280735, "energy_restart_best": 1.6322539590079805, "event": "hardcoded_vqe_heartbeat", "label": "hardcoded_vqe", "maxiter": 12000, "method": "COBYLA", "nfev_restart": 217, "nfev_so_far": 217, "restart_index": 1, "restarts_total": 16, "theta_current": null, "theta_restart_best": null, "ts_utc": "2026-03-04T20:44:12.961945+00:00"}
AI_LOG {"elapsed_restart_s": 426.309046542272, "elapsed_s": 426.3091912083328, "energy_best_global": 1.4352088655664903, "energy_current": 1.4352088655664903, "energy_restart_best": 1.4352088655664903, "event": "hardcoded_vqe_heartbeat", "label": "hardcoded_vqe", "maxiter": 12000, "method": "COBYLA", "nfev_restart": 257, "nfev_so_far": 257, "restart_index": 1, "restarts_total": 16, "theta_current": null, "theta_restart_best": null, "ts_utc": "2026-03-04T20:45:13.847827+00:00"}
AI_LOG {"elapsed_restart_s": 487.1858012499288, "elapsed_s": 487.1859459159896, "energy_best_global": 1.3754204011642563, "energy_current": 1.4330933727221378, "energy_restart_best": 1.3754204011642563, "event": "hardcoded_vqe_heartbeat", "label": "hardcoded_vqe", "maxiter": 12000, "method": "COBYLA", "nfev_restart": 293, "nfev_so_far": 293, "restart_index": 1, "restarts_total": 16, "theta_current": null, "theta_restart_best": null, "ts_utc": "2026-03-04T20:46:14.724815+00:00"}
AI_LOG {"elapsed_restart_s": 548.2728750836104, "elapsed_s": 548.2730197496712, "energy_best_global": 1.3471200915759618, "energy_current": 1.3762294169802824, "energy_restart_best": 1.3471200915759618, "event": "hardcoded_vqe_heartbeat", "label": "hardcoded_vqe", "maxiter": 12000, "method": "COBYLA", "nfev_restart": 337, "nfev_so_far": 337, "restart_index": 1, "restarts_total": 16, "theta_current": null, "theta_restart_best": null, "ts_utc": "2026-03-04T20:47:15.812111+00:00"}
AI_LOG {"elapsed_restart_s": 608.9224452087656, "elapsed_s": 608.9225898748264, "energy_best_global": 1.2796753571503192, "energy_current": 2.2887528571118034, "energy_restart_best": 1.2796753571503192, "event": "hardcoded_vqe_heartbeat", "label": "hardcoded_vqe", "maxiter": 12000, "method": "COBYLA", "nfev_restart": 392, "nfev_so_far": 392, "restart_index": 1, "restarts_total": 16, "theta_current": null, "theta_restart_best": null, "ts_utc": "2026-03-04T20:48:16.461988+00:00"}
AI_LOG {"elapsed_restart_s": 669.5297944173217, "elapsed_s": 669.5299390833825, "energy_best_global": 1.0971211135895433, "energy_current": 1.5610694864436, "energy_restart_best": 1.0971211135895433, "event": "hardcoded_vqe_heartbeat", "label": "hardcoded_vqe", "maxiter": 12000, "method": "COBYLA", "nfev_restart": 455, "nfev_so_far": 455, "restart_index": 1, "restarts_total": 16, "theta_current": null, "theta_restart_best": null, "ts_utc": "2026-03-04T20:49:17.069486+00:00"}
AI_LOG {"elapsed_restart_s": 729.9231482092291, "elapsed_s": 729.9232928752899, "energy_best_global": 0.9131426621829302, "energy_current": 0.9131426621829302, "energy_restart_best": 0.9131426621829302, "event": "hardcoded_vqe_heartbeat", "label": "hardcoded_vqe", "maxiter": 12000, "method": "COBYLA", "nfev_restart": 518, "nfev_so_far": 518, "restart_index": 1, "restarts_total": 16, "theta_current": null, "theta_restart_best": null, "ts_utc": "2026-03-04T20:50:17.463095+00:00"}
AI_LOG {"elapsed_restart_s": 790.2618302498013, "elapsed_s": 790.2619749158621, "energy_best_global": 0.7575892708202625, "energy_current": 0.7575892708202625, "energy_restart_best": 0.7575892708202625, "event": "hardcoded_vqe_heartbeat", "label": "hardcoded_vqe", "maxiter": 12000, "method": "COBYLA", "nfev_restart": 582, "nfev_so_far": 582, "restart_index": 1, "restarts_total": 16, "theta_current": null, "theta_restart_best": null, "ts_utc": "2026-03-04T20:51:17.803260+00:00"}
AI_LOG {"elapsed_restart_s": 850.9179508751258, "elapsed_s": 850.9180955411866, "energy_best_global": 0.6764326221566763, "energy_current": 0.7404998463215438, "energy_restart_best": 0.6764326221566763, "event": "hardcoded_vqe_heartbeat", "label": "hardcoded_vqe", "maxiter": 12000, "method": "COBYLA", "nfev_restart": 641, "nfev_so_far": 641, "restart_index": 1, "restarts_total": 16, "theta_current": null, "theta_restart_best": null, "ts_utc": "2026-03-04T20:52:18.459210+00:00"}
AI_LOG {"elapsed_restart_s": 911.4131678342819, "elapsed_s": 911.4133125003427, "energy_best_global": 0.5911711836083247, "energy_current": 1.1486712156077834, "energy_restart_best": 0.5911711836083247, "event": "hardcoded_vqe_heartbeat", "label": "hardcoded_vqe", "maxiter": 12000, "method": "COBYLA", "nfev_restart": 697, "nfev_so_far": 697, "restart_index": 1, "restarts_total": 16, "theta_current": null, "theta_restart_best": null, "ts_utc": "2026-03-04T20:53:18.954813+00:00"}
AI_LOG {"elapsed_restart_s": 971.8779507922009, "elapsed_s": 971.8780954582617, "energy_best_global": 0.5511247530423156, "energy_current": 0.6262776076690095, "energy_restart_best": 0.5511247530423156, "event": "hardcoded_vqe_heartbeat", "label": "hardcoded_vqe", "maxiter": 12000, "method": "COBYLA", "nfev_restart": 764, "nfev_so_far": 764, "restart_index": 1, "restarts_total": 16, "theta_current": null, "theta_restart_best": null, "ts_utc": "2026-03-04T20:54:19.419810+00:00"}
AI_LOG {"elapsed_restart_s": 1033.107589124702, "elapsed_s": 1033.1077337907627, "energy_best_global": 0.5222440710969207, "energy_current": 1.1675942665638857, "energy_restart_best": 0.5222440710969207, "event": "hardcoded_vqe_heartbeat", "label": "hardcoded_vqe", "maxiter": 12000, "method": "COBYLA", "nfev_restart": 827, "nfev_so_far": 827, "restart_index": 1, "restarts_total": 16, "theta_current": null, "theta_restart_best": null, "ts_utc": "2026-03-04T20:55:20.649695+00:00"}
AI_LOG {"elapsed_restart_s": 1093.761472709477, "elapsed_s": 1093.7616173755378, "energy_best_global": 0.4764555619757039, "energy_current": 0.6303273210545912, "energy_restart_best": 0.4764555619757039, "event": "hardcoded_vqe_heartbeat", "label": "hardcoded_vqe", "maxiter": 12000, "method": "COBYLA", "nfev_restart": 894, "nfev_so_far": 894, "restart_index": 1, "restarts_total": 16, "theta_current": null, "theta_restart_best": null, "ts_utc": "2026-03-04T20:56:21.303805+00:00"}
AI_LOG {"elapsed_restart_s": 1154.0788533752784, "elapsed_s": 1154.0789980413392, "energy_best_global": 0.3211695412158403, "energy_current": 0.34335160998539493, "energy_restart_best": 0.3211695412158403, "event": "hardcoded_vqe_heartbeat", "label": "hardcoded_vqe", "maxiter": 12000, "method": "COBYLA", "nfev_restart": 962, "nfev_so_far": 962, "restart_index": 1, "restarts_total": 16, "theta_current": null, "theta_restart_best": null, "ts_utc": "2026-03-04T20:57:21.621423+00:00"}
AI_LOG {"elapsed_restart_s": 1214.6324685001746, "elapsed_s": 1214.6326131662354, "energy_best_global": 0.27868158827004424, "energy_current": 0.32387157565067926, "energy_restart_best": 0.27868158827004424, "event": "hardcoded_vqe_heartbeat", "label": "hardcoded_vqe", "maxiter": 12000, "method": "COBYLA", "nfev_restart": 1029, "nfev_so_far": 1029, "restart_index": 1, "restarts_total": 16, "theta_current": null, "theta_restart_best": null, "ts_utc": "2026-03-04T20:58:22.175264+00:00"}
AI_LOG {"elapsed_restart_s": 1275.0991306249052, "elapsed_s": 1275.099275290966, "energy_best_global": 0.1390774944736681, "energy_current": 0.18673610912182645, "energy_restart_best": 0.1390774944736681, "event": "hardcoded_vqe_heartbeat", "label": "hardcoded_vqe", "maxiter": 12000, "method": "COBYLA", "nfev_restart": 1100, "nfev_so_far": 1100, "restart_index": 1, "restarts_total": 16, "theta_current": null, "theta_restart_best": null, "ts_utc": "2026-03-04T20:59:22.642183+00:00"}
AI_LOG {"elapsed_restart_s": 1335.2093045841902, "elapsed_s": 1335.209449250251, "energy_best_global": 0.10888725773386518, "energy_current": 0.14840558556147387, "energy_restart_best": 0.10888725773386518, "event": "hardcoded_vqe_heartbeat", "label": "hardcoded_vqe", "maxiter": 12000, "method": "COBYLA", "nfev_restart": 1165, "nfev_so_far": 1165, "restart_index": 1, "restarts_total": 16, "theta_current": null, "theta_restart_best": null, "ts_utc": "2026-03-04T21:00:22.756202+00:00"}
AI_LOG {"elapsed_restart_s": 1396.0986972087994, "elapsed_s": 1396.0988418748602, "energy_best_global": 0.06606411481499229, "energy_current": 0.2137007654940447, "energy_restart_best": 0.06606411481499229, "event": "hardcoded_vqe_heartbeat", "label": "hardcoded_vqe", "maxiter": 12000, "method": "COBYLA", "nfev_restart": 1230, "nfev_so_far": 1230, "restart_index": 1, "restarts_total": 16, "theta_current": null, "theta_restart_best": null, "ts_utc": "2026-03-04T21:01:23.642204+00:00"}
AI_LOG {"elapsed_restart_s": 1456.601537000388, "elapsed_s": 1456.6016816664487, "energy_best_global": 0.017575149622916536, "energy_current": 0.024531492919780948, "energy_restart_best": 0.017575149622916536, "event": "hardcoded_vqe_heartbeat", "label": "hardcoded_vqe", "maxiter": 12000, "method": "COBYLA", "nfev_restart": 1297, "nfev_so_far": 1297, "restart_index": 1, "restarts_total": 16, "theta_current": null, "theta_restart_best": null, "ts_utc": "2026-03-04T21:02:24.145302+00:00"}
AI_LOG {"elapsed_restart_s": 1533.8560671666637, "elapsed_s": 1533.8562118327245, "energy_best_global": 0.013411031984978842, "energy_current": 0.013411031984978842, "energy_restart_best": 0.013411031984978842, "event": "hardcoded_vqe_heartbeat", "label": "hardcoded_vqe", "maxiter": 12000, "method": "COBYLA", "nfev_restart": 1345, "nfev_so_far": 1345, "restart_index": 1, "restarts_total": 16, "theta_current": null, "theta_restart_best": null, "ts_utc": "2026-03-04T21:04:22.302176+00:00"}
AI_LOG {"elapsed_restart_s": 1594.371914417483, "elapsed_s": 1594.3720590835437, "energy_best_global": -0.033129921317368555, "energy_current": -0.02926059269633914, "energy_restart_best": -0.033129921317368555, "event": "hardcoded_vqe_heartbeat", "label": "hardcoded_vqe", "maxiter": 12000, "method": "COBYLA", "nfev_restart": 1367, "nfev_so_far": 1367, "restart_index": 1, "restarts_total": 16, "theta_current": null, "theta_restart_best": null, "ts_utc": "2026-03-04T21:17:13.949196+00:00"}
AI_LOG {"elapsed_restart_s": 1654.4310175003484, "elapsed_s": 1654.4311621664092, "energy_best_global": -0.05417412542449014, "energy_current": -0.05310875251836283, "energy_restart_best": -0.05417412542449014, "event": "hardcoded_vqe_heartbeat", "label": "hardcoded_vqe", "maxiter": 12000, "method": "COBYLA", "nfev_restart": 1412, "nfev_so_far": 1412, "restart_index": 1, "restarts_total": 16, "theta_current": null, "theta_restart_best": null, "ts_utc": "2026-03-04T21:18:14.008008+00:00"}
AI_LOG {"elapsed_restart_s": 1714.9927055845037, "elapsed_s": 1714.9928502505645, "energy_best_global": -0.17195384118675114, "energy_current": -0.17195384118675114, "energy_restart_best": -0.17195384118675114, "event": "hardcoded_vqe_heartbeat", "label": "hardcoded_vqe", "maxiter": 12000, "method": "COBYLA", "nfev_restart": 1474, "nfev_so_far": 1474, "restart_index": 1, "restarts_total": 16, "theta_current": null, "theta_restart_best": null, "ts_utc": "2026-03-04T21:19:14.570333+00:00"}
AI_LOG {"elapsed_restart_s": 1775.1993662500754, "elapsed_s": 1775.1995109161362, "energy_best_global": -0.2332563209689261, "energy_current": -0.21969793914438507, "energy_restart_best": -0.2332563209689261, "event": "hardcoded_vqe_heartbeat", "label": "hardcoded_vqe", "maxiter": 12000, "method": "COBYLA", "nfev_restart": 1539, "nfev_so_far": 1539, "restart_index": 1, "restarts_total": 16, "theta_current": null, "theta_restart_best": null, "ts_utc": "2026-03-04T21:20:14.777930+00:00"}
AI_LOG {"elapsed_restart_s": 1835.964614417404, "elapsed_s": 1835.9647590834647, "energy_best_global": -0.26202387068795385, "energy_current": -0.26202387068795385, "energy_restart_best": -0.26202387068795385, "event": "hardcoded_vqe_heartbeat", "label": "hardcoded_vqe", "maxiter": 12000, "method": "COBYLA", "nfev_restart": 1606, "nfev_so_far": 1606, "restart_index": 1, "restarts_total": 16, "theta_current": null, "theta_restart_best": null, "ts_utc": "2026-03-04T21:21:15.544088+00:00"}
capi_return is NULL
Call-back cb_calcfc_in__cobyla__user__routines failed.
Traceback (most recent call last):
  File "/Users/jakestrobel/Documents/Holstein_implementation/Holstein_test/pipelines/hardcoded/hubbard_pipeline.py", line 3381, in <module>
    main()
  File "/Users/jakestrobel/Documents/Holstein_implementation/Holstein_test/pipelines/hardcoded/hubbard_pipeline.py", line 2846, in main
    vqe_payload, psi_vqe = _run_hardcoded_vqe(
  File "/Users/jakestrobel/Documents/Holstein_implementation/Holstein_test/pipelines/hardcoded/hubbard_pipeline.py", line 828, in _run_hardcoded_vqe
    result = ns["vqe_minimize"](
  File "/Users/jakestrobel/Documents/Holstein_implementation/Holstein_test/src/quantum/vqe_latex_python_pairs.py", line 1932, in vqe_minimize
    res = minimize(
  File "/opt/anaconda3/lib/python3.10/site-packages/scipy/optimize/_minimize.py", line 744, in minimize
    res = _minimize_cobyla(fun, x0, args, constraints, callback=callback,
  File "/opt/anaconda3/lib/python3.10/site-packages/scipy/optimize/_cobyla_py.py", line 35, in wrapper
    return func(*args, **kwargs)
  File "/opt/anaconda3/lib/python3.10/site-packages/scipy/optimize/_cobyla_py.py", line 293, in _minimize_cobyla
    xopt, info = cobyla.minimize(calcfc, m=m, x=np.copy(x0), rhobeg=rhobeg,
  File "/opt/anaconda3/lib/python3.10/site-packages/scipy/optimize/_cobyla_py.py", line 281, in calcfc
    f = sf.fun(x)
  File "/opt/anaconda3/lib/python3.10/site-packages/scipy/optimize/_differentiable_functions.py", line 326, in fun
    self._update_fun()
  File "/opt/anaconda3/lib/python3.10/site-packages/scipy/optimize/_differentiable_functions.py", line 295, in _update_fun
    fx = self._wrapped_fun(self.x)
  File "/opt/anaconda3/lib/python3.10/site-packages/scipy/optimize/_differentiable_functions.py", line 21, in wrapped
    fx = fun(np.copy(x), *args)
  File "/Users/jakestrobel/Documents/Holstein_implementation/Holstein_test/src/quantum/vqe_latex_python_pairs.py", line 1793, in _objective_with_progress
    e_val = float(energy_fn(x))
  File "/Users/jakestrobel/Documents/Holstein_implementation/Holstein_test/src/quantum/vqe_latex_python_pairs.py", line 1720, in energy_fn
    psi = ansatz.prepare_state(theta, psi_ref)
  File "/Users/jakestrobel/Documents/Holstein_implementation/Holstein_test/src/quantum/vqe_latex_python_pairs.py", line 1199, in prepare_state
    psi = apply_exp_pauli_polynomial(
  File "/Users/jakestrobel/Documents/Holstein_implementation/Holstein_test/src/quantum/vqe_latex_python_pairs.py", line 386, in apply_exp_pauli_polynomial
    psi = apply_pauli_rotation(psi, ps, angle)
  File "/Users/jakestrobel/Documents/Holstein_implementation/Holstein_test/src/quantum/vqe_latex_python_pairs.py", line 346, in apply_pauli_rotation
    Ppsi = apply_pauli_string(state, pauli)
  File "/Users/jakestrobel/Documents/Holstein_implementation/Holstein_test/src/quantum/vqe_latex_python_pairs.py", line 269, in apply_pauli_string
    continue
KeyboardInterrupt
