[2026-03-03T05:02:14Z] ADAPT_CONT_START state=/Users/jakestrobel/Documents/Holstein_implementation/Holstein_test/artifacts/useful/L4/l4_hh_seq_20260302_215706_probe_cont_grad_A_probe_state.json start_depth=15 E0=0.728164143084 |DeltaE0|=7.115062e-01
[2026-03-03T05:02:14Z] ADAPT_GRAD_STOP floor=2.000000e-02 patience=3 min_abs_depth=12 max_additional_depth=225
[2026-03-03T05:02:23Z] ADAPT depth 016 pre-opt |DeltaE|=7.115062e-01 best|DeltaE|=7.115062e-01 max|g|=9.884016e-02
[2026-03-03T05:02:34Z] ADAPT depth 016 post-opt |DeltaE|=7.071889e-01 best|DeltaE|=7.071889e-01 stepDeltaE=-4.317337e-03 max|g|=9.884016e-02
[2026-03-03T05:02:42Z] ADAPT depth 017 pre-opt |DeltaE|=7.071889e-01 best|DeltaE|=7.071889e-01 max|g|=1.891871e-01
[2026-03-03T05:03:39Z] ADAPT depth 017 post-opt |DeltaE|=7.026777e-01 best|DeltaE|=7.026777e-01 stepDeltaE=-4.511239e-03 max|g|=1.891871e-01
[2026-03-03T05:03:48Z] ADAPT depth 018 pre-opt |DeltaE|=7.026777e-01 best|DeltaE|=7.026777e-01 max|g|=1.320352e-01
[2026-03-03T05:04:48Z] ADAPT depth 018 heartbeat calls=172 |DeltaE|=7.023880e-01 best|DeltaE|=7.023880e-01
[2026-03-03T05:05:48Z] ADAPT depth 018 heartbeat calls=344 |DeltaE|=7.023880e-01 best|DeltaE|=7.023880e-01
[2026-03-03T05:06:48Z] ADAPT depth 018 heartbeat calls=516 |DeltaE|=7.023880e-01 best|DeltaE|=7.023880e-01
[2026-03-03T05:07:33Z] ADAPT depth 018 post-opt |DeltaE|=7.023880e-01 best|DeltaE|=7.023880e-01 stepDeltaE=-2.896907e-04 max|g|=1.320352e-01
[2026-03-03T05:07:42Z] ADAPT depth 019 pre-opt |DeltaE|=7.023880e-01 best|DeltaE|=7.023880e-01 max|g|=1.102296e-01
[2026-03-03T05:08:42Z] ADAPT depth 019 heartbeat calls=165 |DeltaE|=7.005543e-01 best|DeltaE|=7.005543e-01
[2026-03-03T05:09:42Z] ADAPT depth 019 heartbeat calls=332 |DeltaE|=7.005528e-01 best|DeltaE|=7.005528e-01
[2026-03-03T05:10:42Z] ADAPT depth 019 heartbeat calls=501 |DeltaE|=7.005528e-01 best|DeltaE|=7.005528e-01
[2026-03-03T05:11:42Z] ADAPT depth 019 heartbeat calls=669 |DeltaE|=7.005528e-01 best|DeltaE|=7.005528e-01
[2026-03-03T05:12:40Z] ADAPT depth 019 post-opt |DeltaE|=7.005528e-01 best|DeltaE|=7.005528e-01 stepDeltaE=-1.835162e-03 max|g|=1.102296e-01
[2026-03-03T05:12:49Z] ADAPT depth 020 pre-opt |DeltaE|=7.005528e-01 best|DeltaE|=7.005528e-01 max|g|=1.197663e-01
[2026-03-03T05:13:49Z] ADAPT depth 020 heartbeat calls=147 |DeltaE|=6.995076e-01 best|DeltaE|=6.995076e-01
[2026-03-03T05:14:49Z] ADAPT depth 020 heartbeat calls=293 |DeltaE|=6.994847e-01 best|DeltaE|=6.994847e-01
[2026-03-03T05:15:49Z] ADAPT depth 020 heartbeat calls=440 |DeltaE|=6.994821e-01 best|DeltaE|=6.994821e-01
[2026-03-03T05:16:49Z] ADAPT depth 020 heartbeat calls=586 |DeltaE|=6.994818e-01 best|DeltaE|=6.994818e-01
[2026-03-03T05:17:49Z] ADAPT depth 020 heartbeat calls=731 |DeltaE|=6.994818e-01 best|DeltaE|=6.994818e-01
[2026-03-03T05:18:50Z] ADAPT depth 020 heartbeat calls=868 |DeltaE|=6.994818e-01 best|DeltaE|=6.994818e-01
[2026-03-03T05:34:17Z] ADAPT depth 020 heartbeat calls=935 |DeltaE|=6.994818e-01 best|DeltaE|=6.994818e-01
[2026-03-03T05:35:17Z] ADAPT depth 020 heartbeat calls=1080 |DeltaE|=6.994818e-01 best|DeltaE|=6.994818e-01
[2026-03-03T05:36:17Z] ADAPT depth 020 heartbeat calls=1228 |DeltaE|=6.994818e-01 best|DeltaE|=6.994818e-01
[2026-03-03T05:36:37Z] ADAPT depth 020 post-opt |DeltaE|=6.994818e-01 best|DeltaE|=6.994818e-01 stepDeltaE=-1.071040e-03 max|g|=1.197663e-01
[2026-03-03T05:36:46Z] ADAPT depth 021 pre-opt |DeltaE|=6.994818e-01 best|DeltaE|=6.994818e-01 max|g|=1.091247e-01
[2026-03-03T05:37:46Z] ADAPT depth 021 heartbeat calls=144 |DeltaE|=6.974473e-01 best|DeltaE|=6.974473e-01
[2026-03-03T05:38:46Z] ADAPT depth 021 heartbeat calls=289 |DeltaE|=6.974447e-01 best|DeltaE|=6.974447e-01
[2026-03-03T05:39:47Z] ADAPT depth 021 heartbeat calls=434 |DeltaE|=6.974444e-01 best|DeltaE|=6.974444e-01
[2026-03-03T05:40:47Z] ADAPT depth 021 heartbeat calls=579 |DeltaE|=6.974443e-01 best|DeltaE|=6.974443e-01
[2026-03-03T05:41:47Z] ADAPT depth 021 heartbeat calls=723 |DeltaE|=6.974443e-01 best|DeltaE|=6.974443e-01
[2026-03-03T05:42:47Z] ADAPT depth 021 heartbeat calls=865 |DeltaE|=6.974443e-01 best|DeltaE|=6.974443e-01
[2026-03-03T05:43:48Z] ADAPT depth 021 heartbeat calls=1005 |DeltaE|=6.974443e-01 best|DeltaE|=6.974443e-01
[2026-03-03T05:44:48Z] ADAPT depth 021 heartbeat calls=1144 |DeltaE|=6.974443e-01 best|DeltaE|=6.974443e-01
[2026-03-03T05:45:36Z] ADAPT depth 021 post-opt |DeltaE|=6.974443e-01 best|DeltaE|=6.974443e-01 stepDeltaE=-2.037439e-03 max|g|=1.091247e-01
[2026-03-03T05:45:45Z] ADAPT depth 022 pre-opt |DeltaE|=6.974443e-01 best|DeltaE|=6.974443e-01 max|g|=8.915089e-02
[2026-03-03T05:46:45Z] ADAPT depth 022 heartbeat calls=135 |DeltaE|=6.958794e-01 best|DeltaE|=6.958770e-01
[2026-03-03T05:47:46Z] ADAPT depth 022 heartbeat calls=269 |DeltaE|=6.957640e-01 best|DeltaE|=6.957640e-01
[2026-03-03T05:48:46Z] ADAPT depth 022 heartbeat calls=402 |DeltaE|=6.957289e-01 best|DeltaE|=6.957289e-01
[2026-03-03T05:49:46Z] ADAPT depth 022 heartbeat calls=538 |DeltaE|=6.957232e-01 best|DeltaE|=6.957232e-01
[2026-03-03T05:50:46Z] ADAPT depth 022 heartbeat calls=672 |DeltaE|=6.957220e-01 best|DeltaE|=6.957220e-01
[2026-03-03T05:51:46Z] ADAPT depth 022 heartbeat calls=805 |DeltaE|=6.957217e-01 best|DeltaE|=6.957217e-01
[2026-03-03T05:52:47Z] ADAPT depth 022 heartbeat calls=939 |DeltaE|=6.957216e-01 best|DeltaE|=6.957216e-01
[2026-03-03T05:53:47Z] ADAPT depth 022 heartbeat calls=1072 |DeltaE|=6.957216e-01 best|DeltaE|=6.957216e-01
[2026-03-03T05:54:47Z] ADAPT depth 022 heartbeat calls=1205 |DeltaE|=6.957216e-01 best|DeltaE|=6.957216e-01
[2026-03-03T05:55:47Z] ADAPT depth 022 heartbeat calls=1338 |DeltaE|=6.957216e-01 best|DeltaE|=6.957216e-01
[2026-03-03T05:56:48Z] ADAPT depth 022 heartbeat calls=1471 |DeltaE|=6.957216e-01 best|DeltaE|=6.957216e-01
[2026-03-03T05:57:48Z] ADAPT depth 022 heartbeat calls=1604 |DeltaE|=6.957216e-01 best|DeltaE|=6.957216e-01
[2026-03-03T05:58:48Z] ADAPT depth 022 heartbeat calls=1737 |DeltaE|=6.957216e-01 best|DeltaE|=6.957216e-01
[2026-03-03T05:59:07Z] ADAPT depth 022 post-opt |DeltaE|=6.957216e-01 best|DeltaE|=6.957216e-01 stepDeltaE=-1.722723e-03 max|g|=8.915089e-02
[2026-03-03T05:59:16Z] ADAPT depth 023 pre-opt |DeltaE|=6.957216e-01 best|DeltaE|=6.957216e-01 max|g|=7.641455e-02
[2026-03-03T06:00:16Z] ADAPT depth 023 heartbeat calls=128 |DeltaE|=6.948661e-01 best|DeltaE|=6.948661e-01
[2026-03-03T06:01:16Z] ADAPT depth 023 heartbeat calls=257 |DeltaE|=6.947901e-01 best|DeltaE|=6.947901e-01
[2026-03-03T06:02:16Z] ADAPT depth 023 heartbeat calls=386 |DeltaE|=6.947604e-01 best|DeltaE|=6.947603e-01
[2026-03-03T06:03:17Z] ADAPT depth 023 heartbeat calls=516 |DeltaE|=6.947535e-01 best|DeltaE|=6.947535e-01
[2026-03-03T06:04:17Z] ADAPT depth 023 heartbeat calls=645 |DeltaE|=6.947512e-01 best|DeltaE|=6.947512e-01
[2026-03-03T06:05:17Z] ADAPT depth 023 heartbeat calls=774 |DeltaE|=6.947507e-01 best|DeltaE|=6.947507e-01
[2026-03-03T06:06:18Z] ADAPT depth 023 heartbeat calls=903 |DeltaE|=6.947504e-01 best|DeltaE|=6.947504e-01
[2026-03-03T06:07:18Z] ADAPT depth 023 heartbeat calls=1032 |DeltaE|=6.947503e-01 best|DeltaE|=6.947503e-01
[2026-03-03T06:08:18Z] ADAPT depth 023 heartbeat calls=1160 |DeltaE|=6.947503e-01 best|DeltaE|=6.947503e-01
[2026-03-03T06:09:18Z] ADAPT depth 023 heartbeat calls=1289 |DeltaE|=6.947503e-01 best|DeltaE|=6.947503e-01
[2026-03-03T06:10:18Z] ADAPT depth 023 heartbeat calls=1418 |DeltaE|=6.947503e-01 best|DeltaE|=6.947503e-01
[2026-03-03T06:11:18Z] ADAPT depth 023 heartbeat calls=1548 |DeltaE|=6.947503e-01 best|DeltaE|=6.947503e-01
[2026-03-03T06:12:19Z] ADAPT depth 023 heartbeat calls=1679 |DeltaE|=6.947503e-01 best|DeltaE|=6.947503e-01
[2026-03-03T06:13:05Z] ADAPT depth 023 post-opt |DeltaE|=6.947503e-01 best|DeltaE|=6.947503e-01 stepDeltaE=-9.713332e-04 max|g|=7.641455e-02
[2026-03-03T06:13:14Z] ADAPT depth 024 pre-opt |DeltaE|=6.947503e-01 best|DeltaE|=6.947503e-01 max|g|=6.420967e-02
[2026-03-03T06:14:14Z] ADAPT depth 024 heartbeat calls=126 |DeltaE|=6.935704e-01 best|DeltaE|=6.935698e-01
[2026-03-03T06:15:14Z] ADAPT depth 024 heartbeat calls=252 |DeltaE|=6.935628e-01 best|DeltaE|=6.935628e-01
[2026-03-03T06:16:15Z] ADAPT depth 024 heartbeat calls=379 |DeltaE|=6.935628e-01 best|DeltaE|=6.935628e-01
[2026-03-03T06:17:15Z] ADAPT depth 024 heartbeat calls=504 |DeltaE|=6.935628e-01 best|DeltaE|=6.935628e-01
[2026-03-03T06:18:15Z] ADAPT depth 024 heartbeat calls=630 |DeltaE|=6.935628e-01 best|DeltaE|=6.935628e-01
[2026-03-03T06:19:16Z] ADAPT depth 024 heartbeat calls=757 |DeltaE|=6.935628e-01 best|DeltaE|=6.935628e-01
[2026-03-03T06:20:16Z] ADAPT depth 024 heartbeat calls=883 |DeltaE|=6.935628e-01 best|DeltaE|=6.935628e-01
[2026-03-03T06:21:16Z] ADAPT depth 024 heartbeat calls=1010 |DeltaE|=6.935628e-01 best|DeltaE|=6.935628e-01
[2026-03-03T06:22:16Z] ADAPT depth 024 heartbeat calls=1135 |DeltaE|=6.935628e-01 best|DeltaE|=6.935628e-01
[2026-03-03T06:22:44Z] ADAPT depth 024 post-opt |DeltaE|=6.935628e-01 best|DeltaE|=6.935628e-01 stepDeltaE=-1.187429e-03 max|g|=6.420967e-02
[2026-03-03T06:22:54Z] ADAPT depth 025 pre-opt |DeltaE|=6.935628e-01 best|DeltaE|=6.935628e-01 max|g|=6.680587e-02
[2026-03-03T06:23:54Z] ADAPT depth 025 heartbeat calls=114 |DeltaE|=6.894329e-01 best|DeltaE|=6.893704e-01
[2026-03-03T06:24:54Z] ADAPT depth 025 heartbeat calls=227 |DeltaE|=6.877215e-01 best|DeltaE|=6.877198e-01
[2026-03-03T06:25:55Z] ADAPT depth 025 heartbeat calls=340 |DeltaE|=6.872958e-01 best|DeltaE|=6.872958e-01
[2026-03-03T06:26:55Z] ADAPT depth 025 heartbeat calls=454 |DeltaE|=6.870985e-01 best|DeltaE|=6.870983e-01
[2026-03-03T06:27:55Z] ADAPT depth 025 heartbeat calls=567 |DeltaE|=6.870461e-01 best|DeltaE|=6.870461e-01
[2026-03-03T06:28:56Z] ADAPT depth 025 heartbeat calls=681 |DeltaE|=6.870238e-01 best|DeltaE|=6.870238e-01
[2026-03-03T06:29:56Z] ADAPT depth 025 heartbeat calls=794 |DeltaE|=6.870153e-01 best|DeltaE|=6.870153e-01
[2026-03-03T06:30:56Z] ADAPT depth 025 heartbeat calls=906 |DeltaE|=6.870111e-01 best|DeltaE|=6.870111e-01
[2026-03-03T06:31:57Z] ADAPT depth 025 heartbeat calls=1018 |DeltaE|=6.870093e-01 best|DeltaE|=6.870093e-01
[2026-03-03T06:32:57Z] ADAPT depth 025 heartbeat calls=1132 |DeltaE|=6.870083e-01 best|DeltaE|=6.870083e-01
[2026-03-03T06:33:58Z] ADAPT depth 025 heartbeat calls=1247 |DeltaE|=6.870077e-01 best|DeltaE|=6.870077e-01
[2026-03-03T06:34:58Z] ADAPT depth 025 heartbeat calls=1358 |DeltaE|=6.870074e-01 best|DeltaE|=6.870074e-01
[2026-03-03T06:35:58Z] ADAPT depth 025 heartbeat calls=1470 |DeltaE|=6.870072e-01 best|DeltaE|=6.870072e-01
[2026-03-03T06:36:58Z] ADAPT depth 025 heartbeat calls=1581 |DeltaE|=6.870072e-01 best|DeltaE|=6.870072e-01
[2026-03-03T06:37:58Z] ADAPT depth 025 heartbeat calls=1694 |DeltaE|=6.870071e-01 best|DeltaE|=6.870071e-01
[2026-03-03T06:38:43Z] ADAPT depth 025 post-opt |DeltaE|=6.870071e-01 best|DeltaE|=6.870071e-01 stepDeltaE=-6.555728e-03 max|g|=6.680587e-02
[2026-03-03T06:38:52Z] ADAPT depth 026 pre-opt |DeltaE|=6.870071e-01 best|DeltaE|=6.870071e-01 max|g|=9.600581e-02
[2026-03-03T06:39:53Z] ADAPT depth 026 heartbeat calls=104 |DeltaE|=6.868141e-01 best|DeltaE|=6.868141e-01
[2026-03-03T06:40:53Z] ADAPT depth 026 heartbeat calls=208 |DeltaE|=6.868091e-01 best|DeltaE|=6.868091e-01
[2026-03-03T06:41:53Z] ADAPT depth 026 heartbeat calls=312 |DeltaE|=6.868087e-01 best|DeltaE|=6.868087e-01
[2026-03-03T06:42:54Z] ADAPT depth 026 heartbeat calls=415 |DeltaE|=6.868085e-01 best|DeltaE|=6.868085e-01
[2026-03-03T06:43:54Z] ADAPT depth 026 heartbeat calls=518 |DeltaE|=6.868084e-01 best|DeltaE|=6.868084e-01
[2026-03-03T06:44:54Z] ADAPT depth 026 heartbeat calls=621 |DeltaE|=6.868084e-01 best|DeltaE|=6.868084e-01
[2026-03-03T06:45:54Z] ADAPT depth 026 heartbeat calls=723 |DeltaE|=6.868083e-01 best|DeltaE|=6.868083e-01
[2026-03-03T06:46:54Z] ADAPT depth 026 heartbeat calls=827 |DeltaE|=6.868083e-01 best|DeltaE|=6.868083e-01
[2026-03-03T06:47:55Z] ADAPT depth 026 heartbeat calls=932 |DeltaE|=6.868083e-01 best|DeltaE|=6.868083e-01
[2026-03-03T06:48:55Z] ADAPT depth 026 heartbeat calls=1037 |DeltaE|=6.868083e-01 best|DeltaE|=6.868083e-01
[2026-03-03T06:49:55Z] ADAPT depth 026 heartbeat calls=1141 |DeltaE|=6.868083e-01 best|DeltaE|=6.868083e-01
[2026-03-03T06:50:55Z] ADAPT depth 026 heartbeat calls=1244 |DeltaE|=6.868083e-01 best|DeltaE|=6.868083e-01
[2026-03-03T06:51:56Z] ADAPT depth 026 heartbeat calls=1348 |DeltaE|=6.868083e-01 best|DeltaE|=6.868083e-01
[2026-03-03T06:52:56Z] ADAPT depth 026 heartbeat calls=1453 |DeltaE|=6.868083e-01 best|DeltaE|=6.868083e-01
[2026-03-03T06:53:57Z] ADAPT depth 026 heartbeat calls=1558 |DeltaE|=6.868083e-01 best|DeltaE|=6.868083e-01
[2026-03-03T06:54:57Z] ADAPT depth 026 heartbeat calls=1662 |DeltaE|=6.868083e-01 best|DeltaE|=6.868083e-01
[2026-03-03T06:55:57Z] ADAPT depth 026 heartbeat calls=1765 |DeltaE|=6.868083e-01 best|DeltaE|=6.868083e-01
[2026-03-03T06:56:05Z] ADAPT depth 026 post-opt |DeltaE|=6.868083e-01 best|DeltaE|=6.868083e-01 stepDeltaE=-1.987885e-04 max|g|=9.600581e-02
[2026-03-03T06:56:15Z] ADAPT depth 027 pre-opt |DeltaE|=6.868083e-01 best|DeltaE|=6.868083e-01 max|g|=9.568331e-02
[2026-03-03T06:57:15Z] ADAPT depth 027 heartbeat calls=95 |DeltaE|=6.842916e-01 best|DeltaE|=6.842916e-01
[2026-03-03T06:58:16Z] ADAPT depth 027 heartbeat calls=191 |DeltaE|=6.818207e-01 best|DeltaE|=6.818054e-01
[2026-03-03T06:59:16Z] ADAPT depth 027 heartbeat calls=288 |DeltaE|=6.809687e-01 best|DeltaE|=6.809660e-01
[2026-03-03T07:00:17Z] ADAPT depth 027 heartbeat calls=383 |DeltaE|=6.805833e-01 best|DeltaE|=6.805833e-01
[2026-03-03T07:01:17Z] ADAPT depth 027 heartbeat calls=478 |DeltaE|=6.803510e-01 best|DeltaE|=6.803510e-01
[2026-03-03T07:02:17Z] ADAPT depth 027 heartbeat calls=573 |DeltaE|=6.802146e-01 best|DeltaE|=6.802060e-01
[2026-03-03T07:03:18Z] ADAPT depth 027 heartbeat calls=669 |DeltaE|=6.801196e-01 best|DeltaE|=6.801177e-01
[2026-03-03T07:04:18Z] ADAPT depth 027 heartbeat calls=765 |DeltaE|=6.800761e-01 best|DeltaE|=6.800755e-01
[2026-03-03T07:05:18Z] ADAPT depth 027 heartbeat calls=860 |DeltaE|=6.800574e-01 best|DeltaE|=6.800574e-01
[2026-03-03T07:06:18Z] ADAPT depth 027 heartbeat calls=955 |DeltaE|=6.800489e-01 best|DeltaE|=6.800489e-01
[2026-03-03T07:07:19Z] ADAPT depth 027 heartbeat calls=1050 |DeltaE|=6.800431e-01 best|DeltaE|=6.800430e-01
[2026-03-03T07:08:19Z] ADAPT depth 027 heartbeat calls=1145 |DeltaE|=6.800402e-01 best|DeltaE|=6.800402e-01
[2026-03-03T07:09:20Z] ADAPT depth 027 heartbeat calls=1241 |DeltaE|=6.800381e-01 best|DeltaE|=6.800381e-01
[2026-03-03T07:10:20Z] ADAPT depth 027 heartbeat calls=1337 |DeltaE|=6.800369e-01 best|DeltaE|=6.800369e-01
[2026-03-03T07:11:21Z] ADAPT depth 027 heartbeat calls=1433 |DeltaE|=6.800363e-01 best|DeltaE|=6.800363e-01
[2026-03-03T07:12:21Z] ADAPT depth 027 heartbeat calls=1528 |DeltaE|=6.800359e-01 best|DeltaE|=6.800359e-01
[2026-03-03T07:13:22Z] ADAPT depth 027 heartbeat calls=1624 |DeltaE|=6.800357e-01 best|DeltaE|=6.800357e-01
[2026-03-03T07:14:22Z] ADAPT depth 027 heartbeat calls=1719 |DeltaE|=6.800357e-01 best|DeltaE|=6.800357e-01
[2026-03-03T07:15:00Z] ADAPT depth 027 post-opt |DeltaE|=6.800356e-01 best|DeltaE|=6.800356e-01 stepDeltaE=-6.772717e-03 max|g|=9.568331e-02
[2026-03-03T07:15:10Z] ADAPT depth 028 pre-opt |DeltaE|=6.800356e-01 best|DeltaE|=6.800356e-01 max|g|=8.012318e-02
[2026-03-03T07:16:10Z] ADAPT depth 028 heartbeat calls=88 |DeltaE|=6.782407e-01 best|DeltaE|=6.782365e-01
[2026-03-03T07:17:10Z] ADAPT depth 028 heartbeat calls=176 |DeltaE|=6.763373e-01 best|DeltaE|=6.763146e-01
[2026-03-03T07:18:11Z] ADAPT depth 028 heartbeat calls=264 |DeltaE|=6.750577e-01 best|DeltaE|=6.750239e-01
[2026-03-03T07:19:11Z] ADAPT depth 028 heartbeat calls=352 |DeltaE|=6.743814e-01 best|DeltaE|=6.743814e-01
[2026-03-03T07:20:11Z] ADAPT depth 028 heartbeat calls=439 |DeltaE|=6.738601e-01 best|DeltaE|=6.738584e-01
[2026-03-03T07:21:12Z] ADAPT depth 028 heartbeat calls=527 |DeltaE|=6.734307e-01 best|DeltaE|=6.734300e-01
[2026-03-03T07:22:12Z] ADAPT depth 028 heartbeat calls=614 |DeltaE|=6.731356e-01 best|DeltaE|=6.731350e-01
[2026-03-03T07:23:13Z] ADAPT depth 028 heartbeat calls=702 |DeltaE|=6.729403e-01 best|DeltaE|=6.729346e-01
[2026-03-03T07:24:13Z] ADAPT depth 028 heartbeat calls=790 |DeltaE|=6.727809e-01 best|DeltaE|=6.727809e-01
[2026-03-03T07:25:14Z] ADAPT depth 028 heartbeat calls=878 |DeltaE|=6.726288e-01 best|DeltaE|=6.726276e-01
[2026-03-03T07:26:15Z] ADAPT depth 028 heartbeat calls=966 |DeltaE|=6.725230e-01 best|DeltaE|=6.725230e-01
[2026-03-03T07:27:15Z] ADAPT depth 028 heartbeat calls=1054 |DeltaE|=6.724432e-01 best|DeltaE|=6.724428e-01
[2026-03-03T07:28:15Z] ADAPT depth 028 heartbeat calls=1142 |DeltaE|=6.723548e-01 best|DeltaE|=6.723548e-01
[2026-03-03T07:29:15Z] ADAPT depth 028 heartbeat calls=1230 |DeltaE|=6.722950e-01 best|DeltaE|=6.722950e-01
[2026-03-03T07:30:15Z] ADAPT depth 028 heartbeat calls=1317 |DeltaE|=6.722455e-01 best|DeltaE|=6.722452e-01
[2026-03-03T07:31:16Z] ADAPT depth 028 heartbeat calls=1405 |DeltaE|=6.721985e-01 best|DeltaE|=6.721985e-01
[2026-03-03T07:32:16Z] ADAPT depth 028 heartbeat calls=1492 |DeltaE|=6.721517e-01 best|DeltaE|=6.721517e-01
[2026-03-03T07:33:16Z] ADAPT depth 028 heartbeat calls=1579 |DeltaE|=6.721117e-01 best|DeltaE|=6.721117e-01
[2026-03-03T07:34:17Z] ADAPT depth 028 heartbeat calls=1667 |DeltaE|=6.720779e-01 best|DeltaE|=6.720779e-01
[2026-03-03T07:35:17Z] ADAPT depth 028 heartbeat calls=1753 |DeltaE|=6.720484e-01 best|DeltaE|=6.720481e-01
[2026-03-03T07:35:35Z] ADAPT depth 028 post-opt |DeltaE|=6.720399e-01 best|DeltaE|=6.720399e-01 stepDeltaE=-7.995740e-03 max|g|=8.012318e-02
[2026-03-03T07:35:45Z] ADAPT depth 029 pre-opt |DeltaE|=6.720399e-01 best|DeltaE|=6.720399e-01 max|g|=8.586621e-02
[2026-03-03T07:36:45Z] ADAPT depth 029 heartbeat calls=81 |DeltaE|=6.708105e-01 best|DeltaE|=6.708105e-01
[2026-03-03T07:37:45Z] ADAPT depth 029 heartbeat calls=163 |DeltaE|=6.696990e-01 best|DeltaE|=6.696990e-01
[2026-03-03T07:38:45Z] ADAPT depth 029 heartbeat calls=245 |DeltaE|=6.690239e-01 best|DeltaE|=6.690097e-01
[2026-03-03T07:39:46Z] ADAPT depth 029 heartbeat calls=327 |DeltaE|=6.684549e-01 best|DeltaE|=6.684549e-01
[2026-03-03T07:40:46Z] ADAPT depth 029 heartbeat calls=409 |DeltaE|=6.681692e-01 best|DeltaE|=6.681692e-01
[2026-03-03T07:41:47Z] ADAPT depth 029 heartbeat calls=491 |DeltaE|=6.679795e-01 best|DeltaE|=6.679795e-01
[2026-03-03T07:42:47Z] ADAPT depth 029 heartbeat calls=573 |DeltaE|=6.679086e-01 best|DeltaE|=6.679071e-01
[2026-03-03T07:43:47Z] ADAPT depth 029 heartbeat calls=655 |DeltaE|=6.678587e-01 best|DeltaE|=6.678586e-01
[2026-03-03T07:44:48Z] ADAPT depth 029 heartbeat calls=737 |DeltaE|=6.678259e-01 best|DeltaE|=6.678252e-01
[2026-03-03T07:45:48Z] ADAPT depth 029 heartbeat calls=819 |DeltaE|=6.678028e-01 best|DeltaE|=6.678009e-01
[2026-03-03T07:46:49Z] ADAPT depth 029 heartbeat calls=901 |DeltaE|=6.677854e-01 best|DeltaE|=6.677851e-01
[2026-03-03T07:47:49Z] ADAPT depth 029 heartbeat calls=983 |DeltaE|=6.677766e-01 best|DeltaE|=6.677764e-01
[2026-03-03T07:48:49Z] ADAPT depth 029 heartbeat calls=1065 |DeltaE|=6.677699e-01 best|DeltaE|=6.677698e-01
[2026-03-03T07:49:49Z] ADAPT depth 029 heartbeat calls=1146 |DeltaE|=6.677642e-01 best|DeltaE|=6.677641e-01
[2026-03-03T07:50:50Z] ADAPT depth 029 heartbeat calls=1226 |DeltaE|=6.677591e-01 best|DeltaE|=6.677590e-01
[2026-03-03T07:51:50Z] ADAPT depth 029 heartbeat calls=1306 |DeltaE|=6.677537e-01 best|DeltaE|=6.677537e-01
[2026-03-03T07:52:51Z] ADAPT depth 029 heartbeat calls=1381 |DeltaE|=6.677492e-01 best|DeltaE|=6.677492e-01
[2026-03-03T07:53:51Z] ADAPT depth 029 heartbeat calls=1460 |DeltaE|=6.677460e-01 best|DeltaE|=6.677459e-01
[2026-03-03T07:54:51Z] ADAPT depth 029 heartbeat calls=1540 |DeltaE|=6.677433e-01 best|DeltaE|=6.677433e-01
[2026-03-03T07:55:51Z] ADAPT depth 029 heartbeat calls=1620 |DeltaE|=6.677410e-01 best|DeltaE|=6.677409e-01
[2026-03-03T07:56:52Z] ADAPT depth 029 heartbeat calls=1700 |DeltaE|=6.677385e-01 best|DeltaE|=6.677385e-01
[2026-03-03T07:57:52Z] ADAPT depth 029 heartbeat calls=1775 |DeltaE|=6.677362e-01 best|DeltaE|=6.677362e-01
[2026-03-03T07:57:56Z] ADAPT depth 029 post-opt |DeltaE|=6.677362e-01 best|DeltaE|=6.677362e-01 stepDeltaE=-4.303693e-03 max|g|=8.586621e-02
[2026-03-03T07:58:06Z] ADAPT depth 030 pre-opt |DeltaE|=6.677362e-01 best|DeltaE|=6.677362e-01 max|g|=8.404815e-02
[2026-03-03T07:59:06Z] ADAPT depth 030 heartbeat calls=79 |DeltaE|=6.670290e-01 best|DeltaE|=6.670290e-01
[2026-03-03T08:00:06Z] ADAPT depth 030 heartbeat calls=157 |DeltaE|=6.666901e-01 best|DeltaE|=6.666901e-01
[2026-03-03T08:01:07Z] ADAPT depth 030 heartbeat calls=233 |DeltaE|=6.666360e-01 best|DeltaE|=6.666360e-01
[2026-03-03T08:02:07Z] ADAPT depth 030 heartbeat calls=312 |DeltaE|=6.666258e-01 best|DeltaE|=6.666257e-01
[2026-03-03T08:03:07Z] ADAPT depth 030 heartbeat calls=391 |DeltaE|=6.666198e-01 best|DeltaE|=6.666198e-01
[2026-03-03T08:04:08Z] ADAPT depth 030 heartbeat calls=471 |DeltaE|=6.666160e-01 best|DeltaE|=6.666160e-01
[2026-03-03T08:05:08Z] ADAPT depth 030 heartbeat calls=548 |DeltaE|=6.666135e-01 best|DeltaE|=6.666135e-01
[2026-03-03T08:06:08Z] ADAPT depth 030 heartbeat calls=626 |DeltaE|=6.666107e-01 best|DeltaE|=6.666107e-01
[2026-03-03T08:07:08Z] ADAPT depth 030 heartbeat calls=705 |DeltaE|=6.666080e-01 best|DeltaE|=6.666079e-01
[2026-03-03T08:08:09Z] ADAPT depth 030 heartbeat calls=784 |DeltaE|=6.666053e-01 best|DeltaE|=6.666053e-01
[2026-03-03T08:09:09Z] ADAPT depth 030 heartbeat calls=864 |DeltaE|=6.666024e-01 best|DeltaE|=6.666024e-01
[2026-03-03T08:10:09Z] ADAPT depth 030 heartbeat calls=943 |DeltaE|=6.666000e-01 best|DeltaE|=6.665999e-01
[2026-03-03T08:11:10Z] ADAPT depth 030 heartbeat calls=1022 |DeltaE|=6.665977e-01 best|DeltaE|=6.665977e-01
[2026-03-03T08:12:10Z] ADAPT depth 030 heartbeat calls=1101 |DeltaE|=6.665954e-01 best|DeltaE|=6.665954e-01
[2026-03-03T08:13:10Z] ADAPT depth 030 heartbeat calls=1180 |DeltaE|=6.665930e-01 best|DeltaE|=6.665930e-01
[2026-03-03T08:14:11Z] ADAPT depth 030 heartbeat calls=1260 |DeltaE|=6.665907e-01 best|DeltaE|=6.665907e-01
[2026-03-03T08:15:11Z] ADAPT depth 030 heartbeat calls=1339 |DeltaE|=6.665885e-01 best|DeltaE|=6.665885e-01
[2026-03-03T08:16:11Z] ADAPT depth 030 heartbeat calls=1419 |DeltaE|=6.665865e-01 best|DeltaE|=6.665864e-01
[2026-03-03T08:17:12Z] ADAPT depth 030 heartbeat calls=1498 |DeltaE|=6.665841e-01 best|DeltaE|=6.665841e-01
[2026-03-03T08:18:12Z] ADAPT depth 030 heartbeat calls=1575 |DeltaE|=6.665822e-01 best|DeltaE|=6.665822e-01
[2026-03-03T08:19:13Z] ADAPT depth 030 heartbeat calls=1652 |DeltaE|=6.665804e-01 best|DeltaE|=6.665804e-01
[2026-03-03T08:20:14Z] ADAPT depth 030 heartbeat calls=1731 |DeltaE|=6.665789e-01 best|DeltaE|=6.665789e-01
[2026-03-03T08:20:51Z] ADAPT depth 030 post-opt |DeltaE|=6.665780e-01 best|DeltaE|=6.665780e-01 stepDeltaE=-1.158208e-03 max|g|=8.404815e-02
[2026-03-03T08:21:01Z] ADAPT depth 031 pre-opt |DeltaE|=6.665780e-01 best|DeltaE|=6.665780e-01 max|g|=8.292567e-02
[2026-03-03T08:22:01Z] ADAPT depth 031 heartbeat calls=81 |DeltaE|=6.665589e-01 best|DeltaE|=6.665508e-01
[2026-03-03T08:23:01Z] ADAPT depth 031 heartbeat calls=161 |DeltaE|=6.665291e-01 best|DeltaE|=6.665290e-01
[2026-03-03T08:24:02Z] ADAPT depth 031 heartbeat calls=241 |DeltaE|=6.665276e-01 best|DeltaE|=6.665275e-01
[2026-03-03T08:25:02Z] ADAPT depth 031 heartbeat calls=322 |DeltaE|=6.665264e-01 best|DeltaE|=6.665264e-01
[2026-03-03T08:26:02Z] ADAPT depth 031 heartbeat calls=404 |DeltaE|=6.665254e-01 best|DeltaE|=6.665254e-01
[2026-03-03T08:27:03Z] ADAPT depth 031 heartbeat calls=486 |DeltaE|=6.665245e-01 best|DeltaE|=6.665245e-01
[2026-03-03T08:28:03Z] ADAPT depth 031 heartbeat calls=567 |DeltaE|=6.665235e-01 best|DeltaE|=6.665235e-01
[2026-03-03T08:29:04Z] ADAPT depth 031 heartbeat calls=648 |DeltaE|=6.665227e-01 best|DeltaE|=6.665227e-01
[2026-03-03T08:30:04Z] ADAPT depth 031 heartbeat calls=729 |DeltaE|=6.665220e-01 best|DeltaE|=6.665220e-01
[2026-03-03T08:31:04Z] ADAPT depth 031 heartbeat calls=809 |DeltaE|=6.665212e-01 best|DeltaE|=6.665212e-01
[2026-03-03T08:32:04Z] ADAPT depth 031 heartbeat calls=890 |DeltaE|=6.665203e-01 best|DeltaE|=6.665203e-01
[2026-03-03T08:33:05Z] ADAPT depth 031 heartbeat calls=972 |DeltaE|=6.665193e-01 best|DeltaE|=6.665193e-01
[2026-03-03T08:34:05Z] ADAPT depth 031 heartbeat calls=1053 |DeltaE|=6.665186e-01 best|DeltaE|=6.665186e-01
[2026-03-03T08:35:05Z] ADAPT depth 031 heartbeat calls=1134 |DeltaE|=6.665180e-01 best|DeltaE|=6.665180e-01
[2026-03-03T08:36:05Z] ADAPT depth 031 heartbeat calls=1215 |DeltaE|=6.665173e-01 best|DeltaE|=6.665173e-01
[2026-03-03T08:37:05Z] ADAPT depth 031 heartbeat calls=1288 |DeltaE|=6.665167e-01 best|DeltaE|=6.665167e-01
[2026-03-03T08:38:05Z] ADAPT depth 031 heartbeat calls=1364 |DeltaE|=6.665161e-01 best|DeltaE|=6.665161e-01
[2026-03-03T08:39:06Z] ADAPT depth 031 heartbeat calls=1443 |DeltaE|=6.665156e-01 best|DeltaE|=6.665156e-01
[2026-03-03T08:40:07Z] ADAPT depth 031 heartbeat calls=1521 |DeltaE|=6.665150e-01 best|DeltaE|=6.665150e-01
[2026-03-03T08:41:07Z] ADAPT depth 031 heartbeat calls=1595 |DeltaE|=6.665146e-01 best|DeltaE|=6.665146e-01
[2026-03-03T08:42:07Z] ADAPT depth 031 heartbeat calls=1669 |DeltaE|=6.665141e-01 best|DeltaE|=6.665141e-01
[2026-03-03T08:43:08Z] ADAPT depth 031 heartbeat calls=1744 |DeltaE|=6.665136e-01 best|DeltaE|=6.665136e-01
[2026-03-03T08:43:35Z] ADAPT depth 031 post-opt |DeltaE|=6.665135e-01 best|DeltaE|=6.665135e-01 stepDeltaE=-6.451837e-05 max|g|=8.292567e-02
[2026-03-03T08:43:45Z] ADAPT depth 032 pre-opt |DeltaE|=6.665135e-01 best|DeltaE|=6.665135e-01 max|g|=8.156115e-02
