[2026-03-03T17:13:19Z] ADAPT_CONT_START pool=B state=/Users/jakestrobel/Documents/Holstein_implementation/Holstein_test/artifacts/useful/L4/l4_hh_seq_20260302_215706_overnight_20260302_230205_adapt_A_probe_checkpoint_state.json start_depth=31 E0=0.683171357826 |DeltaE0|=6.665135e-01
[2026-03-03T17:13:19Z] POOL_META pool=B dedup_size=54 sources={'uccsd': 26, 'paop': 10, 'hva': 18}
[2026-03-03T17:13:19Z] ADAPT_GRAD_STOP floor=2.000000e-02 patience=3 min_abs_depth=12 max_additional_depth=225
[2026-03-03T17:13:32Z] ADAPT pool=B depth 032 pre-opt |DeltaE|=6.665135e-01 best|DeltaE|=6.665135e-01 max|g|=3.699927e-01
[2026-03-03T17:13:42Z] ADAPT pool=B depth 032 post-opt |DeltaE|=6.493044e-01 best|DeltaE|=6.493044e-01 stepDeltaE=-1.720903e-02 max|g|=3.699927e-01
[2026-03-03T17:13:54Z] ADAPT pool=B depth 033 pre-opt |DeltaE|=6.493044e-01 best|DeltaE|=6.493044e-01 max|g|=3.020954e-01
[2026-03-03T17:14:09Z] ADAPT pool=B depth 033 post-opt |DeltaE|=6.440122e-01 best|DeltaE|=6.440122e-01 stepDeltaE=-5.292197e-03 max|g|=3.020954e-01
[2026-03-03T17:14:21Z] ADAPT pool=B depth 034 pre-opt |DeltaE|=6.440122e-01 best|DeltaE|=6.440122e-01 max|g|=1.752395e-01
[2026-03-03T17:14:49Z] ADAPT pool=B depth 034 post-opt |DeltaE|=6.427982e-01 best|DeltaE|=6.427982e-01 stepDeltaE=-1.214065e-03 max|g|=1.752395e-01
[2026-03-03T17:15:02Z] ADAPT pool=B depth 035 pre-opt |DeltaE|=6.427982e-01 best|DeltaE|=6.427982e-01 max|g|=1.722414e-01
[2026-03-03T17:15:48Z] ADAPT pool=B depth 035 post-opt |DeltaE|=6.421486e-01 best|DeltaE|=6.421486e-01 stepDeltaE=-6.495924e-04 max|g|=1.722414e-01
[2026-03-03T17:16:01Z] ADAPT pool=B depth 036 pre-opt |DeltaE|=6.421486e-01 best|DeltaE|=6.421486e-01 max|g|=8.321509e-02
[2026-03-03T17:17:01Z] ADAPT pool=B depth 036 heartbeat calls=171 |DeltaE|=6.420835e-01 best|DeltaE|=6.420835e-01
[2026-03-03T17:17:23Z] ADAPT pool=B depth 036 post-opt |DeltaE|=6.420835e-01 best|DeltaE|=6.420835e-01 stepDeltaE=-6.506880e-05 max|g|=8.321509e-02
[2026-03-03T17:17:36Z] ADAPT pool=B depth 037 pre-opt |DeltaE|=6.420835e-01 best|DeltaE|=6.420835e-01 max|g|=8.258689e-02
[2026-03-03T17:18:36Z] ADAPT pool=B depth 037 heartbeat calls=151 |DeltaE|=6.419728e-01 best|DeltaE|=6.419728e-01
[2026-03-03T17:19:36Z] ADAPT pool=B depth 037 heartbeat calls=301 |DeltaE|=6.419728e-01 best|DeltaE|=6.419728e-01
[2026-03-03T17:19:44Z] ADAPT pool=B depth 037 post-opt |DeltaE|=6.419728e-01 best|DeltaE|=6.419728e-01 stepDeltaE=-1.106890e-04 max|g|=8.258689e-02
[2026-03-03T17:19:57Z] ADAPT pool=B depth 038 pre-opt |DeltaE|=6.419728e-01 best|DeltaE|=6.419728e-01 max|g|=9.201010e-02
[2026-03-03T17:20:58Z] ADAPT pool=B depth 038 heartbeat calls=133 |DeltaE|=6.418791e-01 best|DeltaE|=6.418791e-01
[2026-03-03T17:37:23Z] ADAPT pool=B depth 038 heartbeat calls=186 |DeltaE|=6.418790e-01 best|DeltaE|=6.418790e-01
[2026-03-03T17:38:23Z] ADAPT pool=B depth 038 heartbeat calls=212 |DeltaE|=6.418790e-01 best|DeltaE|=6.418790e-01
[2026-03-03T17:55:41Z] ADAPT pool=B depth 038 heartbeat calls=215 |DeltaE|=6.418790e-01 best|DeltaE|=6.418790e-01
[2026-03-03T18:07:09Z] ADAPT pool=B depth 038 heartbeat calls=226 |DeltaE|=6.418790e-01 best|DeltaE|=6.418790e-01
[2026-03-03T18:23:05Z] ADAPT pool=B depth 038 heartbeat calls=235 |DeltaE|=6.418790e-01 best|DeltaE|=6.418790e-01
[2026-03-03T18:40:23Z] ADAPT pool=B depth 038 heartbeat calls=244 |DeltaE|=6.418790e-01 best|DeltaE|=6.418790e-01
[2026-03-03T18:57:31Z] ADAPT pool=B depth 038 heartbeat calls=259 |DeltaE|=6.418790e-01 best|DeltaE|=6.418790e-01
[2026-03-03T19:01:09Z] ADAPT pool=B depth 038 heartbeat calls=280 |DeltaE|=6.418790e-01 best|DeltaE|=6.418790e-01
[2026-03-03T19:02:10Z] ADAPT pool=B depth 038 heartbeat calls=373 |DeltaE|=6.418790e-01 best|DeltaE|=6.418790e-01
[2026-03-03T19:02:22Z] ADAPT pool=B depth 038 post-opt |DeltaE|=6.418790e-01 best|DeltaE|=6.418790e-01 stepDeltaE=-9.383672e-05 max|g|=9.201010e-02
[2026-03-03T19:02:35Z] ADAPT pool=B depth 039 pre-opt |DeltaE|=6.418790e-01 best|DeltaE|=6.418790e-01 max|g|=8.257167e-02
[2026-03-03T19:03:36Z] ADAPT pool=B depth 039 heartbeat calls=129 |DeltaE|=6.411931e-01 best|DeltaE|=6.411931e-01
[2026-03-03T19:04:36Z] ADAPT pool=B depth 039 heartbeat calls=259 |DeltaE|=6.411920e-01 best|DeltaE|=6.411920e-01
[2026-03-03T19:05:37Z] ADAPT pool=B depth 039 heartbeat calls=390 |DeltaE|=6.411920e-01 best|DeltaE|=6.411920e-01
[2026-03-03T19:06:24Z] ADAPT pool=B depth 039 post-opt |DeltaE|=6.411920e-01 best|DeltaE|=6.411920e-01 stepDeltaE=-6.869532e-04 max|g|=8.257167e-02
[2026-03-03T19:06:37Z] ADAPT pool=B depth 040 pre-opt |DeltaE|=6.411920e-01 best|DeltaE|=6.411920e-01 max|g|=6.934845e-02
[2026-03-03T19:07:37Z] ADAPT pool=B depth 040 heartbeat calls=126 |DeltaE|=6.405635e-01 best|DeltaE|=6.405635e-01
[2026-03-03T19:08:38Z] ADAPT pool=B depth 040 heartbeat calls=250 |DeltaE|=6.405563e-01 best|DeltaE|=6.405563e-01
[2026-03-03T19:09:38Z] ADAPT pool=B depth 040 heartbeat calls=375 |DeltaE|=6.405563e-01 best|DeltaE|=6.405563e-01
[2026-03-03T19:10:38Z] ADAPT pool=B depth 040 heartbeat calls=501 |DeltaE|=6.405563e-01 best|DeltaE|=6.405563e-01
[2026-03-03T19:10:50Z] ADAPT pool=B depth 040 post-opt |DeltaE|=6.405563e-01 best|DeltaE|=6.405563e-01 stepDeltaE=-6.357455e-04 max|g|=6.934845e-02
[2026-03-03T19:11:03Z] ADAPT pool=B depth 041 pre-opt |DeltaE|=6.405563e-01 best|DeltaE|=6.405563e-01 max|g|=1.274826e-01
[2026-03-03T19:12:04Z] ADAPT pool=B depth 041 heartbeat calls=122 |DeltaE|=6.393434e-01 best|DeltaE|=6.393434e-01
[2026-03-03T19:13:04Z] ADAPT pool=B depth 041 heartbeat calls=245 |DeltaE|=6.392569e-01 best|DeltaE|=6.392568e-01
[2026-03-03T19:14:04Z] ADAPT pool=B depth 041 heartbeat calls=367 |DeltaE|=6.392533e-01 best|DeltaE|=6.392533e-01
[2026-03-03T19:15:04Z] ADAPT pool=B depth 041 heartbeat calls=492 |DeltaE|=6.392532e-01 best|DeltaE|=6.392532e-01
[2026-03-03T19:16:05Z] ADAPT pool=B depth 041 heartbeat calls=616 |DeltaE|=6.392532e-01 best|DeltaE|=6.392532e-01
[2026-03-03T19:17:05Z] ADAPT pool=B depth 041 heartbeat calls=740 |DeltaE|=6.392532e-01 best|DeltaE|=6.392532e-01
[2026-03-03T19:18:04Z] ADAPT pool=B depth 041 post-opt |DeltaE|=6.392532e-01 best|DeltaE|=6.392532e-01 stepDeltaE=-1.303097e-03 max|g|=1.274826e-01
[2026-03-03T19:18:17Z] ADAPT pool=B depth 042 pre-opt |DeltaE|=6.392532e-01 best|DeltaE|=6.392532e-01 max|g|=7.710128e-02
[2026-03-03T19:19:17Z] ADAPT pool=B depth 042 heartbeat calls=120 |DeltaE|=6.385119e-01 best|DeltaE|=6.384973e-01
[2026-03-03T19:20:17Z] ADAPT pool=B depth 042 heartbeat calls=242 |DeltaE|=6.383142e-01 best|DeltaE|=6.383134e-01
[2026-03-03T19:21:17Z] ADAPT pool=B depth 042 heartbeat calls=366 |DeltaE|=6.382631e-01 best|DeltaE|=6.382631e-01
[2026-03-03T19:22:17Z] ADAPT pool=B depth 042 heartbeat calls=490 |DeltaE|=6.382497e-01 best|DeltaE|=6.382497e-01
[2026-03-03T19:23:18Z] ADAPT pool=B depth 042 heartbeat calls=614 |DeltaE|=6.382474e-01 best|DeltaE|=6.382474e-01
[2026-03-03T19:24:18Z] ADAPT pool=B depth 042 heartbeat calls=737 |DeltaE|=6.382469e-01 best|DeltaE|=6.382469e-01
[2026-03-03T19:25:18Z] ADAPT pool=B depth 042 heartbeat calls=858 |DeltaE|=6.382468e-01 best|DeltaE|=6.382468e-01
[2026-03-03T19:26:18Z] ADAPT pool=B depth 042 heartbeat calls=980 |DeltaE|=6.382468e-01 best|DeltaE|=6.382468e-01
[2026-03-03T19:27:18Z] ADAPT pool=B depth 042 heartbeat calls=1103 |DeltaE|=6.382468e-01 best|DeltaE|=6.382468e-01
[2026-03-03T19:28:19Z] ADAPT pool=B depth 042 heartbeat calls=1227 |DeltaE|=6.382468e-01 best|DeltaE|=6.382468e-01
[2026-03-03T19:29:19Z] ADAPT pool=B depth 042 heartbeat calls=1350 |DeltaE|=6.382468e-01 best|DeltaE|=6.382468e-01
[2026-03-03T19:30:19Z] ADAPT pool=B depth 042 heartbeat calls=1474 |DeltaE|=6.382468e-01 best|DeltaE|=6.382468e-01
[2026-03-03T19:31:20Z] ADAPT pool=B depth 042 heartbeat calls=1598 |DeltaE|=6.382468e-01 best|DeltaE|=6.382468e-01
[2026-03-03T19:31:39Z] ADAPT pool=B depth 042 post-opt |DeltaE|=6.382468e-01 best|DeltaE|=6.382468e-01 stepDeltaE=-1.006393e-03 max|g|=7.710128e-02
[2026-03-03T19:31:52Z] ADAPT pool=B depth 043 pre-opt |DeltaE|=6.382468e-01 best|DeltaE|=6.382468e-01 max|g|=7.554997e-02
[2026-03-03T19:32:52Z] ADAPT pool=B depth 043 heartbeat calls=112 |DeltaE|=6.373843e-01 best|DeltaE|=6.373843e-01
[2026-03-03T19:33:52Z] ADAPT pool=B depth 043 heartbeat calls=225 |DeltaE|=6.365327e-01 best|DeltaE|=6.365327e-01
[2026-03-03T19:34:52Z] ADAPT pool=B depth 043 heartbeat calls=338 |DeltaE|=6.359117e-01 best|DeltaE|=6.359117e-01
[2026-03-03T19:35:52Z] ADAPT pool=B depth 043 heartbeat calls=450 |DeltaE|=6.353458e-01 best|DeltaE|=6.353458e-01
[2026-03-03T19:36:52Z] ADAPT pool=B depth 043 heartbeat calls=562 |DeltaE|=6.350352e-01 best|DeltaE|=6.350352e-01
[2026-03-03T19:37:53Z] ADAPT pool=B depth 043 heartbeat calls=675 |DeltaE|=6.348900e-01 best|DeltaE|=6.348900e-01
[2026-03-03T19:38:53Z] ADAPT pool=B depth 043 heartbeat calls=788 |DeltaE|=6.348207e-01 best|DeltaE|=6.348207e-01
[2026-03-03T19:39:54Z] ADAPT pool=B depth 043 heartbeat calls=901 |DeltaE|=6.347857e-01 best|DeltaE|=6.347857e-01
[2026-03-03T19:40:54Z] ADAPT pool=B depth 043 heartbeat calls=1013 |DeltaE|=6.347595e-01 best|DeltaE|=6.347595e-01
[2026-03-03T19:41:54Z] ADAPT pool=B depth 043 heartbeat calls=1126 |DeltaE|=6.347417e-01 best|DeltaE|=6.347417e-01
[2026-03-03T19:42:54Z] ADAPT pool=B depth 043 heartbeat calls=1239 |DeltaE|=6.347306e-01 best|DeltaE|=6.347306e-01
[2026-03-03T19:43:54Z] ADAPT pool=B depth 043 heartbeat calls=1352 |DeltaE|=6.347192e-01 best|DeltaE|=6.347192e-01
[2026-03-03T19:44:55Z] ADAPT pool=B depth 043 heartbeat calls=1465 |DeltaE|=6.347105e-01 best|DeltaE|=6.347105e-01
[2026-03-03T19:45:55Z] ADAPT pool=B depth 043 heartbeat calls=1578 |DeltaE|=6.347051e-01 best|DeltaE|=6.347051e-01
[2026-03-03T19:46:55Z] ADAPT pool=B depth 043 heartbeat calls=1691 |DeltaE|=6.347009e-01 best|DeltaE|=6.347008e-01
[2026-03-03T19:47:42Z] ADAPT pool=B depth 043 post-opt |DeltaE|=6.346984e-01 best|DeltaE|=6.346984e-01 stepDeltaE=-3.548393e-03 max|g|=7.554997e-02
[2026-03-03T19:47:55Z] ADAPT pool=B depth 044 pre-opt |DeltaE|=6.346984e-01 best|DeltaE|=6.346984e-01 max|g|=2.557803e-01
[2026-03-03T19:48:56Z] ADAPT pool=B depth 044 heartbeat calls=102 |DeltaE|=6.336859e-01 best|DeltaE|=6.336859e-01
[2026-03-03T19:49:56Z] ADAPT pool=B depth 044 heartbeat calls=205 |DeltaE|=6.335008e-01 best|DeltaE|=6.335008e-01
[2026-03-03T19:50:57Z] ADAPT pool=B depth 044 heartbeat calls=308 |DeltaE|=6.334126e-01 best|DeltaE|=6.334122e-01
[2026-03-03T19:51:57Z] ADAPT pool=B depth 044 heartbeat calls=403 |DeltaE|=6.333406e-01 best|DeltaE|=6.333406e-01
[2026-03-03T19:52:57Z] ADAPT pool=B depth 044 heartbeat calls=506 |DeltaE|=6.332967e-01 best|DeltaE|=6.332967e-01
[2026-03-03T19:53:57Z] ADAPT pool=B depth 044 heartbeat calls=609 |DeltaE|=6.332632e-01 best|DeltaE|=6.332632e-01
[2026-03-03T19:54:57Z] ADAPT pool=B depth 044 heartbeat calls=712 |DeltaE|=6.332365e-01 best|DeltaE|=6.332365e-01
[2026-03-03T19:55:58Z] ADAPT pool=B depth 044 heartbeat calls=815 |DeltaE|=6.332140e-01 best|DeltaE|=6.332140e-01
[2026-03-03T19:56:58Z] ADAPT pool=B depth 044 heartbeat calls=918 |DeltaE|=6.331967e-01 best|DeltaE|=6.331962e-01
[2026-03-03T19:57:58Z] ADAPT pool=B depth 044 heartbeat calls=1013 |DeltaE|=6.331858e-01 best|DeltaE|=6.331858e-01
[2026-03-03T19:58:59Z] ADAPT pool=B depth 044 heartbeat calls=1117 |DeltaE|=6.331733e-01 best|DeltaE|=6.331733e-01
[2026-03-03T19:59:59Z] ADAPT pool=B depth 044 heartbeat calls=1220 |DeltaE|=6.331621e-01 best|DeltaE|=6.331620e-01
[2026-03-03T20:01:00Z] ADAPT pool=B depth 044 heartbeat calls=1323 |DeltaE|=6.331523e-01 best|DeltaE|=6.331522e-01
[2026-03-03T20:02:00Z] ADAPT pool=B depth 044 heartbeat calls=1427 |DeltaE|=6.331443e-01 best|DeltaE|=6.331443e-01
[2026-03-03T20:03:00Z] ADAPT pool=B depth 044 heartbeat calls=1527 |DeltaE|=6.331381e-01 best|DeltaE|=6.331379e-01
[2026-03-03T20:04:00Z] ADAPT pool=B depth 044 heartbeat calls=1628 |DeltaE|=6.331321e-01 best|DeltaE|=6.331320e-01
[2026-03-03T20:05:01Z] ADAPT pool=B depth 044 heartbeat calls=1726 |DeltaE|=6.331264e-01 best|DeltaE|=6.331263e-01
[2026-03-03T20:05:33Z] ADAPT pool=B depth 044 post-opt |DeltaE|=6.331237e-01 best|DeltaE|=6.331237e-01 stepDeltaE=-1.574650e-03 max|g|=2.557803e-01
[2026-03-03T20:05:46Z] ADAPT pool=B depth 045 pre-opt |DeltaE|=6.331237e-01 best|DeltaE|=6.331237e-01 max|g|=1.101521e-01
[2026-03-03T20:06:46Z] ADAPT pool=B depth 045 heartbeat calls=101 |DeltaE|=6.316956e-01 best|DeltaE|=6.316185e-01
[2026-03-03T20:07:46Z] ADAPT pool=B depth 045 heartbeat calls=203 |DeltaE|=6.286730e-01 best|DeltaE|=6.286679e-01
[2026-03-03T20:08:46Z] ADAPT pool=B depth 045 heartbeat calls=302 |DeltaE|=6.248844e-01 best|DeltaE|=6.248844e-01
[2026-03-03T20:09:47Z] ADAPT pool=B depth 045 heartbeat calls=403 |DeltaE|=6.210688e-01 best|DeltaE|=6.210688e-01
[2026-03-03T20:11:13Z] ADAPT pool=B depth 045 heartbeat calls=427 |DeltaE|=6.200481e-01 best|DeltaE|=6.200481e-01
[2026-03-03T20:16:46Z] ADAPT pool=B depth 045 heartbeat calls=478 |DeltaE|=6.179733e-01 best|DeltaE|=6.179733e-01
[2026-03-03T20:17:47Z] ADAPT pool=B depth 045 heartbeat calls=565 |DeltaE|=6.160777e-01 best|DeltaE|=6.160724e-01
[2026-03-03T20:18:47Z] ADAPT pool=B depth 045 heartbeat calls=664 |DeltaE|=6.148059e-01 best|DeltaE|=6.148059e-01
[2026-03-03T20:19:47Z] ADAPT pool=B depth 045 heartbeat calls=764 |DeltaE|=6.142183e-01 best|DeltaE|=6.142114e-01
[2026-03-03T20:20:48Z] ADAPT pool=B depth 045 heartbeat calls=865 |DeltaE|=6.140365e-01 best|DeltaE|=6.140365e-01
[2026-03-03T20:21:48Z] ADAPT pool=B depth 045 heartbeat calls=966 |DeltaE|=6.139541e-01 best|DeltaE|=6.139541e-01
[2026-03-03T20:22:48Z] ADAPT pool=B depth 045 heartbeat calls=1066 |DeltaE|=6.139126e-01 best|DeltaE|=6.139126e-01
[2026-03-03T20:23:48Z] ADAPT pool=B depth 045 heartbeat calls=1165 |DeltaE|=6.138759e-01 best|DeltaE|=6.138749e-01
[2026-03-03T20:24:49Z] ADAPT pool=B depth 045 heartbeat calls=1265 |DeltaE|=6.138550e-01 best|DeltaE|=6.138547e-01
[2026-03-03T20:25:49Z] ADAPT pool=B depth 045 heartbeat calls=1365 |DeltaE|=6.138354e-01 best|DeltaE|=6.138354e-01
[2026-03-03T20:26:49Z] ADAPT pool=B depth 045 heartbeat calls=1465 |DeltaE|=6.138219e-01 best|DeltaE|=6.138219e-01
[2026-03-03T20:27:49Z] ADAPT pool=B depth 045 heartbeat calls=1567 |DeltaE|=6.138095e-01 best|DeltaE|=6.138095e-01
[2026-03-03T20:28:50Z] ADAPT pool=B depth 045 heartbeat calls=1667 |DeltaE|=6.137971e-01 best|DeltaE|=6.137971e-01
[2026-03-03T20:29:50Z] ADAPT pool=B depth 045 heartbeat calls=1768 |DeltaE|=6.137889e-01 best|DeltaE|=6.137889e-01
[2026-03-03T20:29:57Z] ADAPT pool=B depth 045 post-opt |DeltaE|=6.137881e-01 best|DeltaE|=6.137881e-01 stepDeltaE=-1.933562e-02 max|g|=1.101521e-01
[2026-03-03T20:30:10Z] ADAPT pool=B depth 046 pre-opt |DeltaE|=6.137881e-01 best|DeltaE|=6.137881e-01 max|g|=1.681889e-01
[2026-03-03T20:31:10Z] ADAPT pool=B depth 046 heartbeat calls=100 |DeltaE|=6.105753e-01 best|DeltaE|=6.104271e-01
[2026-03-03T20:32:11Z] ADAPT pool=B depth 046 heartbeat calls=200 |DeltaE|=6.089212e-01 best|DeltaE|=6.088458e-01
[2026-03-03T20:33:11Z] ADAPT pool=B depth 046 heartbeat calls=300 |DeltaE|=6.083538e-01 best|DeltaE|=6.083538e-01
[2026-03-03T20:34:11Z] ADAPT pool=B depth 046 heartbeat calls=400 |DeltaE|=6.082074e-01 best|DeltaE|=6.082074e-01
[2026-03-03T20:35:11Z] ADAPT pool=B depth 046 heartbeat calls=500 |DeltaE|=6.081517e-01 best|DeltaE|=6.081511e-01
[2026-03-03T20:36:12Z] ADAPT pool=B depth 046 heartbeat calls=600 |DeltaE|=6.081368e-01 best|DeltaE|=6.081366e-01
[2026-03-03T20:37:12Z] ADAPT pool=B depth 046 heartbeat calls=700 |DeltaE|=6.081318e-01 best|DeltaE|=6.081318e-01
[2026-03-03T20:38:13Z] ADAPT pool=B depth 046 heartbeat calls=800 |DeltaE|=6.081295e-01 best|DeltaE|=6.081295e-01
[2026-03-03T20:39:13Z] ADAPT pool=B depth 046 heartbeat calls=900 |DeltaE|=6.081286e-01 best|DeltaE|=6.081286e-01
[2026-03-03T20:40:13Z] ADAPT pool=B depth 046 heartbeat calls=1000 |DeltaE|=6.081282e-01 best|DeltaE|=6.081282e-01
[2026-03-03T20:41:14Z] ADAPT pool=B depth 046 heartbeat calls=1100 |DeltaE|=6.081280e-01 best|DeltaE|=6.081280e-01
[2026-03-03T20:42:14Z] ADAPT pool=B depth 046 heartbeat calls=1200 |DeltaE|=6.081279e-01 best|DeltaE|=6.081279e-01
[2026-03-03T20:43:14Z] ADAPT pool=B depth 046 heartbeat calls=1300 |DeltaE|=6.081279e-01 best|DeltaE|=6.081279e-01
[2026-03-03T20:58:53Z] ADAPT pool=B depth 046 heartbeat calls=1367 |DeltaE|=6.081278e-01 best|DeltaE|=6.081278e-01
[2026-03-03T20:59:54Z] ADAPT pool=B depth 046 heartbeat calls=1458 |DeltaE|=6.081278e-01 best|DeltaE|=6.081278e-01
[2026-03-03T21:05:03Z] ADAPT pool=B depth 046 heartbeat calls=1473 |DeltaE|=6.081278e-01 best|DeltaE|=6.081278e-01
[2026-03-03T21:09:11Z] ADAPT pool=B depth 046 heartbeat calls=1509 |DeltaE|=6.081278e-01 best|DeltaE|=6.081278e-01
[2026-03-03T21:10:11Z] ADAPT pool=B depth 046 heartbeat calls=1588 |DeltaE|=6.081278e-01 best|DeltaE|=6.081278e-01
[2026-03-03T21:11:11Z] ADAPT pool=B depth 046 heartbeat calls=1683 |DeltaE|=6.081278e-01 best|DeltaE|=6.081278e-01
[2026-03-03T21:12:09Z] ADAPT pool=B depth 046 post-opt |DeltaE|=6.081278e-01 best|DeltaE|=6.081278e-01 stepDeltaE=-5.660352e-03 max|g|=1.681889e-01
[2026-03-03T21:12:22Z] ADAPT pool=B depth 047 pre-opt |DeltaE|=6.081278e-01 best|DeltaE|=6.081278e-01 max|g|=1.238501e-01
[2026-03-03T21:13:23Z] ADAPT pool=B depth 047 heartbeat calls=98 |DeltaE|=6.068969e-01 best|DeltaE|=6.068810e-01
[2026-03-03T21:14:23Z] ADAPT pool=B depth 047 heartbeat calls=194 |DeltaE|=6.040576e-01 best|DeltaE|=6.040576e-01
[2026-03-03T21:15:23Z] ADAPT pool=B depth 047 heartbeat calls=291 |DeltaE|=6.011303e-01 best|DeltaE|=6.011303e-01
[2026-03-03T21:16:23Z] ADAPT pool=B depth 047 heartbeat calls=386 |DeltaE|=5.989048e-01 best|DeltaE|=5.989048e-01
[2026-03-03T21:17:24Z] ADAPT pool=B depth 047 heartbeat calls=402 |DeltaE|=5.986427e-01 best|DeltaE|=5.985955e-01
[2026-03-03T21:18:24Z] ADAPT pool=B depth 047 heartbeat calls=496 |DeltaE|=5.962001e-01 best|DeltaE|=5.962001e-01
[2026-03-03T21:19:24Z] ADAPT pool=B depth 047 heartbeat calls=588 |DeltaE|=5.941384e-01 best|DeltaE|=5.940683e-01
[2026-03-03T21:20:24Z] ADAPT pool=B depth 047 heartbeat calls=684 |DeltaE|=5.924505e-01 best|DeltaE|=5.924505e-01
[2026-03-03T21:21:24Z] ADAPT pool=B depth 047 heartbeat calls=781 |DeltaE|=5.909211e-01 best|DeltaE|=5.908788e-01
[2026-03-03T21:22:24Z] ADAPT pool=B depth 047 heartbeat calls=877 |DeltaE|=5.895845e-01 best|DeltaE|=5.895845e-01
[2026-03-03T21:23:25Z] ADAPT pool=B depth 047 heartbeat calls=974 |DeltaE|=5.887272e-01 best|DeltaE|=5.887272e-01
[2026-03-03T21:24:25Z] ADAPT pool=B depth 047 heartbeat calls=1072 |DeltaE|=5.877050e-01 best|DeltaE|=5.877050e-01
[2026-03-03T21:25:25Z] ADAPT pool=B depth 047 heartbeat calls=1165 |DeltaE|=5.868477e-01 best|DeltaE|=5.868407e-01
[2026-03-03T21:26:26Z] ADAPT pool=B depth 047 heartbeat calls=1262 |DeltaE|=5.861103e-01 best|DeltaE|=5.861103e-01
[2026-03-03T21:27:26Z] ADAPT pool=B depth 047 heartbeat calls=1359 |DeltaE|=5.853812e-01 best|DeltaE|=5.853608e-01
[2026-03-03T21:28:26Z] ADAPT pool=B depth 047 heartbeat calls=1452 |DeltaE|=5.848889e-01 best|DeltaE|=5.848889e-01
[2026-03-03T21:29:27Z] ADAPT pool=B depth 047 heartbeat calls=1547 |DeltaE|=5.845216e-01 best|DeltaE|=5.845216e-01
[2026-03-03T21:30:27Z] ADAPT pool=B depth 047 heartbeat calls=1643 |DeltaE|=5.841181e-01 best|DeltaE|=5.841181e-01
[2026-03-03T21:31:27Z] ADAPT pool=B depth 047 heartbeat calls=1739 |DeltaE|=5.837788e-01 best|DeltaE|=5.837780e-01
[2026-03-03T21:31:52Z] ADAPT pool=B depth 047 post-opt |DeltaE|=5.836455e-01 best|DeltaE|=5.836455e-01 stepDeltaE=-2.448225e-02 max|g|=1.238501e-01
[2026-03-03T21:32:06Z] ADAPT pool=B depth 048 pre-opt |DeltaE|=5.836455e-01 best|DeltaE|=5.836455e-01 max|g|=1.766335e-01
[2026-03-03T21:33:06Z] ADAPT pool=B depth 048 heartbeat calls=93 |DeltaE|=5.803681e-01 best|DeltaE|=5.803668e-01
[2026-03-03T21:34:07Z] ADAPT pool=B depth 048 heartbeat calls=188 |DeltaE|=5.763360e-01 best|DeltaE|=5.763360e-01
[2026-03-03T21:35:07Z] ADAPT pool=B depth 048 heartbeat calls=282 |DeltaE|=5.717937e-01 best|DeltaE|=5.717937e-01
[2026-03-03T21:36:07Z] ADAPT pool=B depth 048 heartbeat calls=376 |DeltaE|=5.689823e-01 best|DeltaE|=5.689319e-01
[2026-03-03T21:37:07Z] ADAPT pool=B depth 048 heartbeat calls=471 |DeltaE|=5.659328e-01 best|DeltaE|=5.658840e-01
[2026-03-03T21:38:08Z] ADAPT pool=B depth 048 heartbeat calls=566 |DeltaE|=5.632576e-01 best|DeltaE|=5.632576e-01
[2026-03-03T21:39:08Z] ADAPT pool=B depth 048 heartbeat calls=661 |DeltaE|=5.603471e-01 best|DeltaE|=5.603471e-01
[2026-03-03T21:40:09Z] ADAPT pool=B depth 048 heartbeat calls=756 |DeltaE|=5.581253e-01 best|DeltaE|=5.580805e-01
[2026-03-03T21:41:09Z] ADAPT pool=B depth 048 heartbeat calls=851 |DeltaE|=5.559585e-01 best|DeltaE|=5.559585e-01
[2026-03-03T21:42:10Z] ADAPT pool=B depth 048 heartbeat calls=946 |DeltaE|=5.538974e-01 best|DeltaE|=5.538974e-01
[2026-03-03T21:43:10Z] ADAPT pool=B depth 048 heartbeat calls=1041 |DeltaE|=5.517798e-01 best|DeltaE|=5.517798e-01
[2026-03-03T21:44:11Z] ADAPT pool=B depth 048 heartbeat calls=1135 |DeltaE|=5.495253e-01 best|DeltaE|=5.495253e-01
[2026-03-03T21:45:11Z] ADAPT pool=B depth 048 heartbeat calls=1230 |DeltaE|=5.477639e-01 best|DeltaE|=5.477639e-01
[2026-03-03T22:01:04Z] ADAPT pool=B depth 048 heartbeat calls=1277 |DeltaE|=5.469642e-01 best|DeltaE|=5.469642e-01
[2026-03-03T22:03:08Z] ADAPT pool=B depth 048 heartbeat calls=1349 |DeltaE|=5.458940e-01 best|DeltaE|=5.458940e-01
[2026-03-03T22:15:47Z] ADAPT pool=B depth 048 heartbeat calls=1368 |DeltaE|=5.456332e-01 best|DeltaE|=5.456332e-01
[2026-03-03T22:16:48Z] ADAPT pool=B depth 048 heartbeat calls=1448 |DeltaE|=5.446273e-01 best|DeltaE|=5.446273e-01
[2026-03-03T22:17:48Z] ADAPT pool=B depth 048 heartbeat calls=1540 |DeltaE|=5.435853e-01 best|DeltaE|=5.435727e-01
[2026-03-03T22:18:49Z] ADAPT pool=B depth 048 heartbeat calls=1634 |DeltaE|=5.426232e-01 best|DeltaE|=5.426232e-01
[2026-03-03T22:19:49Z] ADAPT pool=B depth 048 heartbeat calls=1728 |DeltaE|=5.418396e-01 best|DeltaE|=5.418396e-01
[2026-03-03T22:20:21Z] ADAPT pool=B depth 048 post-opt |DeltaE|=5.414510e-01 best|DeltaE|=5.414510e-01 stepDeltaE=-4.219454e-02 max|g|=1.766335e-01
[2026-03-03T22:38:14Z] ADAPT pool=B depth 049 pre-opt |DeltaE|=5.414510e-01 best|DeltaE|=5.414510e-01 max|g|=1.931819e-01
[2026-03-03T22:46:28Z] ADAPT pool=B depth 049 heartbeat calls=3 |DeltaE|=6.384605e-01 best|DeltaE|=5.414510e-01
[2026-03-03T22:47:30Z] ADAPT pool=B depth 049 heartbeat calls=27 |DeltaE|=5.475543e-01 best|DeltaE|=5.414510e-01
[2026-03-03T22:50:11Z] ADAPT pool=B depth 049 heartbeat calls=47 |DeltaE|=5.416565e-01 best|DeltaE|=5.414510e-01
[2026-03-03T22:57:27Z] ADAPT pool=B depth 049 heartbeat calls=76 |DeltaE|=5.395713e-01 best|DeltaE|=5.395652e-01
[2026-03-03T22:59:03Z] ADAPT pool=B depth 049 heartbeat calls=101 |DeltaE|=5.377939e-01 best|DeltaE|=5.377939e-01
[2026-03-03T23:10:10Z] ADAPT pool=B depth 049 heartbeat calls=129 |DeltaE|=5.362992e-01 best|DeltaE|=5.360725e-01
[2026-03-03T23:12:40Z] ADAPT pool=B depth 049 heartbeat calls=155 |DeltaE|=5.353434e-01 best|DeltaE|=5.353434e-01
[2026-03-03T23:16:10Z] ADAPT pool=B depth 049 heartbeat calls=184 |DeltaE|=5.343560e-01 best|DeltaE|=5.343560e-01
[2026-03-03T23:17:10Z] ADAPT pool=B depth 049 heartbeat calls=261 |DeltaE|=5.331175e-01 best|DeltaE|=5.329365e-01
[2026-03-03T23:18:11Z] ADAPT pool=B depth 049 heartbeat calls=353 |DeltaE|=5.322066e-01 best|DeltaE|=5.322066e-01
[2026-03-03T23:19:11Z] ADAPT pool=B depth 049 heartbeat calls=446 |DeltaE|=5.318008e-01 best|DeltaE|=5.317793e-01
[2026-03-03T23:20:11Z] ADAPT pool=B depth 049 heartbeat calls=539 |DeltaE|=5.315001e-01 best|DeltaE|=5.314963e-01
[2026-03-03T23:21:11Z] ADAPT pool=B depth 049 heartbeat calls=619 |DeltaE|=5.313120e-01 best|DeltaE|=5.313017e-01
[2026-03-03T23:22:13Z] ADAPT pool=B depth 049 heartbeat calls=709 |DeltaE|=5.310474e-01 best|DeltaE|=5.310159e-01
[2026-03-03T23:23:13Z] ADAPT pool=B depth 049 heartbeat calls=793 |DeltaE|=5.308899e-01 best|DeltaE|=5.308899e-01
[2026-03-03T23:24:13Z] ADAPT pool=B depth 049 heartbeat calls=877 |DeltaE|=5.307742e-01 best|DeltaE|=5.307742e-01
[2026-03-03T23:25:13Z] ADAPT pool=B depth 049 heartbeat calls=966 |DeltaE|=5.306597e-01 best|DeltaE|=5.306578e-01
[2026-03-03T23:26:14Z] ADAPT pool=B depth 049 heartbeat calls=1055 |DeltaE|=5.305568e-01 best|DeltaE|=5.305534e-01
[2026-03-03T23:27:14Z] ADAPT pool=B depth 049 heartbeat calls=1146 |DeltaE|=5.304765e-01 best|DeltaE|=5.304765e-01
[2026-03-03T23:28:15Z] ADAPT pool=B depth 049 heartbeat calls=1237 |DeltaE|=5.304180e-01 best|DeltaE|=5.304178e-01
[2026-03-03T23:29:15Z] ADAPT pool=B depth 049 heartbeat calls=1328 |DeltaE|=5.303632e-01 best|DeltaE|=5.303632e-01
[2026-03-03T23:30:16Z] ADAPT pool=B depth 049 heartbeat calls=1420 |DeltaE|=5.303170e-01 best|DeltaE|=5.303170e-01
[2026-03-03T23:31:16Z] ADAPT pool=B depth 049 heartbeat calls=1511 |DeltaE|=5.302671e-01 best|DeltaE|=5.302671e-01
[2026-03-03T23:32:17Z] ADAPT pool=B depth 049 heartbeat calls=1602 |DeltaE|=5.302215e-01 best|DeltaE|=5.302215e-01
[2026-03-03T23:33:17Z] ADAPT pool=B depth 049 heartbeat calls=1690 |DeltaE|=5.301880e-01 best|DeltaE|=5.301880e-01
[2026-03-03T23:34:15Z] ADAPT pool=B depth 049 post-opt |DeltaE|=5.301561e-01 best|DeltaE|=5.301561e-01 stepDeltaE=-1.129489e-02 max|g|=1.931819e-01
[2026-03-03T23:34:28Z] ADAPT pool=B depth 050 pre-opt |DeltaE|=5.301561e-01 best|DeltaE|=5.301561e-01 max|g|=1.492852e-01
[2026-03-03T23:35:28Z] ADAPT pool=B depth 050 heartbeat calls=88 |DeltaE|=5.295652e-01 best|DeltaE|=5.295652e-01
[2026-03-03T23:36:29Z] ADAPT pool=B depth 050 heartbeat calls=175 |DeltaE|=5.293935e-01 best|DeltaE|=5.293935e-01
[2026-03-03T23:37:29Z] ADAPT pool=B depth 050 heartbeat calls=260 |DeltaE|=5.293131e-01 best|DeltaE|=5.293131e-01
[2026-03-03T23:38:29Z] ADAPT pool=B depth 050 heartbeat calls=347 |DeltaE|=5.292611e-01 best|DeltaE|=5.292611e-01
[2026-03-03T23:39:30Z] ADAPT pool=B depth 050 heartbeat calls=435 |DeltaE|=5.292075e-01 best|DeltaE|=5.292060e-01
[2026-03-03T23:40:30Z] ADAPT pool=B depth 050 heartbeat calls=523 |DeltaE|=5.291574e-01 best|DeltaE|=5.291551e-01
[2026-03-03T23:41:31Z] ADAPT pool=B depth 050 heartbeat calls=611 |DeltaE|=5.291072e-01 best|DeltaE|=5.291071e-01
[2026-03-03T23:42:31Z] ADAPT pool=B depth 050 heartbeat calls=698 |DeltaE|=5.290797e-01 best|DeltaE|=5.290782e-01
[2026-03-03T23:43:31Z] ADAPT pool=B depth 050 heartbeat calls=783 |DeltaE|=5.290386e-01 best|DeltaE|=5.290386e-01
[2026-03-03T23:44:31Z] ADAPT pool=B depth 050 heartbeat calls=871 |DeltaE|=5.290099e-01 best|DeltaE|=5.290093e-01
[2026-03-03T23:45:32Z] ADAPT pool=B depth 050 heartbeat calls=959 |DeltaE|=5.289797e-01 best|DeltaE|=5.289788e-01
[2026-03-03T23:46:32Z] ADAPT pool=B depth 050 heartbeat calls=1047 |DeltaE|=5.289541e-01 best|DeltaE|=5.289538e-01
[2026-03-03T23:47:32Z] ADAPT pool=B depth 050 heartbeat calls=1134 |DeltaE|=5.289326e-01 best|DeltaE|=5.289326e-01
[2026-03-03T23:48:33Z] ADAPT pool=B depth 050 heartbeat calls=1222 |DeltaE|=5.289113e-01 best|DeltaE|=5.289113e-01
[2026-03-03T23:49:33Z] ADAPT pool=B depth 050 heartbeat calls=1310 |DeltaE|=5.288918e-01 best|DeltaE|=5.288918e-01
[2026-03-03T23:50:34Z] ADAPT pool=B depth 050 heartbeat calls=1398 |DeltaE|=5.288719e-01 best|DeltaE|=5.288719e-01
[2026-03-03T23:51:34Z] ADAPT pool=B depth 050 heartbeat calls=1482 |DeltaE|=5.288516e-01 best|DeltaE|=5.288516e-01
[2026-03-03T23:52:34Z] ADAPT pool=B depth 050 heartbeat calls=1569 |DeltaE|=5.288359e-01 best|DeltaE|=5.288359e-01
[2026-03-03T23:53:35Z] ADAPT pool=B depth 050 heartbeat calls=1657 |DeltaE|=5.288184e-01 best|DeltaE|=5.288184e-01
[2026-03-03T23:54:35Z] ADAPT pool=B depth 050 heartbeat calls=1745 |DeltaE|=5.288067e-01 best|DeltaE|=5.288067e-01
[2026-03-03T23:54:59Z] ADAPT pool=B depth 050 post-opt |DeltaE|=5.288017e-01 best|DeltaE|=5.288017e-01 stepDeltaE=-1.354391e-03 max|g|=1.492852e-01
[2026-03-03T23:55:12Z] ADAPT pool=B depth 051 pre-opt |DeltaE|=5.288017e-01 best|DeltaE|=5.288017e-01 max|g|=1.589634e-01
[2026-03-03T23:56:12Z] ADAPT pool=B depth 051 heartbeat calls=81 |DeltaE|=5.285617e-01 best|DeltaE|=5.285438e-01
[2026-03-03T23:57:13Z] ADAPT pool=B depth 051 heartbeat calls=162 |DeltaE|=5.277742e-01 best|DeltaE|=5.277468e-01
[2026-03-03T23:58:13Z] ADAPT pool=B depth 051 heartbeat calls=238 |DeltaE|=5.274294e-01 best|DeltaE|=5.274279e-01
[2026-03-03T23:59:13Z] ADAPT pool=B depth 051 heartbeat calls=313 |DeltaE|=5.272523e-01 best|DeltaE|=5.272520e-01
[2026-03-04T00:00:13Z] ADAPT pool=B depth 051 heartbeat calls=388 |DeltaE|=5.271701e-01 best|DeltaE|=5.271701e-01
[2026-03-04T00:01:13Z] ADAPT pool=B depth 051 heartbeat calls=468 |DeltaE|=5.271192e-01 best|DeltaE|=5.271187e-01
[2026-03-04T00:02:13Z] ADAPT pool=B depth 051 heartbeat calls=548 |DeltaE|=5.270875e-01 best|DeltaE|=5.270867e-01
[2026-03-04T00:03:13Z] ADAPT pool=B depth 051 heartbeat calls=627 |DeltaE|=5.270561e-01 best|DeltaE|=5.270561e-01
[2026-03-04T00:04:14Z] ADAPT pool=B depth 051 heartbeat calls=707 |DeltaE|=5.270283e-01 best|DeltaE|=5.270272e-01
[2026-03-04T00:05:14Z] ADAPT pool=B depth 051 heartbeat calls=787 |DeltaE|=5.270049e-01 best|DeltaE|=5.270030e-01
[2026-03-04T00:06:14Z] ADAPT pool=B depth 051 heartbeat calls=864 |DeltaE|=5.269850e-01 best|DeltaE|=5.269850e-01
[2026-03-04T00:07:15Z] ADAPT pool=B depth 051 heartbeat calls=939 |DeltaE|=5.269743e-01 best|DeltaE|=5.269736e-01
[2026-03-04T00:08:15Z] ADAPT pool=B depth 051 heartbeat calls=1018 |DeltaE|=5.269628e-01 best|DeltaE|=5.269625e-01
[2026-03-04T00:09:15Z] ADAPT pool=B depth 051 heartbeat calls=1098 |DeltaE|=5.269484e-01 best|DeltaE|=5.269484e-01
[2026-03-04T00:10:16Z] ADAPT pool=B depth 051 heartbeat calls=1179 |DeltaE|=5.269351e-01 best|DeltaE|=5.269346e-01
[2026-03-04T00:11:17Z] ADAPT pool=B depth 051 heartbeat calls=1260 |DeltaE|=5.269236e-01 best|DeltaE|=5.269235e-01
[2026-03-04T00:12:17Z] ADAPT pool=B depth 051 heartbeat calls=1341 |DeltaE|=5.269128e-01 best|DeltaE|=5.269122e-01
[2026-03-04T00:13:18Z] ADAPT pool=B depth 051 heartbeat calls=1422 |DeltaE|=5.269026e-01 best|DeltaE|=5.269026e-01
[2026-03-04T00:14:18Z] ADAPT pool=B depth 051 heartbeat calls=1503 |DeltaE|=5.268916e-01 best|DeltaE|=5.268916e-01
[2026-03-04T00:15:19Z] ADAPT pool=B depth 051 heartbeat calls=1583 |DeltaE|=5.268812e-01 best|DeltaE|=5.268808e-01
[2026-03-04T00:16:19Z] ADAPT pool=B depth 051 heartbeat calls=1664 |DeltaE|=5.268718e-01 best|DeltaE|=5.268717e-01
[2026-03-04T00:17:19Z] ADAPT pool=B depth 051 heartbeat calls=1744 |DeltaE|=5.268619e-01 best|DeltaE|=5.268619e-01
[2026-03-04T00:17:46Z] ADAPT pool=B depth 051 post-opt |DeltaE|=5.268584e-01 best|DeltaE|=5.268584e-01 stepDeltaE=-1.943272e-03 max|g|=1.589634e-01
[2026-03-04T00:17:59Z] ADAPT pool=B depth 052 pre-opt |DeltaE|=5.268584e-01 best|DeltaE|=5.268584e-01 max|g|=1.148209e-01
[2026-03-04T00:19:00Z] ADAPT pool=B depth 052 heartbeat calls=79 |DeltaE|=5.268213e-01 best|DeltaE|=5.268213e-01
[2026-03-04T00:20:00Z] ADAPT pool=B depth 052 heartbeat calls=153 |DeltaE|=5.262495e-01 best|DeltaE|=5.262345e-01
[2026-03-04T00:21:01Z] ADAPT pool=B depth 052 heartbeat calls=232 |DeltaE|=5.261852e-01 best|DeltaE|=5.261835e-01
[2026-03-04T00:22:01Z] ADAPT pool=B depth 052 heartbeat calls=310 |DeltaE|=5.261709e-01 best|DeltaE|=5.261704e-01
[2026-03-04T00:23:01Z] ADAPT pool=B depth 052 heartbeat calls=388 |DeltaE|=5.261623e-01 best|DeltaE|=5.261623e-01
[2026-03-04T00:24:01Z] ADAPT pool=B depth 052 heartbeat calls=466 |DeltaE|=5.261543e-01 best|DeltaE|=5.261543e-01
[2026-03-04T00:25:01Z] ADAPT pool=B depth 052 heartbeat calls=544 |DeltaE|=5.261463e-01 best|DeltaE|=5.261463e-01
[2026-03-04T00:26:01Z] ADAPT pool=B depth 052 heartbeat calls=622 |DeltaE|=5.261418e-01 best|DeltaE|=5.261413e-01
[2026-03-04T00:27:01Z] ADAPT pool=B depth 052 heartbeat calls=699 |DeltaE|=5.261369e-01 best|DeltaE|=5.261369e-01
[2026-03-04T00:28:02Z] ADAPT pool=B depth 052 heartbeat calls=779 |DeltaE|=5.261321e-01 best|DeltaE|=5.261320e-01
[2026-03-04T00:29:02Z] ADAPT pool=B depth 052 heartbeat calls=859 |DeltaE|=5.261286e-01 best|DeltaE|=5.261285e-01
[2026-03-04T00:30:03Z] ADAPT pool=B depth 052 heartbeat calls=939 |DeltaE|=5.261246e-01 best|DeltaE|=5.261246e-01
[2026-03-04T00:31:03Z] ADAPT pool=B depth 052 heartbeat calls=1019 |DeltaE|=5.261210e-01 best|DeltaE|=5.261208e-01
[2026-03-04T00:32:03Z] ADAPT pool=B depth 052 heartbeat calls=1099 |DeltaE|=5.261176e-01 best|DeltaE|=5.261176e-01
[2026-03-04T00:33:03Z] ADAPT pool=B depth 052 heartbeat calls=1179 |DeltaE|=5.261135e-01 best|DeltaE|=5.261135e-01
[2026-03-04T00:34:03Z] ADAPT pool=B depth 052 heartbeat calls=1254 |DeltaE|=5.261104e-01 best|DeltaE|=5.261103e-01
[2026-03-04T00:35:04Z] ADAPT pool=B depth 052 heartbeat calls=1333 |DeltaE|=5.261066e-01 best|DeltaE|=5.261066e-01
[2026-03-04T00:36:05Z] ADAPT pool=B depth 052 heartbeat calls=1412 |DeltaE|=5.261033e-01 best|DeltaE|=5.261033e-01
[2026-03-04T00:37:05Z] ADAPT pool=B depth 052 heartbeat calls=1493 |DeltaE|=5.261004e-01 best|DeltaE|=5.261004e-01
[2026-03-04T00:38:06Z] ADAPT pool=B depth 052 heartbeat calls=1574 |DeltaE|=5.260971e-01 best|DeltaE|=5.260971e-01
[2026-03-04T00:39:06Z] ADAPT pool=B depth 052 heartbeat calls=1655 |DeltaE|=5.260942e-01 best|DeltaE|=5.260942e-01
[2026-03-04T00:40:07Z] ADAPT pool=B depth 052 heartbeat calls=1736 |DeltaE|=5.260917e-01 best|DeltaE|=5.260917e-01
[2026-03-04T00:40:39Z] ADAPT pool=B depth 052 post-opt |DeltaE|=5.260898e-01 best|DeltaE|=5.260898e-01 stepDeltaE=-7.686696e-04 max|g|=1.148209e-01
[2026-03-04T00:40:52Z] ADAPT pool=B depth 053 pre-opt |DeltaE|=5.260898e-01 best|DeltaE|=5.260898e-01 max|g|=1.009641e-01
[2026-03-04T00:41:53Z] ADAPT pool=B depth 053 heartbeat calls=79 |DeltaE|=5.260712e-01 best|DeltaE|=5.260712e-01
[2026-03-04T00:42:53Z] ADAPT pool=B depth 053 heartbeat calls=158 |DeltaE|=5.253453e-01 best|DeltaE|=5.252854e-01
[2026-03-04T00:43:54Z] ADAPT pool=B depth 053 heartbeat calls=237 |DeltaE|=5.244814e-01 best|DeltaE|=5.244814e-01
[2026-03-04T00:44:54Z] ADAPT pool=B depth 053 heartbeat calls=316 |DeltaE|=5.236614e-01 best|DeltaE|=5.236442e-01
[2026-03-04T00:45:55Z] ADAPT pool=B depth 053 heartbeat calls=395 |DeltaE|=5.228306e-01 best|DeltaE|=5.228306e-01
[2026-03-04T00:46:55Z] ADAPT pool=B depth 053 heartbeat calls=474 |DeltaE|=5.221339e-01 best|DeltaE|=5.221339e-01
[2026-03-04T00:47:56Z] ADAPT pool=B depth 053 heartbeat calls=548 |DeltaE|=5.213805e-01 best|DeltaE|=5.213805e-01
[2026-03-04T00:48:56Z] ADAPT pool=B depth 053 heartbeat calls=621 |DeltaE|=5.208263e-01 best|DeltaE|=5.208144e-01
[2026-03-04T00:49:56Z] ADAPT pool=B depth 053 heartbeat calls=697 |DeltaE|=5.202040e-01 best|DeltaE|=5.201991e-01
[2026-03-04T00:50:56Z] ADAPT pool=B depth 053 heartbeat calls=775 |DeltaE|=5.196205e-01 best|DeltaE|=5.196205e-01
[2026-03-04T00:51:56Z] ADAPT pool=B depth 053 heartbeat calls=853 |DeltaE|=5.189941e-01 best|DeltaE|=5.189912e-01
[2026-03-04T00:52:57Z] ADAPT pool=B depth 053 heartbeat calls=932 |DeltaE|=5.184353e-01 best|DeltaE|=5.184168e-01
[2026-03-04T00:53:57Z] ADAPT pool=B depth 053 heartbeat calls=1011 |DeltaE|=5.178698e-01 best|DeltaE|=5.178683e-01
[2026-03-04T00:54:57Z] ADAPT pool=B depth 053 heartbeat calls=1089 |DeltaE|=5.174319e-01 best|DeltaE|=5.174319e-01
[2026-03-04T00:55:58Z] ADAPT pool=B depth 053 heartbeat calls=1168 |DeltaE|=5.170432e-01 best|DeltaE|=5.170389e-01
[2026-03-04T00:56:58Z] ADAPT pool=B depth 053 heartbeat calls=1247 |DeltaE|=5.167097e-01 best|DeltaE|=5.167097e-01
[2026-03-04T00:57:58Z] ADAPT pool=B depth 053 heartbeat calls=1325 |DeltaE|=5.163475e-01 best|DeltaE|=5.163169e-01
[2026-03-04T00:58:59Z] ADAPT pool=B depth 053 heartbeat calls=1401 |DeltaE|=5.160118e-01 best|DeltaE|=5.160118e-01
[2026-03-04T00:59:59Z] ADAPT pool=B depth 053 heartbeat calls=1478 |DeltaE|=5.158117e-01 best|DeltaE|=5.158111e-01
[2026-03-04T01:01:00Z] ADAPT pool=B depth 053 heartbeat calls=1556 |DeltaE|=5.156226e-01 best|DeltaE|=5.156226e-01
[2026-03-04T01:02:00Z] ADAPT pool=B depth 053 heartbeat calls=1634 |DeltaE|=5.154264e-01 best|DeltaE|=5.154241e-01
[2026-03-04T01:03:00Z] ADAPT pool=B depth 053 heartbeat calls=1712 |DeltaE|=5.152348e-01 best|DeltaE|=5.152348e-01
[2026-03-04T01:03:52Z] ADAPT pool=B depth 053 post-opt |DeltaE|=5.150998e-01 best|DeltaE|=5.150998e-01 stepDeltaE=-1.099000e-02 max|g|=1.009641e-01
[2026-03-04T01:04:05Z] ADAPT pool=B depth 054 pre-opt |DeltaE|=5.150998e-01 best|DeltaE|=5.150998e-01 max|g|=2.082871e-01
[2026-03-04T01:05:06Z] ADAPT pool=B depth 054 heartbeat calls=73 |DeltaE|=5.141055e-01 best|DeltaE|=5.141055e-01
[2026-03-04T01:06:06Z] ADAPT pool=B depth 054 heartbeat calls=146 |DeltaE|=5.133031e-01 best|DeltaE|=5.133031e-01
[2026-03-04T01:07:07Z] ADAPT pool=B depth 054 heartbeat calls=219 |DeltaE|=5.131049e-01 best|DeltaE|=5.130951e-01
[2026-03-04T01:08:07Z] ADAPT pool=B depth 054 heartbeat calls=292 |DeltaE|=5.129832e-01 best|DeltaE|=5.129822e-01
[2026-03-04T01:09:07Z] ADAPT pool=B depth 054 heartbeat calls=365 |DeltaE|=5.128976e-01 best|DeltaE|=5.128965e-01
[2026-03-04T01:10:08Z] ADAPT pool=B depth 054 heartbeat calls=438 |DeltaE|=5.128378e-01 best|DeltaE|=5.128378e-01
[2026-03-04T01:11:08Z] ADAPT pool=B depth 054 heartbeat calls=511 |DeltaE|=5.127810e-01 best|DeltaE|=5.127790e-01
[2026-03-04T01:12:08Z] ADAPT pool=B depth 054 heartbeat calls=584 |DeltaE|=5.127330e-01 best|DeltaE|=5.127325e-01
[2026-03-04T01:13:08Z] ADAPT pool=B depth 054 heartbeat calls=657 |DeltaE|=5.126814e-01 best|DeltaE|=5.126814e-01
[2026-03-04T01:14:08Z] ADAPT pool=B depth 054 heartbeat calls=730 |DeltaE|=5.126339e-01 best|DeltaE|=5.126336e-01
[2026-03-04T01:15:08Z] ADAPT pool=B depth 054 heartbeat calls=803 |DeltaE|=5.126004e-01 best|DeltaE|=5.125973e-01
[2026-03-04T01:16:08Z] ADAPT pool=B depth 054 heartbeat calls=876 |DeltaE|=5.125585e-01 best|DeltaE|=5.125562e-01
[2026-03-04T01:17:09Z] ADAPT pool=B depth 054 heartbeat calls=949 |DeltaE|=5.125093e-01 best|DeltaE|=5.125093e-01
[2026-03-04T01:18:09Z] ADAPT pool=B depth 054 heartbeat calls=1022 |DeltaE|=5.124726e-01 best|DeltaE|=5.124726e-01
[2026-03-04T01:19:10Z] ADAPT pool=B depth 054 heartbeat calls=1096 |DeltaE|=5.124354e-01 best|DeltaE|=5.124354e-01
[2026-03-04T01:20:10Z] ADAPT pool=B depth 054 heartbeat calls=1168 |DeltaE|=5.124081e-01 best|DeltaE|=5.124072e-01
[2026-03-04T01:35:47Z] ADAPT pool=B depth 054 heartbeat calls=1180 |DeltaE|=5.124031e-01 best|DeltaE|=5.124031e-01
[2026-03-04T01:36:48Z] ADAPT pool=B depth 054 heartbeat calls=1254 |DeltaE|=5.123674e-01 best|DeltaE|=5.123666e-01
[2026-03-04T01:37:48Z] ADAPT pool=B depth 054 heartbeat calls=1329 |DeltaE|=5.123368e-01 best|DeltaE|=5.123360e-01
[2026-03-04T01:38:48Z] ADAPT pool=B depth 054 heartbeat calls=1405 |DeltaE|=5.123078e-01 best|DeltaE|=5.123076e-01
[2026-03-04T01:39:49Z] ADAPT pool=B depth 054 heartbeat calls=1461 |DeltaE|=5.122825e-01 best|DeltaE|=5.122825e-01
[2026-03-04T01:40:50Z] ADAPT pool=B depth 054 heartbeat calls=1531 |DeltaE|=5.122646e-01 best|DeltaE|=5.122646e-01
[2026-03-04T01:41:50Z] ADAPT pool=B depth 054 heartbeat calls=1603 |DeltaE|=5.122458e-01 best|DeltaE|=5.122458e-01
[2026-03-04T01:42:50Z] ADAPT pool=B depth 054 heartbeat calls=1674 |DeltaE|=5.122279e-01 best|DeltaE|=5.122279e-01
[2026-03-04T01:43:51Z] ADAPT pool=B depth 054 heartbeat calls=1734 |DeltaE|=5.122145e-01 best|DeltaE|=5.122145e-01
[2026-03-04T01:44:36Z] ADAPT pool=B depth 054 post-opt |DeltaE|=5.122029e-01 best|DeltaE|=5.122029e-01 stepDeltaE=-2.896892e-03 max|g|=2.082871e-01
[2026-03-04T01:44:51Z] ADAPT pool=B depth 055 pre-opt |DeltaE|=5.122029e-01 best|DeltaE|=5.122029e-01 max|g|=2.132741e-01
[2026-03-04T01:45:51Z] ADAPT pool=B depth 055 heartbeat calls=66 |DeltaE|=5.129561e-01 best|DeltaE|=5.122029e-01
[2026-03-04T01:46:52Z] ADAPT pool=B depth 055 heartbeat calls=135 |DeltaE|=5.117586e-01 best|DeltaE|=5.117517e-01
[2026-03-04T01:47:52Z] ADAPT pool=B depth 055 heartbeat calls=201 |DeltaE|=5.117003e-01 best|DeltaE|=5.117003e-01
[2026-03-04T01:48:53Z] ADAPT pool=B depth 055 heartbeat calls=270 |DeltaE|=5.116743e-01 best|DeltaE|=5.116743e-01
[2026-03-04T01:49:53Z] ADAPT pool=B depth 055 heartbeat calls=338 |DeltaE|=5.116580e-01 best|DeltaE|=5.116580e-01
[2026-03-04T01:50:55Z] ADAPT pool=B depth 055 heartbeat calls=406 |DeltaE|=5.116481e-01 best|DeltaE|=5.116481e-01
[2026-03-04T01:51:55Z] ADAPT pool=B depth 055 heartbeat calls=473 |DeltaE|=5.116375e-01 best|DeltaE|=5.116375e-01
[2026-03-04T01:52:56Z] ADAPT pool=B depth 055 heartbeat calls=535 |DeltaE|=5.116287e-01 best|DeltaE|=5.116287e-01
[2026-03-04T01:53:56Z] ADAPT pool=B depth 055 heartbeat calls=601 |DeltaE|=5.116189e-01 best|DeltaE|=5.116187e-01
[2026-03-04T01:54:56Z] ADAPT pool=B depth 055 heartbeat calls=668 |DeltaE|=5.116116e-01 best|DeltaE|=5.116116e-01
[2026-03-04T01:55:57Z] ADAPT pool=B depth 055 heartbeat calls=736 |DeltaE|=5.116047e-01 best|DeltaE|=5.116046e-01
[2026-03-04T01:56:58Z] ADAPT pool=B depth 055 heartbeat calls=804 |DeltaE|=5.115959e-01 best|DeltaE|=5.115959e-01
[2026-03-04T01:57:58Z] ADAPT pool=B depth 055 heartbeat calls=871 |DeltaE|=5.115904e-01 best|DeltaE|=5.115900e-01
[2026-03-04T01:58:58Z] ADAPT pool=B depth 055 heartbeat calls=939 |DeltaE|=5.115828e-01 best|DeltaE|=5.115826e-01
[2026-03-04T01:59:59Z] ADAPT pool=B depth 055 heartbeat calls=1007 |DeltaE|=5.115762e-01 best|DeltaE|=5.115758e-01
[2026-03-04T02:00:59Z] ADAPT pool=B depth 055 heartbeat calls=1077 |DeltaE|=5.115683e-01 best|DeltaE|=5.115682e-01
[2026-03-04T02:02:00Z] ADAPT pool=B depth 055 heartbeat calls=1147 |DeltaE|=5.115619e-01 best|DeltaE|=5.115619e-01
[2026-03-04T02:03:01Z] ADAPT pool=B depth 055 heartbeat calls=1217 |DeltaE|=5.115572e-01 best|DeltaE|=5.115570e-01
[2026-03-04T02:04:02Z] ADAPT pool=B depth 055 heartbeat calls=1287 |DeltaE|=5.115507e-01 best|DeltaE|=5.115507e-01
[2026-03-04T02:05:03Z] ADAPT pool=B depth 055 heartbeat calls=1357 |DeltaE|=5.115458e-01 best|DeltaE|=5.115457e-01
[2026-03-04T02:06:03Z] ADAPT pool=B depth 055 heartbeat calls=1427 |DeltaE|=5.115399e-01 best|DeltaE|=5.115399e-01
[2026-03-04T02:07:04Z] ADAPT pool=B depth 055 heartbeat calls=1497 |DeltaE|=5.115348e-01 best|DeltaE|=5.115347e-01
[2026-03-04T02:08:05Z] ADAPT pool=B depth 055 heartbeat calls=1567 |DeltaE|=5.115298e-01 best|DeltaE|=5.115298e-01
[2026-03-04T02:09:06Z] ADAPT pool=B depth 055 heartbeat calls=1637 |DeltaE|=5.115259e-01 best|DeltaE|=5.115259e-01
[2026-03-04T02:10:06Z] ADAPT pool=B depth 055 heartbeat calls=1706 |DeltaE|=5.115228e-01 best|DeltaE|=5.115228e-01
[2026-03-04T02:15:18Z] ADAPT pool=B depth 055 heartbeat calls=1714 |DeltaE|=5.115228e-01 best|DeltaE|=5.115223e-01
[2026-03-04T02:32:05Z] ADAPT pool=B depth 055 heartbeat calls=1767 |DeltaE|=5.115197e-01 best|DeltaE|=5.115195e-01
[2026-03-04T02:32:16Z] ADAPT pool=B depth 055 post-opt |DeltaE|=5.115188e-01 best|DeltaE|=5.115188e-01 stepDeltaE=-6.840746e-04 max|g|=2.132741e-01
[2026-03-04T02:32:29Z] ADAPT pool=B depth 056 pre-opt |DeltaE|=5.115188e-01 best|DeltaE|=5.115188e-01 max|g|=1.353456e-01
[2026-03-04T02:49:19Z] ADAPT pool=B depth 056 heartbeat calls=9 |DeltaE|=5.717966e-01 best|DeltaE|=5.115188e-01
[2026-03-04T03:00:43Z] ADAPT pool=B depth 056 heartbeat calls=15 |DeltaE|=8.633156e-01 best|DeltaE|=5.115188e-01
[2026-03-04T03:01:43Z] ADAPT pool=B depth 056 heartbeat calls=66 |DeltaE|=5.149434e-01 best|DeltaE|=5.106460e-01
[2026-03-04T03:02:44Z] ADAPT pool=B depth 056 heartbeat calls=129 |DeltaE|=5.104007e-01 best|DeltaE|=5.104007e-01
[2026-03-04T03:03:44Z] ADAPT pool=B depth 056 heartbeat calls=192 |DeltaE|=5.103088e-01 best|DeltaE|=5.103088e-01
[2026-03-04T03:04:44Z] ADAPT pool=B depth 056 heartbeat calls=255 |DeltaE|=5.102869e-01 best|DeltaE|=5.102869e-01
[2026-03-04T03:05:45Z] ADAPT pool=B depth 056 heartbeat calls=318 |DeltaE|=5.102756e-01 best|DeltaE|=5.102755e-01
[2026-03-04T03:06:46Z] ADAPT pool=B depth 056 heartbeat calls=383 |DeltaE|=5.102662e-01 best|DeltaE|=5.102662e-01
[2026-03-04T03:07:46Z] ADAPT pool=B depth 056 heartbeat calls=448 |DeltaE|=5.102594e-01 best|DeltaE|=5.102593e-01
[2026-03-04T03:08:47Z] ADAPT pool=B depth 056 heartbeat calls=513 |DeltaE|=5.102543e-01 best|DeltaE|=5.102539e-01
[2026-03-04T03:09:48Z] ADAPT pool=B depth 056 heartbeat calls=579 |DeltaE|=5.102493e-01 best|DeltaE|=5.102491e-01
[2026-03-04T03:10:49Z] ADAPT pool=B depth 056 heartbeat calls=645 |DeltaE|=5.102442e-01 best|DeltaE|=5.102441e-01
[2026-03-04T03:11:50Z] ADAPT pool=B depth 056 heartbeat calls=711 |DeltaE|=5.102394e-01 best|DeltaE|=5.102394e-01
[2026-03-04T03:12:50Z] ADAPT pool=B depth 056 heartbeat calls=776 |DeltaE|=5.102367e-01 best|DeltaE|=5.102367e-01
[2026-03-04T03:13:50Z] ADAPT pool=B depth 056 heartbeat calls=842 |DeltaE|=5.102335e-01 best|DeltaE|=5.102335e-01
[2026-03-04T03:14:51Z] ADAPT pool=B depth 056 heartbeat calls=908 |DeltaE|=5.102312e-01 best|DeltaE|=5.102311e-01
[2026-03-04T03:15:52Z] ADAPT pool=B depth 056 heartbeat calls=974 |DeltaE|=5.102283e-01 best|DeltaE|=5.102283e-01
[2026-03-04T03:16:52Z] ADAPT pool=B depth 056 heartbeat calls=1040 |DeltaE|=5.102257e-01 best|DeltaE|=5.102256e-01
[2026-03-04T03:17:53Z] ADAPT pool=B depth 056 heartbeat calls=1106 |DeltaE|=5.102235e-01 best|DeltaE|=5.102234e-01
[2026-03-04T03:18:54Z] ADAPT pool=B depth 056 heartbeat calls=1172 |DeltaE|=5.102214e-01 best|DeltaE|=5.102214e-01
[2026-03-04T03:19:55Z] ADAPT pool=B depth 056 heartbeat calls=1238 |DeltaE|=5.102192e-01 best|DeltaE|=5.102192e-01
[2026-03-04T03:20:55Z] ADAPT pool=B depth 056 heartbeat calls=1304 |DeltaE|=5.102173e-01 best|DeltaE|=5.102173e-01
[2026-03-04T03:21:56Z] ADAPT pool=B depth 056 heartbeat calls=1370 |DeltaE|=5.102155e-01 best|DeltaE|=5.102153e-01
[2026-03-04T03:22:57Z] ADAPT pool=B depth 056 heartbeat calls=1436 |DeltaE|=5.102138e-01 best|DeltaE|=5.102138e-01
[2026-03-04T03:23:58Z] ADAPT pool=B depth 056 heartbeat calls=1502 |DeltaE|=5.102124e-01 best|DeltaE|=5.102124e-01
[2026-03-04T03:24:58Z] ADAPT pool=B depth 056 heartbeat calls=1567 |DeltaE|=5.102109e-01 best|DeltaE|=5.102109e-01
[2026-03-04T03:25:58Z] ADAPT pool=B depth 056 heartbeat calls=1633 |DeltaE|=5.102094e-01 best|DeltaE|=5.102094e-01
[2026-03-04T03:26:58Z] ADAPT pool=B depth 056 heartbeat calls=1699 |DeltaE|=5.102082e-01 best|DeltaE|=5.102082e-01
[2026-03-04T03:27:58Z] ADAPT pool=B depth 056 heartbeat calls=1765 |DeltaE|=5.102072e-01 best|DeltaE|=5.102072e-01
[2026-03-04T03:28:11Z] ADAPT pool=B depth 056 post-opt |DeltaE|=5.102070e-01 best|DeltaE|=5.102070e-01 stepDeltaE=-1.311754e-03 max|g|=1.353456e-01
[2026-03-04T03:28:24Z] ADAPT pool=B depth 057 pre-opt |DeltaE|=5.102070e-01 best|DeltaE|=5.102070e-01 max|g|=1.215472e-01
[2026-03-04T03:29:24Z] ADAPT pool=B depth 057 heartbeat calls=63 |DeltaE|=5.112529e-01 best|DeltaE|=5.102070e-01
[2026-03-04T03:30:24Z] ADAPT pool=B depth 057 heartbeat calls=126 |DeltaE|=5.097798e-01 best|DeltaE|=5.097798e-01
[2026-03-04T03:31:24Z] ADAPT pool=B depth 057 heartbeat calls=189 |DeltaE|=5.093712e-01 best|DeltaE|=5.093342e-01
[2026-03-04T03:32:24Z] ADAPT pool=B depth 057 heartbeat calls=252 |DeltaE|=5.090702e-01 best|DeltaE|=5.090515e-01
[2026-03-04T03:33:25Z] ADAPT pool=B depth 057 heartbeat calls=315 |DeltaE|=5.088715e-01 best|DeltaE|=5.088067e-01
[2026-03-04T03:34:25Z] ADAPT pool=B depth 057 heartbeat calls=378 |DeltaE|=5.086802e-01 best|DeltaE|=5.086761e-01
[2026-03-04T03:35:25Z] ADAPT pool=B depth 057 heartbeat calls=441 |DeltaE|=5.086088e-01 best|DeltaE|=5.085850e-01
[2026-03-04T03:36:25Z] ADAPT pool=B depth 057 heartbeat calls=504 |DeltaE|=5.084986e-01 best|DeltaE|=5.084976e-01
[2026-03-04T03:37:25Z] ADAPT pool=B depth 057 heartbeat calls=567 |DeltaE|=5.084508e-01 best|DeltaE|=5.084473e-01
[2026-03-04T03:38:25Z] ADAPT pool=B depth 057 heartbeat calls=630 |DeltaE|=5.084138e-01 best|DeltaE|=5.084138e-01
[2026-03-04T03:39:26Z] ADAPT pool=B depth 057 heartbeat calls=693 |DeltaE|=5.083960e-01 best|DeltaE|=5.083960e-01
[2026-03-04T03:40:26Z] ADAPT pool=B depth 057 heartbeat calls=756 |DeltaE|=5.083800e-01 best|DeltaE|=5.083776e-01
[2026-03-04T03:41:26Z] ADAPT pool=B depth 057 heartbeat calls=819 |DeltaE|=5.083590e-01 best|DeltaE|=5.083575e-01
[2026-03-04T03:42:27Z] ADAPT pool=B depth 057 heartbeat calls=880 |DeltaE|=5.083510e-01 best|DeltaE|=5.083490e-01
[2026-03-04T03:43:28Z] ADAPT pool=B depth 057 heartbeat calls=941 |DeltaE|=5.083352e-01 best|DeltaE|=5.083348e-01
[2026-03-04T03:44:28Z] ADAPT pool=B depth 057 heartbeat calls=1002 |DeltaE|=5.083275e-01 best|DeltaE|=5.083272e-01
[2026-03-04T03:45:29Z] ADAPT pool=B depth 057 heartbeat calls=1061 |DeltaE|=5.083194e-01 best|DeltaE|=5.083185e-01
[2026-03-04T03:46:29Z] ADAPT pool=B depth 057 heartbeat calls=1120 |DeltaE|=5.083120e-01 best|DeltaE|=5.083118e-01
[2026-03-04T03:47:29Z] ADAPT pool=B depth 057 heartbeat calls=1181 |DeltaE|=5.083050e-01 best|DeltaE|=5.083050e-01
[2026-03-04T03:48:29Z] ADAPT pool=B depth 057 heartbeat calls=1242 |DeltaE|=5.082996e-01 best|DeltaE|=5.082990e-01
[2026-03-04T03:49:30Z] ADAPT pool=B depth 057 heartbeat calls=1304 |DeltaE|=5.082937e-01 best|DeltaE|=5.082936e-01
[2026-03-04T03:50:30Z] ADAPT pool=B depth 057 heartbeat calls=1366 |DeltaE|=5.082892e-01 best|DeltaE|=5.082892e-01
[2026-03-04T03:51:30Z] ADAPT pool=B depth 057 heartbeat calls=1428 |DeltaE|=5.082840e-01 best|DeltaE|=5.082839e-01
[2026-03-04T03:52:31Z] ADAPT pool=B depth 057 heartbeat calls=1490 |DeltaE|=5.082799e-01 best|DeltaE|=5.082797e-01
[2026-03-04T03:53:31Z] ADAPT pool=B depth 057 heartbeat calls=1551 |DeltaE|=5.082767e-01 best|DeltaE|=5.082767e-01
[2026-03-04T03:54:32Z] ADAPT pool=B depth 057 heartbeat calls=1612 |DeltaE|=5.082725e-01 best|DeltaE|=5.082724e-01
[2026-03-04T03:55:33Z] ADAPT pool=B depth 057 heartbeat calls=1673 |DeltaE|=5.082684e-01 best|DeltaE|=5.082684e-01
[2026-03-04T03:56:33Z] ADAPT pool=B depth 057 heartbeat calls=1735 |DeltaE|=5.082647e-01 best|DeltaE|=5.082647e-01
[2026-03-04T03:57:16Z] ADAPT pool=B depth 057 post-opt |DeltaE|=5.082622e-01 best|DeltaE|=5.082622e-01 stepDeltaE=-1.944882e-03 max|g|=1.215472e-01
[2026-03-04T03:57:30Z] ADAPT pool=B depth 058 pre-opt |DeltaE|=5.082622e-01 best|DeltaE|=5.082622e-01 max|g|=1.245084e-01
[2026-03-04T03:58:31Z] ADAPT pool=B depth 058 heartbeat calls=59 |DeltaE|=5.092600e-01 best|DeltaE|=5.082622e-01
[2026-03-04T03:59:31Z] ADAPT pool=B depth 058 heartbeat calls=119 |DeltaE|=5.078146e-01 best|DeltaE|=5.078146e-01
[2026-03-04T04:00:32Z] ADAPT pool=B depth 058 heartbeat calls=180 |DeltaE|=5.070568e-01 best|DeltaE|=5.070568e-01
[2026-03-04T04:01:32Z] ADAPT pool=B depth 058 heartbeat calls=241 |DeltaE|=5.067178e-01 best|DeltaE|=5.067178e-01
[2026-03-04T04:02:33Z] ADAPT pool=B depth 058 heartbeat calls=303 |DeltaE|=5.063936e-01 best|DeltaE|=5.063900e-01
[2026-03-04T04:03:33Z] ADAPT pool=B depth 058 heartbeat calls=365 |DeltaE|=5.061411e-01 best|DeltaE|=5.061411e-01
[2026-03-04T04:04:34Z] ADAPT pool=B depth 058 heartbeat calls=427 |DeltaE|=5.059676e-01 best|DeltaE|=5.059676e-01
[2026-03-04T04:05:35Z] ADAPT pool=B depth 058 heartbeat calls=489 |DeltaE|=5.058719e-01 best|DeltaE|=5.058719e-01
[2026-03-04T04:06:35Z] ADAPT pool=B depth 058 heartbeat calls=551 |DeltaE|=5.058005e-01 best|DeltaE|=5.058005e-01
[2026-03-04T04:07:36Z] ADAPT pool=B depth 058 heartbeat calls=608 |DeltaE|=5.057682e-01 best|DeltaE|=5.057682e-01
[2026-03-04T04:08:36Z] ADAPT pool=B depth 058 heartbeat calls=668 |DeltaE|=5.057221e-01 best|DeltaE|=5.057160e-01
[2026-03-04T04:09:37Z] ADAPT pool=B depth 058 heartbeat calls=727 |DeltaE|=5.056922e-01 best|DeltaE|=5.056922e-01
