[2026-03-04T04:22:40Z] VQE_EXT12H_START state=/Users/jakestrobel/Documents/Holstein_implementation/Holstein_test/artifacts/useful/L4/l4_hh_seq_20260302_215706_parallel_vqe_from_adaptB_seeded_20260303_195209_vqe_checkpoint_state.json
[2026-03-04T04:22:40Z] VQE config npar=16 restarts=16 maxiter=12000 method=COBYLA init_std=0.020 budget_s=109215
[2026-03-04T04:22:40Z] VQE start energy=0.515642011251 |DeltaE|=4.989841e-01
[2026-03-04T04:22:42Z] VQE restart 1/16 start elapsed_s=0.0 calls=0
[2026-03-04T04:23:42Z] VQE heartbeat restart=1/16 elapsed_s=60.7 calls=59 |DeltaE|=5.012310e-01 best|DeltaE|=4.989841e-01 slope_last3=nan/s
[2026-03-04T04:24:43Z] VQE heartbeat restart=1/16 elapsed_s=120.8 calls=117 |DeltaE|=5.000296e-01 best|DeltaE|=4.989841e-01 slope_last3=nan/s
[2026-03-04T04:25:43Z] VQE heartbeat restart=1/16 elapsed_s=181.2 calls=178 |DeltaE|=4.997756e-01 best|DeltaE|=4.989841e-01 slope_last3=-9.818660e-19/s
[2026-03-04T04:26:43Z] VQE heartbeat restart=1/16 elapsed_s=241.5 calls=239 |DeltaE|=4.997103e-01 best|DeltaE|=4.989841e-01 slope_last3=6.826762e-19/s
[2026-03-04T04:27:43Z] VQE heartbeat restart=1/16 elapsed_s=301.7 calls=299 |DeltaE|=4.996712e-01 best|DeltaE|=4.989841e-01 slope_last3=0.000000e+00/s
[2026-03-04T04:28:44Z] VQE heartbeat restart=1/16 elapsed_s=362.5 calls=360 |DeltaE|=4.996427e-01 best|DeltaE|=4.989841e-01 slope_last3=-8.380182e-19/s
[2026-03-04T04:29:45Z] VQE heartbeat restart=1/16 elapsed_s=422.8 calls=422 |DeltaE|=4.996034e-01 best|DeltaE|=4.989841e-01 slope_last3=5.257880e-19/s
[2026-03-04T04:30:45Z] VQE heartbeat restart=1/16 elapsed_s=483.1 calls=485 |DeltaE|=4.995886e-01 best|DeltaE|=4.989841e-01 slope_last3=-4.517537e-19/s
[2026-03-04T04:31:45Z] VQE heartbeat restart=1/16 elapsed_s=543.3 calls=548 |DeltaE|=4.995737e-01 best|DeltaE|=4.989841e-01 slope_last3=5.940377e-19/s
[2026-03-04T04:32:46Z] VQE heartbeat restart=1/16 elapsed_s=603.9 calls=612 |DeltaE|=4.995626e-01 best|DeltaE|=4.989841e-01 slope_last3=-8.810245e-19/s
[2026-03-04T04:33:46Z] VQE heartbeat restart=1/16 elapsed_s=664.2 calls=671 |DeltaE|=4.995488e-01 best|DeltaE|=4.989841e-01 slope_last3=-2.116147e-19/s
[2026-03-04T04:34:46Z] VQE heartbeat restart=1/16 elapsed_s=724.5 calls=733 |DeltaE|=4.995287e-01 best|DeltaE|=4.989841e-01 slope_last3=-5.293443e-19/s
[2026-03-04T04:35:47Z] VQE heartbeat restart=1/16 elapsed_s=785.1 calls=796 |DeltaE|=4.995173e-01 best|DeltaE|=4.989841e-01 slope_last3=1.323920e-19/s
[2026-03-04T04:36:47Z] VQE heartbeat restart=1/16 elapsed_s=845.2 calls=858 |DeltaE|=4.994963e-01 best|DeltaE|=4.989841e-01 slope_last3=5.705142e-19/s
[2026-03-04T04:37:47Z] VQE heartbeat restart=1/16 elapsed_s=905.4 calls=918 |DeltaE|=4.994780e-01 best|DeltaE|=4.989841e-01 slope_last3=-2.271250e-19/s
[2026-03-04T04:38:48Z] VQE heartbeat restart=1/16 elapsed_s=966.1 calls=978 |DeltaE|=4.994638e-01 best|DeltaE|=4.989841e-01 slope_last3=-8.127839e-19/s
[2026-03-04T04:39:48Z] VQE heartbeat restart=1/16 elapsed_s=1026.5 calls=1040 |DeltaE|=4.994506e-01 best|DeltaE|=4.989841e-01 slope_last3=-1.988027e-19/s
[2026-03-04T04:40:48Z] VQE heartbeat restart=1/16 elapsed_s=1086.7 calls=1101 |DeltaE|=4.994250e-01 best|DeltaE|=4.989841e-01 slope_last3=-2.183176e-19/s
[2026-03-04T04:41:49Z] VQE heartbeat restart=1/16 elapsed_s=1147.6 calls=1152 |DeltaE|=4.994152e-01 best|DeltaE|=4.989841e-01 slope_last3=6.185765e-19/s
[2026-03-04T04:42:50Z] VQE heartbeat restart=1/16 elapsed_s=1208.4 calls=1216 |DeltaE|=4.993965e-01 best|DeltaE|=4.989841e-01 slope_last3=6.417602e-19/s
[2026-03-04T04:43:50Z] VQE heartbeat restart=1/16 elapsed_s=1268.4 calls=1278 |DeltaE|=4.993756e-01 best|DeltaE|=4.989841e-01 slope_last3=5.831319e-19/s
[2026-03-04T04:44:51Z] VQE heartbeat restart=1/16 elapsed_s=1328.9 calls=1338 |DeltaE|=4.993621e-01 best|DeltaE|=4.989841e-01 slope_last3=7.573642e-20/s
[2026-03-04T04:45:51Z] VQE heartbeat restart=1/16 elapsed_s=1389.4 calls=1401 |DeltaE|=4.993460e-01 best|DeltaE|=4.989841e-01 slope_last3=-2.651054e-19/s
[2026-03-04T04:46:52Z] VQE heartbeat restart=1/16 elapsed_s=1450.2 calls=1463 |DeltaE|=4.993270e-01 best|DeltaE|=4.989841e-01 slope_last3=-5.993259e-19/s
[2026-03-04T04:47:44Z] VQE restart 1/16 end elapsed_s=1502.1 calls=1515 best|DeltaE|=4.989841e-01 msg=Optimization terminated successfully.
[2026-03-04T04:47:44Z] VQE restart 2/16 start elapsed_s=1502.1 calls=1515
[2026-03-04T04:48:45Z] VQE heartbeat restart=2/16 elapsed_s=1562.4 calls=1577 |DeltaE|=5.208075e-01 best|DeltaE|=4.973814e-01 slope_last3=-9.890374e-06/s
[2026-03-04T04:49:46Z] VQE heartbeat restart=2/16 elapsed_s=1623.4 calls=1637 |DeltaE|=4.982173e-01 best|DeltaE|=4.967559e-01 slope_last3=-1.304190e-05/s
[2026-03-04T04:50:47Z] VQE heartbeat restart=2/16 elapsed_s=1684.2 calls=1695 |DeltaE|=4.967283e-01 best|DeltaE|=4.967283e-01 slope_last3=-5.367415e-06/s
[2026-03-04T04:51:47Z] VQE heartbeat restart=2/16 elapsed_s=1744.2 calls=1753 |DeltaE|=4.966933e-01 best|DeltaE|=4.966905e-01 slope_last3=-5.406717e-07/s
[2026-03-04T04:52:47Z] VQE heartbeat restart=2/16 elapsed_s=1804.3 calls=1814 |DeltaE|=4.966705e-01 best|DeltaE|=4.966705e-01 slope_last3=-4.810848e-07/s
[2026-03-04T04:53:47Z] VQE heartbeat restart=2/16 elapsed_s=1864.7 calls=1875 |DeltaE|=4.966507e-01 best|DeltaE|=4.966507e-01 slope_last3=-3.306648e-07/s
[2026-03-04T04:54:48Z] VQE heartbeat restart=2/16 elapsed_s=1925.0 calls=1935 |DeltaE|=4.966290e-01 best|DeltaE|=4.966290e-01 slope_last3=-3.434213e-07/s
[2026-03-04T04:55:48Z] VQE heartbeat restart=2/16 elapsed_s=1985.6 calls=1994 |DeltaE|=4.966118e-01 best|DeltaE|=4.966103e-01 slope_last3=-3.336542e-07/s
[2026-03-04T04:56:49Z] VQE heartbeat restart=2/16 elapsed_s=2046.2 calls=2055 |DeltaE|=4.965908e-01 best|DeltaE|=4.965906e-01 slope_last3=-3.171223e-07/s
[2026-03-04T04:57:49Z] VQE heartbeat restart=2/16 elapsed_s=2106.8 calls=2114 |DeltaE|=4.965356e-01 best|DeltaE|=4.965356e-01 slope_last3=-6.165451e-07/s
[2026-03-04T04:58:50Z] VQE heartbeat restart=2/16 elapsed_s=2167.1 calls=2173 |DeltaE|=4.965065e-01 best|DeltaE|=4.965065e-01 slope_last3=-6.953798e-07/s
[2026-03-04T04:59:50Z] VQE heartbeat restart=2/16 elapsed_s=2227.6 calls=2233 |DeltaE|=4.964920e-01 best|DeltaE|=4.964920e-01 slope_last3=-3.607766e-07/s
[2026-03-04T05:00:51Z] VQE heartbeat restart=2/16 elapsed_s=2287.9 calls=2293 |DeltaE|=4.964797e-01 best|DeltaE|=4.964793e-01 slope_last3=-2.250390e-07/s
[2026-03-04T05:01:51Z] VQE heartbeat restart=2/16 elapsed_s=2348.1 calls=2354 |DeltaE|=4.964647e-01 best|DeltaE|=4.964647e-01 slope_last3=-2.270056e-07/s
[2026-03-04T05:02:51Z] VQE heartbeat restart=2/16 elapsed_s=2408.5 calls=2415 |DeltaE|=4.964428e-01 best|DeltaE|=4.964428e-01 slope_last3=-3.024449e-07/s
[2026-03-04T05:03:52Z] VQE heartbeat restart=2/16 elapsed_s=2469.2 calls=2476 |DeltaE|=4.964291e-01 best|DeltaE|=4.964291e-01 slope_last3=-2.937093e-07/s
[2026-03-04T05:04:53Z] VQE heartbeat restart=2/16 elapsed_s=2530.2 calls=2537 |DeltaE|=4.963943e-01 best|DeltaE|=4.963943e-01 slope_last3=-3.986701e-07/s
[2026-03-04T05:05:53Z] VQE heartbeat restart=2/16 elapsed_s=2590.7 calls=2598 |DeltaE|=4.963704e-01 best|DeltaE|=4.963702e-01 slope_last3=-4.846778e-07/s
[2026-03-04T05:06:54Z] VQE heartbeat restart=2/16 elapsed_s=2651.0 calls=2659 |DeltaE|=4.963467e-01 best|DeltaE|=4.963467e-01 slope_last3=-3.940312e-07/s
[2026-03-04T05:07:54Z] VQE heartbeat restart=2/16 elapsed_s=2711.4 calls=2720 |DeltaE|=4.963302e-01 best|DeltaE|=4.963296e-01 slope_last3=-3.361689e-07/s
[2026-03-04T05:08:54Z] VQE heartbeat restart=2/16 elapsed_s=2771.7 calls=2781 |DeltaE|=4.963193e-01 best|DeltaE|=4.963192e-01 slope_last3=-2.279892e-07/s
[2026-03-04T05:08:59Z] VQE restart 2/16 end elapsed_s=2776.6 calls=2785 best|DeltaE|=4.963192e-01 msg=Optimization terminated successfully.
[2026-03-04T05:08:59Z] VQE restart 3/16 start elapsed_s=2777.6 calls=2785
[2026-03-04T05:10:00Z] VQE heartbeat restart=3/16 elapsed_s=2837.8 calls=2847 |DeltaE|=5.086395e-01 best|DeltaE|=4.963192e-01 slope_last3=-8.149402e-08/s
[2026-03-04T05:11:00Z] VQE heartbeat restart=3/16 elapsed_s=2898.3 calls=2908 |DeltaE|=4.998089e-01 best|DeltaE|=4.963192e-01 slope_last3=-1.322573e-10/s
[2026-03-04T05:12:00Z] VQE heartbeat restart=3/16 elapsed_s=2958.5 calls=2970 |DeltaE|=4.987480e-01 best|DeltaE|=4.963192e-01 slope_last3=7.739779e-19/s
[2026-03-04T05:13:00Z] VQE heartbeat restart=3/16 elapsed_s=3018.7 calls=3032 |DeltaE|=4.984705e-01 best|DeltaE|=4.963192e-01 slope_last3=-7.148823e-19/s
[2026-03-04T05:14:01Z] VQE heartbeat restart=3/16 elapsed_s=3079.0 calls=3094 |DeltaE|=4.984292e-01 best|DeltaE|=4.963192e-01 slope_last3=-2.441566e-19/s
[2026-03-04T05:15:01Z] VQE heartbeat restart=3/16 elapsed_s=3139.2 calls=3156 |DeltaE|=4.984102e-01 best|DeltaE|=4.963192e-01 slope_last3=-1.977503e-19/s
[2026-03-04T05:16:01Z] VQE heartbeat restart=3/16 elapsed_s=3199.4 calls=3218 |DeltaE|=4.983983e-01 best|DeltaE|=4.963192e-01 slope_last3=-7.758264e-19/s
[2026-03-04T05:17:02Z] VQE heartbeat restart=3/16 elapsed_s=3260.2 calls=3279 |DeltaE|=4.983776e-01 best|DeltaE|=4.963192e-01 slope_last3=2.403712e-19/s
[2026-03-04T05:18:03Z] VQE heartbeat restart=3/16 elapsed_s=3321.4 calls=3337 |DeltaE|=4.983541e-01 best|DeltaE|=4.963192e-01 slope_last3=-2.457210e-19/s
[2026-03-04T05:19:04Z] VQE heartbeat restart=3/16 elapsed_s=3382.0 calls=3392 |DeltaE|=4.983407e-01 best|DeltaE|=4.963192e-01 slope_last3=-1.090314e-18/s
[2026-03-04T05:20:04Z] VQE heartbeat restart=3/16 elapsed_s=3442.0 calls=3451 |DeltaE|=4.983266e-01 best|DeltaE|=4.963192e-01 slope_last3=-1.895203e-20/s
[2026-03-04T05:21:05Z] VQE heartbeat restart=3/16 elapsed_s=3502.8 calls=3509 |DeltaE|=4.983107e-01 best|DeltaE|=4.963192e-01 slope_last3=1.303345e-19/s
[2026-03-04T05:22:05Z] VQE heartbeat restart=3/16 elapsed_s=3563.4 calls=3568 |DeltaE|=4.982917e-01 best|DeltaE|=4.963192e-01 slope_last3=-9.606306e-19/s
[2026-03-04T05:23:06Z] VQE heartbeat restart=3/16 elapsed_s=3624.2 calls=3626 |DeltaE|=4.982756e-01 best|DeltaE|=4.963192e-01 slope_last3=-3.327380e-19/s
[2026-03-04T05:24:06Z] VQE heartbeat restart=3/16 elapsed_s=3684.5 calls=3685 |DeltaE|=4.982624e-01 best|DeltaE|=4.963192e-01 slope_last3=1.237974e-19/s
[2026-03-04T05:25:07Z] VQE heartbeat restart=3/16 elapsed_s=3745.3 calls=3746 |DeltaE|=4.982370e-01 best|DeltaE|=4.963192e-01 slope_last3=7.653554e-19/s
[2026-03-04T05:26:08Z] VQE heartbeat restart=3/16 elapsed_s=3806.1 calls=3806 |DeltaE|=4.982237e-01 best|DeltaE|=4.963192e-01 slope_last3=2.652507e-19/s
[2026-03-04T05:27:08Z] VQE heartbeat restart=3/16 elapsed_s=3866.7 calls=3865 |DeltaE|=4.981997e-01 best|DeltaE|=4.963192e-01 slope_last3=1.178793e-19/s
[2026-03-04T05:28:09Z] VQE heartbeat restart=3/16 elapsed_s=3927.6 calls=3926 |DeltaE|=4.981799e-01 best|DeltaE|=4.963192e-01 slope_last3=8.121883e-19/s
[2026-03-04T05:29:10Z] VQE heartbeat restart=3/16 elapsed_s=3988.6 calls=3987 |DeltaE|=4.981657e-01 best|DeltaE|=4.963192e-01 slope_last3=5.303548e-19/s
[2026-03-04T05:30:11Z] VQE heartbeat restart=3/16 elapsed_s=4049.2 calls=4047 |DeltaE|=4.981437e-01 best|DeltaE|=4.963192e-01 slope_last3=1.365933e-19/s
[2026-03-04T05:31:11Z] VQE heartbeat restart=3/16 elapsed_s=4109.4 calls=4105 |DeltaE|=4.981234e-01 best|DeltaE|=4.963192e-01 slope_last3=-5.856880e-19/s
[2026-03-04T05:32:12Z] VQE heartbeat restart=3/16 elapsed_s=4170.2 calls=4167 |DeltaE|=4.980851e-01 best|DeltaE|=4.963192e-01 slope_last3=6.784376e-19/s
[2026-03-04T05:33:12Z] VQE heartbeat restart=3/16 elapsed_s=4230.4 calls=4227 |DeltaE|=4.980648e-01 best|DeltaE|=4.963192e-01 slope_last3=7.531505e-19/s
[2026-03-04T05:34:12Z] VQE heartbeat restart=3/16 elapsed_s=4290.7 calls=4287 |DeltaE|=4.980477e-01 best|DeltaE|=4.963192e-01 slope_last3=2.575647e-19/s
[2026-03-04T05:35:13Z] VQE heartbeat restart=3/16 elapsed_s=4351.1 calls=4344 |DeltaE|=4.980277e-01 best|DeltaE|=4.963192e-01 slope_last3=-1.195040e-19/s
[2026-03-04T05:35:27Z] VQE restart 3/16 end elapsed_s=4364.9 calls=4358 best|DeltaE|=4.963192e-01 msg=Optimization terminated successfully.
[2026-03-04T05:35:27Z] VQE restart 4/16 start elapsed_s=4364.9 calls=4358
[2026-03-04T05:36:27Z] VQE heartbeat restart=4/16 elapsed_s=4425.3 calls=4420 |DeltaE|=5.002783e-01 best|DeltaE|=4.963192e-01 slope_last3=4.414492e-20/s
[2026-03-04T05:37:27Z] VQE heartbeat restart=4/16 elapsed_s=4485.6 calls=4482 |DeltaE|=4.965389e-01 best|DeltaE|=4.963192e-01 slope_last3=2.247297e-19/s
[2026-03-04T05:38:28Z] VQE heartbeat restart=4/16 elapsed_s=4546.1 calls=4544 |DeltaE|=4.964283e-01 best|DeltaE|=4.963192e-01 slope_last3=-1.143102e-19/s
[2026-03-04T05:39:29Z] VQE heartbeat restart=4/16 elapsed_s=4607.1 calls=4607 |DeltaE|=4.963764e-01 best|DeltaE|=4.963192e-01 slope_last3=-6.837701e-19/s
[2026-03-04T05:40:29Z] VQE heartbeat restart=4/16 elapsed_s=4667.3 calls=4669 |DeltaE|=4.963493e-01 best|DeltaE|=4.963192e-01 slope_last3=4.591319e-19/s
[2026-03-04T05:41:30Z] VQE heartbeat restart=4/16 elapsed_s=4727.7 calls=4731 |DeltaE|=4.963129e-01 best|DeltaE|=4.963129e-01 slope_last3=-5.242887e-08/s
[2026-03-04T05:42:31Z] VQE heartbeat restart=4/16 elapsed_s=4788.1 calls=4787 |DeltaE|=4.962841e-01 best|DeltaE|=4.962841e-01 slope_last3=-2.901939e-07/s
[2026-03-04T05:43:32Z] VQE heartbeat restart=4/16 elapsed_s=4849.1 calls=4846 |DeltaE|=4.962476e-01 best|DeltaE|=4.962476e-01 slope_last3=-5.382051e-07/s
[2026-03-04T05:44:32Z] VQE heartbeat restart=4/16 elapsed_s=4909.5 calls=4905 |DeltaE|=4.962179e-01 best|DeltaE|=4.962179e-01 slope_last3=-5.457216e-07/s
[2026-03-04T05:45:33Z] VQE heartbeat restart=4/16 elapsed_s=4970.4 calls=4962 |DeltaE|=4.961950e-01 best|DeltaE|=4.961950e-01 slope_last3=-4.334056e-07/s
[2026-03-04T05:46:34Z] VQE heartbeat restart=4/16 elapsed_s=5031.1 calls=5019 |DeltaE|=4.961775e-01 best|DeltaE|=4.961766e-01 slope_last3=-3.391891e-07/s
[2026-03-04T05:47:34Z] VQE heartbeat restart=4/16 elapsed_s=5091.4 calls=5077 |DeltaE|=4.961567e-01 best|DeltaE|=4.961567e-01 slope_last3=-3.161004e-07/s
[2026-03-04T05:48:35Z] VQE heartbeat restart=4/16 elapsed_s=5151.9 calls=5133 |DeltaE|=4.961361e-01 best|DeltaE|=4.961353e-01 slope_last3=-3.423951e-07/s
[2026-03-04T05:49:35Z] VQE heartbeat restart=4/16 elapsed_s=5212.3 calls=5190 |DeltaE|=4.961149e-01 best|DeltaE|=4.961148e-01 slope_last3=-3.466712e-07/s
[2026-03-04T05:50:35Z] VQE heartbeat restart=4/16 elapsed_s=5272.4 calls=5246 |DeltaE|=4.960940e-01 best|DeltaE|=4.960940e-01 slope_last3=-3.427413e-07/s
[2026-03-04T05:51:35Z] VQE heartbeat restart=4/16 elapsed_s=5332.6 calls=5301 |DeltaE|=4.960697e-01 best|DeltaE|=4.960697e-01 slope_last3=-3.755175e-07/s
[2026-03-04T05:52:36Z] VQE heartbeat restart=4/16 elapsed_s=5393.5 calls=5357 |DeltaE|=4.960422e-01 best|DeltaE|=4.960422e-01 slope_last3=-4.280551e-07/s
[2026-03-04T05:53:37Z] VQE heartbeat restart=4/16 elapsed_s=5454.3 calls=5412 |DeltaE|=4.960202e-01 best|DeltaE|=4.960202e-01 slope_last3=-4.059438e-07/s
[2026-03-04T05:54:38Z] VQE heartbeat restart=4/16 elapsed_s=5515.1 calls=5467 |DeltaE|=4.959986e-01 best|DeltaE|=4.959980e-01 slope_last3=-3.631427e-07/s
[2026-03-04T05:55:39Z] VQE heartbeat restart=4/16 elapsed_s=5576.0 calls=5525 |DeltaE|=4.959784e-01 best|DeltaE|=4.959782e-01 slope_last3=-3.450666e-07/s
[2026-03-04T05:56:40Z] VQE heartbeat restart=4/16 elapsed_s=5636.7 calls=5583 |DeltaE|=4.959571e-01 best|DeltaE|=4.959571e-01 slope_last3=-3.365650e-07/s
[2026-03-04T05:57:40Z] VQE heartbeat restart=4/16 elapsed_s=5696.8 calls=5640 |DeltaE|=4.959195e-01 best|DeltaE|=4.959195e-01 slope_last3=-4.866201e-07/s
[2026-03-04T05:58:41Z] VQE heartbeat restart=4/16 elapsed_s=5757.8 calls=5698 |DeltaE|=4.958699e-01 best|DeltaE|=4.958699e-01 slope_last3=-7.197505e-07/s
[2026-03-04T05:59:41Z] VQE heartbeat restart=4/16 elapsed_s=5818.3 calls=5747 |DeltaE|=4.958509e-01 best|DeltaE|=4.958509e-01 slope_last3=-5.642179e-07/s
[2026-03-04T06:00:42Z] VQE heartbeat restart=4/16 elapsed_s=5878.9 calls=5804 |DeltaE|=4.958323e-01 best|DeltaE|=4.958323e-01 slope_last3=-3.109618e-07/s
[2026-03-04T06:01:42Z] VQE heartbeat restart=4/16 elapsed_s=5939.3 calls=5861 |DeltaE|=4.958125e-01 best|DeltaE|=4.958125e-01 slope_last3=-3.176870e-07/s
[2026-03-04T06:02:42Z] VQE heartbeat restart=4/16 elapsed_s=5999.6 calls=5918 |DeltaE|=4.957767e-01 best|DeltaE|=4.957767e-01 slope_last3=-4.607908e-07/s
[2026-03-04T06:03:43Z] VQE heartbeat restart=4/16 elapsed_s=6060.3 calls=5971 |DeltaE|=4.957306e-01 best|DeltaE|=4.957306e-01 slope_last3=-6.767031e-07/s
[2026-03-04T06:04:43Z] VQE heartbeat restart=4/16 elapsed_s=6120.5 calls=6027 |DeltaE|=4.956238e-01 best|DeltaE|=4.956238e-01 slope_last3=-1.263629e-06/s
[2026-03-04T06:05:44Z] VQE heartbeat restart=4/16 elapsed_s=6181.1 calls=6083 |DeltaE|=4.955145e-01 best|DeltaE|=4.955145e-01 slope_last3=-1.788973e-06/s
[2026-03-04T06:06:45Z] VQE heartbeat restart=4/16 elapsed_s=6242.1 calls=6136 |DeltaE|=4.954110e-01 best|DeltaE|=4.954110e-01 slope_last3=-1.749075e-06/s
[2026-03-04T06:07:45Z] VQE heartbeat restart=4/16 elapsed_s=6302.4 calls=6188 |DeltaE|=4.953108e-01 best|DeltaE|=4.953108e-01 slope_last3=-1.680392e-06/s
[2026-03-04T06:08:46Z] VQE heartbeat restart=4/16 elapsed_s=6363.6 calls=6244 |DeltaE|=4.952060e-01 best|DeltaE|=4.952060e-01 slope_last3=-1.686758e-06/s
[2026-03-04T06:09:47Z] VQE heartbeat restart=4/16 elapsed_s=6424.3 calls=6299 |DeltaE|=4.951071e-01 best|DeltaE|=4.951071e-01 slope_last3=-1.670098e-06/s
[2026-03-04T06:10:48Z] VQE heartbeat restart=4/16 elapsed_s=6485.2 calls=6356 |DeltaE|=4.950053e-01 best|DeltaE|=4.950053e-01 slope_last3=-1.652150e-06/s
[2026-03-04T06:11:49Z] VQE heartbeat restart=4/16 elapsed_s=6545.9 calls=6413 |DeltaE|=4.949276e-01 best|DeltaE|=4.949276e-01 slope_last3=-1.475646e-06/s
[2026-03-04T06:12:49Z] VQE heartbeat restart=4/16 elapsed_s=6606.6 calls=6467 |DeltaE|=4.948997e-01 best|DeltaE|=4.948997e-01 slope_last3=-8.693116e-07/s
