[2026-03-03T01:52:31Z] CONFIG L=4 sector=(2,2) encoding=binary ordering=blocked boundary=open poolA=UCCSD+PAOP poolB=UCCSD+PAOP+HVA warm=hh_hva_ptw
[2026-03-03T01:52:38Z] EXACT sector energy: 0.016657906358
[2026-03-03T01:52:38Z] WARM restart 1/6 start elapsed_s=0.0 nfev_so_far=0
[2026-03-03T01:53:38Z] WARM heartbeat restart 1/6 elapsed_s=60.0 nfev_so_far=61 |DeltaE|=5.551524e+00 best|DeltaE|=4.834927e+00
[2026-03-03T01:54:39Z] WARM heartbeat restart 1/6 elapsed_s=120.2 nfev_so_far=122 |DeltaE|=6.025221e+00 best|DeltaE|=4.349057e+00
[2026-03-03T01:55:39Z] WARM heartbeat restart 1/6 elapsed_s=180.8 nfev_so_far=182 |DeltaE|=3.948519e+00 best|DeltaE|=3.948519e+00
[2026-03-03T01:56:40Z] WARM heartbeat restart 1/6 elapsed_s=241.1 nfev_so_far=242 |DeltaE|=3.605906e+00 best|DeltaE|=3.605906e+00
[2026-03-03T01:57:40Z] WARM heartbeat restart 1/6 elapsed_s=301.6 nfev_so_far=304 |DeltaE|=3.373148e+00 best|DeltaE|=3.179634e+00
[2026-03-03T01:58:41Z] WARM heartbeat restart 1/6 elapsed_s=362.4 nfev_so_far=366 |DeltaE|=2.607406e+00 best|DeltaE|=2.536807e+00
[2026-03-03T01:59:41Z] WARM heartbeat restart 1/6 elapsed_s=422.6 nfev_so_far=427 |DeltaE|=2.294865e+00 best|DeltaE|=2.276664e+00
[2026-03-03T02:00:41Z] WARM heartbeat restart 1/6 elapsed_s=482.8 nfev_so_far=488 |DeltaE|=2.341472e+00 best|DeltaE|=2.204109e+00
[2026-03-03T02:01:41Z] WARM heartbeat restart 1/6 elapsed_s=543.0 nfev_so_far=547 |DeltaE|=1.758681e+00 best|DeltaE|=1.720994e+00
[2026-03-03T02:02:42Z] WARM heartbeat restart 1/6 elapsed_s=603.2 nfev_so_far=606 |DeltaE|=1.466422e+00 best|DeltaE|=1.374821e+00
[2026-03-03T02:03:43Z] WARM heartbeat restart 1/6 elapsed_s=664.1 nfev_so_far=668 |DeltaE|=1.170162e+00 best|DeltaE|=1.169285e+00
[2026-03-03T02:04:43Z] WARM heartbeat restart 1/6 elapsed_s=724.3 nfev_so_far=728 |DeltaE|=1.013126e+00 best|DeltaE|=1.011970e+00
[2026-03-03T02:05:43Z] WARM heartbeat restart 1/6 elapsed_s=784.8 nfev_so_far=789 |DeltaE|=1.025580e+00 best|DeltaE|=9.659204e-01
[2026-03-03T02:06:44Z] WARM heartbeat restart 1/6 elapsed_s=845.4 nfev_so_far=848 |DeltaE|=9.187176e-01 best|DeltaE|=9.091651e-01
[2026-03-03T02:07:45Z] WARM heartbeat restart 1/6 elapsed_s=906.2 nfev_so_far=906 |DeltaE|=8.891276e-01 best|DeltaE|=8.826955e-01
[2026-03-03T02:08:45Z] WARM heartbeat restart 1/6 elapsed_s=966.9 nfev_so_far=966 |DeltaE|=8.665128e-01 best|DeltaE|=8.537617e-01
[2026-03-03T02:09:45Z] WARM heartbeat restart 1/6 elapsed_s=1027.0 nfev_so_far=1024 |DeltaE|=8.502331e-01 best|DeltaE|=8.249359e-01
[2026-03-03T02:10:46Z] WARM heartbeat restart 1/6 elapsed_s=1087.1 nfev_so_far=1082 |DeltaE|=8.208916e-01 best|DeltaE|=8.078295e-01
[2026-03-03T02:11:47Z] WARM heartbeat restart 1/6 elapsed_s=1148.2 nfev_so_far=1141 |DeltaE|=7.537838e-01 best|DeltaE|=7.537116e-01
[2026-03-03T02:12:47Z] WARM heartbeat restart 1/6 elapsed_s=1208.9 nfev_so_far=1199 |DeltaE|=7.377551e-01 best|DeltaE|=7.356858e-01
[2026-03-03T02:13:48Z] WARM heartbeat restart 1/6 elapsed_s=1269.3 nfev_so_far=1259 |DeltaE|=7.239680e-01 best|DeltaE|=7.238078e-01
