[2026-03-04T14:17:32Z] VQE_HH_HVA_TW_START seed=artifacts/useful/L4/l4_hh_seq_20260302_215706_resume_adaptB_20260303_111311_adapt_B_B_probe_checkpoint_state.json
[2026-03-04T14:17:40Z] VQE config ansatz=hh_hva_tw npar=38 reps=1 restarts=16 maxiter=12000 method=COBYLA progress=60s cap_s=109200
[2026-03-04T14:18:41Z] VQE heartbeat restart=1/16 elapsed_s=60.3 calls=153 |DeltaE|=1.042843e+00 best|DeltaE|=1.026229e+00
[2026-03-04T14:19:41Z] VQE heartbeat restart=1/16 elapsed_s=120.3 calls=306 |DeltaE|=7.507909e-01 best|DeltaE|=7.429159e-01
[2026-03-04T14:20:41Z] VQE heartbeat restart=1/16 elapsed_s=180.5 calls=453 |DeltaE|=5.987968e-01 best|DeltaE|=5.925307e-01
[2026-03-04T14:21:41Z] VQE heartbeat restart=1/16 elapsed_s=240.6 calls=594 |DeltaE|=5.271602e-01 best|DeltaE|=5.257552e-01
[2026-03-04T14:22:41Z] VQE heartbeat restart=1/16 elapsed_s=300.8 calls=744 |DeltaE|=4.919555e-01 best|DeltaE|=4.918531e-01
[2026-03-04T14:24:26Z] VQE heartbeat restart=1/16 elapsed_s=361.0 calls=878 |DeltaE|=4.790662e-01 best|DeltaE|=4.786402e-01
[2026-03-04T14:25:26Z] VQE heartbeat restart=1/16 elapsed_s=421.2 calls=1025 |DeltaE|=4.695495e-01 best|DeltaE|=4.689798e-01
[2026-03-04T14:26:26Z] VQE heartbeat restart=1/16 elapsed_s=481.5 calls=1171 |DeltaE|=4.644189e-01 best|DeltaE|=4.643870e-01
[2026-03-04T14:27:26Z] VQE heartbeat restart=1/16 elapsed_s=541.5 calls=1322 |DeltaE|=4.611806e-01 best|DeltaE|=4.611806e-01
[2026-03-04T14:28:27Z] VQE heartbeat restart=1/16 elapsed_s=601.8 calls=1473 |DeltaE|=4.589668e-01 best|DeltaE|=4.589332e-01
[2026-03-04T14:29:27Z] VQE heartbeat restart=1/16 elapsed_s=662.4 calls=1619 |DeltaE|=4.574323e-01 best|DeltaE|=4.574237e-01
[2026-03-04T14:30:27Z] VQE heartbeat restart=1/16 elapsed_s=722.6 calls=1764 |DeltaE|=4.565199e-01 best|DeltaE|=4.564885e-01
[2026-03-04T14:31:28Z] VQE heartbeat restart=1/16 elapsed_s=782.9 calls=1907 |DeltaE|=4.558613e-01 best|DeltaE|=4.558399e-01
[2026-03-04T14:32:28Z] VQE heartbeat restart=1/16 elapsed_s=843.3 calls=2045 |DeltaE|=4.553122e-01 best|DeltaE|=4.553122e-01
[2026-03-04T14:33:28Z] VQE heartbeat restart=1/16 elapsed_s=903.5 calls=2191 |DeltaE|=4.548658e-01 best|DeltaE|=4.548658e-01
[2026-03-04T14:34:29Z] VQE heartbeat restart=1/16 elapsed_s=963.8 calls=2342 |DeltaE|=4.545051e-01 best|DeltaE|=4.544907e-01
[2026-03-04T14:35:29Z] VQE heartbeat restart=1/16 elapsed_s=1024.2 calls=2495 |DeltaE|=4.542973e-01 best|DeltaE|=4.542973e-01
[2026-03-04T14:36:29Z] VQE heartbeat restart=1/16 elapsed_s=1084.3 calls=2647 |DeltaE|=4.540738e-01 best|DeltaE|=4.540738e-01
[2026-03-04T14:37:29Z] VQE heartbeat restart=1/16 elapsed_s=1144.7 calls=2799 |DeltaE|=4.538586e-01 best|DeltaE|=4.538577e-01
[2026-03-04T14:38:30Z] VQE heartbeat restart=1/16 elapsed_s=1204.7 calls=2951 |DeltaE|=4.536370e-01 best|DeltaE|=4.536370e-01
[2026-03-04T14:39:30Z] VQE heartbeat restart=1/16 elapsed_s=1265.1 calls=3104 |DeltaE|=4.534095e-01 best|DeltaE|=4.534095e-01
[2026-03-04T14:40:30Z] VQE heartbeat restart=1/16 elapsed_s=1325.2 calls=3255 |DeltaE|=4.532520e-01 best|DeltaE|=4.532516e-01
[2026-03-04T14:41:30Z] VQE heartbeat restart=1/16 elapsed_s=1385.5 calls=3408 |DeltaE|=4.530533e-01 best|DeltaE|=4.530433e-01
[2026-03-04T14:42:31Z] VQE heartbeat restart=1/16 elapsed_s=1445.8 calls=3561 |DeltaE|=4.528439e-01 best|DeltaE|=4.528439e-01
[2026-03-04T14:43:31Z] VQE heartbeat restart=1/16 elapsed_s=1506.1 calls=3710 |DeltaE|=4.526377e-01 best|DeltaE|=4.526304e-01
[2026-03-04T14:44:31Z] VQE heartbeat restart=1/16 elapsed_s=1566.5 calls=3860 |DeltaE|=4.524108e-01 best|DeltaE|=4.524108e-01
[2026-03-04T14:45:32Z] VQE heartbeat restart=1/16 elapsed_s=1626.8 calls=4005 |DeltaE|=4.522311e-01 best|DeltaE|=4.522297e-01
[2026-03-04T14:52:09Z] VQE heartbeat restart=1/16 elapsed_s=1687.0 calls=4142 |DeltaE|=4.520470e-01 best|DeltaE|=4.520344e-01
[2026-03-04T14:53:10Z] VQE heartbeat restart=1/16 elapsed_s=1747.2 calls=4281 |DeltaE|=4.518761e-01 best|DeltaE|=4.518753e-01
[2026-03-04T14:54:22Z] VQE heartbeat restart=1/16 elapsed_s=1807.4 calls=4401 |DeltaE|=4.517366e-01 best|DeltaE|=4.517366e-01
[2026-03-04T14:55:22Z] VQE heartbeat restart=1/16 elapsed_s=1867.5 calls=4530 |DeltaE|=4.515453e-01 best|DeltaE|=4.515429e-01
[2026-03-04T14:56:23Z] VQE heartbeat restart=1/16 elapsed_s=1927.7 calls=4665 |DeltaE|=4.513409e-01 best|DeltaE|=4.513409e-01
[2026-03-04T14:57:23Z] VQE heartbeat restart=1/16 elapsed_s=1987.7 calls=4813 |DeltaE|=4.511019e-01 best|DeltaE|=4.510974e-01
[2026-03-04T14:58:23Z] VQE heartbeat restart=1/16 elapsed_s=2047.9 calls=4966 |DeltaE|=4.508352e-01 best|DeltaE|=4.508326e-01
[2026-03-04T14:59:23Z] VQE heartbeat restart=1/16 elapsed_s=2108.1 calls=5121 |DeltaE|=4.505489e-01 best|DeltaE|=4.505488e-01
[2026-03-04T15:00:23Z] VQE heartbeat restart=1/16 elapsed_s=2168.3 calls=5276 |DeltaE|=4.502887e-01 best|DeltaE|=4.502887e-01
[2026-03-04T15:01:23Z] VQE heartbeat restart=1/16 elapsed_s=2228.4 calls=5432 |DeltaE|=4.500174e-01 best|DeltaE|=4.500174e-01
[2026-03-04T15:02:24Z] VQE heartbeat restart=1/16 elapsed_s=2288.7 calls=5588 |DeltaE|=4.497136e-01 best|DeltaE|=4.497125e-01
[2026-03-04T15:03:24Z] VQE heartbeat restart=1/16 elapsed_s=2348.9 calls=5744 |DeltaE|=4.493880e-01 best|DeltaE|=4.493799e-01
[2026-03-04T15:04:24Z] VQE heartbeat restart=1/16 elapsed_s=2409.0 calls=5898 |DeltaE|=4.490455e-01 best|DeltaE|=4.490455e-01
[2026-03-04T15:05:24Z] VQE heartbeat restart=1/16 elapsed_s=2469.4 calls=6054 |DeltaE|=4.487607e-01 best|DeltaE|=4.487607e-01
[2026-03-04T15:06:24Z] VQE heartbeat restart=1/16 elapsed_s=2529.5 calls=6208 |DeltaE|=4.484503e-01 best|DeltaE|=4.484485e-01
[2026-03-04T15:07:25Z] VQE heartbeat restart=1/16 elapsed_s=2589.8 calls=6363 |DeltaE|=4.481383e-01 best|DeltaE|=4.481256e-01
[2026-03-04T15:08:25Z] VQE heartbeat restart=1/16 elapsed_s=2650.1 calls=6519 |DeltaE|=4.477511e-01 best|DeltaE|=4.477499e-01
[2026-03-04T15:09:25Z] VQE heartbeat restart=1/16 elapsed_s=2710.3 calls=6675 |DeltaE|=4.473645e-01 best|DeltaE|=4.473645e-01
[2026-03-04T15:10:26Z] VQE heartbeat restart=1/16 elapsed_s=2770.8 calls=6831 |DeltaE|=4.470729e-01 best|DeltaE|=4.470727e-01
[2026-03-04T15:11:26Z] VQE heartbeat restart=1/16 elapsed_s=2831.0 calls=6987 |DeltaE|=4.467286e-01 best|DeltaE|=4.467286e-01
[2026-03-04T15:12:26Z] VQE heartbeat restart=1/16 elapsed_s=2891.2 calls=7143 |DeltaE|=4.463845e-01 best|DeltaE|=4.463845e-01
[2026-03-04T15:13:26Z] VQE heartbeat restart=1/16 elapsed_s=2951.3 calls=7299 |DeltaE|=4.460541e-01 best|DeltaE|=4.460530e-01
[2026-03-04T15:14:26Z] VQE heartbeat restart=1/16 elapsed_s=3011.3 calls=7455 |DeltaE|=4.457236e-01 best|DeltaE|=4.457205e-01
[2026-03-04T15:15:27Z] VQE heartbeat restart=1/16 elapsed_s=3071.5 calls=7611 |DeltaE|=4.453761e-01 best|DeltaE|=4.453636e-01
[2026-03-04T15:16:27Z] VQE heartbeat restart=1/16 elapsed_s=3131.6 calls=7767 |DeltaE|=4.449856e-01 best|DeltaE|=4.449706e-01
[2026-03-04T15:17:27Z] VQE heartbeat restart=1/16 elapsed_s=3192.0 calls=7923 |DeltaE|=4.446604e-01 best|DeltaE|=4.446579e-01
[2026-03-04T15:18:27Z] VQE heartbeat restart=1/16 elapsed_s=3252.1 calls=8079 |DeltaE|=4.443029e-01 best|DeltaE|=4.442968e-01
[2026-03-04T15:19:27Z] VQE heartbeat restart=1/16 elapsed_s=3312.4 calls=8235 |DeltaE|=4.439555e-01 best|DeltaE|=4.439412e-01
[2026-03-04T15:20:28Z] VQE heartbeat restart=1/16 elapsed_s=3372.5 calls=8391 |DeltaE|=4.435937e-01 best|DeltaE|=4.435864e-01
[2026-03-04T15:21:28Z] VQE heartbeat restart=1/16 elapsed_s=3432.7 calls=8547 |DeltaE|=4.432551e-01 best|DeltaE|=4.432551e-01
[2026-03-04T15:22:28Z] VQE heartbeat restart=1/16 elapsed_s=3492.9 calls=8703 |DeltaE|=4.429024e-01 best|DeltaE|=4.429024e-01
[2026-03-04T15:23:28Z] VQE heartbeat restart=1/16 elapsed_s=3553.1 calls=8859 |DeltaE|=4.426230e-01 best|DeltaE|=4.426201e-01
[2026-03-04T15:24:28Z] VQE heartbeat restart=1/16 elapsed_s=3613.3 calls=9015 |DeltaE|=4.422691e-01 best|DeltaE|=4.422637e-01
[2026-03-04T15:26:04Z] VQE heartbeat restart=1/16 elapsed_s=3673.6 calls=9150 |DeltaE|=4.419836e-01 best|DeltaE|=4.419770e-01
[2026-03-04T15:27:04Z] VQE heartbeat restart=1/16 elapsed_s=3733.9 calls=9280 |DeltaE|=4.417401e-01 best|DeltaE|=4.417388e-01
[2026-03-04T15:28:04Z] VQE heartbeat restart=1/16 elapsed_s=3794.1 calls=9435 |DeltaE|=4.414721e-01 best|DeltaE|=4.414636e-01
[2026-03-04T15:29:04Z] VQE heartbeat restart=1/16 elapsed_s=3854.3 calls=9590 |DeltaE|=4.411671e-01 best|DeltaE|=4.411578e-01
[2026-03-04T15:30:05Z] VQE heartbeat restart=1/16 elapsed_s=3914.6 calls=9746 |DeltaE|=4.408937e-01 best|DeltaE|=4.408927e-01
[2026-03-04T15:31:05Z] VQE heartbeat restart=1/16 elapsed_s=3974.8 calls=9898 |DeltaE|=4.406644e-01 best|DeltaE|=4.406580e-01
[2026-03-04T15:32:05Z] VQE heartbeat restart=1/16 elapsed_s=4035.2 calls=10045 |DeltaE|=4.403777e-01 best|DeltaE|=4.403759e-01
[2026-03-04T15:33:06Z] VQE heartbeat restart=1/16 elapsed_s=4095.6 calls=10173 |DeltaE|=4.401509e-01 best|DeltaE|=4.401509e-01
[2026-03-04T15:34:06Z] VQE heartbeat restart=1/16 elapsed_s=4155.8 calls=10321 |DeltaE|=4.399213e-01 best|DeltaE|=4.399166e-01
[2026-03-04T15:35:06Z] VQE heartbeat restart=1/16 elapsed_s=4215.9 calls=10470 |DeltaE|=4.397306e-01 best|DeltaE|=4.397267e-01
[2026-03-04T15:36:06Z] VQE heartbeat restart=1/16 elapsed_s=4276.2 calls=10621 |DeltaE|=4.395119e-01 best|DeltaE|=4.395060e-01
[2026-03-04T15:37:06Z] VQE heartbeat restart=1/16 elapsed_s=4336.4 calls=10772 |DeltaE|=4.393637e-01 best|DeltaE|=4.393590e-01
[2026-03-04T15:38:07Z] VQE heartbeat restart=1/16 elapsed_s=4396.7 calls=10923 |DeltaE|=4.391614e-01 best|DeltaE|=4.391607e-01
[2026-03-04T15:39:07Z] VQE heartbeat restart=1/16 elapsed_s=4456.9 calls=11074 |DeltaE|=4.390271e-01 best|DeltaE|=4.390232e-01
[2026-03-04T15:40:07Z] VQE heartbeat restart=1/16 elapsed_s=4517.1 calls=11225 |DeltaE|=4.388467e-01 best|DeltaE|=4.388365e-01
[2026-03-04T15:41:08Z] VQE heartbeat restart=1/16 elapsed_s=4577.5 calls=11376 |DeltaE|=4.386998e-01 best|DeltaE|=4.386998e-01
[2026-03-04T15:42:08Z] VQE heartbeat restart=1/16 elapsed_s=4637.8 calls=11519 |DeltaE|=4.385870e-01 best|DeltaE|=4.385864e-01
[2026-03-04T15:43:08Z] VQE heartbeat restart=1/16 elapsed_s=4697.8 calls=11673 |DeltaE|=4.384329e-01 best|DeltaE|=4.384329e-01
[2026-03-04T15:44:08Z] VQE heartbeat restart=1/16 elapsed_s=4757.9 calls=11828 |DeltaE|=4.383302e-01 best|DeltaE|=4.383268e-01
[2026-03-04T15:45:08Z] VQE heartbeat restart=1/16 elapsed_s=4818.2 calls=11977 |DeltaE|=4.382211e-01 best|DeltaE|=4.382204e-01
[2026-03-04T15:45:17Z] VQE restart end restart=1/16 elapsed_s=4827.2 calls=12000 best|DeltaE|=4.381946e-01 msg=Maximum number of function evaluations has been exceeded.
[2026-03-04T15:46:17Z] VQE heartbeat restart=2/16 elapsed_s=4887.5 calls=12154 |DeltaE|=7.395107e-01 best|DeltaE|=7.395107e-01
[2026-03-04T15:47:18Z] VQE heartbeat restart=2/16 elapsed_s=4947.6 calls=12309 |DeltaE|=5.682586e-01 best|DeltaE|=5.604183e-01
[2026-03-04T15:48:18Z] VQE heartbeat restart=2/16 elapsed_s=5007.7 calls=12452 |DeltaE|=5.219263e-01 best|DeltaE|=5.211828e-01
[2026-03-04T15:49:18Z] VQE heartbeat restart=2/16 elapsed_s=5068.0 calls=12598 |DeltaE|=5.039462e-01 best|DeltaE|=5.021192e-01
[2026-03-04T15:50:18Z] VQE heartbeat restart=2/16 elapsed_s=5128.0 calls=12741 |DeltaE|=4.872777e-01 best|DeltaE|=4.872098e-01
[2026-03-04T15:51:18Z] VQE heartbeat restart=2/16 elapsed_s=5188.1 calls=12882 |DeltaE|=4.758031e-01 best|DeltaE|=4.756606e-01
[2026-03-04T15:52:18Z] VQE heartbeat restart=2/16 elapsed_s=5248.2 calls=13019 |DeltaE|=4.674915e-01 best|DeltaE|=4.674915e-01
[2026-03-04T15:53:18Z] VQE heartbeat restart=2/16 elapsed_s=5308.4 calls=13136 |DeltaE|=4.617023e-01 best|DeltaE|=4.614292e-01
[2026-03-04T15:54:18Z] VQE heartbeat restart=2/16 elapsed_s=5368.5 calls=13285 |DeltaE|=4.561269e-01 best|DeltaE|=4.561114e-01
[2026-03-04T15:55:18Z] VQE heartbeat restart=2/16 elapsed_s=5428.5 calls=13433 |DeltaE|=4.519165e-01 best|DeltaE|=4.519165e-01
[2026-03-04T15:56:19Z] VQE heartbeat restart=2/16 elapsed_s=5488.8 calls=13586 |DeltaE|=4.488250e-01 best|DeltaE|=4.488086e-01
[2026-03-04T15:57:19Z] VQE heartbeat restart=2/16 elapsed_s=5548.9 calls=13739 |DeltaE|=4.463235e-01 best|DeltaE|=4.463071e-01
[2026-03-04T15:58:19Z] VQE heartbeat restart=2/16 elapsed_s=5609.0 calls=13888 |DeltaE|=4.450093e-01 best|DeltaE|=4.448329e-01
[2026-03-04T15:59:19Z] VQE heartbeat restart=2/16 elapsed_s=5669.4 calls=14037 |DeltaE|=4.437230e-01 best|DeltaE|=4.435609e-01
[2026-03-04T16:00:20Z] VQE heartbeat restart=2/16 elapsed_s=5729.7 calls=14188 |DeltaE|=4.425185e-01 best|DeltaE|=4.424465e-01
[2026-03-04T16:01:20Z] VQE heartbeat restart=2/16 elapsed_s=5790.1 calls=14339 |DeltaE|=4.416348e-01 best|DeltaE|=4.416348e-01
[2026-03-04T16:02:20Z] VQE heartbeat restart=2/16 elapsed_s=5850.4 calls=14480 |DeltaE|=4.411539e-01 best|DeltaE|=4.410742e-01
[2026-03-04T16:03:21Z] VQE heartbeat restart=2/16 elapsed_s=5910.6 calls=14625 |DeltaE|=4.404920e-01 best|DeltaE|=4.404775e-01
[2026-03-04T16:04:21Z] VQE heartbeat restart=2/16 elapsed_s=5970.8 calls=14764 |DeltaE|=4.400858e-01 best|DeltaE|=4.400858e-01
[2026-03-04T16:05:21Z] VQE heartbeat restart=2/16 elapsed_s=6031.1 calls=14912 |DeltaE|=4.397012e-01 best|DeltaE|=4.397012e-01
[2026-03-04T16:06:21Z] VQE heartbeat restart=2/16 elapsed_s=6091.5 calls=15062 |DeltaE|=4.393916e-01 best|DeltaE|=4.393916e-01
[2026-03-04T16:10:49Z] VQE heartbeat restart=2/16 elapsed_s=6151.7 calls=15175 |DeltaE|=4.391299e-01 best|DeltaE|=4.391298e-01
[2026-03-04T16:11:49Z] VQE heartbeat restart=2/16 elapsed_s=6211.7 calls=15325 |DeltaE|=4.388174e-01 best|DeltaE|=4.388169e-01
[2026-03-04T16:12:49Z] VQE heartbeat restart=2/16 elapsed_s=6271.9 calls=15472 |DeltaE|=4.385725e-01 best|DeltaE|=4.385697e-01
[2026-03-04T16:13:50Z] VQE heartbeat restart=2/16 elapsed_s=6332.2 calls=15622 |DeltaE|=4.382932e-01 best|DeltaE|=4.382932e-01
[2026-03-04T16:14:50Z] VQE heartbeat restart=2/16 elapsed_s=6392.5 calls=15763 |DeltaE|=4.380563e-01 best|DeltaE|=4.380519e-01
[2026-03-04T16:15:50Z] VQE heartbeat restart=2/16 elapsed_s=6452.6 calls=15906 |DeltaE|=4.378121e-01 best|DeltaE|=4.378121e-01
[2026-03-04T16:16:50Z] VQE heartbeat restart=2/16 elapsed_s=6512.8 calls=16052 |DeltaE|=4.376236e-01 best|DeltaE|=4.376228e-01
[2026-03-04T16:17:50Z] VQE heartbeat restart=2/16 elapsed_s=6572.8 calls=16194 |DeltaE|=4.374256e-01 best|DeltaE|=4.374217e-01
[2026-03-04T16:18:50Z] VQE heartbeat restart=2/16 elapsed_s=6633.0 calls=16340 |DeltaE|=4.372275e-01 best|DeltaE|=4.372275e-01
[2026-03-04T16:19:50Z] VQE heartbeat restart=2/16 elapsed_s=6693.1 calls=16481 |DeltaE|=4.370342e-01 best|DeltaE|=4.370336e-01
[2026-03-04T16:20:51Z] VQE heartbeat restart=2/16 elapsed_s=6753.4 calls=16625 |DeltaE|=4.368657e-01 best|DeltaE|=4.368657e-01
[2026-03-04T16:21:51Z] VQE heartbeat restart=2/16 elapsed_s=6813.5 calls=16732 |DeltaE|=4.367460e-01 best|DeltaE|=4.367460e-01
[2026-03-04T16:22:51Z] VQE heartbeat restart=2/16 elapsed_s=6873.9 calls=16859 |DeltaE|=4.365846e-01 best|DeltaE|=4.365817e-01
[2026-03-04T16:23:52Z] VQE heartbeat restart=2/16 elapsed_s=6934.2 calls=17000 |DeltaE|=4.364235e-01 best|DeltaE|=4.364215e-01
[2026-03-04T16:24:52Z] VQE heartbeat restart=2/16 elapsed_s=6994.2 calls=17138 |DeltaE|=4.362557e-01 best|DeltaE|=4.362557e-01
[2026-03-04T16:25:52Z] VQE heartbeat restart=2/16 elapsed_s=7054.5 calls=17283 |DeltaE|=4.361370e-01 best|DeltaE|=4.361351e-01
[2026-03-04T16:26:52Z] VQE heartbeat restart=2/16 elapsed_s=7114.9 calls=17423 |DeltaE|=4.359973e-01 best|DeltaE|=4.359930e-01
[2026-03-04T16:27:52Z] VQE heartbeat restart=2/16 elapsed_s=7174.9 calls=17562 |DeltaE|=4.358086e-01 best|DeltaE|=4.358069e-01
[2026-03-04T16:28:53Z] VQE heartbeat restart=2/16 elapsed_s=7235.2 calls=17695 |DeltaE|=4.356551e-01 best|DeltaE|=4.356533e-01
[2026-03-04T16:29:53Z] VQE heartbeat restart=2/16 elapsed_s=7295.6 calls=17829 |DeltaE|=4.355387e-01 best|DeltaE|=4.355381e-01
[2026-03-04T16:30:53Z] VQE heartbeat restart=2/16 elapsed_s=7355.8 calls=17954 |DeltaE|=4.354634e-01 best|DeltaE|=4.354630e-01
[2026-03-04T16:31:54Z] VQE heartbeat restart=2/16 elapsed_s=7416.1 calls=18085 |DeltaE|=4.353906e-01 best|DeltaE|=4.353881e-01
[2026-03-04T16:32:54Z] VQE heartbeat restart=2/16 elapsed_s=7476.5 calls=18223 |DeltaE|=4.353012e-01 best|DeltaE|=4.352942e-01
[2026-03-04T16:33:54Z] VQE heartbeat restart=2/16 elapsed_s=7536.7 calls=18353 |DeltaE|=4.352145e-01 best|DeltaE|=4.352133e-01
[2026-03-04T16:34:54Z] VQE heartbeat restart=2/16 elapsed_s=7597.1 calls=18503 |DeltaE|=4.351109e-01 best|DeltaE|=4.351071e-01
[2026-03-04T16:35:55Z] VQE heartbeat restart=2/16 elapsed_s=7657.1 calls=18652 |DeltaE|=4.350011e-01 best|DeltaE|=4.350011e-01
[2026-03-04T16:36:55Z] VQE heartbeat restart=2/16 elapsed_s=7717.3 calls=18801 |DeltaE|=4.349171e-01 best|DeltaE|=4.349146e-01
[2026-03-04T16:37:55Z] VQE heartbeat restart=2/16 elapsed_s=7777.3 calls=18949 |DeltaE|=4.348418e-01 best|DeltaE|=4.348372e-01
[2026-03-04T16:38:55Z] VQE heartbeat restart=2/16 elapsed_s=7837.5 calls=19098 |DeltaE|=4.347621e-01 best|DeltaE|=4.347620e-01
[2026-03-04T16:39:55Z] VQE heartbeat restart=2/16 elapsed_s=7897.9 calls=19247 |DeltaE|=4.347071e-01 best|DeltaE|=4.347064e-01
[2026-03-04T16:40:55Z] VQE heartbeat restart=2/16 elapsed_s=7957.9 calls=19394 |DeltaE|=4.346579e-01 best|DeltaE|=4.346579e-01
[2026-03-04T16:41:56Z] VQE heartbeat restart=2/16 elapsed_s=8018.1 calls=19543 |DeltaE|=4.346169e-01 best|DeltaE|=4.346169e-01
[2026-03-04T16:42:56Z] VQE heartbeat restart=2/16 elapsed_s=8078.1 calls=19692 |DeltaE|=4.345710e-01 best|DeltaE|=4.345695e-01
[2026-03-04T16:43:56Z] VQE heartbeat restart=2/16 elapsed_s=8138.2 calls=19841 |DeltaE|=4.345164e-01 best|DeltaE|=4.345164e-01
[2026-03-04T16:44:56Z] VQE heartbeat restart=2/16 elapsed_s=8198.6 calls=19991 |DeltaE|=4.344721e-01 best|DeltaE|=4.344721e-01
[2026-03-04T16:45:56Z] VQE heartbeat restart=2/16 elapsed_s=8258.9 calls=20140 |DeltaE|=4.344334e-01 best|DeltaE|=4.344332e-01
[2026-03-04T16:46:57Z] VQE heartbeat restart=2/16 elapsed_s=8319.1 calls=20289 |DeltaE|=4.343936e-01 best|DeltaE|=4.343932e-01
[2026-03-04T16:47:57Z] VQE heartbeat restart=2/16 elapsed_s=8379.3 calls=20438 |DeltaE|=4.343609e-01 best|DeltaE|=4.343602e-01
[2026-03-04T16:48:57Z] VQE heartbeat restart=2/16 elapsed_s=8439.4 calls=20587 |DeltaE|=4.343312e-01 best|DeltaE|=4.343298e-01
[2026-03-04T16:49:57Z] VQE heartbeat restart=2/16 elapsed_s=8499.7 calls=20734 |DeltaE|=4.343036e-01 best|DeltaE|=4.343029e-01
[2026-03-04T16:50:57Z] VQE heartbeat restart=2/16 elapsed_s=8559.8 calls=20879 |DeltaE|=4.342724e-01 best|DeltaE|=4.342721e-01
[2026-03-04T16:51:58Z] VQE heartbeat restart=2/16 elapsed_s=8620.2 calls=21017 |DeltaE|=4.342463e-01 best|DeltaE|=4.342463e-01
[2026-03-04T16:52:58Z] VQE heartbeat restart=2/16 elapsed_s=8680.2 calls=21150 |DeltaE|=4.342247e-01 best|DeltaE|=4.342246e-01
[2026-03-04T16:53:58Z] VQE heartbeat restart=2/16 elapsed_s=8740.4 calls=21293 |DeltaE|=4.342060e-01 best|DeltaE|=4.342060e-01
[2026-03-04T16:54:58Z] VQE heartbeat restart=2/16 elapsed_s=8800.8 calls=21431 |DeltaE|=4.341827e-01 best|DeltaE|=4.341827e-01
[2026-03-04T16:55:59Z] VQE heartbeat restart=2/16 elapsed_s=8861.3 calls=21560 |DeltaE|=4.341674e-01 best|DeltaE|=4.341674e-01
[2026-03-04T16:56:59Z] VQE heartbeat restart=2/16 elapsed_s=8921.4 calls=21693 |DeltaE|=4.341508e-01 best|DeltaE|=4.341505e-01
[2026-03-04T16:57:59Z] VQE heartbeat restart=2/16 elapsed_s=8981.6 calls=21827 |DeltaE|=4.341319e-01 best|DeltaE|=4.341319e-01
[2026-03-04T16:58:59Z] VQE heartbeat restart=2/16 elapsed_s=9041.7 calls=21971 |DeltaE|=4.341133e-01 best|DeltaE|=4.341132e-01
[2026-03-04T16:59:59Z] VQE heartbeat restart=2/16 elapsed_s=9101.9 calls=22107 |DeltaE|=4.340941e-01 best|DeltaE|=4.340937e-01
[2026-03-04T17:01:00Z] VQE heartbeat restart=2/16 elapsed_s=9162.2 calls=22248 |DeltaE|=4.340757e-01 best|DeltaE|=4.340757e-01
[2026-03-04T17:02:00Z] VQE heartbeat restart=2/16 elapsed_s=9222.4 calls=22383 |DeltaE|=4.340638e-01 best|DeltaE|=4.340638e-01
[2026-03-04T17:03:00Z] VQE heartbeat restart=2/16 elapsed_s=9282.5 calls=22521 |DeltaE|=4.340502e-01 best|DeltaE|=4.340502e-01
[2026-03-04T17:04:00Z] VQE heartbeat restart=2/16 elapsed_s=9342.8 calls=22660 |DeltaE|=4.340351e-01 best|DeltaE|=4.340351e-01
[2026-03-04T17:05:01Z] VQE heartbeat restart=2/16 elapsed_s=9403.5 calls=22795 |DeltaE|=4.340206e-01 best|DeltaE|=4.340205e-01
[2026-03-04T17:06:01Z] VQE heartbeat restart=2/16 elapsed_s=9463.8 calls=22922 |DeltaE|=4.340086e-01 best|DeltaE|=4.340083e-01
[2026-03-04T17:07:01Z] VQE heartbeat restart=2/16 elapsed_s=9523.9 calls=23056 |DeltaE|=4.339959e-01 best|DeltaE|=4.339958e-01
[2026-03-04T17:08:02Z] VQE heartbeat restart=2/16 elapsed_s=9584.3 calls=23168 |DeltaE|=4.339877e-01 best|DeltaE|=4.339876e-01
[2026-03-04T17:09:02Z] VQE heartbeat restart=2/16 elapsed_s=9644.6 calls=23308 |DeltaE|=4.339765e-01 best|DeltaE|=4.339763e-01
[2026-03-04T17:10:03Z] VQE heartbeat restart=2/16 elapsed_s=9705.4 calls=23455 |DeltaE|=4.339664e-01 best|DeltaE|=4.339659e-01
[2026-03-04T17:11:03Z] VQE heartbeat restart=2/16 elapsed_s=9765.4 calls=23581 |DeltaE|=4.339569e-01 best|DeltaE|=4.339569e-01
[2026-03-04T17:12:03Z] VQE heartbeat restart=2/16 elapsed_s=9825.5 calls=23728 |DeltaE|=4.339456e-01 best|DeltaE|=4.339456e-01
[2026-03-04T17:13:04Z] VQE heartbeat restart=2/16 elapsed_s=9886.2 calls=23878 |DeltaE|=4.339358e-01 best|DeltaE|=4.339357e-01
[2026-03-04T17:13:51Z] VQE restart end restart=2/16 elapsed_s=9934.1 calls=24000 best|DeltaE|=4.339282e-01 msg=Maximum number of function evaluations has been exceeded.
[2026-03-04T17:14:52Z] VQE heartbeat restart=3/16 elapsed_s=9994.3 calls=24153 |DeltaE|=8.339945e-01 best|DeltaE|=8.339945e-01
[2026-03-04T17:15:52Z] VQE heartbeat restart=3/16 elapsed_s=10054.7 calls=24298 |DeltaE|=5.484716e-01 best|DeltaE|=5.484716e-01
[2026-03-04T17:16:52Z] VQE heartbeat restart=3/16 elapsed_s=10114.9 calls=24444 |DeltaE|=4.919134e-01 best|DeltaE|=4.880095e-01
[2026-03-04T17:17:53Z] VQE heartbeat restart=3/16 elapsed_s=10175.2 calls=24593 |DeltaE|=4.718844e-01 best|DeltaE|=4.718844e-01
[2026-03-04T17:18:53Z] VQE heartbeat restart=3/16 elapsed_s=10235.4 calls=24736 |DeltaE|=4.679555e-01 best|DeltaE|=4.678244e-01
[2026-03-04T17:19:53Z] VQE heartbeat restart=3/16 elapsed_s=10295.4 calls=24881 |DeltaE|=4.659470e-01 best|DeltaE|=4.659470e-01
[2026-03-04T17:20:53Z] VQE heartbeat restart=3/16 elapsed_s=10355.5 calls=25031 |DeltaE|=4.642441e-01 best|DeltaE|=4.640911e-01
[2026-03-04T17:21:53Z] VQE heartbeat restart=3/16 elapsed_s=10415.5 calls=25167 |DeltaE|=4.627008e-01 best|DeltaE|=4.626467e-01
[2026-03-04T17:22:53Z] VQE heartbeat restart=3/16 elapsed_s=10475.8 calls=25307 |DeltaE|=4.615793e-01 best|DeltaE|=4.615598e-01
