[2026-03-03T16:28:55Z] ADAPT_CONT_START state=/Users/jakestrobel/Documents/Holstein_implementation/Holstein_test/artifacts/useful/L4/l4_hh_seq_20260302_215706_overnight_20260302_230205_adapt_A_probe_checkpoint_state.json start_depth=31 E0=0.683171357826 |DeltaE0|=6.665135e-01
[2026-03-03T16:28:55Z] ADAPT_GRAD_STOP floor=2.000000e-02 patience=3 min_abs_depth=12 max_additional_depth=225
[2026-03-03T16:29:03Z] ADAPT depth 032 pre-opt |DeltaE|=6.665135e-01 best|DeltaE|=6.665135e-01 max|g|=8.156115e-02
[2026-03-03T16:29:12Z] ADAPT depth 032 post-opt |DeltaE|=6.658436e-01 best|DeltaE|=6.658436e-01 stepDeltaE=-6.698620e-04 max|g|=8.156115e-02
[2026-03-03T16:29:21Z] ADAPT depth 033 pre-opt |DeltaE|=6.658436e-01 best|DeltaE|=6.658436e-01 max|g|=5.198737e-02
[2026-03-03T16:29:42Z] ADAPT depth 033 post-opt |DeltaE|=6.645045e-01 best|DeltaE|=6.645045e-01 stepDeltaE=-1.339134e-03 max|g|=5.198737e-02
[2026-03-03T16:29:51Z] ADAPT depth 034 pre-opt |DeltaE|=6.645045e-01 best|DeltaE|=6.645045e-01 max|g|=6.480862e-02
[2026-03-03T16:30:35Z] ADAPT depth 034 post-opt |DeltaE|=6.640559e-01 best|DeltaE|=6.640559e-01 stepDeltaE=-4.485550e-04 max|g|=6.480862e-02
[2026-03-03T16:30:44Z] ADAPT depth 035 pre-opt |DeltaE|=6.640559e-01 best|DeltaE|=6.640559e-01 max|g|=7.483901e-02
[2026-03-03T16:31:44Z] ADAPT depth 035 heartbeat calls=155 |DeltaE|=6.633739e-01 best|DeltaE|=6.633739e-01
[2026-03-03T16:32:44Z] ADAPT depth 035 heartbeat calls=310 |DeltaE|=6.633739e-01 best|DeltaE|=6.633739e-01
[2026-03-03T16:33:05Z] ADAPT depth 035 post-opt |DeltaE|=6.633739e-01 best|DeltaE|=6.633739e-01 stepDeltaE=-6.820454e-04 max|g|=7.483901e-02
[2026-03-03T16:33:14Z] ADAPT depth 036 pre-opt |DeltaE|=6.633739e-01 best|DeltaE|=6.633739e-01 max|g|=6.511521e-02
[2026-03-03T16:34:14Z] ADAPT depth 036 heartbeat calls=146 |DeltaE|=6.629096e-01 best|DeltaE|=6.629096e-01
[2026-03-03T16:35:14Z] ADAPT depth 036 heartbeat calls=289 |DeltaE|=6.629095e-01 best|DeltaE|=6.629095e-01
[2026-03-03T16:35:59Z] ADAPT depth 036 post-opt |DeltaE|=6.629095e-01 best|DeltaE|=6.629095e-01 stepDeltaE=-4.643074e-04 max|g|=6.511521e-02
[2026-03-03T16:36:08Z] ADAPT depth 037 pre-opt |DeltaE|=6.629095e-01 best|DeltaE|=6.629095e-01 max|g|=6.706647e-02
[2026-03-03T16:37:08Z] ADAPT depth 037 heartbeat calls=147 |DeltaE|=6.620738e-01 best|DeltaE|=6.620738e-01
[2026-03-03T16:38:08Z] ADAPT depth 037 heartbeat calls=296 |DeltaE|=6.620729e-01 best|DeltaE|=6.620729e-01
[2026-03-03T16:39:08Z] ADAPT depth 037 heartbeat calls=443 |DeltaE|=6.620729e-01 best|DeltaE|=6.620729e-01
[2026-03-03T16:40:08Z] ADAPT depth 037 heartbeat calls=594 |DeltaE|=6.620729e-01 best|DeltaE|=6.620729e-01
[2026-03-03T16:40:30Z] ADAPT depth 037 post-opt |DeltaE|=6.620729e-01 best|DeltaE|=6.620729e-01 stepDeltaE=-8.366915e-04 max|g|=6.706647e-02
[2026-03-03T16:40:39Z] ADAPT depth 038 pre-opt |DeltaE|=6.620729e-01 best|DeltaE|=6.620729e-01 max|g|=8.482852e-02
[2026-03-03T16:41:39Z] ADAPT depth 038 heartbeat calls=149 |DeltaE|=6.608357e-01 best|DeltaE|=6.608357e-01
[2026-03-03T16:42:39Z] ADAPT depth 038 heartbeat calls=298 |DeltaE|=6.608356e-01 best|DeltaE|=6.608356e-01
[2026-03-03T16:43:39Z] ADAPT depth 038 heartbeat calls=441 |DeltaE|=6.608356e-01 best|DeltaE|=6.608356e-01
[2026-03-03T16:44:38Z] ADAPT depth 038 post-opt |DeltaE|=6.608356e-01 best|DeltaE|=6.608356e-01 stepDeltaE=-1.237209e-03 max|g|=8.482852e-02
[2026-03-03T16:44:46Z] ADAPT depth 039 pre-opt |DeltaE|=6.608356e-01 best|DeltaE|=6.608356e-01 max|g|=4.621605e-02
[2026-03-03T16:45:47Z] ADAPT depth 039 heartbeat calls=134 |DeltaE|=6.601722e-01 best|DeltaE|=6.601722e-01
[2026-03-03T16:46:47Z] ADAPT depth 039 heartbeat calls=273 |DeltaE|=6.601722e-01 best|DeltaE|=6.601722e-01
[2026-03-03T16:47:47Z] ADAPT depth 039 heartbeat calls=411 |DeltaE|=6.601722e-01 best|DeltaE|=6.601722e-01
[2026-03-03T16:48:19Z] ADAPT depth 039 post-opt |DeltaE|=6.601722e-01 best|DeltaE|=6.601722e-01 stepDeltaE=-6.634261e-04 max|g|=4.621605e-02
[2026-03-03T16:48:29Z] ADAPT depth 040 pre-opt |DeltaE|=6.601722e-01 best|DeltaE|=6.601722e-01 max|g|=4.632332e-02
[2026-03-03T16:49:29Z] ADAPT depth 040 heartbeat calls=135 |DeltaE|=6.598619e-01 best|DeltaE|=6.598616e-01
[2026-03-03T16:50:29Z] ADAPT depth 040 heartbeat calls=269 |DeltaE|=6.598582e-01 best|DeltaE|=6.598582e-01
[2026-03-03T16:51:29Z] ADAPT depth 040 heartbeat calls=399 |DeltaE|=6.598581e-01 best|DeltaE|=6.598581e-01
[2026-03-03T16:52:29Z] ADAPT depth 040 heartbeat calls=537 |DeltaE|=6.598581e-01 best|DeltaE|=6.598581e-01
[2026-03-03T16:53:30Z] ADAPT depth 040 heartbeat calls=676 |DeltaE|=6.598581e-01 best|DeltaE|=6.598581e-01
[2026-03-03T16:54:30Z] ADAPT depth 040 heartbeat calls=815 |DeltaE|=6.598581e-01 best|DeltaE|=6.598581e-01
[2026-03-03T17:06:26Z] ADAPT depth 040 heartbeat calls=880 |DeltaE|=6.598581e-01 best|DeltaE|=6.598581e-01
[2026-03-03T17:06:55Z] ADAPT depth 040 post-opt |DeltaE|=6.598581e-01 best|DeltaE|=6.598581e-01 stepDeltaE=-3.141124e-04 max|g|=4.632332e-02
[2026-03-03T17:07:05Z] ADAPT depth 041 pre-opt |DeltaE|=6.598581e-01 best|DeltaE|=6.598581e-01 max|g|=5.024437e-02
[2026-03-03T17:08:05Z] ADAPT depth 041 heartbeat calls=133 |DeltaE|=6.592478e-01 best|DeltaE|=6.592464e-01
[2026-03-03T17:09:06Z] ADAPT depth 041 heartbeat calls=264 |DeltaE|=6.592357e-01 best|DeltaE|=6.592357e-01
[2026-03-03T17:10:06Z] ADAPT depth 041 heartbeat calls=398 |DeltaE|=6.592346e-01 best|DeltaE|=6.592346e-01
[2026-03-03T17:11:06Z] ADAPT depth 041 heartbeat calls=533 |DeltaE|=6.592345e-01 best|DeltaE|=6.592345e-01
[2026-03-03T17:12:06Z] ADAPT depth 041 heartbeat calls=659 |DeltaE|=6.592345e-01 best|DeltaE|=6.592345e-01
[2026-03-03T17:13:07Z] ADAPT depth 041 heartbeat calls=798 |DeltaE|=6.592345e-01 best|DeltaE|=6.592345e-01
[2026-03-03T17:14:07Z] ADAPT depth 041 heartbeat calls=933 |DeltaE|=6.592345e-01 best|DeltaE|=6.592345e-01
[2026-03-03T17:15:07Z] ADAPT depth 041 heartbeat calls=1068 |DeltaE|=6.592345e-01 best|DeltaE|=6.592345e-01
[2026-03-03T17:15:09Z] ADAPT depth 041 post-opt |DeltaE|=6.592345e-01 best|DeltaE|=6.592345e-01 stepDeltaE=-6.236192e-04 max|g|=5.024437e-02
[2026-03-03T17:15:17Z] ADAPT depth 042 pre-opt |DeltaE|=6.592345e-01 best|DeltaE|=6.592345e-01 max|g|=4.293893e-02
[2026-03-03T17:16:18Z] ADAPT depth 042 heartbeat calls=116 |DeltaE|=6.583351e-01 best|DeltaE|=6.583351e-01
[2026-03-03T17:17:18Z] ADAPT depth 042 heartbeat calls=234 |DeltaE|=6.582715e-01 best|DeltaE|=6.582715e-01
[2026-03-03T17:18:18Z] ADAPT depth 042 heartbeat calls=352 |DeltaE|=6.582589e-01 best|DeltaE|=6.582589e-01
[2026-03-03T17:19:18Z] ADAPT depth 042 heartbeat calls=471 |DeltaE|=6.582550e-01 best|DeltaE|=6.582549e-01
[2026-03-03T17:20:19Z] ADAPT depth 042 heartbeat calls=590 |DeltaE|=6.582538e-01 best|DeltaE|=6.582538e-01
[2026-03-03T17:21:19Z] ADAPT depth 042 heartbeat calls=707 |DeltaE|=6.582535e-01 best|DeltaE|=6.582535e-01
[2026-03-03T17:37:24Z] ADAPT depth 042 heartbeat calls=715 |DeltaE|=6.582534e-01 best|DeltaE|=6.582534e-01
[2026-03-03T17:38:24Z] ADAPT depth 042 heartbeat calls=740 |DeltaE|=6.582534e-01 best|DeltaE|=6.582534e-01
[2026-03-03T17:55:41Z] ADAPT depth 042 heartbeat calls=741 |DeltaE|=6.582534e-01 best|DeltaE|=6.582534e-01
[2026-03-03T18:07:09Z] ADAPT depth 042 heartbeat calls=750 |DeltaE|=6.582534e-01 best|DeltaE|=6.582534e-01
[2026-03-03T18:23:04Z] ADAPT depth 042 heartbeat calls=758 |DeltaE|=6.582534e-01 best|DeltaE|=6.582534e-01
[2026-03-03T18:40:23Z] ADAPT depth 042 heartbeat calls=767 |DeltaE|=6.582534e-01 best|DeltaE|=6.582534e-01
[2026-03-03T18:57:32Z] ADAPT depth 042 heartbeat calls=780 |DeltaE|=6.582534e-01 best|DeltaE|=6.582534e-01
[2026-03-03T19:01:09Z] ADAPT depth 042 heartbeat calls=798 |DeltaE|=6.582534e-01 best|DeltaE|=6.582534e-01
[2026-03-03T19:02:09Z] ADAPT depth 042 heartbeat calls=880 |DeltaE|=6.582534e-01 best|DeltaE|=6.582534e-01
[2026-03-03T19:03:09Z] ADAPT depth 042 heartbeat calls=994 |DeltaE|=6.582534e-01 best|DeltaE|=6.582534e-01
[2026-03-03T19:04:10Z] ADAPT depth 042 heartbeat calls=1113 |DeltaE|=6.582533e-01 best|DeltaE|=6.582533e-01
[2026-03-03T19:05:10Z] ADAPT depth 042 heartbeat calls=1232 |DeltaE|=6.582533e-01 best|DeltaE|=6.582533e-01
[2026-03-03T19:06:10Z] ADAPT depth 042 heartbeat calls=1349 |DeltaE|=6.582533e-01 best|DeltaE|=6.582533e-01
[2026-03-03T19:07:11Z] ADAPT depth 042 heartbeat calls=1467 |DeltaE|=6.582533e-01 best|DeltaE|=6.582533e-01
[2026-03-03T19:08:11Z] ADAPT depth 042 heartbeat calls=1583 |DeltaE|=6.582533e-01 best|DeltaE|=6.582533e-01
[2026-03-03T19:09:11Z] ADAPT depth 042 heartbeat calls=1699 |DeltaE|=6.582533e-01 best|DeltaE|=6.582533e-01
[2026-03-03T19:09:45Z] ADAPT depth 042 post-opt |DeltaE|=6.582533e-01 best|DeltaE|=6.582533e-01 stepDeltaE=-9.811432e-04 max|g|=4.293893e-02
[2026-03-03T19:09:55Z] ADAPT depth 043 pre-opt |DeltaE|=6.582533e-01 best|DeltaE|=6.582533e-01 max|g|=4.778911e-02
[2026-03-03T19:10:55Z] ADAPT depth 043 heartbeat calls=113 |DeltaE|=6.553522e-01 best|DeltaE|=6.553522e-01
