[2026-03-04T06:10:44Z] VQE_HH_HVA_TW_START seed=artifacts/useful/L4/l4_hh_seq_20260302_215706_resume_adaptB_20260303_111311_adapt_B_B_probe_checkpoint_state.json
[2026-03-04T06:10:44Z] VQE config ansatz=hh_hva_tw npar=38 reps=1 restarts=16 maxiter=12000 method=COBYLA progress=60s cap_s=109200
[2026-03-04T06:11:45Z] VQE heartbeat restart=1/16 elapsed_s=60.3 calls=144 |DeltaE|=1.085826e+00 best|DeltaE|=1.033972e+00
[2026-03-04T06:12:45Z] VQE heartbeat restart=1/16 elapsed_s=120.5 calls=281 |DeltaE|=8.027135e-01 best|DeltaE|=8.000704e-01
[2026-03-04T06:13:45Z] VQE heartbeat restart=1/16 elapsed_s=180.9 calls=421 |DeltaE|=6.274104e-01 best|DeltaE|=6.232405e-01
[2026-03-04T06:14:46Z] VQE heartbeat restart=1/16 elapsed_s=241.0 calls=568 |DeltaE|=5.449769e-01 best|DeltaE|=5.330329e-01
[2026-03-04T06:15:46Z] VQE heartbeat restart=1/16 elapsed_s=301.2 calls=714 |DeltaE|=4.949319e-01 best|DeltaE|=4.936317e-01
[2026-03-04T06:16:46Z] VQE heartbeat restart=1/16 elapsed_s=361.3 calls=861 |DeltaE|=4.797060e-01 best|DeltaE|=4.791582e-01
[2026-03-04T06:17:47Z] VQE heartbeat restart=1/16 elapsed_s=422.0 calls=993 |DeltaE|=4.708601e-01 best|DeltaE|=4.708601e-01
[2026-03-04T06:18:47Z] VQE heartbeat restart=1/16 elapsed_s=482.3 calls=1140 |DeltaE|=4.657678e-01 best|DeltaE|=4.656059e-01
[2026-03-04T06:19:47Z] VQE heartbeat restart=1/16 elapsed_s=542.5 calls=1287 |DeltaE|=4.616316e-01 best|DeltaE|=4.616316e-01
[2026-03-04T06:20:56Z] VQE heartbeat restart=1/16 elapsed_s=602.9 calls=1428 |DeltaE|=4.591813e-01 best|DeltaE|=4.591813e-01
[2026-03-04T06:21:56Z] VQE heartbeat restart=1/16 elapsed_s=663.0 calls=1578 |DeltaE|=4.577938e-01 best|DeltaE|=4.577938e-01
[2026-03-04T06:22:58Z] VQE heartbeat restart=1/16 elapsed_s=723.3 calls=1720 |DeltaE|=4.569051e-01 best|DeltaE|=4.567797e-01
[2026-03-04T06:41:36Z] VQE heartbeat restart=1/16 elapsed_s=783.6 calls=1869 |DeltaE|=4.560273e-01 best|DeltaE|=4.559455e-01
[2026-03-04T06:42:36Z] VQE heartbeat restart=1/16 elapsed_s=844.0 calls=1997 |DeltaE|=4.555854e-01 best|DeltaE|=4.555620e-01
[2026-03-04T06:43:36Z] VQE heartbeat restart=1/16 elapsed_s=904.1 calls=2111 |DeltaE|=4.550817e-01 best|DeltaE|=4.550537e-01
[2026-03-04T07:00:41Z] VQE heartbeat restart=1/16 elapsed_s=964.3 calls=2239 |DeltaE|=4.547676e-01 best|DeltaE|=4.547208e-01
[2026-03-04T07:01:41Z] VQE heartbeat restart=1/16 elapsed_s=1024.5 calls=2387 |DeltaE|=4.544606e-01 best|DeltaE|=4.544353e-01
[2026-03-04T07:02:42Z] VQE heartbeat restart=1/16 elapsed_s=1084.9 calls=2510 |DeltaE|=4.542608e-01 best|DeltaE|=4.542590e-01
[2026-03-04T07:03:42Z] VQE heartbeat restart=1/16 elapsed_s=1145.5 calls=2617 |DeltaE|=4.541171e-01 best|DeltaE|=4.541127e-01
[2026-03-04T07:04:42Z] VQE heartbeat restart=1/16 elapsed_s=1205.6 calls=2717 |DeltaE|=4.539609e-01 best|DeltaE|=4.539609e-01
[2026-03-04T07:05:43Z] VQE heartbeat restart=1/16 elapsed_s=1265.7 calls=2812 |DeltaE|=4.538263e-01 best|DeltaE|=4.538263e-01
[2026-03-04T07:06:43Z] VQE heartbeat restart=1/16 elapsed_s=1326.0 calls=2905 |DeltaE|=4.537073e-01 best|DeltaE|=4.537049e-01
[2026-03-04T07:07:43Z] VQE heartbeat restart=1/16 elapsed_s=1386.5 calls=2998 |DeltaE|=4.535814e-01 best|DeltaE|=4.535677e-01
[2026-03-04T07:08:43Z] VQE heartbeat restart=1/16 elapsed_s=1446.6 calls=3089 |DeltaE|=4.534274e-01 best|DeltaE|=4.534274e-01
[2026-03-04T07:09:44Z] VQE heartbeat restart=1/16 elapsed_s=1507.0 calls=3180 |DeltaE|=4.533396e-01 best|DeltaE|=4.533380e-01
[2026-03-04T07:10:44Z] VQE heartbeat restart=1/16 elapsed_s=1567.0 calls=3271 |DeltaE|=4.532096e-01 best|DeltaE|=4.532096e-01
[2026-03-04T07:11:44Z] VQE heartbeat restart=1/16 elapsed_s=1627.5 calls=3361 |DeltaE|=4.531113e-01 best|DeltaE|=4.531113e-01
[2026-03-04T07:12:45Z] VQE heartbeat restart=1/16 elapsed_s=1688.2 calls=3451 |DeltaE|=4.530026e-01 best|DeltaE|=4.529941e-01
[2026-03-04T07:13:45Z] VQE heartbeat restart=1/16 elapsed_s=1748.6 calls=3541 |DeltaE|=4.528931e-01 best|DeltaE|=4.528794e-01
[2026-03-04T07:14:45Z] VQE heartbeat restart=1/16 elapsed_s=1808.6 calls=3630 |DeltaE|=4.527581e-01 best|DeltaE|=4.527581e-01
[2026-03-04T07:15:46Z] VQE heartbeat restart=1/16 elapsed_s=1868.7 calls=3719 |DeltaE|=4.526241e-01 best|DeltaE|=4.526175e-01
[2026-03-04T07:16:46Z] VQE heartbeat restart=1/16 elapsed_s=1929.2 calls=3808 |DeltaE|=4.524926e-01 best|DeltaE|=4.524926e-01
[2026-03-04T07:17:46Z] VQE heartbeat restart=1/16 elapsed_s=1989.4 calls=3897 |DeltaE|=4.523875e-01 best|DeltaE|=4.523864e-01
[2026-03-04T07:18:47Z] VQE heartbeat restart=1/16 elapsed_s=2049.9 calls=3987 |DeltaE|=4.522619e-01 best|DeltaE|=4.522485e-01
[2026-03-04T07:19:47Z] VQE heartbeat restart=1/16 elapsed_s=2110.1 calls=4076 |DeltaE|=4.521384e-01 best|DeltaE|=4.521310e-01
[2026-03-04T07:20:47Z] VQE heartbeat restart=1/16 elapsed_s=2170.2 calls=4163 |DeltaE|=4.520255e-01 best|DeltaE|=4.520026e-01
[2026-03-04T07:21:47Z] VQE heartbeat restart=1/16 elapsed_s=2230.2 calls=4251 |DeltaE|=4.519066e-01 best|DeltaE|=4.519040e-01
[2026-03-04T07:22:48Z] VQE heartbeat restart=1/16 elapsed_s=2290.7 calls=4340 |DeltaE|=4.518427e-01 best|DeltaE|=4.518327e-01
[2026-03-04T07:23:48Z] VQE heartbeat restart=1/16 elapsed_s=2351.0 calls=4429 |DeltaE|=4.516918e-01 best|DeltaE|=4.516918e-01
[2026-03-04T07:24:48Z] VQE heartbeat restart=1/16 elapsed_s=2411.3 calls=4518 |DeltaE|=4.515644e-01 best|DeltaE|=4.515644e-01
[2026-03-04T07:25:48Z] VQE heartbeat restart=1/16 elapsed_s=2471.4 calls=4607 |DeltaE|=4.514252e-01 best|DeltaE|=4.514252e-01
[2026-03-04T07:26:49Z] VQE heartbeat restart=1/16 elapsed_s=2532.0 calls=4696 |DeltaE|=4.512987e-01 best|DeltaE|=4.512964e-01
[2026-03-04T07:27:49Z] VQE heartbeat restart=1/16 elapsed_s=2592.1 calls=4785 |DeltaE|=4.511503e-01 best|DeltaE|=4.511503e-01
[2026-03-04T07:28:49Z] VQE heartbeat restart=1/16 elapsed_s=2652.1 calls=4874 |DeltaE|=4.510115e-01 best|DeltaE|=4.510115e-01
[2026-03-04T07:29:50Z] VQE heartbeat restart=1/16 elapsed_s=2712.7 calls=4963 |DeltaE|=4.508375e-01 best|DeltaE|=4.508335e-01
[2026-03-04T07:30:50Z] VQE heartbeat restart=1/16 elapsed_s=2772.8 calls=5052 |DeltaE|=4.506727e-01 best|DeltaE|=4.506672e-01
[2026-03-04T07:31:50Z] VQE heartbeat restart=1/16 elapsed_s=2833.0 calls=5141 |DeltaE|=4.505287e-01 best|DeltaE|=4.505179e-01
[2026-03-04T07:32:50Z] VQE heartbeat restart=1/16 elapsed_s=2893.3 calls=5230 |DeltaE|=4.503657e-01 best|DeltaE|=4.503648e-01
[2026-03-04T07:33:51Z] VQE heartbeat restart=1/16 elapsed_s=2953.9 calls=5320 |DeltaE|=4.502444e-01 best|DeltaE|=4.502229e-01
[2026-03-04T07:34:51Z] VQE heartbeat restart=1/16 elapsed_s=3014.5 calls=5410 |DeltaE|=4.500546e-01 best|DeltaE|=4.500546e-01
[2026-03-04T07:35:52Z] VQE heartbeat restart=1/16 elapsed_s=3074.9 calls=5499 |DeltaE|=4.499134e-01 best|DeltaE|=4.498892e-01
[2026-03-04T07:36:52Z] VQE heartbeat restart=1/16 elapsed_s=3135.0 calls=5587 |DeltaE|=4.497193e-01 best|DeltaE|=4.497125e-01
[2026-03-04T07:37:52Z] VQE heartbeat restart=1/16 elapsed_s=3195.6 calls=5680 |DeltaE|=4.495094e-01 best|DeltaE|=4.495094e-01
[2026-03-04T07:38:53Z] VQE heartbeat restart=1/16 elapsed_s=3255.9 calls=5778 |DeltaE|=4.493233e-01 best|DeltaE|=4.493209e-01
[2026-03-04T07:39:53Z] VQE heartbeat restart=1/16 elapsed_s=3316.3 calls=5877 |DeltaE|=4.491156e-01 best|DeltaE|=4.491156e-01
[2026-03-04T07:40:54Z] VQE heartbeat restart=1/16 elapsed_s=3376.9 calls=5976 |DeltaE|=4.488933e-01 best|DeltaE|=4.488914e-01
[2026-03-04T07:41:54Z] VQE heartbeat restart=1/16 elapsed_s=3437.1 calls=6075 |DeltaE|=4.487172e-01 best|DeltaE|=4.487172e-01
[2026-03-04T07:42:54Z] VQE heartbeat restart=1/16 elapsed_s=3497.2 calls=6173 |DeltaE|=4.485371e-01 best|DeltaE|=4.485371e-01
[2026-03-04T07:43:54Z] VQE heartbeat restart=1/16 elapsed_s=3557.7 calls=6273 |DeltaE|=4.483187e-01 best|DeltaE|=4.483097e-01
[2026-03-04T07:44:55Z] VQE heartbeat restart=1/16 elapsed_s=3617.9 calls=6372 |DeltaE|=4.480946e-01 best|DeltaE|=4.480940e-01
[2026-03-04T07:45:55Z] VQE heartbeat restart=1/16 elapsed_s=3678.4 calls=6472 |DeltaE|=4.478441e-01 best|DeltaE|=4.478441e-01
[2026-03-04T07:46:56Z] VQE heartbeat restart=1/16 elapsed_s=3738.9 calls=6572 |DeltaE|=4.476236e-01 best|DeltaE|=4.476236e-01
[2026-03-04T07:47:56Z] VQE heartbeat restart=1/16 elapsed_s=3799.1 calls=6672 |DeltaE|=4.473679e-01 best|DeltaE|=4.473679e-01
[2026-03-04T07:48:56Z] VQE heartbeat restart=1/16 elapsed_s=3859.1 calls=6771 |DeltaE|=4.471699e-01 best|DeltaE|=4.471663e-01
[2026-03-04T07:49:56Z] VQE heartbeat restart=1/16 elapsed_s=3919.1 calls=6869 |DeltaE|=4.469557e-01 best|DeltaE|=4.469557e-01
[2026-03-04T07:50:56Z] VQE heartbeat restart=1/16 elapsed_s=3979.2 calls=6968 |DeltaE|=4.467648e-01 best|DeltaE|=4.467648e-01
[2026-03-04T07:51:56Z] VQE heartbeat restart=1/16 elapsed_s=4039.5 calls=7067 |DeltaE|=4.465847e-01 best|DeltaE|=4.465837e-01
[2026-03-04T07:52:56Z] VQE heartbeat restart=1/16 elapsed_s=4099.6 calls=7166 |DeltaE|=4.463402e-01 best|DeltaE|=4.463391e-01
[2026-03-04T07:53:57Z] VQE heartbeat restart=1/16 elapsed_s=4160.2 calls=7266 |DeltaE|=4.461281e-01 best|DeltaE|=4.461247e-01
[2026-03-04T07:54:57Z] VQE heartbeat restart=1/16 elapsed_s=4220.2 calls=7366 |DeltaE|=4.459275e-01 best|DeltaE|=4.459233e-01
[2026-03-04T07:55:58Z] VQE heartbeat restart=1/16 elapsed_s=4280.9 calls=7467 |DeltaE|=4.456980e-01 best|DeltaE|=4.456980e-01
[2026-03-04T07:56:58Z] VQE heartbeat restart=1/16 elapsed_s=4341.3 calls=7567 |DeltaE|=4.454267e-01 best|DeltaE|=4.454267e-01
[2026-03-04T07:57:59Z] VQE heartbeat restart=1/16 elapsed_s=4401.7 calls=7667 |DeltaE|=4.451745e-01 best|DeltaE|=4.451735e-01
[2026-03-04T07:58:59Z] VQE heartbeat restart=1/16 elapsed_s=4462.0 calls=7766 |DeltaE|=4.449706e-01 best|DeltaE|=4.449706e-01
[2026-03-04T07:59:59Z] VQE heartbeat restart=1/16 elapsed_s=4522.4 calls=7866 |DeltaE|=4.447533e-01 best|DeltaE|=4.447533e-01
[2026-03-04T08:01:00Z] VQE heartbeat restart=1/16 elapsed_s=4583.1 calls=7964 |DeltaE|=4.445546e-01 best|DeltaE|=4.445546e-01
[2026-03-04T08:02:00Z] VQE heartbeat restart=1/16 elapsed_s=4643.2 calls=8063 |DeltaE|=4.443423e-01 best|DeltaE|=4.443423e-01
[2026-03-04T08:03:00Z] VQE heartbeat restart=1/16 elapsed_s=4703.3 calls=8166 |DeltaE|=4.441087e-01 best|DeltaE|=4.441080e-01
[2026-03-04T08:04:01Z] VQE heartbeat restart=1/16 elapsed_s=4763.8 calls=8272 |DeltaE|=4.438472e-01 best|DeltaE|=4.438472e-01
[2026-03-04T08:05:01Z] VQE heartbeat restart=1/16 elapsed_s=4824.5 calls=8380 |DeltaE|=4.436115e-01 best|DeltaE|=4.436050e-01
[2026-03-04T08:06:02Z] VQE heartbeat restart=1/16 elapsed_s=4884.8 calls=8488 |DeltaE|=4.433803e-01 best|DeltaE|=4.433790e-01
[2026-03-04T08:07:02Z] VQE heartbeat restart=1/16 elapsed_s=4944.8 calls=8596 |DeltaE|=4.431839e-01 best|DeltaE|=4.431734e-01
[2026-03-04T08:08:02Z] VQE heartbeat restart=1/16 elapsed_s=5005.2 calls=8704 |DeltaE|=4.429008e-01 best|DeltaE|=4.429008e-01
[2026-03-04T08:09:02Z] VQE heartbeat restart=1/16 elapsed_s=5065.5 calls=8812 |DeltaE|=4.427050e-01 best|DeltaE|=4.427050e-01
[2026-03-04T08:10:03Z] VQE heartbeat restart=1/16 elapsed_s=5125.8 calls=8921 |DeltaE|=4.424400e-01 best|DeltaE|=4.424387e-01
[2026-03-04T08:11:03Z] VQE heartbeat restart=1/16 elapsed_s=5186.4 calls=9028 |DeltaE|=4.422288e-01 best|DeltaE|=4.422288e-01
[2026-03-04T08:12:03Z] VQE heartbeat restart=1/16 elapsed_s=5246.5 calls=9137 |DeltaE|=4.419944e-01 best|DeltaE|=4.419933e-01
[2026-03-04T08:13:04Z] VQE heartbeat restart=1/16 elapsed_s=5306.9 calls=9244 |DeltaE|=4.418333e-01 best|DeltaE|=4.418228e-01
[2026-03-04T08:14:04Z] VQE heartbeat restart=1/16 elapsed_s=5367.4 calls=9352 |DeltaE|=4.416113e-01 best|DeltaE|=4.416113e-01
[2026-03-04T08:15:04Z] VQE heartbeat restart=1/16 elapsed_s=5427.5 calls=9460 |DeltaE|=4.414098e-01 best|DeltaE|=4.414098e-01
[2026-03-04T08:16:05Z] VQE heartbeat restart=1/16 elapsed_s=5487.9 calls=9569 |DeltaE|=4.412239e-01 best|DeltaE|=4.411926e-01
[2026-03-04T08:17:05Z] VQE heartbeat restart=1/16 elapsed_s=5548.2 calls=9677 |DeltaE|=4.410075e-01 best|DeltaE|=4.410029e-01
[2026-03-04T08:18:05Z] VQE heartbeat restart=1/16 elapsed_s=5608.6 calls=9785 |DeltaE|=4.408147e-01 best|DeltaE|=4.408147e-01
[2026-03-04T08:19:06Z] VQE heartbeat restart=1/16 elapsed_s=5669.0 calls=9893 |DeltaE|=4.406583e-01 best|DeltaE|=4.406583e-01
[2026-03-04T08:20:06Z] VQE heartbeat restart=1/16 elapsed_s=5729.6 calls=10002 |DeltaE|=4.404368e-01 best|DeltaE|=4.404368e-01
[2026-03-04T08:21:07Z] VQE heartbeat restart=1/16 elapsed_s=5789.8 calls=10111 |DeltaE|=4.402564e-01 best|DeltaE|=4.402537e-01
[2026-03-04T08:22:07Z] VQE heartbeat restart=1/16 elapsed_s=5850.3 calls=10220 |DeltaE|=4.400858e-01 best|DeltaE|=4.400858e-01
[2026-03-04T08:23:08Z] VQE heartbeat restart=1/16 elapsed_s=5910.9 calls=10330 |DeltaE|=4.399037e-01 best|DeltaE|=4.399014e-01
[2026-03-04T08:24:08Z] VQE heartbeat restart=1/16 elapsed_s=5971.0 calls=10440 |DeltaE|=4.397700e-01 best|DeltaE|=4.397700e-01
[2026-03-04T08:25:08Z] VQE heartbeat restart=1/16 elapsed_s=6031.6 calls=10550 |DeltaE|=4.396308e-01 best|DeltaE|=4.396104e-01
[2026-03-04T08:26:08Z] VQE heartbeat restart=1/16 elapsed_s=6091.6 calls=10661 |DeltaE|=4.394874e-01 best|DeltaE|=4.394749e-01
[2026-03-04T08:27:08Z] VQE heartbeat restart=1/16 elapsed_s=6151.7 calls=10781 |DeltaE|=4.393290e-01 best|DeltaE|=4.393290e-01
[2026-03-04T08:28:09Z] VQE heartbeat restart=1/16 elapsed_s=6212.1 calls=10904 |DeltaE|=4.391853e-01 best|DeltaE|=4.391826e-01
[2026-03-04T08:29:09Z] VQE heartbeat restart=1/16 elapsed_s=6272.4 calls=11028 |DeltaE|=4.390653e-01 best|DeltaE|=4.390629e-01
[2026-03-04T08:30:10Z] VQE heartbeat restart=1/16 elapsed_s=6332.8 calls=11152 |DeltaE|=4.389160e-01 best|DeltaE|=4.389160e-01
[2026-03-04T08:31:10Z] VQE heartbeat restart=1/16 elapsed_s=6392.9 calls=11275 |DeltaE|=4.387786e-01 best|DeltaE|=4.387776e-01
[2026-03-04T08:32:10Z] VQE heartbeat restart=1/16 elapsed_s=6453.3 calls=11397 |DeltaE|=4.386834e-01 best|DeltaE|=4.386823e-01
[2026-03-04T08:33:10Z] VQE heartbeat restart=1/16 elapsed_s=6513.6 calls=11520 |DeltaE|=4.385871e-01 best|DeltaE|=4.385864e-01
[2026-03-04T08:34:11Z] VQE heartbeat restart=1/16 elapsed_s=6574.2 calls=11644 |DeltaE|=4.384805e-01 best|DeltaE|=4.384600e-01
[2026-03-04T08:35:11Z] VQE heartbeat restart=1/16 elapsed_s=6634.2 calls=11767 |DeltaE|=4.383671e-01 best|DeltaE|=4.383671e-01
[2026-03-04T08:36:11Z] VQE heartbeat restart=1/16 elapsed_s=6694.4 calls=11891 |DeltaE|=4.382729e-01 best|DeltaE|=4.382729e-01
[2026-03-04T08:37:05Z] VQE restart 1/16 end elapsed_s=6747.8 calls=12000 best|DeltaE|=4.381946e-01 msg=Maximum number of function evaluations has been exceeded.
[2026-03-04T08:38:05Z] VQE heartbeat restart=2/16 elapsed_s=6807.9 calls=12123 |DeltaE|=7.797622e-01 best|DeltaE|=7.797622e-01
[2026-03-04T08:39:05Z] VQE heartbeat restart=2/16 elapsed_s=6868.1 calls=12244 |DeltaE|=6.471323e-01 best|DeltaE|=6.455558e-01
[2026-03-04T08:40:05Z] VQE heartbeat restart=2/16 elapsed_s=6928.1 calls=12364 |DeltaE|=5.392762e-01 best|DeltaE|=5.353900e-01
[2026-03-04T08:41:05Z] VQE heartbeat restart=2/16 elapsed_s=6988.2 calls=12488 |DeltaE|=5.173316e-01 best|DeltaE|=5.166929e-01
[2026-03-04T08:42:05Z] VQE heartbeat restart=2/16 elapsed_s=7048.5 calls=12612 |DeltaE|=4.996533e-01 best|DeltaE|=4.992112e-01
[2026-03-04T08:43:06Z] VQE heartbeat restart=2/16 elapsed_s=7108.8 calls=12736 |DeltaE|=4.885818e-01 best|DeltaE|=4.885100e-01
[2026-03-04T08:44:06Z] VQE heartbeat restart=2/16 elapsed_s=7169.0 calls=12860 |DeltaE|=4.772878e-01 best|DeltaE|=4.769930e-01
[2026-03-04T08:45:06Z] VQE heartbeat restart=2/16 elapsed_s=7229.5 calls=12985 |DeltaE|=4.691778e-01 best|DeltaE|=4.691441e-01
[2026-03-04T08:46:06Z] VQE heartbeat restart=2/16 elapsed_s=7289.7 calls=13109 |DeltaE|=4.624748e-01 best|DeltaE|=4.624044e-01
[2026-03-04T08:47:07Z] VQE heartbeat restart=2/16 elapsed_s=7349.9 calls=13233 |DeltaE|=4.571341e-01 best|DeltaE|=4.571341e-01
[2026-03-04T08:48:07Z] VQE heartbeat restart=2/16 elapsed_s=7410.2 calls=13357 |DeltaE|=4.542945e-01 best|DeltaE|=4.542945e-01
[2026-03-04T08:49:07Z] VQE heartbeat restart=2/16 elapsed_s=7470.6 calls=13482 |DeltaE|=4.509058e-01 best|DeltaE|=4.508891e-01
[2026-03-04T08:50:08Z] VQE heartbeat restart=2/16 elapsed_s=7531.1 calls=13607 |DeltaE|=4.485630e-01 best|DeltaE|=4.485630e-01
[2026-03-04T08:51:08Z] VQE heartbeat restart=2/16 elapsed_s=7591.5 calls=13731 |DeltaE|=4.464059e-01 best|DeltaE|=4.463917e-01
[2026-03-04T08:52:08Z] VQE heartbeat restart=2/16 elapsed_s=7651.7 calls=13855 |DeltaE|=4.450423e-01 best|DeltaE|=4.450423e-01
[2026-03-04T08:53:09Z] VQE heartbeat restart=2/16 elapsed_s=7712.0 calls=13979 |DeltaE|=4.440344e-01 best|DeltaE|=4.440341e-01
[2026-03-04T08:54:09Z] VQE heartbeat restart=2/16 elapsed_s=7772.3 calls=14103 |DeltaE|=4.429535e-01 best|DeltaE|=4.429535e-01
[2026-03-04T08:55:09Z] VQE heartbeat restart=2/16 elapsed_s=7832.7 calls=14227 |DeltaE|=4.423389e-01 best|DeltaE|=4.423008e-01
[2026-03-04T08:56:10Z] VQE heartbeat restart=2/16 elapsed_s=7893.0 calls=14350 |DeltaE|=4.416564e-01 best|DeltaE|=4.416108e-01
[2026-03-04T08:57:10Z] VQE heartbeat restart=2/16 elapsed_s=7953.3 calls=14473 |DeltaE|=4.410887e-01 best|DeltaE|=4.410887e-01
[2026-03-04T08:58:10Z] VQE heartbeat restart=2/16 elapsed_s=8013.7 calls=14598 |DeltaE|=4.406187e-01 best|DeltaE|=4.406098e-01
[2026-03-04T08:59:10Z] VQE heartbeat restart=2/16 elapsed_s=8073.7 calls=14722 |DeltaE|=4.402219e-01 best|DeltaE|=4.402200e-01
[2026-03-04T09:00:11Z] VQE heartbeat restart=2/16 elapsed_s=8134.0 calls=14846 |DeltaE|=4.398691e-01 best|DeltaE|=4.398691e-01
[2026-03-04T09:01:11Z] VQE heartbeat restart=2/16 elapsed_s=8194.3 calls=14970 |DeltaE|=4.396058e-01 best|DeltaE|=4.395963e-01
[2026-03-04T09:02:11Z] VQE heartbeat restart=2/16 elapsed_s=8254.4 calls=15093 |DeltaE|=4.393057e-01 best|DeltaE|=4.393055e-01
[2026-03-04T09:03:12Z] VQE heartbeat restart=2/16 elapsed_s=8314.8 calls=15217 |DeltaE|=4.390462e-01 best|DeltaE|=4.390458e-01
[2026-03-04T09:04:12Z] VQE heartbeat restart=2/16 elapsed_s=8375.1 calls=15342 |DeltaE|=4.388099e-01 best|DeltaE|=4.388099e-01
[2026-03-04T09:20:49Z] VQE heartbeat restart=2/16 elapsed_s=8435.4 calls=15466 |DeltaE|=4.385921e-01 best|DeltaE|=4.385853e-01
[2026-03-04T09:21:49Z] VQE heartbeat restart=2/16 elapsed_s=8495.5 calls=15621 |DeltaE|=4.383136e-01 best|DeltaE|=4.383009e-01
[2026-03-04T09:22:50Z] VQE heartbeat restart=2/16 elapsed_s=8555.7 calls=15777 |DeltaE|=4.380193e-01 best|DeltaE|=4.380134e-01
[2026-03-04T09:23:50Z] VQE heartbeat restart=2/16 elapsed_s=8615.8 calls=15930 |DeltaE|=4.377657e-01 best|DeltaE|=4.377609e-01
[2026-03-04T09:24:50Z] VQE heartbeat restart=2/16 elapsed_s=8676.0 calls=16075 |DeltaE|=4.376017e-01 best|DeltaE|=4.376004e-01
[2026-03-04T09:25:50Z] VQE heartbeat restart=2/16 elapsed_s=8736.3 calls=16215 |DeltaE|=4.374097e-01 best|DeltaE|=4.374041e-01
[2026-03-04T09:26:51Z] VQE heartbeat restart=2/16 elapsed_s=8796.8 calls=16351 |DeltaE|=4.372240e-01 best|DeltaE|=4.372097e-01
[2026-03-04T09:27:51Z] VQE heartbeat restart=2/16 elapsed_s=8856.9 calls=16484 |DeltaE|=4.370460e-01 best|DeltaE|=4.370336e-01
[2026-03-04T09:28:51Z] VQE heartbeat restart=2/16 elapsed_s=8916.9 calls=16614 |DeltaE|=4.369068e-01 best|DeltaE|=4.368988e-01
[2026-03-04T09:29:51Z] VQE heartbeat restart=2/16 elapsed_s=8977.0 calls=16743 |DeltaE|=4.367612e-01 best|DeltaE|=4.367319e-01
[2026-03-04T09:30:51Z] VQE heartbeat restart=2/16 elapsed_s=9037.2 calls=16871 |DeltaE|=4.365660e-01 best|DeltaE|=4.365635e-01
[2026-03-04T09:31:51Z] VQE heartbeat restart=2/16 elapsed_s=9097.4 calls=16998 |DeltaE|=4.364215e-01 best|DeltaE|=4.364215e-01
[2026-03-04T09:32:51Z] VQE heartbeat restart=2/16 elapsed_s=9157.5 calls=17124 |DeltaE|=4.362702e-01 best|DeltaE|=4.362702e-01
[2026-03-04T09:50:14Z] VQE heartbeat restart=2/16 elapsed_s=9217.8 calls=17250 |DeltaE|=4.361633e-01 best|DeltaE|=4.361633e-01
[2026-03-04T09:51:14Z] VQE heartbeat restart=2/16 elapsed_s=9277.8 calls=17403 |DeltaE|=4.360201e-01 best|DeltaE|=4.360186e-01
[2026-03-04T10:07:31Z] VQE heartbeat restart=2/16 elapsed_s=9337.9 calls=17556 |DeltaE|=4.358113e-01 best|DeltaE|=4.358110e-01
[2026-03-04T10:08:31Z] VQE heartbeat restart=2/16 elapsed_s=9398.1 calls=17712 |DeltaE|=4.356367e-01 best|DeltaE|=4.356367e-01
[2026-03-04T10:09:31Z] VQE heartbeat restart=2/16 elapsed_s=9458.3 calls=17868 |DeltaE|=4.355024e-01 best|DeltaE|=4.355024e-01
[2026-03-04T10:10:31Z] VQE heartbeat restart=2/16 elapsed_s=9518.5 calls=18016 |DeltaE|=4.354302e-01 best|DeltaE|=4.354281e-01
[2026-03-04T10:11:32Z] VQE heartbeat restart=2/16 elapsed_s=9578.9 calls=18155 |DeltaE|=4.353489e-01 best|DeltaE|=4.353417e-01
[2026-03-04T10:12:32Z] VQE heartbeat restart=2/16 elapsed_s=9639.3 calls=18286 |DeltaE|=4.352592e-01 best|DeltaE|=4.352569e-01
[2026-03-04T10:13:32Z] VQE heartbeat restart=2/16 elapsed_s=9699.5 calls=18412 |DeltaE|=4.351745e-01 best|DeltaE|=4.351745e-01
[2026-03-04T10:14:33Z] VQE heartbeat restart=2/16 elapsed_s=9759.6 calls=18536 |DeltaE|=4.350957e-01 best|DeltaE|=4.350934e-01
[2026-03-04T10:15:33Z] VQE heartbeat restart=2/16 elapsed_s=9820.1 calls=18659 |DeltaE|=4.349993e-01 best|DeltaE|=4.349986e-01
[2026-03-04T10:16:33Z] VQE heartbeat restart=2/16 elapsed_s=9880.4 calls=18781 |DeltaE|=4.349326e-01 best|DeltaE|=4.349279e-01
[2026-03-04T10:17:34Z] VQE heartbeat restart=2/16 elapsed_s=9940.7 calls=18902 |DeltaE|=4.348636e-01 best|DeltaE|=4.348630e-01
[2026-03-04T10:18:34Z] VQE heartbeat restart=2/16 elapsed_s=10001.0 calls=19021 |DeltaE|=4.348032e-01 best|DeltaE|=4.347969e-01
[2026-03-04T10:19:34Z] VQE heartbeat restart=2/16 elapsed_s=10061.5 calls=19140 |DeltaE|=4.347421e-01 best|DeltaE|=4.347421e-01
[2026-03-04T10:20:35Z] VQE heartbeat restart=2/16 elapsed_s=10122.0 calls=19259 |DeltaE|=4.346994e-01 best|DeltaE|=4.346992e-01
[2026-03-04T10:21:35Z] VQE heartbeat restart=2/16 elapsed_s=10182.5 calls=19378 |DeltaE|=4.346635e-01 best|DeltaE|=4.346633e-01
[2026-03-04T10:22:36Z] VQE heartbeat restart=2/16 elapsed_s=10243.0 calls=19496 |DeltaE|=4.346351e-01 best|DeltaE|=4.346351e-01
[2026-03-04T10:23:36Z] VQE heartbeat restart=2/16 elapsed_s=10303.1 calls=19613 |DeltaE|=4.345961e-01 best|DeltaE|=4.345961e-01
[2026-03-04T10:24:36Z] VQE heartbeat restart=2/16 elapsed_s=10363.4 calls=19730 |DeltaE|=4.345562e-01 best|DeltaE|=4.345550e-01
[2026-03-04T10:25:36Z] VQE heartbeat restart=2/16 elapsed_s=10423.5 calls=19846 |DeltaE|=4.345137e-01 best|DeltaE|=4.345137e-01
[2026-03-04T10:26:37Z] VQE heartbeat restart=2/16 elapsed_s=10483.6 calls=19962 |DeltaE|=4.344792e-01 best|DeltaE|=4.344792e-01
[2026-03-04T10:27:37Z] VQE heartbeat restart=2/16 elapsed_s=10543.8 calls=20078 |DeltaE|=4.344476e-01 best|DeltaE|=4.344476e-01
[2026-03-04T10:28:37Z] VQE heartbeat restart=2/16 elapsed_s=10604.0 calls=20194 |DeltaE|=4.344149e-01 best|DeltaE|=4.344144e-01
[2026-03-04T10:29:37Z] VQE heartbeat restart=2/16 elapsed_s=10664.1 calls=20310 |DeltaE|=4.343884e-01 best|DeltaE|=4.343884e-01
[2026-03-04T10:30:38Z] VQE heartbeat restart=2/16 elapsed_s=10724.6 calls=20426 |DeltaE|=4.343617e-01 best|DeltaE|=4.343617e-01
[2026-03-04T10:31:38Z] VQE heartbeat restart=2/16 elapsed_s=10784.8 calls=20541 |DeltaE|=4.343372e-01 best|DeltaE|=4.343372e-01
[2026-03-04T10:32:38Z] VQE heartbeat restart=2/16 elapsed_s=10845.0 calls=20656 |DeltaE|=4.343141e-01 best|DeltaE|=4.343138e-01
[2026-03-04T10:33:38Z] VQE heartbeat restart=2/16 elapsed_s=10905.4 calls=20771 |DeltaE|=4.342928e-01 best|DeltaE|=4.342923e-01
[2026-03-04T10:34:39Z] VQE heartbeat restart=2/16 elapsed_s=10965.7 calls=20886 |DeltaE|=4.342732e-01 best|DeltaE|=4.342714e-01
[2026-03-04T10:35:39Z] VQE heartbeat restart=2/16 elapsed_s=11026.2 calls=21002 |DeltaE|=4.342513e-01 best|DeltaE|=4.342475e-01
[2026-03-04T10:36:40Z] VQE heartbeat restart=2/16 elapsed_s=11086.6 calls=21117 |DeltaE|=4.342302e-01 best|DeltaE|=4.342302e-01
[2026-03-04T10:37:40Z] VQE heartbeat restart=2/16 elapsed_s=11146.7 calls=21230 |DeltaE|=4.342138e-01 best|DeltaE|=4.342138e-01
[2026-03-04T10:38:40Z] VQE heartbeat restart=2/16 elapsed_s=11206.9 calls=21344 |DeltaE|=4.341963e-01 best|DeltaE|=4.341963e-01
[2026-03-04T10:39:40Z] VQE heartbeat restart=2/16 elapsed_s=11266.9 calls=21458 |DeltaE|=4.341802e-01 best|DeltaE|=4.341802e-01
[2026-03-04T10:40:40Z] VQE heartbeat restart=2/16 elapsed_s=11327.0 calls=21572 |DeltaE|=4.341657e-01 best|DeltaE|=4.341653e-01
[2026-03-04T10:41:40Z] VQE heartbeat restart=2/16 elapsed_s=11387.2 calls=21687 |DeltaE|=4.341507e-01 best|DeltaE|=4.341507e-01
[2026-03-04T10:42:41Z] VQE heartbeat restart=2/16 elapsed_s=11447.7 calls=21803 |DeltaE|=4.341349e-01 best|DeltaE|=4.341349e-01
[2026-03-04T10:43:41Z] VQE heartbeat restart=2/16 elapsed_s=11507.7 calls=21918 |DeltaE|=4.341220e-01 best|DeltaE|=4.341217e-01
[2026-03-04T10:44:41Z] VQE heartbeat restart=2/16 elapsed_s=11568.1 calls=22033 |DeltaE|=4.341027e-01 best|DeltaE|=4.341027e-01
[2026-03-04T10:45:41Z] VQE heartbeat restart=2/16 elapsed_s=11628.2 calls=22148 |DeltaE|=4.340876e-01 best|DeltaE|=4.340876e-01
[2026-03-04T10:46:41Z] VQE heartbeat restart=2/16 elapsed_s=11688.2 calls=22261 |DeltaE|=4.340753e-01 best|DeltaE|=4.340748e-01
[2026-03-04T10:47:42Z] VQE heartbeat restart=2/16 elapsed_s=11748.6 calls=22375 |DeltaE|=4.340655e-01 best|DeltaE|=4.340646e-01
[2026-03-04T10:48:42Z] VQE heartbeat restart=2/16 elapsed_s=11809.1 calls=22489 |DeltaE|=4.340543e-01 best|DeltaE|=4.340542e-01
[2026-03-04T10:49:42Z] VQE heartbeat restart=2/16 elapsed_s=11869.6 calls=22603 |DeltaE|=4.340405e-01 best|DeltaE|=4.340405e-01
[2026-03-04T10:50:43Z] VQE heartbeat restart=2/16 elapsed_s=11929.9 calls=22717 |DeltaE|=4.340278e-01 best|DeltaE|=4.340278e-01
[2026-03-04T10:51:43Z] VQE heartbeat restart=2/16 elapsed_s=11990.4 calls=22831 |DeltaE|=4.340158e-01 best|DeltaE|=4.340157e-01
[2026-03-04T10:52:44Z] VQE heartbeat restart=2/16 elapsed_s=12050.7 calls=22944 |DeltaE|=4.340056e-01 best|DeltaE|=4.340056e-01
[2026-03-04T10:53:44Z] VQE heartbeat restart=2/16 elapsed_s=12111.1 calls=23058 |DeltaE|=4.339959e-01 best|DeltaE|=4.339957e-01
[2026-03-04T10:54:44Z] VQE heartbeat restart=2/16 elapsed_s=12171.2 calls=23171 |DeltaE|=4.339884e-01 best|DeltaE|=4.339876e-01
[2026-03-04T10:55:44Z] VQE heartbeat restart=2/16 elapsed_s=12231.4 calls=23283 |DeltaE|=4.339784e-01 best|DeltaE|=4.339784e-01
[2026-03-04T10:56:44Z] VQE heartbeat restart=2/16 elapsed_s=12291.5 calls=23397 |DeltaE|=4.339690e-01 best|DeltaE|=4.339690e-01
[2026-03-04T10:57:45Z] VQE heartbeat restart=2/16 elapsed_s=12351.6 calls=23511 |DeltaE|=4.339621e-01 best|DeltaE|=4.339616e-01
[2026-03-04T10:58:45Z] VQE heartbeat restart=2/16 elapsed_s=12411.7 calls=23624 |DeltaE|=4.339539e-01 best|DeltaE|=4.339538e-01
[2026-03-04T10:59:45Z] VQE heartbeat restart=2/16 elapsed_s=12472.1 calls=23738 |DeltaE|=4.339447e-01 best|DeltaE|=4.339444e-01
[2026-03-04T11:00:45Z] VQE heartbeat restart=2/16 elapsed_s=12532.2 calls=23851 |DeltaE|=4.339367e-01 best|DeltaE|=4.339367e-01
[2026-03-04T11:01:45Z] VQE heartbeat restart=2/16 elapsed_s=12592.2 calls=23965 |DeltaE|=4.339307e-01 best|DeltaE|=4.339307e-01
[2026-03-04T11:02:04Z] VQE restart 2/16 end elapsed_s=12610.6 calls=24000 best|DeltaE|=4.339282e-01 msg=Maximum number of function evaluations has been exceeded.
[2026-03-04T11:03:04Z] VQE heartbeat restart=3/16 elapsed_s=12670.7 calls=24113 |DeltaE|=1.383116e+00 best|DeltaE|=1.110932e+00
[2026-03-04T11:04:04Z] VQE heartbeat restart=3/16 elapsed_s=12731.0 calls=24227 |DeltaE|=6.270141e-01 best|DeltaE|=6.083467e-01
[2026-03-04T11:05:04Z] VQE heartbeat restart=3/16 elapsed_s=12791.2 calls=24341 |DeltaE|=5.124747e-01 best|DeltaE|=5.124747e-01
[2026-03-04T11:06:04Z] VQE heartbeat restart=3/16 elapsed_s=12851.3 calls=24455 |DeltaE|=4.870026e-01 best|DeltaE|=4.869181e-01
[2026-03-04T11:07:04Z] VQE heartbeat restart=3/16 elapsed_s=12911.3 calls=24568 |DeltaE|=4.752896e-01 best|DeltaE|=4.752896e-01
[2026-03-04T11:22:04Z] VQE heartbeat restart=3/16 elapsed_s=12971.7 calls=24695 |DeltaE|=4.688694e-01 best|DeltaE|=4.688362e-01
[2026-03-04T11:23:05Z] VQE heartbeat restart=3/16 elapsed_s=13032.0 calls=24851 |DeltaE|=4.663745e-01 best|DeltaE|=4.663745e-01
[2026-03-04T11:24:05Z] VQE heartbeat restart=3/16 elapsed_s=13092.2 calls=25007 |DeltaE|=4.643420e-01 best|DeltaE|=4.642801e-01
[2026-03-04T11:25:05Z] VQE heartbeat restart=3/16 elapsed_s=13152.6 calls=25159 |DeltaE|=4.626794e-01 best|DeltaE|=4.626659e-01
[2026-03-04T11:26:05Z] VQE heartbeat restart=3/16 elapsed_s=13212.8 calls=25304 |DeltaE|=4.616104e-01 best|DeltaE|=4.615598e-01
[2026-03-04T11:27:06Z] VQE heartbeat restart=3/16 elapsed_s=13273.1 calls=25445 |DeltaE|=4.606501e-01 best|DeltaE|=4.606048e-01
[2026-03-04T11:28:06Z] VQE heartbeat restart=3/16 elapsed_s=13333.5 calls=25581 |DeltaE|=4.600206e-01 best|DeltaE|=4.600011e-01
[2026-03-04T11:29:06Z] VQE heartbeat restart=3/16 elapsed_s=13393.6 calls=25714 |DeltaE|=4.595007e-01 best|DeltaE|=4.594977e-01
[2026-03-04T11:30:06Z] VQE heartbeat restart=3/16 elapsed_s=13453.7 calls=25846 |DeltaE|=4.588812e-01 best|DeltaE|=4.588812e-01
[2026-03-04T11:31:07Z] VQE heartbeat restart=3/16 elapsed_s=13513.9 calls=25977 |DeltaE|=4.583699e-01 best|DeltaE|=4.583604e-01
[2026-03-04T11:32:07Z] VQE heartbeat restart=3/16 elapsed_s=13574.1 calls=26107 |DeltaE|=4.579772e-01 best|DeltaE|=4.579595e-01
[2026-03-04T11:33:07Z] VQE heartbeat restart=3/16 elapsed_s=13634.1 calls=26235 |DeltaE|=4.576707e-01 best|DeltaE|=4.576653e-01
[2026-03-04T11:34:07Z] VQE heartbeat restart=3/16 elapsed_s=13694.3 calls=26363 |DeltaE|=4.571969e-01 best|DeltaE|=4.571969e-01
[2026-03-04T11:35:07Z] VQE heartbeat restart=3/16 elapsed_s=13754.7 calls=26491 |DeltaE|=4.568120e-01 best|DeltaE|=4.568120e-01
[2026-03-04T11:36:08Z] VQE heartbeat restart=3/16 elapsed_s=13815.1 calls=26618 |DeltaE|=4.565096e-01 best|DeltaE|=4.564988e-01
[2026-03-04T11:37:08Z] VQE heartbeat restart=3/16 elapsed_s=13875.2 calls=26744 |DeltaE|=4.561456e-01 best|DeltaE|=4.561456e-01
[2026-03-04T11:38:08Z] VQE heartbeat restart=3/16 elapsed_s=13935.2 calls=26870 |DeltaE|=4.559161e-01 best|DeltaE|=4.558976e-01
[2026-03-04T11:39:08Z] VQE heartbeat restart=3/16 elapsed_s=13995.2 calls=26996 |DeltaE|=4.556658e-01 best|DeltaE|=4.556544e-01
[2026-03-04T11:40:08Z] VQE heartbeat restart=3/16 elapsed_s=14055.3 calls=27121 |DeltaE|=4.554405e-01 best|DeltaE|=4.554314e-01
[2026-03-04T11:41:08Z] VQE heartbeat restart=3/16 elapsed_s=14115.7 calls=27246 |DeltaE|=4.552523e-01 best|DeltaE|=4.552507e-01
[2026-03-04T11:42:09Z] VQE heartbeat restart=3/16 elapsed_s=14176.1 calls=27371 |DeltaE|=4.550198e-01 best|DeltaE|=4.550144e-01
[2026-03-04T11:43:09Z] VQE heartbeat restart=3/16 elapsed_s=14236.4 calls=27496 |DeltaE|=4.547944e-01 best|DeltaE|=4.547930e-01
[2026-03-04T11:44:09Z] VQE heartbeat restart=3/16 elapsed_s=14296.7 calls=27622 |DeltaE|=4.546026e-01 best|DeltaE|=4.545973e-01
[2026-03-04T11:45:10Z] VQE heartbeat restart=3/16 elapsed_s=14357.0 calls=27748 |DeltaE|=4.544341e-01 best|DeltaE|=4.544310e-01
[2026-03-04T11:46:10Z] VQE heartbeat restart=3/16 elapsed_s=14417.4 calls=27874 |DeltaE|=4.542535e-01 best|DeltaE|=4.542535e-01
[2026-03-04T11:47:10Z] VQE heartbeat restart=3/16 elapsed_s=14477.4 calls=27999 |DeltaE|=4.541127e-01 best|DeltaE|=4.541064e-01
[2026-03-04T11:48:10Z] VQE heartbeat restart=3/16 elapsed_s=14537.7 calls=28124 |DeltaE|=4.539743e-01 best|DeltaE|=4.539735e-01
[2026-03-04T11:49:11Z] VQE heartbeat restart=3/16 elapsed_s=14597.8 calls=28249 |DeltaE|=4.538505e-01 best|DeltaE|=4.538360e-01
[2026-03-04T11:50:11Z] VQE heartbeat restart=3/16 elapsed_s=14658.0 calls=28374 |DeltaE|=4.536775e-01 best|DeltaE|=4.536766e-01
[2026-03-04T11:51:11Z] VQE heartbeat restart=3/16 elapsed_s=14718.1 calls=28497 |DeltaE|=4.535752e-01 best|DeltaE|=4.535733e-01
[2026-03-04T11:52:11Z] VQE heartbeat restart=3/16 elapsed_s=14778.1 calls=28621 |DeltaE|=4.534675e-01 best|DeltaE|=4.534669e-01
[2026-03-04T11:53:11Z] VQE heartbeat restart=3/16 elapsed_s=14838.3 calls=28745 |DeltaE|=4.533563e-01 best|DeltaE|=4.533560e-01
[2026-03-04T11:54:11Z] VQE heartbeat restart=3/16 elapsed_s=14898.3 calls=28869 |DeltaE|=4.532748e-01 best|DeltaE|=4.532723e-01
[2026-03-04T11:55:11Z] VQE heartbeat restart=3/16 elapsed_s=14958.4 calls=28994 |DeltaE|=4.531612e-01 best|DeltaE|=4.531612e-01
[2026-03-04T11:56:12Z] VQE heartbeat restart=3/16 elapsed_s=15018.8 calls=29119 |DeltaE|=4.530980e-01 best|DeltaE|=4.530965e-01
[2026-03-04T11:57:12Z] VQE heartbeat restart=3/16 elapsed_s=15078.9 calls=29243 |DeltaE|=4.530133e-01 best|DeltaE|=4.530121e-01
[2026-03-04T11:58:12Z] VQE heartbeat restart=3/16 elapsed_s=15139.0 calls=29367 |DeltaE|=4.529277e-01 best|DeltaE|=4.529257e-01
[2026-03-04T11:59:12Z] VQE heartbeat restart=3/16 elapsed_s=15199.2 calls=29492 |DeltaE|=4.528662e-01 best|DeltaE|=4.528537e-01
[2026-03-04T12:00:12Z] VQE heartbeat restart=3/16 elapsed_s=15259.7 calls=29618 |DeltaE|=4.527911e-01 best|DeltaE|=4.527840e-01
[2026-03-04T12:01:13Z] VQE heartbeat restart=3/16 elapsed_s=15320.0 calls=29744 |DeltaE|=4.527156e-01 best|DeltaE|=4.527156e-01
[2026-03-04T12:02:13Z] VQE heartbeat restart=3/16 elapsed_s=15380.5 calls=29870 |DeltaE|=4.526414e-01 best|DeltaE|=4.526414e-01
[2026-03-04T12:03:13Z] VQE heartbeat restart=3/16 elapsed_s=15440.8 calls=29995 |DeltaE|=4.525910e-01 best|DeltaE|=4.525815e-01
[2026-03-04T12:04:14Z] VQE heartbeat restart=3/16 elapsed_s=15501.1 calls=30120 |DeltaE|=4.525524e-01 best|DeltaE|=4.525287e-01
[2026-03-04T12:05:14Z] VQE heartbeat restart=3/16 elapsed_s=15561.4 calls=30244 |DeltaE|=4.524776e-01 best|DeltaE|=4.524756e-01
[2026-03-04T12:06:14Z] VQE heartbeat restart=3/16 elapsed_s=15621.7 calls=30369 |DeltaE|=4.524104e-01 best|DeltaE|=4.524099e-01
[2026-03-04T12:07:15Z] VQE heartbeat restart=3/16 elapsed_s=15681.8 calls=30494 |DeltaE|=4.523779e-01 best|DeltaE|=4.523748e-01
[2026-03-04T12:08:15Z] VQE heartbeat restart=3/16 elapsed_s=15742.2 calls=30619 |DeltaE|=4.523272e-01 best|DeltaE|=4.523264e-01
[2026-03-04T12:09:15Z] VQE heartbeat restart=3/16 elapsed_s=15802.5 calls=30743 |DeltaE|=4.522978e-01 best|DeltaE|=4.522974e-01
[2026-03-04T12:10:16Z] VQE heartbeat restart=3/16 elapsed_s=15862.9 calls=30866 |DeltaE|=4.522690e-01 best|DeltaE|=4.522689e-01
[2026-03-04T12:11:16Z] VQE heartbeat restart=3/16 elapsed_s=15923.2 calls=30990 |DeltaE|=4.522351e-01 best|DeltaE|=4.522347e-01
[2026-03-04T12:12:16Z] VQE heartbeat restart=3/16 elapsed_s=15983.5 calls=31114 |DeltaE|=4.522058e-01 best|DeltaE|=4.522049e-01
[2026-03-04T12:13:16Z] VQE heartbeat restart=3/16 elapsed_s=16043.8 calls=31238 |DeltaE|=4.521796e-01 best|DeltaE|=4.521732e-01
[2026-03-04T12:14:17Z] VQE heartbeat restart=3/16 elapsed_s=16104.0 calls=31362 |DeltaE|=4.521495e-01 best|DeltaE|=4.521493e-01
[2026-03-04T12:15:17Z] VQE heartbeat restart=3/16 elapsed_s=16164.1 calls=31486 |DeltaE|=4.521281e-01 best|DeltaE|=4.521267e-01
[2026-03-04T12:16:17Z] VQE heartbeat restart=3/16 elapsed_s=16224.5 calls=31611 |DeltaE|=4.520979e-01 best|DeltaE|=4.520979e-01
[2026-03-04T12:17:17Z] VQE heartbeat restart=3/16 elapsed_s=16284.8 calls=31735 |DeltaE|=4.520712e-01 best|DeltaE|=4.520711e-01
[2026-03-04T12:18:18Z] VQE heartbeat restart=3/16 elapsed_s=16345.1 calls=31859 |DeltaE|=4.520493e-01 best|DeltaE|=4.520493e-01
[2026-03-04T12:19:18Z] VQE heartbeat restart=3/16 elapsed_s=16405.5 calls=31983 |DeltaE|=4.520294e-01 best|DeltaE|=4.520241e-01
[2026-03-04T12:20:19Z] VQE heartbeat restart=3/16 elapsed_s=16466.0 calls=32108 |DeltaE|=4.520043e-01 best|DeltaE|=4.520040e-01
[2026-03-04T12:21:19Z] VQE heartbeat restart=3/16 elapsed_s=16526.0 calls=32233 |DeltaE|=4.519808e-01 best|DeltaE|=4.519806e-01
[2026-03-04T12:22:19Z] VQE heartbeat restart=3/16 elapsed_s=16586.1 calls=32358 |DeltaE|=4.519560e-01 best|DeltaE|=4.519559e-01
[2026-03-04T12:23:19Z] VQE heartbeat restart=3/16 elapsed_s=16646.3 calls=32483 |DeltaE|=4.519345e-01 best|DeltaE|=4.519341e-01
[2026-03-04T12:24:19Z] VQE heartbeat restart=3/16 elapsed_s=16706.4 calls=32607 |DeltaE|=4.519133e-01 best|DeltaE|=4.519132e-01
[2026-03-04T12:25:20Z] VQE heartbeat restart=3/16 elapsed_s=16766.9 calls=32732 |DeltaE|=4.518936e-01 best|DeltaE|=4.518901e-01
[2026-03-04T12:26:20Z] VQE heartbeat restart=3/16 elapsed_s=16827.1 calls=32856 |DeltaE|=4.518742e-01 best|DeltaE|=4.518742e-01
[2026-03-04T12:27:20Z] VQE heartbeat restart=3/16 elapsed_s=16887.4 calls=32978 |DeltaE|=4.518574e-01 best|DeltaE|=4.518573e-01
[2026-03-04T12:28:20Z] VQE heartbeat restart=3/16 elapsed_s=16947.8 calls=33101 |DeltaE|=4.518461e-01 best|DeltaE|=4.518457e-01
[2026-03-04T12:29:21Z] VQE heartbeat restart=3/16 elapsed_s=17007.8 calls=33223 |DeltaE|=4.518299e-01 best|DeltaE|=4.518299e-01
[2026-03-04T12:30:21Z] VQE heartbeat restart=3/16 elapsed_s=17068.1 calls=33343 |DeltaE|=4.518172e-01 best|DeltaE|=4.518164e-01
[2026-03-04T12:31:21Z] VQE heartbeat restart=3/16 elapsed_s=17128.6 calls=33459 |DeltaE|=4.518040e-01 best|DeltaE|=4.518037e-01
[2026-03-04T12:32:21Z] VQE heartbeat restart=3/16 elapsed_s=17188.7 calls=33573 |DeltaE|=4.517905e-01 best|DeltaE|=4.517905e-01
[2026-03-04T12:33:22Z] VQE heartbeat restart=3/16 elapsed_s=17249.1 calls=33688 |DeltaE|=4.517794e-01 best|DeltaE|=4.517794e-01
[2026-03-04T12:34:22Z] VQE heartbeat restart=3/16 elapsed_s=17309.2 calls=33802 |DeltaE|=4.517647e-01 best|DeltaE|=4.517647e-01
[2026-03-04T12:35:22Z] VQE heartbeat restart=3/16 elapsed_s=17369.5 calls=33917 |DeltaE|=4.517539e-01 best|DeltaE|=4.517525e-01
[2026-03-04T12:36:22Z] VQE heartbeat restart=3/16 elapsed_s=17429.6 calls=34032 |DeltaE|=4.517378e-01 best|DeltaE|=4.517376e-01
[2026-03-04T12:37:23Z] VQE heartbeat restart=3/16 elapsed_s=17490.0 calls=34142 |DeltaE|=4.517277e-01 best|DeltaE|=4.517267e-01
[2026-03-04T12:38:23Z] VQE heartbeat restart=3/16 elapsed_s=17550.4 calls=34257 |DeltaE|=4.517162e-01 best|DeltaE|=4.517161e-01
[2026-03-04T12:39:23Z] VQE heartbeat restart=3/16 elapsed_s=17610.6 calls=34370 |DeltaE|=4.517049e-01 best|DeltaE|=4.517047e-01
[2026-03-04T12:40:23Z] VQE heartbeat restart=3/16 elapsed_s=17670.6 calls=34484 |DeltaE|=4.516958e-01 best|DeltaE|=4.516956e-01
[2026-03-04T12:41:23Z] VQE heartbeat restart=3/16 elapsed_s=17730.6 calls=34596 |DeltaE|=4.516848e-01 best|DeltaE|=4.516848e-01
[2026-03-04T12:42:24Z] VQE heartbeat restart=3/16 elapsed_s=17790.9 calls=34709 |DeltaE|=4.516733e-01 best|DeltaE|=4.516733e-01
[2026-03-04T12:43:24Z] VQE heartbeat restart=3/16 elapsed_s=17851.2 calls=34822 |DeltaE|=4.516630e-01 best|DeltaE|=4.516629e-01
[2026-03-04T12:44:24Z] VQE heartbeat restart=3/16 elapsed_s=17911.2 calls=34935 |DeltaE|=4.516529e-01 best|DeltaE|=4.516529e-01
[2026-03-04T12:45:24Z] VQE heartbeat restart=3/16 elapsed_s=17971.7 calls=35049 |DeltaE|=4.516414e-01 best|DeltaE|=4.516414e-01
[2026-03-04T12:46:25Z] VQE heartbeat restart=3/16 elapsed_s=18032.0 calls=35163 |DeltaE|=4.516318e-01 best|DeltaE|=4.516318e-01
[2026-03-04T12:47:25Z] VQE heartbeat restart=3/16 elapsed_s=18092.0 calls=35276 |DeltaE|=4.516199e-01 best|DeltaE|=4.516199e-01
[2026-03-04T12:48:25Z] VQE heartbeat restart=3/16 elapsed_s=18152.1 calls=35389 |DeltaE|=4.516113e-01 best|DeltaE|=4.516113e-01
[2026-03-04T12:49:25Z] VQE heartbeat restart=3/16 elapsed_s=18212.4 calls=35503 |DeltaE|=4.515998e-01 best|DeltaE|=4.515995e-01
[2026-03-04T12:50:25Z] VQE heartbeat restart=3/16 elapsed_s=18272.4 calls=35616 |DeltaE|=4.515875e-01 best|DeltaE|=4.515872e-01
[2026-03-04T12:51:25Z] VQE heartbeat restart=3/16 elapsed_s=18332.5 calls=35729 |DeltaE|=4.515792e-01 best|DeltaE|=4.515789e-01
[2026-03-04T12:52:25Z] VQE heartbeat restart=3/16 elapsed_s=18392.6 calls=35842 |DeltaE|=4.515676e-01 best|DeltaE|=4.515676e-01
[2026-03-04T12:53:26Z] VQE heartbeat restart=3/16 elapsed_s=18452.8 calls=35955 |DeltaE|=4.515581e-01 best|DeltaE|=4.515581e-01
[2026-03-04T12:53:50Z] VQE restart 3/16 end elapsed_s=18476.8 calls=36000 best|DeltaE|=4.515541e-01 msg=Maximum number of function evaluations has been exceeded.
[2026-03-04T12:54:50Z] VQE heartbeat restart=4/16 elapsed_s=18537.1 calls=36113 |DeltaE|=9.299689e-01 best|DeltaE|=9.299689e-01
[2026-03-04T12:55:50Z] VQE heartbeat restart=4/16 elapsed_s=18597.4 calls=36226 |DeltaE|=6.157876e-01 best|DeltaE|=6.043675e-01
[2026-03-04T12:56:50Z] VQE heartbeat restart=4/16 elapsed_s=18657.5 calls=36339 |DeltaE|=5.546462e-01 best|DeltaE|=5.546462e-01
[2026-03-04T12:57:51Z] VQE heartbeat restart=4/16 elapsed_s=18717.8 calls=36452 |DeltaE|=5.352608e-01 best|DeltaE|=5.352461e-01
[2026-03-04T12:58:51Z] VQE heartbeat restart=4/16 elapsed_s=18778.2 calls=36565 |DeltaE|=5.156579e-01 best|DeltaE|=5.150425e-01
[2026-03-04T12:59:51Z] VQE heartbeat restart=4/16 elapsed_s=18838.6 calls=36679 |DeltaE|=5.056910e-01 best|DeltaE|=5.041139e-01
[2026-03-04T13:00:51Z] VQE heartbeat restart=4/16 elapsed_s=18898.6 calls=36793 |DeltaE|=4.946690e-01 best|DeltaE|=4.944107e-01
[2026-03-04T13:01:51Z] VQE heartbeat restart=4/16 elapsed_s=18958.7 calls=36905 |DeltaE|=4.879471e-01 best|DeltaE|=4.877399e-01
[2026-03-04T13:02:52Z] VQE heartbeat restart=4/16 elapsed_s=19019.0 calls=37019 |DeltaE|=4.834470e-01 best|DeltaE|=4.834470e-01
[2026-03-04T13:03:52Z] VQE heartbeat restart=4/16 elapsed_s=19079.5 calls=37133 |DeltaE|=4.811775e-01 best|DeltaE|=4.811330e-01
[2026-03-04T13:04:53Z] VQE heartbeat restart=4/16 elapsed_s=19140.0 calls=37247 |DeltaE|=4.792040e-01 best|DeltaE|=4.790761e-01
[2026-03-04T13:05:53Z] VQE heartbeat restart=4/16 elapsed_s=19200.4 calls=37361 |DeltaE|=4.775511e-01 best|DeltaE|=4.775333e-01
[2026-03-04T13:06:53Z] VQE heartbeat restart=4/16 elapsed_s=19260.5 calls=37474 |DeltaE|=4.763724e-01 best|DeltaE|=4.763354e-01
[2026-03-04T13:07:54Z] VQE heartbeat restart=4/16 elapsed_s=19320.8 calls=37587 |DeltaE|=4.750640e-01 best|DeltaE|=4.750640e-01
[2026-03-04T13:08:54Z] VQE heartbeat restart=4/16 elapsed_s=19380.9 calls=37700 |DeltaE|=4.740615e-01 best|DeltaE|=4.740615e-01
[2026-03-04T13:09:54Z] VQE heartbeat restart=4/16 elapsed_s=19441.3 calls=37813 |DeltaE|=4.730105e-01 best|DeltaE|=4.730105e-01
[2026-03-04T13:10:54Z] VQE heartbeat restart=4/16 elapsed_s=19501.5 calls=37924 |DeltaE|=4.719942e-01 best|DeltaE|=4.719942e-01
[2026-03-04T13:11:54Z] VQE heartbeat restart=4/16 elapsed_s=19561.6 calls=38036 |DeltaE|=4.712617e-01 best|DeltaE|=4.712617e-01
[2026-03-04T13:12:55Z] VQE heartbeat restart=4/16 elapsed_s=19621.8 calls=38149 |DeltaE|=4.704259e-01 best|DeltaE|=4.704160e-01
[2026-03-04T13:13:55Z] VQE heartbeat restart=4/16 elapsed_s=19682.2 calls=38262 |DeltaE|=4.697938e-01 best|DeltaE|=4.697883e-01
[2026-03-04T13:14:55Z] VQE heartbeat restart=4/16 elapsed_s=19742.3 calls=38375 |DeltaE|=4.689771e-01 best|DeltaE|=4.689493e-01
[2026-03-04T13:15:55Z] VQE heartbeat restart=4/16 elapsed_s=19802.5 calls=38488 |DeltaE|=4.683471e-01 best|DeltaE|=4.683367e-01
[2026-03-04T13:16:55Z] VQE heartbeat restart=4/16 elapsed_s=19862.6 calls=38601 |DeltaE|=4.676584e-01 best|DeltaE|=4.676584e-01
[2026-03-04T13:17:55Z] VQE heartbeat restart=4/16 elapsed_s=19922.7 calls=38714 |DeltaE|=4.669689e-01 best|DeltaE|=4.669572e-01
[2026-03-04T13:18:56Z] VQE heartbeat restart=4/16 elapsed_s=19983.1 calls=38827 |DeltaE|=4.662913e-01 best|DeltaE|=4.662888e-01
[2026-03-04T13:19:56Z] VQE heartbeat restart=4/16 elapsed_s=20043.3 calls=38940 |DeltaE|=4.655249e-01 best|DeltaE|=4.655249e-01
[2026-03-04T13:20:56Z] VQE heartbeat restart=4/16 elapsed_s=20103.4 calls=39054 |DeltaE|=4.649877e-01 best|DeltaE|=4.649419e-01
[2026-03-04T13:21:56Z] VQE heartbeat restart=4/16 elapsed_s=20163.5 calls=39167 |DeltaE|=4.642880e-01 best|DeltaE|=4.642656e-01
[2026-03-04T13:22:57Z] VQE heartbeat restart=4/16 elapsed_s=20223.8 calls=39280 |DeltaE|=4.636630e-01 best|DeltaE|=4.636005e-01
[2026-03-04T13:23:57Z] VQE heartbeat restart=4/16 elapsed_s=20284.1 calls=39393 |DeltaE|=4.629416e-01 best|DeltaE|=4.629354e-01
[2026-03-04T13:24:57Z] VQE heartbeat restart=4/16 elapsed_s=20344.6 calls=39507 |DeltaE|=4.622956e-01 best|DeltaE|=4.622956e-01
[2026-03-04T13:25:58Z] VQE heartbeat restart=4/16 elapsed_s=20404.8 calls=39620 |DeltaE|=4.616548e-01 best|DeltaE|=4.616548e-01
[2026-03-04T13:26:58Z] VQE heartbeat restart=4/16 elapsed_s=20465.1 calls=39734 |DeltaE|=4.611749e-01 best|DeltaE|=4.611749e-01
[2026-03-04T13:27:58Z] VQE heartbeat restart=4/16 elapsed_s=20525.5 calls=39848 |DeltaE|=4.605592e-01 best|DeltaE|=4.605592e-01
[2026-03-04T13:28:59Z] VQE heartbeat restart=4/16 elapsed_s=20586.0 calls=39962 |DeltaE|=4.600105e-01 best|DeltaE|=4.599773e-01
[2026-03-04T13:29:59Z] VQE heartbeat restart=4/16 elapsed_s=20646.1 calls=40076 |DeltaE|=4.594843e-01 best|DeltaE|=4.594843e-01
[2026-03-04T13:30:59Z] VQE heartbeat restart=4/16 elapsed_s=20706.2 calls=40190 |DeltaE|=4.590328e-01 best|DeltaE|=4.590328e-01
[2026-03-04T13:49:00Z] VQE heartbeat restart=4/16 elapsed_s=20766.4 calls=40307 |DeltaE|=4.585285e-01 best|DeltaE|=4.585114e-01
[2026-03-04T13:50:01Z] VQE heartbeat restart=4/16 elapsed_s=20826.8 calls=40463 |DeltaE|=4.579157e-01 best|DeltaE|=4.579101e-01
[2026-03-04T13:51:01Z] VQE heartbeat restart=4/16 elapsed_s=20887.0 calls=40619 |DeltaE|=4.573954e-01 best|DeltaE|=4.573905e-01
[2026-03-04T13:52:01Z] VQE heartbeat restart=4/16 elapsed_s=20947.0 calls=40773 |DeltaE|=4.569264e-01 best|DeltaE|=4.568988e-01
[2026-03-04T13:53:01Z] VQE heartbeat restart=4/16 elapsed_s=21007.2 calls=40920 |DeltaE|=4.565800e-01 best|DeltaE|=4.565761e-01
[2026-03-04T13:54:01Z] VQE heartbeat restart=4/16 elapsed_s=21067.6 calls=41063 |DeltaE|=4.561574e-01 best|DeltaE|=4.561574e-01
[2026-03-04T13:55:02Z] VQE heartbeat restart=4/16 elapsed_s=21128.0 calls=41201 |DeltaE|=4.556881e-01 best|DeltaE|=4.556881e-01
[2026-03-04T13:56:02Z] VQE heartbeat restart=4/16 elapsed_s=21188.0 calls=41335 |DeltaE|=4.553249e-01 best|DeltaE|=4.553209e-01
[2026-03-04T13:57:02Z] VQE heartbeat restart=4/16 elapsed_s=21248.2 calls=41467 |DeltaE|=4.550315e-01 best|DeltaE|=4.550296e-01
[2026-03-04T13:58:02Z] VQE heartbeat restart=4/16 elapsed_s=21308.4 calls=41598 |DeltaE|=4.546945e-01 best|DeltaE|=4.546885e-01
[2026-03-04T13:59:03Z] VQE heartbeat restart=4/16 elapsed_s=21368.8 calls=41728 |DeltaE|=4.544162e-01 best|DeltaE|=4.544162e-01
[2026-03-04T14:00:03Z] VQE heartbeat restart=4/16 elapsed_s=21428.8 calls=41856 |DeltaE|=4.541260e-01 best|DeltaE|=4.541233e-01
[2026-03-04T14:01:13Z] VQE heartbeat restart=4/16 elapsed_s=21489.3 calls=41964 |DeltaE|=4.538700e-01 best|DeltaE|=4.538635e-01
[2026-03-04T14:02:14Z] VQE heartbeat restart=4/16 elapsed_s=21549.7 calls=42110 |DeltaE|=4.535353e-01 best|DeltaE|=4.535174e-01
[2026-03-04T14:03:14Z] VQE heartbeat restart=4/16 elapsed_s=21609.7 calls=42259 |DeltaE|=4.532171e-01 best|DeltaE|=4.532148e-01
[2026-03-04T14:04:14Z] VQE heartbeat restart=4/16 elapsed_s=21669.7 calls=42410 |DeltaE|=4.528597e-01 best|DeltaE|=4.528597e-01
[2026-03-04T14:05:14Z] VQE heartbeat restart=4/16 elapsed_s=21729.9 calls=42564 |DeltaE|=4.525296e-01 best|DeltaE|=4.525248e-01
[2026-03-04T14:06:14Z] VQE heartbeat restart=4/16 elapsed_s=21789.9 calls=42713 |DeltaE|=4.521489e-01 best|DeltaE|=4.521347e-01
[2026-03-04T14:07:14Z] VQE heartbeat restart=4/16 elapsed_s=21850.1 calls=42864 |DeltaE|=4.517976e-01 best|DeltaE|=4.517976e-01
[2026-03-04T14:08:14Z] VQE heartbeat restart=4/16 elapsed_s=21910.3 calls=43013 |DeltaE|=4.514140e-01 best|DeltaE|=4.514117e-01
[2026-03-04T14:09:14Z] VQE heartbeat restart=4/16 elapsed_s=21970.7 calls=43166 |DeltaE|=4.510937e-01 best|DeltaE|=4.510821e-01
[2026-03-04T14:10:15Z] VQE heartbeat restart=4/16 elapsed_s=22031.0 calls=43313 |DeltaE|=4.507106e-01 best|DeltaE|=4.507106e-01
[2026-03-04T14:11:15Z] VQE heartbeat restart=4/16 elapsed_s=22091.1 calls=43464 |DeltaE|=4.503577e-01 best|DeltaE|=4.503577e-01
[2026-03-04T14:12:15Z] VQE heartbeat restart=4/16 elapsed_s=22151.3 calls=43617 |DeltaE|=4.499705e-01 best|DeltaE|=4.499682e-01
[2026-03-04T14:13:15Z] VQE heartbeat restart=4/16 elapsed_s=22211.6 calls=43769 |DeltaE|=4.495757e-01 best|DeltaE|=4.495751e-01
[2026-03-04T14:14:16Z] VQE heartbeat restart=4/16 elapsed_s=22271.9 calls=43922 |DeltaE|=4.492711e-01 best|DeltaE|=4.492700e-01
[2026-03-04T14:15:16Z] VQE heartbeat restart=4/16 elapsed_s=22332.0 calls=44068 |DeltaE|=4.489077e-01 best|DeltaE|=4.489032e-01
[2026-03-04T14:16:16Z] VQE heartbeat restart=4/16 elapsed_s=22392.0 calls=44207 |DeltaE|=4.484955e-01 best|DeltaE|=4.484940e-01
[2026-03-04T14:17:16Z] VQE heartbeat restart=4/16 elapsed_s=22452.0 calls=44351 |DeltaE|=4.481338e-01 best|DeltaE|=4.481338e-01
[2026-03-04T14:18:16Z] VQE heartbeat restart=4/16 elapsed_s=22512.1 calls=44505 |DeltaE|=4.477267e-01 best|DeltaE|=4.477267e-01
[2026-03-04T14:19:16Z] VQE heartbeat restart=4/16 elapsed_s=22572.2 calls=44658 |DeltaE|=4.473193e-01 best|DeltaE|=4.473163e-01
[2026-03-04T14:20:16Z] VQE heartbeat restart=4/16 elapsed_s=22632.5 calls=44812 |DeltaE|=4.469566e-01 best|DeltaE|=4.469560e-01
[2026-03-04T14:21:17Z] VQE heartbeat restart=4/16 elapsed_s=22692.8 calls=44949 |DeltaE|=4.466569e-01 best|DeltaE|=4.466475e-01
[2026-03-04T14:22:17Z] VQE heartbeat restart=4/16 elapsed_s=22753.2 calls=45098 |DeltaE|=4.462625e-01 best|DeltaE|=4.462569e-01
[2026-03-04T14:24:02Z] VQE heartbeat restart=4/16 elapsed_s=22813.3 calls=45235 |DeltaE|=4.459152e-01 best|DeltaE|=4.459152e-01
[2026-03-04T14:25:02Z] VQE heartbeat restart=4/16 elapsed_s=22873.5 calls=45381 |DeltaE|=4.455485e-01 best|DeltaE|=4.455478e-01
[2026-03-04T14:26:02Z] VQE heartbeat restart=4/16 elapsed_s=22933.6 calls=45526 |DeltaE|=4.452370e-01 best|DeltaE|=4.452336e-01
[2026-03-04T14:27:02Z] VQE heartbeat restart=4/16 elapsed_s=22993.9 calls=45676 |DeltaE|=4.448966e-01 best|DeltaE|=4.448914e-01
[2026-03-04T14:28:03Z] VQE heartbeat restart=4/16 elapsed_s=23054.2 calls=45829 |DeltaE|=4.445385e-01 best|DeltaE|=4.445378e-01
[2026-03-04T14:29:03Z] VQE heartbeat restart=4/16 elapsed_s=23114.3 calls=45976 |DeltaE|=4.441991e-01 best|DeltaE|=4.441979e-01
[2026-03-04T14:30:03Z] VQE heartbeat restart=4/16 elapsed_s=23174.6 calls=46119 |DeltaE|=4.438167e-01 best|DeltaE|=4.438043e-01
[2026-03-04T14:31:03Z] VQE heartbeat restart=4/16 elapsed_s=23235.0 calls=46267 |DeltaE|=4.434521e-01 best|DeltaE|=4.434521e-01
[2026-03-04T14:32:04Z] VQE heartbeat restart=4/16 elapsed_s=23295.3 calls=46410 |DeltaE|=4.431333e-01 best|DeltaE|=4.431333e-01
[2026-03-04T14:33:04Z] VQE heartbeat restart=4/16 elapsed_s=23355.6 calls=46548 |DeltaE|=4.428542e-01 best|DeltaE|=4.428539e-01
[2026-03-04T14:34:04Z] VQE heartbeat restart=4/16 elapsed_s=23415.9 calls=46699 |DeltaE|=4.425986e-01 best|DeltaE|=4.425922e-01
[2026-03-04T14:35:04Z] VQE heartbeat restart=4/16 elapsed_s=23475.9 calls=46850 |DeltaE|=4.423184e-01 best|DeltaE|=4.423181e-01
[2026-03-04T14:36:04Z] VQE heartbeat restart=4/16 elapsed_s=23536.0 calls=47002 |DeltaE|=4.420045e-01 best|DeltaE|=4.420018e-01
[2026-03-04T14:37:05Z] VQE heartbeat restart=4/16 elapsed_s=23596.2 calls=47155 |DeltaE|=4.417736e-01 best|DeltaE|=4.417616e-01
[2026-03-04T14:38:05Z] VQE heartbeat restart=4/16 elapsed_s=23656.5 calls=47307 |DeltaE|=4.414667e-01 best|DeltaE|=4.414652e-01
[2026-03-04T14:39:05Z] VQE heartbeat restart=4/16 elapsed_s=23716.8 calls=47460 |DeltaE|=4.411669e-01 best|DeltaE|=4.411669e-01
[2026-03-04T14:40:05Z] VQE heartbeat restart=4/16 elapsed_s=23777.1 calls=47613 |DeltaE|=4.409534e-01 best|DeltaE|=4.409483e-01
[2026-03-04T14:41:06Z] VQE heartbeat restart=4/16 elapsed_s=23837.2 calls=47764 |DeltaE|=4.406806e-01 best|DeltaE|=4.406788e-01
[2026-03-04T14:42:06Z] VQE heartbeat restart=4/16 elapsed_s=23897.4 calls=47917 |DeltaE|=4.404721e-01 best|DeltaE|=4.404693e-01
[2026-03-04T14:42:39Z] VQE restart 4/16 end elapsed_s=23930.4 calls=48000 best|DeltaE|=4.403556e-01 msg=Maximum number of function evaluations has been exceeded.
[2026-03-04T14:43:39Z] VQE heartbeat restart=5/16 elapsed_s=23990.6 calls=48149 |DeltaE|=8.929324e-01 best|DeltaE|=8.565618e-01
[2026-03-04T14:44:39Z] VQE heartbeat restart=5/16 elapsed_s=24050.8 calls=48299 |DeltaE|=5.615133e-01 best|DeltaE|=5.615133e-01
[2026-03-04T14:45:40Z] VQE heartbeat restart=5/16 elapsed_s=24111.2 calls=48444 |DeltaE|=5.092190e-01 best|DeltaE|=5.089274e-01
[2026-03-04T14:52:17Z] VQE heartbeat restart=5/16 elapsed_s=24171.3 calls=48573 |DeltaE|=4.878080e-01 best|DeltaE|=4.878080e-01
[2026-03-04T14:53:18Z] VQE heartbeat restart=5/16 elapsed_s=24231.6 calls=48719 |DeltaE|=4.781400e-01 best|DeltaE|=4.777443e-01
[2026-03-04T14:54:30Z] VQE heartbeat restart=5/16 elapsed_s=24291.8 calls=48840 |DeltaE|=4.725974e-01 best|DeltaE|=4.716990e-01
[2026-03-04T14:55:31Z] VQE heartbeat restart=5/16 elapsed_s=24352.2 calls=48969 |DeltaE|=4.666613e-01 best|DeltaE|=4.660927e-01
[2026-03-04T14:56:31Z] VQE heartbeat restart=5/16 elapsed_s=24412.3 calls=49104 |DeltaE|=4.621731e-01 best|DeltaE|=4.621731e-01
[2026-03-04T14:57:31Z] VQE heartbeat restart=5/16 elapsed_s=24472.4 calls=49254 |DeltaE|=4.596043e-01 best|DeltaE|=4.592876e-01
[2026-03-04T14:58:31Z] VQE heartbeat restart=5/16 elapsed_s=24532.4 calls=49407 |DeltaE|=4.567463e-01 best|DeltaE|=4.566993e-01
[2026-03-04T14:59:31Z] VQE heartbeat restart=5/16 elapsed_s=24592.5 calls=49562 |DeltaE|=4.550284e-01 best|DeltaE|=4.550255e-01
[2026-03-04T15:00:31Z] VQE heartbeat restart=5/16 elapsed_s=24652.7 calls=49717 |DeltaE|=4.537425e-01 best|DeltaE|=4.537425e-01
[2026-03-04T15:01:31Z] VQE heartbeat restart=5/16 elapsed_s=24712.7 calls=49873 |DeltaE|=4.526303e-01 best|DeltaE|=4.526157e-01
[2026-03-04T15:02:31Z] VQE heartbeat restart=5/16 elapsed_s=24772.9 calls=50029 |DeltaE|=4.519458e-01 best|DeltaE|=4.518786e-01
[2026-03-04T15:03:32Z] VQE heartbeat restart=5/16 elapsed_s=24833.2 calls=50185 |DeltaE|=4.508879e-01 best|DeltaE|=4.508879e-01
[2026-03-04T15:04:32Z] VQE heartbeat restart=5/16 elapsed_s=24893.3 calls=50339 |DeltaE|=4.500105e-01 best|DeltaE|=4.499612e-01
[2026-03-04T15:05:32Z] VQE heartbeat restart=5/16 elapsed_s=24953.6 calls=50495 |DeltaE|=4.491650e-01 best|DeltaE|=4.491650e-01
[2026-03-04T15:06:32Z] VQE heartbeat restart=5/16 elapsed_s=25013.9 calls=50650 |DeltaE|=4.484456e-01 best|DeltaE|=4.484117e-01
[2026-03-04T15:07:33Z] VQE heartbeat restart=5/16 elapsed_s=25074.2 calls=50805 |DeltaE|=4.476188e-01 best|DeltaE|=4.476168e-01
[2026-03-04T15:08:33Z] VQE heartbeat restart=5/16 elapsed_s=25134.3 calls=50961 |DeltaE|=4.470242e-01 best|DeltaE|=4.470203e-01
[2026-03-04T15:09:33Z] VQE heartbeat restart=5/16 elapsed_s=25194.4 calls=51117 |DeltaE|=4.466605e-01 best|DeltaE|=4.466415e-01
[2026-03-04T15:10:33Z] VQE heartbeat restart=5/16 elapsed_s=25254.5 calls=51272 |DeltaE|=4.461810e-01 best|DeltaE|=4.461582e-01
[2026-03-04T15:11:33Z] VQE heartbeat restart=5/16 elapsed_s=25314.6 calls=51428 |DeltaE|=4.456753e-01 best|DeltaE|=4.456753e-01
[2026-03-04T15:12:33Z] VQE heartbeat restart=5/16 elapsed_s=25374.7 calls=51584 |DeltaE|=4.453723e-01 best|DeltaE|=4.453596e-01
[2026-03-04T15:13:33Z] VQE heartbeat restart=5/16 elapsed_s=25434.9 calls=51740 |DeltaE|=4.450399e-01 best|DeltaE|=4.450346e-01
[2026-03-04T15:14:34Z] VQE heartbeat restart=5/16 elapsed_s=25494.9 calls=51896 |DeltaE|=4.447247e-01 best|DeltaE|=4.447204e-01
[2026-03-04T15:15:34Z] VQE heartbeat restart=5/16 elapsed_s=25555.1 calls=52052 |DeltaE|=4.444540e-01 best|DeltaE|=4.444188e-01
[2026-03-04T15:16:34Z] VQE heartbeat restart=5/16 elapsed_s=25615.1 calls=52208 |DeltaE|=4.441438e-01 best|DeltaE|=4.441424e-01
[2026-03-04T15:17:34Z] VQE heartbeat restart=5/16 elapsed_s=25675.4 calls=52364 |DeltaE|=4.439075e-01 best|DeltaE|=4.439075e-01
[2026-03-04T15:18:34Z] VQE heartbeat restart=5/16 elapsed_s=25735.5 calls=52520 |DeltaE|=4.437216e-01 best|DeltaE|=4.437216e-01
[2026-03-04T15:19:34Z] VQE heartbeat restart=5/16 elapsed_s=25795.8 calls=52676 |DeltaE|=4.435102e-01 best|DeltaE|=4.435102e-01
[2026-03-04T15:20:34Z] VQE heartbeat restart=5/16 elapsed_s=25855.9 calls=52832 |DeltaE|=4.433466e-01 best|DeltaE|=4.433439e-01
[2026-03-04T15:21:35Z] VQE heartbeat restart=5/16 elapsed_s=25916.0 calls=52988 |DeltaE|=4.432006e-01 best|DeltaE|=4.431972e-01
[2026-03-04T15:22:35Z] VQE heartbeat restart=5/16 elapsed_s=25976.0 calls=53144 |DeltaE|=4.430523e-01 best|DeltaE|=4.430520e-01
[2026-03-04T15:23:35Z] VQE heartbeat restart=5/16 elapsed_s=26036.2 calls=53300 |DeltaE|=4.429273e-01 best|DeltaE|=4.429246e-01
[2026-03-04T15:24:35Z] VQE heartbeat restart=5/16 elapsed_s=26096.2 calls=53456 |DeltaE|=4.427995e-01 best|DeltaE|=4.427968e-01
[2026-03-04T15:26:10Z] VQE heartbeat restart=5/16 elapsed_s=26156.5 calls=53582 |DeltaE|=4.426853e-01 best|DeltaE|=4.426853e-01
[2026-03-04T15:27:10Z] VQE heartbeat restart=5/16 elapsed_s=26216.7 calls=53721 |DeltaE|=4.425675e-01 best|DeltaE|=4.425664e-01
[2026-03-04T15:28:11Z] VQE heartbeat restart=5/16 elapsed_s=26277.1 calls=53876 |DeltaE|=4.424559e-01 best|DeltaE|=4.424537e-01
[2026-03-04T15:29:11Z] VQE heartbeat restart=5/16 elapsed_s=26337.4 calls=54032 |DeltaE|=4.423174e-01 best|DeltaE|=4.423174e-01
[2026-03-04T15:30:11Z] VQE heartbeat restart=5/16 elapsed_s=26397.6 calls=54188 |DeltaE|=4.421878e-01 best|DeltaE|=4.421817e-01
[2026-03-04T15:31:11Z] VQE heartbeat restart=5/16 elapsed_s=26457.8 calls=54340 |DeltaE|=4.420867e-01 best|DeltaE|=4.420867e-01
[2026-03-04T15:32:12Z] VQE heartbeat restart=5/16 elapsed_s=26518.1 calls=54481 |DeltaE|=4.420124e-01 best|DeltaE|=4.420111e-01
[2026-03-04T15:33:12Z] VQE heartbeat restart=5/16 elapsed_s=26578.3 calls=54613 |DeltaE|=4.419476e-01 best|DeltaE|=4.419438e-01
[2026-03-04T15:34:12Z] VQE heartbeat restart=5/16 elapsed_s=26638.4 calls=54762 |DeltaE|=4.418699e-01 best|DeltaE|=4.418508e-01
[2026-03-04T15:35:12Z] VQE heartbeat restart=5/16 elapsed_s=26698.6 calls=54911 |DeltaE|=4.417707e-01 best|DeltaE|=4.417690e-01
[2026-03-04T15:36:12Z] VQE heartbeat restart=5/16 elapsed_s=26758.7 calls=55062 |DeltaE|=4.416898e-01 best|DeltaE|=4.416898e-01
[2026-03-04T15:37:12Z] VQE heartbeat restart=5/16 elapsed_s=26818.7 calls=55213 |DeltaE|=4.416130e-01 best|DeltaE|=4.416130e-01
[2026-03-04T15:38:13Z] VQE heartbeat restart=5/16 elapsed_s=26879.0 calls=55364 |DeltaE|=4.415505e-01 best|DeltaE|=4.415505e-01
[2026-03-04T15:39:13Z] VQE heartbeat restart=5/16 elapsed_s=26939.0 calls=55515 |DeltaE|=4.414931e-01 best|DeltaE|=4.414915e-01
[2026-03-04T15:40:13Z] VQE heartbeat restart=5/16 elapsed_s=26999.2 calls=55666 |DeltaE|=4.414421e-01 best|DeltaE|=4.414420e-01
[2026-03-04T15:41:13Z] VQE heartbeat restart=5/16 elapsed_s=27059.6 calls=55817 |DeltaE|=4.413762e-01 best|DeltaE|=4.413761e-01
[2026-03-04T15:42:13Z] VQE heartbeat restart=5/16 elapsed_s=27119.7 calls=55960 |DeltaE|=4.413184e-01 best|DeltaE|=4.413177e-01
[2026-03-04T15:43:13Z] VQE heartbeat restart=5/16 elapsed_s=27179.8 calls=56114 |DeltaE|=4.412642e-01 best|DeltaE|=4.412642e-01
[2026-03-04T15:44:13Z] VQE heartbeat restart=5/16 elapsed_s=27239.9 calls=56269 |DeltaE|=4.412014e-01 best|DeltaE|=4.412000e-01
[2026-03-04T15:45:14Z] VQE heartbeat restart=5/16 elapsed_s=27300.1 calls=56418 |DeltaE|=4.411567e-01 best|DeltaE|=4.411558e-01
[2026-03-04T15:46:14Z] VQE heartbeat restart=5/16 elapsed_s=27360.3 calls=56572 |DeltaE|=4.411009e-01 best|DeltaE|=4.411009e-01
[2026-03-04T15:47:14Z] VQE heartbeat restart=5/16 elapsed_s=27420.7 calls=56728 |DeltaE|=4.410471e-01 best|DeltaE|=4.410465e-01
[2026-03-04T15:48:14Z] VQE heartbeat restart=5/16 elapsed_s=27481.0 calls=56872 |DeltaE|=4.410097e-01 best|DeltaE|=4.410014e-01
[2026-03-04T15:49:15Z] VQE heartbeat restart=5/16 elapsed_s=27541.1 calls=57017 |DeltaE|=4.409601e-01 best|DeltaE|=4.409601e-01
[2026-03-04T15:50:15Z] VQE heartbeat restart=5/16 elapsed_s=27601.3 calls=57161 |DeltaE|=4.409134e-01 best|DeltaE|=4.409134e-01
[2026-03-04T15:51:15Z] VQE heartbeat restart=5/16 elapsed_s=27661.7 calls=57304 |DeltaE|=4.408681e-01 best|DeltaE|=4.408670e-01
[2026-03-04T15:52:15Z] VQE heartbeat restart=5/16 elapsed_s=27721.8 calls=57440 |DeltaE|=4.408195e-01 best|DeltaE|=4.408181e-01
[2026-03-04T15:53:15Z] VQE heartbeat restart=5/16 elapsed_s=27782.0 calls=57557 |DeltaE|=4.407810e-01 best|DeltaE|=4.407810e-01
[2026-03-04T15:54:16Z] VQE heartbeat restart=5/16 elapsed_s=27842.0 calls=57706 |DeltaE|=4.407422e-01 best|DeltaE|=4.407415e-01
[2026-03-04T15:55:16Z] VQE heartbeat restart=5/16 elapsed_s=27902.0 calls=57854 |DeltaE|=4.407023e-01 best|DeltaE|=4.407005e-01
[2026-03-04T15:56:16Z] VQE heartbeat restart=5/16 elapsed_s=27962.2 calls=58007 |DeltaE|=4.406600e-01 best|DeltaE|=4.406600e-01
[2026-03-04T15:57:16Z] VQE heartbeat restart=5/16 elapsed_s=28022.2 calls=58160 |DeltaE|=4.406179e-01 best|DeltaE|=4.406179e-01
[2026-03-04T15:58:16Z] VQE heartbeat restart=5/16 elapsed_s=28082.5 calls=58310 |DeltaE|=4.405785e-01 best|DeltaE|=4.405783e-01
[2026-03-04T15:59:16Z] VQE heartbeat restart=5/16 elapsed_s=28142.5 calls=58458 |DeltaE|=4.405474e-01 best|DeltaE|=4.405411e-01
[2026-03-04T16:00:16Z] VQE heartbeat restart=5/16 elapsed_s=28202.5 calls=58608 |DeltaE|=4.405016e-01 best|DeltaE|=4.405016e-01
[2026-03-04T16:01:16Z] VQE heartbeat restart=5/16 elapsed_s=28262.9 calls=58759 |DeltaE|=4.404647e-01 best|DeltaE|=4.404647e-01
[2026-03-04T16:02:17Z] VQE heartbeat restart=5/16 elapsed_s=28323.1 calls=58900 |DeltaE|=4.404297e-01 best|DeltaE|=4.404297e-01
[2026-03-04T16:03:17Z] VQE heartbeat restart=5/16 elapsed_s=28383.5 calls=59046 |DeltaE|=4.403994e-01 best|DeltaE|=4.403994e-01
[2026-03-04T16:04:17Z] VQE heartbeat restart=5/16 elapsed_s=28443.5 calls=59186 |DeltaE|=4.403672e-01 best|DeltaE|=4.403672e-01
[2026-03-04T16:05:17Z] VQE heartbeat restart=5/16 elapsed_s=28503.7 calls=59333 |DeltaE|=4.403306e-01 best|DeltaE|=4.403302e-01
[2026-03-04T16:06:17Z] VQE heartbeat restart=5/16 elapsed_s=28563.7 calls=59481 |DeltaE|=4.402963e-01 best|DeltaE|=4.402963e-01
[2026-03-04T16:10:45Z] VQE heartbeat restart=5/16 elapsed_s=28624.0 calls=59595 |DeltaE|=4.402704e-01 best|DeltaE|=4.402704e-01
[2026-03-04T16:11:45Z] VQE heartbeat restart=5/16 elapsed_s=28684.1 calls=59744 |DeltaE|=4.402436e-01 best|DeltaE|=4.402436e-01
[2026-03-04T16:12:45Z] VQE heartbeat restart=5/16 elapsed_s=28744.2 calls=59892 |DeltaE|=4.402159e-01 best|DeltaE|=4.402159e-01
[2026-03-04T16:13:29Z] VQE restart 5/16 end elapsed_s=28787.5 calls=60000 best|DeltaE|=4.402025e-01 msg=Maximum number of function evaluations has been exceeded.
[2026-03-04T16:14:29Z] VQE heartbeat restart=6/16 elapsed_s=28847.9 calls=60149 |DeltaE|=1.392463e+00 best|DeltaE|=1.063889e+00
[2026-03-04T16:15:29Z] VQE heartbeat restart=6/16 elapsed_s=28907.9 calls=60285 |DeltaE|=7.785772e-01 best|DeltaE|=7.785772e-01
[2026-03-04T16:16:29Z] VQE heartbeat restart=6/16 elapsed_s=28968.0 calls=60430 |DeltaE|=5.798057e-01 best|DeltaE|=5.798057e-01
[2026-03-04T16:17:29Z] VQE heartbeat restart=6/16 elapsed_s=29028.2 calls=60576 |DeltaE|=5.195145e-01 best|DeltaE|=5.170379e-01
[2026-03-04T16:18:29Z] VQE heartbeat restart=6/16 elapsed_s=29088.3 calls=60719 |DeltaE|=4.904427e-01 best|DeltaE|=4.903923e-01
[2026-03-04T16:19:30Z] VQE heartbeat restart=6/16 elapsed_s=29148.7 calls=60862 |DeltaE|=4.776638e-01 best|DeltaE|=4.746938e-01
[2026-03-04T16:20:30Z] VQE heartbeat restart=6/16 elapsed_s=29209.0 calls=61007 |DeltaE|=4.661794e-01 best|DeltaE|=4.659851e-01
[2026-03-04T16:21:30Z] VQE heartbeat restart=6/16 elapsed_s=29269.3 calls=61128 |DeltaE|=4.573826e-01 best|DeltaE|=4.573772e-01
[2026-03-04T16:22:31Z] VQE heartbeat restart=6/16 elapsed_s=29329.8 calls=61245 |DeltaE|=4.535811e-01 best|DeltaE|=4.534417e-01
[2026-03-04T16:23:31Z] VQE heartbeat restart=6/16 elapsed_s=29389.9 calls=61381 |DeltaE|=4.502468e-01 best|DeltaE|=4.502468e-01
[2026-03-04T16:24:31Z] VQE heartbeat restart=6/16 elapsed_s=29450.0 calls=61519 |DeltaE|=4.477202e-01 best|DeltaE|=4.474775e-01
[2026-03-04T16:25:31Z] VQE heartbeat restart=6/16 elapsed_s=29510.2 calls=61662 |DeltaE|=4.455293e-01 best|DeltaE|=4.455293e-01
[2026-03-04T16:26:31Z] VQE heartbeat restart=6/16 elapsed_s=29570.3 calls=61802 |DeltaE|=4.445604e-01 best|DeltaE|=4.445604e-01
[2026-03-04T16:27:31Z] VQE heartbeat restart=6/16 elapsed_s=29630.5 calls=61942 |DeltaE|=4.437481e-01 best|DeltaE|=4.437061e-01
[2026-03-04T16:28:32Z] VQE heartbeat restart=6/16 elapsed_s=29690.8 calls=62075 |DeltaE|=4.432160e-01 best|DeltaE|=4.431920e-01
[2026-03-04T16:29:32Z] VQE heartbeat restart=6/16 elapsed_s=29751.3 calls=62215 |DeltaE|=4.426705e-01 best|DeltaE|=4.426705e-01
[2026-03-04T16:30:33Z] VQE heartbeat restart=6/16 elapsed_s=29811.6 calls=62335 |DeltaE|=4.422368e-01 best|DeltaE|=4.422325e-01
[2026-03-04T16:31:33Z] VQE heartbeat restart=6/16 elapsed_s=29871.9 calls=62465 |DeltaE|=4.418684e-01 best|DeltaE|=4.418684e-01
[2026-03-04T16:32:33Z] VQE heartbeat restart=6/16 elapsed_s=29932.0 calls=62606 |DeltaE|=4.414847e-01 best|DeltaE|=4.414847e-01
[2026-03-04T16:33:35Z] VQE heartbeat restart=6/16 elapsed_s=29994.4 calls=62749 |DeltaE|=4.411041e-01 best|DeltaE|=4.411000e-01
[2026-03-04T16:34:35Z] VQE heartbeat restart=6/16 elapsed_s=30054.5 calls=62887 |DeltaE|=4.408261e-01 best|DeltaE|=4.408261e-01
[2026-03-04T16:35:36Z] VQE heartbeat restart=6/16 elapsed_s=30114.8 calls=63037 |DeltaE|=4.405322e-01 best|DeltaE|=4.405300e-01
[2026-03-04T16:36:36Z] VQE heartbeat restart=6/16 elapsed_s=30175.2 calls=63187 |DeltaE|=4.401698e-01 best|DeltaE|=4.401516e-01
[2026-03-04T16:37:36Z] VQE heartbeat restart=6/16 elapsed_s=30235.2 calls=63335 |DeltaE|=4.398754e-01 best|DeltaE|=4.398680e-01
[2026-03-04T16:38:37Z] VQE heartbeat restart=6/16 elapsed_s=30295.5 calls=63484 |DeltaE|=4.396639e-01 best|DeltaE|=4.396637e-01
[2026-03-04T16:39:37Z] VQE heartbeat restart=6/16 elapsed_s=30355.7 calls=63634 |DeltaE|=4.394604e-01 best|DeltaE|=4.394511e-01
[2026-03-04T16:40:37Z] VQE heartbeat restart=6/16 elapsed_s=30416.1 calls=63781 |DeltaE|=4.392674e-01 best|DeltaE|=4.392671e-01
[2026-03-04T16:41:37Z] VQE heartbeat restart=6/16 elapsed_s=30476.2 calls=63930 |DeltaE|=4.391004e-01 best|DeltaE|=4.391004e-01
[2026-03-04T16:42:37Z] VQE heartbeat restart=6/16 elapsed_s=30536.4 calls=64079 |DeltaE|=4.389192e-01 best|DeltaE|=4.389157e-01
[2026-03-04T16:43:37Z] VQE heartbeat restart=6/16 elapsed_s=30596.4 calls=64228 |DeltaE|=4.387624e-01 best|DeltaE|=4.387512e-01
[2026-03-04T16:44:38Z] VQE heartbeat restart=6/16 elapsed_s=30656.6 calls=64378 |DeltaE|=4.385950e-01 best|DeltaE|=4.385900e-01
[2026-03-04T16:45:38Z] VQE heartbeat restart=6/16 elapsed_s=30716.9 calls=64527 |DeltaE|=4.384402e-01 best|DeltaE|=4.384386e-01
[2026-03-04T16:46:38Z] VQE heartbeat restart=6/16 elapsed_s=30777.2 calls=64676 |DeltaE|=4.382926e-01 best|DeltaE|=4.382920e-01
[2026-03-04T16:47:38Z] VQE heartbeat restart=6/16 elapsed_s=30837.4 calls=64825 |DeltaE|=4.381982e-01 best|DeltaE|=4.381982e-01
[2026-03-04T16:48:38Z] VQE heartbeat restart=6/16 elapsed_s=30897.4 calls=64974 |DeltaE|=4.381036e-01 best|DeltaE|=4.380966e-01
[2026-03-04T16:49:39Z] VQE heartbeat restart=6/16 elapsed_s=30957.7 calls=65124 |DeltaE|=4.379669e-01 best|DeltaE|=4.379647e-01
[2026-03-04T16:50:39Z] VQE heartbeat restart=6/16 elapsed_s=31017.8 calls=65267 |DeltaE|=4.378631e-01 best|DeltaE|=4.378631e-01
[2026-03-04T16:51:39Z] VQE heartbeat restart=6/16 elapsed_s=31078.2 calls=65407 |DeltaE|=4.377774e-01 best|DeltaE|=4.377764e-01
[2026-03-04T16:52:39Z] VQE heartbeat restart=6/16 elapsed_s=31138.3 calls=65539 |DeltaE|=4.377269e-01 best|DeltaE|=4.377099e-01
[2026-03-04T16:53:40Z] VQE heartbeat restart=6/16 elapsed_s=31198.5 calls=65682 |DeltaE|=4.376145e-01 best|DeltaE|=4.376145e-01
[2026-03-04T16:54:40Z] VQE heartbeat restart=6/16 elapsed_s=31258.8 calls=65824 |DeltaE|=4.375355e-01 best|DeltaE|=4.375353e-01
[2026-03-04T16:55:40Z] VQE heartbeat restart=6/16 elapsed_s=31319.1 calls=65950 |DeltaE|=4.374595e-01 best|DeltaE|=4.374584e-01
[2026-03-04T16:56:40Z] VQE heartbeat restart=6/16 elapsed_s=31379.4 calls=66084 |DeltaE|=4.373994e-01 best|DeltaE|=4.373994e-01
[2026-03-04T16:57:41Z] VQE heartbeat restart=6/16 elapsed_s=31439.7 calls=66219 |DeltaE|=4.373470e-01 best|DeltaE|=4.373465e-01
[2026-03-04T16:58:41Z] VQE heartbeat restart=6/16 elapsed_s=31500.0 calls=66361 |DeltaE|=4.372864e-01 best|DeltaE|=4.372861e-01
[2026-03-04T16:59:41Z] VQE heartbeat restart=6/16 elapsed_s=31560.1 calls=66501 |DeltaE|=4.372369e-01 best|DeltaE|=4.372354e-01
[2026-03-04T17:00:41Z] VQE heartbeat restart=6/16 elapsed_s=31620.2 calls=66638 |DeltaE|=4.371779e-01 best|DeltaE|=4.371779e-01
[2026-03-04T17:01:41Z] VQE heartbeat restart=6/16 elapsed_s=31680.3 calls=66772 |DeltaE|=4.371261e-01 best|DeltaE|=4.371244e-01
[2026-03-04T17:02:41Z] VQE heartbeat restart=6/16 elapsed_s=31740.5 calls=66909 |DeltaE|=4.370874e-01 best|DeltaE|=4.370849e-01
[2026-03-04T17:03:42Z] VQE heartbeat restart=6/16 elapsed_s=31800.8 calls=67050 |DeltaE|=4.370339e-01 best|DeltaE|=4.370339e-01
[2026-03-04T17:04:42Z] VQE heartbeat restart=6/16 elapsed_s=31861.1 calls=67186 |DeltaE|=4.369893e-01 best|DeltaE|=4.369893e-01
[2026-03-04T17:05:42Z] VQE heartbeat restart=6/16 elapsed_s=31921.2 calls=67315 |DeltaE|=4.369543e-01 best|DeltaE|=4.369543e-01
[2026-03-04T17:06:42Z] VQE heartbeat restart=6/16 elapsed_s=31981.3 calls=67448 |DeltaE|=4.369251e-01 best|DeltaE|=4.369251e-01
[2026-03-04T17:07:42Z] VQE heartbeat restart=6/16 elapsed_s=32041.4 calls=67560 |DeltaE|=4.368899e-01 best|DeltaE|=4.368894e-01
[2026-03-04T17:08:43Z] VQE heartbeat restart=6/16 elapsed_s=32101.8 calls=67695 |DeltaE|=4.368484e-01 best|DeltaE|=4.368484e-01
[2026-03-04T17:09:43Z] VQE heartbeat restart=6/16 elapsed_s=32161.8 calls=67842 |DeltaE|=4.368077e-01 best|DeltaE|=4.368059e-01
[2026-03-04T17:10:43Z] VQE heartbeat restart=6/16 elapsed_s=32222.0 calls=67975 |DeltaE|=4.367790e-01 best|DeltaE|=4.367782e-01
[2026-03-04T17:11:43Z] VQE heartbeat restart=6/16 elapsed_s=32282.3 calls=68114 |DeltaE|=4.367525e-01 best|DeltaE|=4.367510e-01
[2026-03-04T17:12:43Z] VQE heartbeat restart=6/16 elapsed_s=32342.6 calls=68262 |DeltaE|=4.367197e-01 best|DeltaE|=4.367191e-01
[2026-03-04T17:13:44Z] VQE heartbeat restart=6/16 elapsed_s=32402.6 calls=68414 |DeltaE|=4.366909e-01 best|DeltaE|=4.366908e-01
[2026-03-04T17:14:44Z] VQE heartbeat restart=6/16 elapsed_s=32462.8 calls=68567 |DeltaE|=4.366640e-01 best|DeltaE|=4.366634e-01
[2026-03-04T17:15:44Z] VQE heartbeat restart=6/16 elapsed_s=32523.0 calls=68712 |DeltaE|=4.366448e-01 best|DeltaE|=4.366448e-01
[2026-03-04T17:16:44Z] VQE heartbeat restart=6/16 elapsed_s=32583.2 calls=68858 |DeltaE|=4.366164e-01 best|DeltaE|=4.366164e-01
[2026-03-04T17:17:44Z] VQE heartbeat restart=6/16 elapsed_s=32643.4 calls=69008 |DeltaE|=4.365896e-01 best|DeltaE|=4.365896e-01
[2026-03-04T17:18:45Z] VQE heartbeat restart=6/16 elapsed_s=32703.7 calls=69151 |DeltaE|=4.365675e-01 best|DeltaE|=4.365675e-01
[2026-03-04T17:19:45Z] VQE heartbeat restart=6/16 elapsed_s=32764.0 calls=69296 |DeltaE|=4.365449e-01 best|DeltaE|=4.365449e-01
[2026-03-04T17:20:45Z] VQE heartbeat restart=6/16 elapsed_s=32824.2 calls=69447 |DeltaE|=4.365270e-01 best|DeltaE|=4.365267e-01
[2026-03-04T17:21:45Z] VQE heartbeat restart=6/16 elapsed_s=32884.4 calls=69583 |DeltaE|=4.365108e-01 best|DeltaE|=4.365106e-01
[2026-03-04T17:22:46Z] VQE heartbeat restart=6/16 elapsed_s=32944.5 calls=69725 |DeltaE|=4.364951e-01 best|DeltaE|=4.364951e-01
