[2026-03-03T08:59:16Z] VQE_FROM_ADAPT_START state=/Users/jakestrobel/Documents/Holstein_implementation/Holstein_test/artifacts/useful/L4/l4_hh_seq_20260302_215706_overnight_20260302_230205_adapt_A_probe_checkpoint_state.json
[2026-03-03T08:59:16Z] VQE config npar=16 restarts=16 maxiter=12000 method=COBYLA budget_s=72000
[2026-03-03T08:59:16Z] VQE start energy=0.683171357826 |DeltaE|=6.665135e-01
[2026-03-03T09:00:18Z] VQE heartbeat restart=1/16 elapsed_s=60.1 calls=72 |DeltaE|=6.663360e-01 best|DeltaE|=6.663360e-01 slope_last3=nan/s
[2026-03-03T09:01:18Z] VQE heartbeat restart=1/16 elapsed_s=120.6 calls=128 |DeltaE|=6.658951e-01 best|DeltaE|=6.658951e-01 slope_last3=nan/s
[2026-03-03T09:02:19Z] VQE heartbeat restart=1/16 elapsed_s=181.8 calls=183 |DeltaE|=6.657628e-01 best|DeltaE|=6.657425e-01 slope_last3=-4.877124e-06/s
[2026-03-03T09:03:20Z] VQE heartbeat restart=1/16 elapsed_s=242.4 calls=240 |DeltaE|=6.656201e-01 best|DeltaE|=6.656108e-01 slope_last3=-2.336009e-06/s
[2026-03-03T09:04:20Z] VQE heartbeat restart=1/16 elapsed_s=302.9 calls=299 |DeltaE|=6.655391e-01 best|DeltaE|=6.655344e-01 slope_last3=-1.717895e-06/s
[2026-03-03T09:05:21Z] VQE heartbeat restart=1/16 elapsed_s=363.9 calls=359 |DeltaE|=6.655042e-01 best|DeltaE|=6.655028e-01 slope_last3=-8.876661e-07/s
[2026-03-03T09:06:22Z] VQE heartbeat restart=1/16 elapsed_s=424.0 calls=414 |DeltaE|=6.654738e-01 best|DeltaE|=6.654738e-01 slope_last3=-5.003967e-07/s
[2026-03-03T09:07:23Z] VQE heartbeat restart=1/16 elapsed_s=485.2 calls=467 |DeltaE|=6.654517e-01 best|DeltaE|=6.654517e-01 slope_last3=-4.218111e-07/s
[2026-03-03T09:08:23Z] VQE heartbeat restart=1/16 elapsed_s=546.3 calls=518 |DeltaE|=6.654220e-01 best|DeltaE|=6.654219e-01 slope_last3=-4.238816e-07/s
[2026-03-03T09:09:24Z] VQE heartbeat restart=1/16 elapsed_s=606.4 calls=571 |DeltaE|=6.654027e-01 best|DeltaE|=6.654027e-01 slope_last3=-4.041121e-07/s
[2026-03-03T09:10:24Z] VQE heartbeat restart=1/16 elapsed_s=666.6 calls=623 |DeltaE|=6.653852e-01 best|DeltaE|=6.653851e-01 slope_last3=-3.060252e-07/s
[2026-03-03T09:11:25Z] VQE heartbeat restart=1/16 elapsed_s=727.4 calls=678 |DeltaE|=6.653683e-01 best|DeltaE|=6.653683e-01 slope_last3=-2.840968e-07/s
[2026-03-03T09:12:25Z] VQE heartbeat restart=1/16 elapsed_s=787.5 calls=736 |DeltaE|=6.653561e-01 best|DeltaE|=6.653560e-01 slope_last3=-2.408316e-07/s
[2026-03-03T09:13:25Z] VQE heartbeat restart=1/16 elapsed_s=848.1 calls=793 |DeltaE|=6.653415e-01 best|DeltaE|=6.653412e-01 slope_last3=-2.249979e-07/s
[2026-03-03T09:14:26Z] VQE heartbeat restart=1/16 elapsed_s=908.4 calls=846 |DeltaE|=6.653245e-01 best|DeltaE|=6.653245e-01 slope_last3=-2.607789e-07/s
[2026-03-03T09:15:26Z] VQE heartbeat restart=1/16 elapsed_s=969.0 calls=898 |DeltaE|=6.653115e-01 best|DeltaE|=6.653115e-01 slope_last3=-2.454147e-07/s
[2026-03-03T09:16:26Z] VQE heartbeat restart=1/16 elapsed_s=1029.1 calls=953 |DeltaE|=6.652987e-01 best|DeltaE|=6.652982e-01 slope_last3=-2.176648e-07/s
[2026-03-03T09:17:26Z] VQE heartbeat restart=1/16 elapsed_s=1089.2 calls=1009 |DeltaE|=6.652890e-01 best|DeltaE|=6.652886e-01 slope_last3=-1.905026e-07/s
[2026-03-03T09:18:56Z] VQE heartbeat restart=1/16 elapsed_s=1149.8 calls=1062 |DeltaE|=6.652790e-01 best|DeltaE|=6.652790e-01 slope_last3=-1.590169e-07/s
[2026-03-03T09:36:32Z] VQE heartbeat restart=1/16 elapsed_s=1210.0 calls=1114 |DeltaE|=6.652697e-01 best|DeltaE|=6.652697e-01 slope_last3=-1.568841e-07/s
[2026-03-03T09:37:32Z] VQE heartbeat restart=1/16 elapsed_s=1270.1 calls=1169 |DeltaE|=6.652607e-01 best|DeltaE|=6.652607e-01 slope_last3=-1.526463e-07/s
[2026-03-03T09:38:34Z] VQE heartbeat restart=1/16 elapsed_s=1331.2 calls=1226 |DeltaE|=6.652507e-01 best|DeltaE|=6.652507e-01 slope_last3=-1.562998e-07/s
[2026-03-03T09:39:34Z] VQE heartbeat restart=1/16 elapsed_s=1391.6 calls=1277 |DeltaE|=6.652398e-01 best|DeltaE|=6.652398e-01 slope_last3=-1.716924e-07/s
[2026-03-03T09:40:35Z] VQE heartbeat restart=1/16 elapsed_s=1452.8 calls=1330 |DeltaE|=6.652339e-01 best|DeltaE|=6.652339e-01 slope_last3=-1.383723e-07/s
[2026-03-03T09:41:35Z] VQE heartbeat restart=1/16 elapsed_s=1513.1 calls=1382 |DeltaE|=6.652287e-01 best|DeltaE|=6.652285e-01 slope_last3=-9.263696e-08/s
[2026-03-03T09:42:36Z] VQE heartbeat restart=1/16 elapsed_s=1573.6 calls=1434 |DeltaE|=6.652215e-01 best|DeltaE|=6.652215e-01 slope_last3=-1.026496e-07/s
[2026-03-03T09:43:37Z] VQE heartbeat restart=1/16 elapsed_s=1634.5 calls=1481 |DeltaE|=6.652140e-01 best|DeltaE|=6.652140e-01 slope_last3=-1.196042e-07/s
[2026-03-03T09:44:37Z] VQE heartbeat restart=1/16 elapsed_s=1694.6 calls=1533 |DeltaE|=6.652080e-01 best|DeltaE|=6.652080e-01 slope_last3=-1.113264e-07/s
[2026-03-03T09:45:37Z] VQE heartbeat restart=1/16 elapsed_s=1754.7 calls=1582 |DeltaE|=6.652012e-01 best|DeltaE|=6.652012e-01 slope_last3=-1.066668e-07/s
[2026-03-03T09:46:38Z] VQE heartbeat restart=1/16 elapsed_s=1815.1 calls=1635 |DeltaE|=6.651962e-01 best|DeltaE|=6.651962e-01 slope_last3=-9.846249e-08/s
[2026-03-03T09:47:37Z] VQE heartbeat restart=1/16 elapsed_s=1875.5 calls=1689 |DeltaE|=6.651916e-01 best|DeltaE|=6.651916e-01 slope_last3=-7.950789e-08/s
[2026-03-03T09:48:38Z] VQE heartbeat restart=1/16 elapsed_s=1935.8 calls=1741 |DeltaE|=6.651860e-01 best|DeltaE|=6.651860e-01 slope_last3=-8.441742e-08/s
[2026-03-03T09:49:39Z] VQE heartbeat restart=1/16 elapsed_s=1996.4 calls=1795 |DeltaE|=6.651805e-01 best|DeltaE|=6.651805e-01 slope_last3=-9.203913e-08/s
[2026-03-03T09:50:39Z] VQE heartbeat restart=1/16 elapsed_s=2056.8 calls=1849 |DeltaE|=6.651757e-01 best|DeltaE|=6.651755e-01 slope_last3=-8.618435e-08/s
[2026-03-03T09:51:39Z] VQE heartbeat restart=1/16 elapsed_s=2117.5 calls=1900 |DeltaE|=6.651696e-01 best|DeltaE|=6.651695e-01 slope_last3=-9.033493e-08/s
[2026-03-03T09:52:41Z] VQE heartbeat restart=1/16 elapsed_s=2178.5 calls=1957 |DeltaE|=6.651652e-01 best|DeltaE|=6.651652e-01 slope_last3=-8.525478e-08/s
[2026-03-03T09:53:41Z] VQE heartbeat restart=1/16 elapsed_s=2239.1 calls=2009 |DeltaE|=6.651596e-01 best|DeltaE|=6.651594e-01 slope_last3=-8.323657e-08/s
[2026-03-03T09:54:42Z] VQE heartbeat restart=1/16 elapsed_s=2299.7 calls=2062 |DeltaE|=6.651534e-01 best|DeltaE|=6.651534e-01 slope_last3=-9.720933e-08/s
[2026-03-03T09:55:43Z] VQE heartbeat restart=1/16 elapsed_s=2360.4 calls=2117 |DeltaE|=6.651491e-01 best|DeltaE|=6.651491e-01 slope_last3=-8.472132e-08/s
[2026-03-03T09:56:43Z] VQE heartbeat restart=1/16 elapsed_s=2420.6 calls=2167 |DeltaE|=6.651429e-01 best|DeltaE|=6.651429e-01 slope_last3=-8.656901e-08/s
[2026-03-03T09:57:44Z] VQE heartbeat restart=1/16 elapsed_s=2481.1 calls=2217 |DeltaE|=6.651374e-01 best|DeltaE|=6.651374e-01 slope_last3=-9.741700e-08/s
[2026-03-03T09:58:44Z] VQE heartbeat restart=1/16 elapsed_s=2541.7 calls=2269 |DeltaE|=6.651330e-01 best|DeltaE|=6.651330e-01 slope_last3=-8.171023e-08/s
[2026-03-03T09:59:44Z] VQE heartbeat restart=1/16 elapsed_s=2601.7 calls=2321 |DeltaE|=6.651277e-01 best|DeltaE|=6.651277e-01 slope_last3=-7.967603e-08/s
[2026-03-03T10:00:44Z] VQE heartbeat restart=1/16 elapsed_s=2661.9 calls=2372 |DeltaE|=6.651219e-01 best|DeltaE|=6.651219e-01 slope_last3=-9.231763e-08/s
[2026-03-03T10:01:45Z] VQE heartbeat restart=1/16 elapsed_s=2722.4 calls=2427 |DeltaE|=6.651175e-01 best|DeltaE|=6.651175e-01 slope_last3=-8.456681e-08/s
[2026-03-03T10:02:45Z] VQE heartbeat restart=1/16 elapsed_s=2783.1 calls=2481 |DeltaE|=6.651136e-01 best|DeltaE|=6.651135e-01 slope_last3=-6.931530e-08/s
[2026-03-03T10:03:46Z] VQE heartbeat restart=1/16 elapsed_s=2843.6 calls=2535 |DeltaE|=6.651084e-01 best|DeltaE|=6.651084e-01 slope_last3=-7.505288e-08/s
[2026-03-03T10:04:47Z] VQE heartbeat restart=1/16 elapsed_s=2905.0 calls=2588 |DeltaE|=6.651026e-01 best|DeltaE|=6.651026e-01 slope_last3=-8.956941e-08/s
[2026-03-03T10:05:47Z] VQE heartbeat restart=1/16 elapsed_s=2965.3 calls=2640 |DeltaE|=6.650987e-01 best|DeltaE|=6.650987e-01 slope_last3=-8.024042e-08/s
[2026-03-03T10:23:29Z] VQE heartbeat restart=1/16 elapsed_s=3025.3 calls=2695 |DeltaE|=6.650948e-01 best|DeltaE|=6.650948e-01 slope_last3=-6.482092e-08/s
[2026-03-03T10:24:29Z] VQE heartbeat restart=1/16 elapsed_s=3085.8 calls=2751 |DeltaE|=6.650906e-01 best|DeltaE|=6.650905e-01 slope_last3=-6.787983e-08/s
[2026-03-03T10:25:29Z] VQE heartbeat restart=1/16 elapsed_s=3146.2 calls=2806 |DeltaE|=6.650861e-01 best|DeltaE|=6.650860e-01 slope_last3=-7.254985e-08/s
[2026-03-03T10:26:30Z] VQE heartbeat restart=1/16 elapsed_s=3206.3 calls=2856 |DeltaE|=6.650818e-01 best|DeltaE|=6.650818e-01 slope_last3=-7.258023e-08/s
[2026-03-03T10:27:31Z] VQE heartbeat restart=1/16 elapsed_s=3267.0 calls=2907 |DeltaE|=6.650774e-01 best|DeltaE|=6.650774e-01 slope_last3=-7.143651e-08/s
[2026-03-03T10:28:31Z] VQE heartbeat restart=1/16 elapsed_s=3327.5 calls=2951 |DeltaE|=6.650728e-01 best|DeltaE|=6.650728e-01 slope_last3=-7.424143e-08/s
[2026-03-03T10:29:33Z] VQE heartbeat restart=1/16 elapsed_s=3389.3 calls=2993 |DeltaE|=6.650686e-01 best|DeltaE|=6.650685e-01 slope_last3=-7.276245e-08/s
[2026-03-03T10:30:34Z] VQE heartbeat restart=1/16 elapsed_s=3450.0 calls=3034 |DeltaE|=6.650635e-01 best|DeltaE|=6.650635e-01 slope_last3=-7.560602e-08/s
[2026-03-03T10:31:34Z] VQE heartbeat restart=1/16 elapsed_s=3510.0 calls=3075 |DeltaE|=6.650597e-01 best|DeltaE|=6.650597e-01 slope_last3=-7.275815e-08/s
[2026-03-03T10:32:34Z] VQE heartbeat restart=1/16 elapsed_s=3570.2 calls=3118 |DeltaE|=6.650556e-01 best|DeltaE|=6.650556e-01 slope_last3=-6.573994e-08/s
[2026-03-03T10:33:35Z] VQE heartbeat restart=1/16 elapsed_s=3630.8 calls=3159 |DeltaE|=6.650517e-01 best|DeltaE|=6.650517e-01 slope_last3=-6.617740e-08/s
[2026-03-03T10:34:36Z] VQE heartbeat restart=1/16 elapsed_s=3691.9 calls=3199 |DeltaE|=6.650480e-01 best|DeltaE|=6.650480e-01 slope_last3=-6.239044e-08/s
[2026-03-03T10:35:36Z] VQE heartbeat restart=1/16 elapsed_s=3752.3 calls=3238 |DeltaE|=6.650436e-01 best|DeltaE|=6.650436e-01 slope_last3=-6.699247e-08/s
[2026-03-03T10:36:37Z] VQE heartbeat restart=1/16 elapsed_s=3812.4 calls=3278 |DeltaE|=6.650401e-01 best|DeltaE|=6.650401e-01 slope_last3=-6.565057e-08/s
[2026-03-03T10:37:37Z] VQE heartbeat restart=1/16 elapsed_s=3873.3 calls=3318 |DeltaE|=6.650362e-01 best|DeltaE|=6.650362e-01 slope_last3=-6.109365e-08/s
[2026-03-03T10:38:38Z] VQE heartbeat restart=1/16 elapsed_s=3934.3 calls=3359 |DeltaE|=6.650330e-01 best|DeltaE|=6.650330e-01 slope_last3=-5.834481e-08/s
[2026-03-03T10:39:39Z] VQE heartbeat restart=1/16 elapsed_s=3995.0 calls=3398 |DeltaE|=6.650285e-01 best|DeltaE|=6.650282e-01 slope_last3=-6.607168e-08/s
[2026-03-03T10:40:39Z] VQE heartbeat restart=1/16 elapsed_s=4055.3 calls=3435 |DeltaE|=6.650231e-01 best|DeltaE|=6.650230e-01 slope_last3=-8.224884e-08/s
[2026-03-03T10:41:40Z] VQE heartbeat restart=1/16 elapsed_s=4116.8 calls=3476 |DeltaE|=6.650198e-01 best|DeltaE|=6.650196e-01 slope_last3=-7.019933e-08/s
[2026-03-03T10:42:42Z] VQE heartbeat restart=1/16 elapsed_s=4178.0 calls=3516 |DeltaE|=6.650155e-01 best|DeltaE|=6.650155e-01 slope_last3=-6.161885e-08/s
[2026-03-03T10:43:43Z] VQE heartbeat restart=1/16 elapsed_s=4238.9 calls=3553 |DeltaE|=6.650099e-01 best|DeltaE|=6.650099e-01 slope_last3=-7.927164e-08/s
[2026-03-03T10:44:44Z] VQE heartbeat restart=1/16 elapsed_s=4299.6 calls=3592 |DeltaE|=6.650057e-01 best|DeltaE|=6.650057e-01 slope_last3=-8.065356e-08/s
[2026-03-03T10:45:44Z] VQE heartbeat restart=1/16 elapsed_s=4359.7 calls=3633 |DeltaE|=6.650018e-01 best|DeltaE|=6.650018e-01 slope_last3=-6.755668e-08/s
[2026-03-03T10:46:45Z] VQE heartbeat restart=1/16 elapsed_s=4420.3 calls=3672 |DeltaE|=6.649976e-01 best|DeltaE|=6.649976e-01 slope_last3=-6.692671e-08/s
[2026-03-03T10:47:46Z] VQE heartbeat restart=1/16 elapsed_s=4482.0 calls=3711 |DeltaE|=6.649925e-01 best|DeltaE|=6.649925e-01 slope_last3=-7.563043e-08/s
[2026-03-03T10:48:48Z] VQE heartbeat restart=1/16 elapsed_s=4543.4 calls=3752 |DeltaE|=6.649890e-01 best|DeltaE|=6.649890e-01 slope_last3=-7.000166e-08/s
[2026-03-03T10:49:48Z] VQE heartbeat restart=1/16 elapsed_s=4604.3 calls=3793 |DeltaE|=6.649868e-01 best|DeltaE|=6.649864e-01 slope_last3=-4.972997e-08/s
[2026-03-03T10:50:49Z] VQE heartbeat restart=1/16 elapsed_s=4664.5 calls=3833 |DeltaE|=6.649812e-01 best|DeltaE|=6.649812e-01 slope_last3=-6.435243e-08/s
[2026-03-03T10:51:50Z] VQE heartbeat restart=1/16 elapsed_s=4725.2 calls=3871 |DeltaE|=6.649765e-01 best|DeltaE|=6.649765e-01 slope_last3=-8.201612e-08/s
[2026-03-03T10:52:50Z] VQE heartbeat restart=1/16 elapsed_s=4785.7 calls=3910 |DeltaE|=6.649725e-01 best|DeltaE|=6.649725e-01 slope_last3=-7.140683e-08/s
[2026-03-03T10:53:51Z] VQE heartbeat restart=1/16 elapsed_s=4846.3 calls=3950 |DeltaE|=6.649682e-01 best|DeltaE|=6.649682e-01 slope_last3=-6.860786e-08/s
[2026-03-03T10:54:50Z] VQE heartbeat restart=1/16 elapsed_s=4906.4 calls=3989 |DeltaE|=6.649648e-01 best|DeltaE|=6.649647e-01 slope_last3=-6.474495e-08/s
[2026-03-03T10:55:51Z] VQE heartbeat restart=1/16 elapsed_s=4967.2 calls=4026 |DeltaE|=6.649594e-01 best|DeltaE|=6.649593e-01 slope_last3=-7.403680e-08/s
[2026-03-03T10:56:52Z] VQE heartbeat restart=1/16 elapsed_s=5027.2 calls=4065 |DeltaE|=6.649549e-01 best|DeltaE|=6.649549e-01 slope_last3=-8.132870e-08/s
[2026-03-03T10:57:53Z] VQE heartbeat restart=1/16 elapsed_s=5088.3 calls=4105 |DeltaE|=6.649513e-01 best|DeltaE|=6.649513e-01 slope_last3=-6.550664e-08/s
[2026-03-03T10:58:54Z] VQE heartbeat restart=1/16 elapsed_s=5149.9 calls=4144 |DeltaE|=6.649466e-01 best|DeltaE|=6.649466e-01 slope_last3=-6.773704e-08/s
[2026-03-03T10:59:54Z] VQE heartbeat restart=1/16 elapsed_s=5210.0 calls=4180 |DeltaE|=6.649420e-01 best|DeltaE|=6.649420e-01 slope_last3=-7.641407e-08/s
[2026-03-03T11:00:56Z] VQE heartbeat restart=1/16 elapsed_s=5271.6 calls=4220 |DeltaE|=6.649352e-01 best|DeltaE|=6.649352e-01 slope_last3=-9.297060e-08/s
[2026-03-03T11:01:56Z] VQE heartbeat restart=1/16 elapsed_s=5332.3 calls=4258 |DeltaE|=6.649316e-01 best|DeltaE|=6.649314e-01 slope_last3=-8.695835e-08/s
[2026-03-03T11:02:57Z] VQE heartbeat restart=1/16 elapsed_s=5393.5 calls=4298 |DeltaE|=6.649279e-01 best|DeltaE|=6.649279e-01 slope_last3=-6.045636e-08/s
[2026-03-03T11:04:00Z] VQE heartbeat restart=1/16 elapsed_s=5455.3 calls=4340 |DeltaE|=6.649237e-01 best|DeltaE|=6.649237e-01 slope_last3=-6.243495e-08/s
[2026-03-03T11:04:59Z] VQE heartbeat restart=1/16 elapsed_s=5515.6 calls=4379 |DeltaE|=6.649201e-01 best|DeltaE|=6.649201e-01 slope_last3=-6.351455e-08/s
[2026-03-03T11:06:00Z] VQE heartbeat restart=1/16 elapsed_s=5575.9 calls=4418 |DeltaE|=6.649157e-01 best|DeltaE|=6.649157e-01 slope_last3=-6.674752e-08/s
[2026-03-03T11:07:02Z] VQE heartbeat restart=1/16 elapsed_s=5637.4 calls=4458 |DeltaE|=6.649120e-01 best|DeltaE|=6.649120e-01 slope_last3=-6.684388e-08/s
[2026-03-03T11:08:02Z] VQE heartbeat restart=1/16 elapsed_s=5697.7 calls=4496 |DeltaE|=6.649085e-01 best|DeltaE|=6.649085e-01 slope_last3=-5.889893e-08/s
[2026-03-03T11:09:02Z] VQE heartbeat restart=1/16 elapsed_s=5758.5 calls=4532 |DeltaE|=6.649027e-01 best|DeltaE|=6.649027e-01 slope_last3=-7.657086e-08/s
[2026-03-03T11:10:03Z] VQE heartbeat restart=1/16 elapsed_s=5819.2 calls=4573 |DeltaE|=6.648989e-01 best|DeltaE|=6.648989e-01 slope_last3=-7.898592e-08/s
[2026-03-03T11:11:04Z] VQE heartbeat restart=1/16 elapsed_s=5879.7 calls=4614 |DeltaE|=6.648954e-01 best|DeltaE|=6.648954e-01 slope_last3=-6.060346e-08/s
[2026-03-03T11:12:04Z] VQE heartbeat restart=1/16 elapsed_s=5940.5 calls=4656 |DeltaE|=6.648915e-01 best|DeltaE|=6.648914e-01 slope_last3=-6.220354e-08/s
[2026-03-03T11:13:05Z] VQE heartbeat restart=1/16 elapsed_s=6000.7 calls=4695 |DeltaE|=6.648872e-01 best|DeltaE|=6.648872e-01 slope_last3=-6.734037e-08/s
[2026-03-03T11:14:05Z] VQE heartbeat restart=1/16 elapsed_s=6061.2 calls=4732 |DeltaE|=6.648828e-01 best|DeltaE|=6.648826e-01 slope_last3=-7.214020e-08/s
[2026-03-03T11:15:06Z] VQE heartbeat restart=1/16 elapsed_s=6121.3 calls=4772 |DeltaE|=6.648791e-01 best|DeltaE|=6.648791e-01 slope_last3=-6.698818e-08/s
[2026-03-03T11:16:06Z] VQE heartbeat restart=1/16 elapsed_s=6182.2 calls=4809 |DeltaE|=6.648756e-01 best|DeltaE|=6.648756e-01 slope_last3=-5.849455e-08/s
[2026-03-03T11:17:06Z] VQE heartbeat restart=1/16 elapsed_s=6242.8 calls=4848 |DeltaE|=6.648720e-01 best|DeltaE|=6.648719e-01 slope_last3=-5.970932e-08/s
[2026-03-03T11:18:07Z] VQE heartbeat restart=1/16 elapsed_s=6303.0 calls=4885 |DeltaE|=6.648672e-01 best|DeltaE|=6.648672e-01 slope_last3=-6.925455e-08/s
[2026-03-03T11:19:08Z] VQE heartbeat restart=1/16 elapsed_s=6364.8 calls=4927 |DeltaE|=6.648636e-01 best|DeltaE|=6.648635e-01 slope_last3=-6.854101e-08/s
[2026-03-03T11:20:11Z] VQE heartbeat restart=1/16 elapsed_s=6426.2 calls=4966 |DeltaE|=6.648598e-01 best|DeltaE|=6.648598e-01 slope_last3=-5.974158e-08/s
[2026-03-03T11:21:10Z] VQE heartbeat restart=1/16 elapsed_s=6486.4 calls=5004 |DeltaE|=6.648550e-01 best|DeltaE|=6.648547e-01 slope_last3=-7.229108e-08/s
[2026-03-03T11:22:13Z] VQE heartbeat restart=1/16 elapsed_s=6548.1 calls=5044 |DeltaE|=6.648493e-01 best|DeltaE|=6.648493e-01 slope_last3=-8.609671e-08/s
[2026-03-03T11:23:12Z] VQE heartbeat restart=1/16 elapsed_s=6608.1 calls=5085 |DeltaE|=6.648454e-01 best|DeltaE|=6.648454e-01 slope_last3=-7.691721e-08/s
[2026-03-03T11:24:13Z] VQE heartbeat restart=1/16 elapsed_s=6669.4 calls=5126 |DeltaE|=6.648418e-01 best|DeltaE|=6.648418e-01 slope_last3=-6.218343e-08/s
[2026-03-03T11:25:15Z] VQE heartbeat restart=1/16 elapsed_s=6731.1 calls=5168 |DeltaE|=6.648371e-01 best|DeltaE|=6.648371e-01 slope_last3=-6.723320e-08/s
[2026-03-03T11:26:15Z] VQE heartbeat restart=1/16 elapsed_s=6791.9 calls=5208 |DeltaE|=6.648322e-01 best|DeltaE|=6.648322e-01 slope_last3=-7.813715e-08/s
[2026-03-03T11:27:16Z] VQE heartbeat restart=1/16 elapsed_s=6852.4 calls=5248 |DeltaE|=6.648289e-01 best|DeltaE|=6.648286e-01 slope_last3=-6.976910e-08/s
[2026-03-03T11:28:18Z] VQE heartbeat restart=1/16 elapsed_s=6914.0 calls=5291 |DeltaE|=6.648244e-01 best|DeltaE|=6.648244e-01 slope_last3=-6.399475e-08/s
[2026-03-03T11:29:19Z] VQE heartbeat restart=1/16 elapsed_s=6974.4 calls=5333 |DeltaE|=6.648207e-01 best|DeltaE|=6.648207e-01 slope_last3=-6.542634e-08/s
[2026-03-03T11:30:20Z] VQE heartbeat restart=1/16 elapsed_s=7036.0 calls=5374 |DeltaE|=6.648170e-01 best|DeltaE|=6.648169e-01 slope_last3=-6.189011e-08/s
[2026-03-03T11:31:22Z] VQE heartbeat restart=1/16 elapsed_s=7097.6 calls=5416 |DeltaE|=6.648125e-01 best|DeltaE|=6.648125e-01 slope_last3=-6.657733e-08/s
[2026-03-03T11:32:23Z] VQE heartbeat restart=1/16 elapsed_s=7158.2 calls=5458 |DeltaE|=6.648086e-01 best|DeltaE|=6.648086e-01 slope_last3=-6.778321e-08/s
[2026-03-03T11:33:23Z] VQE heartbeat restart=1/16 elapsed_s=7219.4 calls=5497 |DeltaE|=6.648042e-01 best|DeltaE|=6.648042e-01 slope_last3=-6.758827e-08/s
[2026-03-03T11:34:25Z] VQE heartbeat restart=1/16 elapsed_s=7280.7 calls=5537 |DeltaE|=6.647993e-01 best|DeltaE|=6.647993e-01 slope_last3=-7.561206e-08/s
[2026-03-03T11:35:25Z] VQE heartbeat restart=1/16 elapsed_s=7341.2 calls=5578 |DeltaE|=6.647958e-01 best|DeltaE|=6.647958e-01 slope_last3=-6.888057e-08/s
[2026-03-03T11:36:26Z] VQE heartbeat restart=1/16 elapsed_s=7402.0 calls=5618 |DeltaE|=6.647917e-01 best|DeltaE|=6.647917e-01 slope_last3=-6.263914e-08/s
[2026-03-03T11:37:26Z] VQE heartbeat restart=1/16 elapsed_s=7462.1 calls=5657 |DeltaE|=6.647876e-01 best|DeltaE|=6.647876e-01 slope_last3=-6.814853e-08/s
[2026-03-03T11:38:27Z] VQE heartbeat restart=1/16 elapsed_s=7523.4 calls=5696 |DeltaE|=6.647822e-01 best|DeltaE|=6.647822e-01 slope_last3=-7.875505e-08/s
[2026-03-03T11:39:28Z] VQE heartbeat restart=1/16 elapsed_s=7584.7 calls=5739 |DeltaE|=6.647787e-01 best|DeltaE|=6.647785e-01 slope_last3=-7.409380e-08/s
[2026-03-03T11:40:29Z] VQE heartbeat restart=1/16 elapsed_s=7644.7 calls=5782 |DeltaE|=6.647749e-01 best|DeltaE|=6.647749e-01 slope_last3=-5.975081e-08/s
[2026-03-03T11:41:30Z] VQE heartbeat restart=1/16 elapsed_s=7705.6 calls=5822 |DeltaE|=6.647705e-01 best|DeltaE|=6.647705e-01 slope_last3=-6.581472e-08/s
[2026-03-03T11:42:31Z] VQE heartbeat restart=1/16 elapsed_s=7766.8 calls=5865 |DeltaE|=6.647666e-01 best|DeltaE|=6.647666e-01 slope_last3=-6.792524e-08/s
[2026-03-03T11:43:31Z] VQE heartbeat restart=1/16 elapsed_s=7827.5 calls=5908 |DeltaE|=6.647636e-01 best|DeltaE|=6.647635e-01 slope_last3=-5.796376e-08/s
[2026-03-03T11:44:32Z] VQE heartbeat restart=1/16 elapsed_s=7887.8 calls=5949 |DeltaE|=6.647600e-01 best|DeltaE|=6.647600e-01 slope_last3=-5.436391e-08/s
[2026-03-03T11:45:34Z] VQE heartbeat restart=1/16 elapsed_s=7949.6 calls=5989 |DeltaE|=6.647558e-01 best|DeltaE|=6.647558e-01 slope_last3=-6.265160e-08/s
[2026-03-03T11:46:34Z] VQE heartbeat restart=1/16 elapsed_s=8010.1 calls=6025 |DeltaE|=6.647510e-01 best|DeltaE|=6.647510e-01 slope_last3=-7.353512e-08/s
[2026-03-03T11:47:34Z] VQE heartbeat restart=1/16 elapsed_s=8070.7 calls=6066 |DeltaE|=6.647481e-01 best|DeltaE|=6.647479e-01 slope_last3=-6.526855e-08/s
[2026-03-03T11:48:36Z] VQE heartbeat restart=1/16 elapsed_s=8131.6 calls=6108 |DeltaE|=6.647434e-01 best|DeltaE|=6.647434e-01 slope_last3=-6.280906e-08/s
[2026-03-03T11:49:35Z] VQE heartbeat restart=1/16 elapsed_s=8191.8 calls=6147 |DeltaE|=6.647398e-01 best|DeltaE|=6.647397e-01 slope_last3=-6.795356e-08/s
[2026-03-03T11:50:37Z] VQE heartbeat restart=1/16 elapsed_s=8252.6 calls=6186 |DeltaE|=6.647344e-01 best|DeltaE|=6.647344e-01 slope_last3=-7.474330e-08/s
[2026-03-03T11:51:36Z] VQE heartbeat restart=1/16 elapsed_s=8312.9 calls=6223 |DeltaE|=6.647292e-01 best|DeltaE|=6.647289e-01 slope_last3=-8.958238e-08/s
[2026-03-03T11:52:38Z] VQE heartbeat restart=1/16 elapsed_s=8374.3 calls=6267 |DeltaE|=6.647252e-01 best|DeltaE|=6.647250e-01 slope_last3=-7.726452e-08/s
[2026-03-03T11:53:39Z] VQE heartbeat restart=1/16 elapsed_s=8435.6 calls=6310 |DeltaE|=6.647222e-01 best|DeltaE|=6.647221e-01 slope_last3=-5.488936e-08/s
[2026-03-03T11:54:40Z] VQE heartbeat restart=1/16 elapsed_s=8496.1 calls=6353 |DeltaE|=6.647188e-01 best|DeltaE|=6.647188e-01 slope_last3=-5.055847e-08/s
[2026-03-03T11:55:40Z] VQE heartbeat restart=1/16 elapsed_s=8556.4 calls=6392 |DeltaE|=6.647158e-01 best|DeltaE|=6.647156e-01 slope_last3=-5.377150e-08/s
[2026-03-03T11:56:40Z] VQE heartbeat restart=1/16 elapsed_s=8616.4 calls=6435 |DeltaE|=6.647123e-01 best|DeltaE|=6.647123e-01 slope_last3=-5.407772e-08/s
[2026-03-03T11:57:42Z] VQE heartbeat restart=1/16 elapsed_s=8677.9 calls=6476 |DeltaE|=6.647090e-01 best|DeltaE|=6.647089e-01 slope_last3=-5.492926e-08/s
[2026-03-03T11:58:44Z] VQE heartbeat restart=1/16 elapsed_s=8739.5 calls=6519 |DeltaE|=6.647047e-01 best|DeltaE|=6.647047e-01 slope_last3=-6.159738e-08/s
[2026-03-03T11:59:44Z] VQE heartbeat restart=1/16 elapsed_s=8799.7 calls=6561 |DeltaE|=6.647018e-01 best|DeltaE|=6.647018e-01 slope_last3=-5.828439e-08/s
[2026-03-03T12:00:44Z] VQE heartbeat restart=1/16 elapsed_s=8859.9 calls=6602 |DeltaE|=6.646984e-01 best|DeltaE|=6.646984e-01 slope_last3=-5.253706e-08/s
[2026-03-03T12:01:45Z] VQE heartbeat restart=1/16 elapsed_s=8921.2 calls=6644 |DeltaE|=6.646951e-01 best|DeltaE|=6.646950e-01 slope_last3=-5.612932e-08/s
[2026-03-03T12:02:45Z] VQE heartbeat restart=1/16 elapsed_s=8981.3 calls=6683 |DeltaE|=6.646913e-01 best|DeltaE|=6.646912e-01 slope_last3=-5.896573e-08/s
[2026-03-03T12:03:47Z] VQE heartbeat restart=1/16 elapsed_s=9043.0 calls=6727 |DeltaE|=6.646880e-01 best|DeltaE|=6.646880e-01 slope_last3=-5.809442e-08/s
[2026-03-03T12:04:47Z] VQE heartbeat restart=1/16 elapsed_s=9103.1 calls=6772 |DeltaE|=6.646850e-01 best|DeltaE|=6.646850e-01 slope_last3=-5.144094e-08/s
[2026-03-03T12:05:47Z] VQE heartbeat restart=1/16 elapsed_s=9164.0 calls=6813 |DeltaE|=6.646819e-01 best|DeltaE|=6.646819e-01 slope_last3=-4.975866e-08/s
[2026-03-03T12:06:49Z] VQE heartbeat restart=1/16 elapsed_s=9224.3 calls=6853 |DeltaE|=6.646785e-01 best|DeltaE|=6.646785e-01 slope_last3=-5.382124e-08/s
[2026-03-03T12:07:48Z] VQE heartbeat restart=1/16 elapsed_s=9284.4 calls=6894 |DeltaE|=6.646757e-01 best|DeltaE|=6.646756e-01 slope_last3=-5.293978e-08/s
[2026-03-03T12:08:49Z] VQE heartbeat restart=1/16 elapsed_s=9345.8 calls=6939 |DeltaE|=6.646724e-01 best|DeltaE|=6.646723e-01 slope_last3=-5.054181e-08/s
[2026-03-03T12:09:50Z] VQE heartbeat restart=1/16 elapsed_s=9406.8 calls=6981 |DeltaE|=6.646697e-01 best|DeltaE|=6.646696e-01 slope_last3=-4.872549e-08/s
[2026-03-03T12:10:52Z] VQE heartbeat restart=1/16 elapsed_s=9467.4 calls=7024 |DeltaE|=6.646667e-01 best|DeltaE|=6.646667e-01 slope_last3=-4.592481e-08/s
[2026-03-03T12:11:52Z] VQE heartbeat restart=1/16 elapsed_s=9527.9 calls=7067 |DeltaE|=6.646633e-01 best|DeltaE|=6.646633e-01 slope_last3=-5.157889e-08/s
[2026-03-03T12:12:54Z] VQE heartbeat restart=1/16 elapsed_s=9589.3 calls=7110 |DeltaE|=6.646603e-01 best|DeltaE|=6.646603e-01 slope_last3=-5.296013e-08/s
[2026-03-03T12:13:53Z] VQE heartbeat restart=1/16 elapsed_s=9649.4 calls=7152 |DeltaE|=6.646573e-01 best|DeltaE|=6.646572e-01 slope_last3=-5.090267e-08/s
[2026-03-03T12:14:53Z] VQE heartbeat restart=1/16 elapsed_s=9709.6 calls=7190 |DeltaE|=6.646514e-01 best|DeltaE|=6.646514e-01 slope_last3=-7.402999e-08/s
[2026-03-03T12:15:54Z] VQE heartbeat restart=1/16 elapsed_s=9769.8 calls=7230 |DeltaE|=6.646481e-01 best|DeltaE|=6.646481e-01 slope_last3=-7.519137e-08/s
[2026-03-03T12:16:56Z] VQE heartbeat restart=1/16 elapsed_s=9831.2 calls=7274 |DeltaE|=6.646452e-01 best|DeltaE|=6.646452e-01 slope_last3=-5.093706e-08/s
[2026-03-03T12:17:57Z] VQE heartbeat restart=1/16 elapsed_s=9892.9 calls=7317 |DeltaE|=6.646416e-01 best|DeltaE|=6.646416e-01 slope_last3=-5.253939e-08/s
[2026-03-03T12:18:57Z] VQE heartbeat restart=1/16 elapsed_s=9953.1 calls=7357 |DeltaE|=6.646384e-01 best|DeltaE|=6.646384e-01 slope_last3=-5.588847e-08/s
[2026-03-03T12:19:57Z] VQE heartbeat restart=1/16 elapsed_s=10013.5 calls=7398 |DeltaE|=6.646358e-01 best|DeltaE|=6.646356e-01 slope_last3=-5.041712e-08/s
[2026-03-03T12:20:59Z] VQE heartbeat restart=1/16 elapsed_s=10075.1 calls=7441 |DeltaE|=6.646322e-01 best|DeltaE|=6.646322e-01 slope_last3=-5.062631e-08/s
[2026-03-03T12:22:00Z] VQE heartbeat restart=1/16 elapsed_s=10136.1 calls=7484 |DeltaE|=6.646297e-01 best|DeltaE|=6.646296e-01 slope_last3=-4.827593e-08/s
[2026-03-03T12:23:02Z] VQE heartbeat restart=1/16 elapsed_s=10197.2 calls=7529 |DeltaE|=6.646273e-01 best|DeltaE|=6.646273e-01 slope_last3=-4.010454e-08/s
[2026-03-03T12:24:02Z] VQE heartbeat restart=1/16 elapsed_s=10257.9 calls=7570 |DeltaE|=6.646240e-01 best|DeltaE|=6.646240e-01 slope_last3=-4.664874e-08/s
[2026-03-03T12:25:02Z] VQE heartbeat restart=1/16 elapsed_s=10317.9 calls=7611 |DeltaE|=6.646211e-01 best|DeltaE|=6.646211e-01 slope_last3=-5.134981e-08/s
[2026-03-03T12:26:03Z] VQE heartbeat restart=1/16 elapsed_s=10379.1 calls=7654 |DeltaE|=6.646182e-01 best|DeltaE|=6.646182e-01 slope_last3=-4.779663e-08/s
[2026-03-03T12:27:03Z] VQE heartbeat restart=1/16 elapsed_s=10439.7 calls=7697 |DeltaE|=6.646157e-01 best|DeltaE|=6.646156e-01 slope_last3=-4.483739e-08/s
[2026-03-03T12:28:05Z] VQE heartbeat restart=1/16 elapsed_s=10501.1 calls=7740 |DeltaE|=6.646126e-01 best|DeltaE|=6.646126e-01 slope_last3=-4.556599e-08/s
[2026-03-03T12:29:05Z] VQE heartbeat restart=1/16 elapsed_s=10561.7 calls=7782 |DeltaE|=6.646098e-01 best|DeltaE|=6.646097e-01 slope_last3=-4.841460e-08/s
[2026-03-03T12:30:06Z] VQE heartbeat restart=1/16 elapsed_s=10622.2 calls=7826 |DeltaE|=6.646071e-01 best|DeltaE|=6.646071e-01 slope_last3=-4.519677e-08/s
[2026-03-03T12:31:07Z] VQE heartbeat restart=1/16 elapsed_s=10682.9 calls=7868 |DeltaE|=6.646052e-01 best|DeltaE|=6.646052e-01 slope_last3=-3.700586e-08/s
[2026-03-03T12:32:09Z] VQE heartbeat restart=1/16 elapsed_s=10744.5 calls=7910 |DeltaE|=6.646038e-01 best|DeltaE|=6.646038e-01 slope_last3=-2.767508e-08/s
[2026-03-03T12:33:09Z] VQE heartbeat restart=1/16 elapsed_s=10804.9 calls=7948 |DeltaE|=6.646022e-01 best|DeltaE|=6.646022e-01 slope_last3=-2.520233e-08/s
[2026-03-03T12:34:10Z] VQE heartbeat restart=1/16 elapsed_s=10865.1 calls=7984 |DeltaE|=6.646004e-01 best|DeltaE|=6.646004e-01 slope_last3=-2.785440e-08/s
[2026-03-03T12:35:10Z] VQE heartbeat restart=1/16 elapsed_s=10925.2 calls=8023 |DeltaE|=6.645989e-01 best|DeltaE|=6.645989e-01 slope_last3=-2.699412e-08/s
[2026-03-03T12:36:11Z] VQE heartbeat restart=1/16 elapsed_s=10985.9 calls=8058 |DeltaE|=6.645967e-01 best|DeltaE|=6.645967e-01 slope_last3=-3.040685e-08/s
[2026-03-03T12:37:10Z] VQE heartbeat restart=1/16 elapsed_s=11046.5 calls=8095 |DeltaE|=6.645953e-01 best|DeltaE|=6.645953e-01 slope_last3=-2.986095e-08/s
[2026-03-03T12:38:12Z] VQE heartbeat restart=1/16 elapsed_s=11108.0 calls=8134 |DeltaE|=6.645936e-01 best|DeltaE|=6.645936e-01 slope_last3=-2.516548e-08/s
[2026-03-03T12:39:12Z] VQE heartbeat restart=1/16 elapsed_s=11168.3 calls=8170 |DeltaE|=6.645919e-01 best|DeltaE|=6.645919e-01 slope_last3=-2.756663e-08/s
[2026-03-03T12:40:14Z] VQE heartbeat restart=1/16 elapsed_s=11229.5 calls=8210 |DeltaE|=6.645905e-01 best|DeltaE|=6.645905e-01 slope_last3=-2.602745e-08/s
[2026-03-03T12:41:15Z] VQE heartbeat restart=1/16 elapsed_s=11290.3 calls=8247 |DeltaE|=6.645886e-01 best|DeltaE|=6.645886e-01 slope_last3=-2.735387e-08/s
[2026-03-03T12:42:15Z] VQE heartbeat restart=1/16 elapsed_s=11351.4 calls=8286 |DeltaE|=6.645870e-01 best|DeltaE|=6.645870e-01 slope_last3=-2.882042e-08/s
[2026-03-03T12:43:16Z] VQE heartbeat restart=1/16 elapsed_s=11412.4 calls=8325 |DeltaE|=6.645856e-01 best|DeltaE|=6.645855e-01 slope_last3=-2.509717e-08/s
[2026-03-03T12:44:18Z] VQE heartbeat restart=1/16 elapsed_s=11473.2 calls=8363 |DeltaE|=6.645838e-01 best|DeltaE|=6.645838e-01 slope_last3=-2.610150e-08/s
[2026-03-03T12:45:18Z] VQE heartbeat restart=1/16 elapsed_s=11533.9 calls=8401 |DeltaE|=6.645822e-01 best|DeltaE|=6.645822e-01 slope_last3=-2.718544e-08/s
[2026-03-03T12:46:19Z] VQE heartbeat restart=1/16 elapsed_s=11594.2 calls=8440 |DeltaE|=6.645808e-01 best|DeltaE|=6.645808e-01 slope_last3=-2.465717e-08/s
[2026-03-03T12:47:19Z] VQE heartbeat restart=1/16 elapsed_s=11655.0 calls=8478 |DeltaE|=6.645793e-01 best|DeltaE|=6.645793e-01 slope_last3=-2.449055e-08/s
[2026-03-03T12:48:21Z] VQE heartbeat restart=1/16 elapsed_s=11716.5 calls=8515 |DeltaE|=6.645775e-01 best|DeltaE|=6.645775e-01 slope_last3=-2.727132e-08/s
[2026-03-03T12:49:22Z] VQE heartbeat restart=1/16 elapsed_s=11778.3 calls=8555 |DeltaE|=6.645761e-01 best|DeltaE|=6.645761e-01 slope_last3=-2.591131e-08/s
[2026-03-03T12:50:24Z] VQE heartbeat restart=1/16 elapsed_s=11839.9 calls=8593 |DeltaE|=6.645745e-01 best|DeltaE|=6.645745e-01 slope_last3=-2.448552e-08/s
[2026-03-03T12:51:24Z] VQE heartbeat restart=1/16 elapsed_s=11900.7 calls=8631 |DeltaE|=6.645732e-01 best|DeltaE|=6.645732e-01 slope_last3=-2.362930e-08/s
[2026-03-03T12:52:26Z] VQE heartbeat restart=1/16 elapsed_s=11962.5 calls=8668 |DeltaE|=6.645717e-01 best|DeltaE|=6.645717e-01 slope_last3=-2.279485e-08/s
[2026-03-03T12:53:27Z] VQE heartbeat restart=1/16 elapsed_s=12022.8 calls=8708 |DeltaE|=6.645701e-01 best|DeltaE|=6.645701e-01 slope_last3=-2.542278e-08/s
[2026-03-03T12:54:27Z] VQE heartbeat restart=1/16 elapsed_s=12083.1 calls=8746 |DeltaE|=6.645689e-01 best|DeltaE|=6.645688e-01 slope_last3=-2.332309e-08/s
[2026-03-03T12:55:29Z] VQE heartbeat restart=1/16 elapsed_s=12144.1 calls=8784 |DeltaE|=6.645674e-01 best|DeltaE|=6.645674e-01 slope_last3=-2.225671e-08/s
[2026-03-03T12:56:29Z] VQE heartbeat restart=1/16 elapsed_s=12204.1 calls=8817 |DeltaE|=6.645652e-01 best|DeltaE|=6.645652e-01 slope_last3=-2.990089e-08/s
[2026-03-03T12:57:29Z] VQE heartbeat restart=1/16 elapsed_s=12265.6 calls=8853 |DeltaE|=6.645636e-01 best|DeltaE|=6.645636e-01 slope_last3=-3.085149e-08/s
[2026-03-03T12:58:32Z] VQE heartbeat restart=1/16 elapsed_s=12327.2 calls=8890 |DeltaE|=6.645622e-01 best|DeltaE|=6.645622e-01 slope_last3=-2.492062e-08/s
[2026-03-03T12:59:31Z] VQE heartbeat restart=1/16 elapsed_s=12387.5 calls=8930 |DeltaE|=6.645608e-01 best|DeltaE|=6.645608e-01 slope_last3=-2.330954e-08/s
[2026-03-03T13:00:32Z] VQE heartbeat restart=1/16 elapsed_s=12447.9 calls=8968 |DeltaE|=6.645595e-01 best|DeltaE|=6.645595e-01 slope_last3=-2.202043e-08/s
[2026-03-03T13:01:33Z] VQE heartbeat restart=1/16 elapsed_s=12508.8 calls=9008 |DeltaE|=6.645583e-01 best|DeltaE|=6.645583e-01 slope_last3=-2.056816e-08/s
[2026-03-03T13:02:33Z] VQE heartbeat restart=1/16 elapsed_s=12569.1 calls=9047 |DeltaE|=6.645571e-01 best|DeltaE|=6.645571e-01 slope_last3=-1.942363e-08/s
[2026-03-03T13:03:35Z] VQE heartbeat restart=1/16 elapsed_s=12630.3 calls=9085 |DeltaE|=6.645560e-01 best|DeltaE|=6.645560e-01 slope_last3=-1.894733e-08/s
[2026-03-03T13:04:34Z] VQE heartbeat restart=1/16 elapsed_s=12690.5 calls=9122 |DeltaE|=6.645549e-01 best|DeltaE|=6.645548e-01 slope_last3=-1.910284e-08/s
[2026-03-03T13:05:36Z] VQE heartbeat restart=1/16 elapsed_s=12751.3 calls=9159 |DeltaE|=6.645532e-01 best|DeltaE|=6.645532e-01 slope_last3=-2.316260e-08/s
[2026-03-03T13:06:36Z] VQE heartbeat restart=1/16 elapsed_s=12811.7 calls=9196 |DeltaE|=6.645520e-01 best|DeltaE|=6.645520e-01 slope_last3=-2.347447e-08/s
[2026-03-03T13:07:37Z] VQE heartbeat restart=1/16 elapsed_s=12872.3 calls=9236 |DeltaE|=6.645510e-01 best|DeltaE|=6.645510e-01 slope_last3=-1.771899e-08/s
[2026-03-03T13:08:38Z] VQE heartbeat restart=1/16 elapsed_s=12933.4 calls=9275 |DeltaE|=6.645501e-01 best|DeltaE|=6.645501e-01 slope_last3=-1.537514e-08/s
[2026-03-03T13:09:39Z] VQE heartbeat restart=1/16 elapsed_s=12994.8 calls=9312 |DeltaE|=6.645489e-01 best|DeltaE|=6.645489e-01 slope_last3=-1.759202e-08/s
[2026-03-03T13:10:39Z] VQE heartbeat restart=1/16 elapsed_s=13055.2 calls=9350 |DeltaE|=6.645477e-01 best|DeltaE|=6.645477e-01 slope_last3=-1.982148e-08/s
[2026-03-03T13:11:39Z] VQE heartbeat restart=1/16 elapsed_s=13115.7 calls=9387 |DeltaE|=6.645463e-01 best|DeltaE|=6.645462e-01 slope_last3=-2.226382e-08/s
[2026-03-03T13:12:40Z] VQE heartbeat restart=1/16 elapsed_s=13176.7 calls=9426 |DeltaE|=6.645450e-01 best|DeltaE|=6.645450e-01 slope_last3=-2.240363e-08/s
[2026-03-03T13:13:41Z] VQE heartbeat restart=1/16 elapsed_s=13237.6 calls=9465 |DeltaE|=6.645438e-01 best|DeltaE|=6.645438e-01 slope_last3=-2.002380e-08/s
[2026-03-03T13:14:44Z] VQE heartbeat restart=1/16 elapsed_s=13299.3 calls=9506 |DeltaE|=6.645427e-01 best|DeltaE|=6.645427e-01 slope_last3=-1.864186e-08/s
[2026-03-03T13:15:44Z] VQE heartbeat restart=1/16 elapsed_s=13359.9 calls=9543 |DeltaE|=6.645413e-01 best|DeltaE|=6.645413e-01 slope_last3=-2.033626e-08/s
[2026-03-03T13:16:45Z] VQE heartbeat restart=1/16 elapsed_s=13420.2 calls=9582 |DeltaE|=6.645401e-01 best|DeltaE|=6.645401e-01 slope_last3=-2.128353e-08/s
[2026-03-03T13:17:45Z] VQE heartbeat restart=1/16 elapsed_s=13481.1 calls=9622 |DeltaE|=6.645389e-01 best|DeltaE|=6.645389e-01 slope_last3=-1.924364e-08/s
[2026-03-03T13:18:46Z] VQE heartbeat restart=1/16 elapsed_s=13541.4 calls=9660 |DeltaE|=6.645379e-01 best|DeltaE|=6.645379e-01 slope_last3=-1.845879e-08/s
[2026-03-03T13:19:46Z] VQE heartbeat restart=1/16 elapsed_s=13601.7 calls=9700 |DeltaE|=6.645370e-01 best|DeltaE|=6.645370e-01 slope_last3=-1.621475e-08/s
[2026-03-03T13:20:47Z] VQE heartbeat restart=1/16 elapsed_s=13663.0 calls=9739 |DeltaE|=6.645360e-01 best|DeltaE|=6.645360e-01 slope_last3=-1.569445e-08/s
[2026-03-03T13:21:48Z] VQE heartbeat restart=1/16 elapsed_s=13724.7 calls=9777 |DeltaE|=6.645349e-01 best|DeltaE|=6.645348e-01 slope_last3=-1.740604e-08/s
[2026-03-03T13:22:50Z] VQE heartbeat restart=1/16 elapsed_s=13785.1 calls=9819 |DeltaE|=6.645339e-01 best|DeltaE|=6.645339e-01 slope_last3=-1.693702e-08/s
[2026-03-03T13:23:49Z] VQE heartbeat restart=1/16 elapsed_s=13845.6 calls=9857 |DeltaE|=6.645328e-01 best|DeltaE|=6.645328e-01 slope_last3=-1.671953e-08/s
[2026-03-03T13:24:52Z] VQE heartbeat restart=1/16 elapsed_s=13907.3 calls=9897 |DeltaE|=6.645317e-01 best|DeltaE|=6.645317e-01 slope_last3=-1.832237e-08/s
[2026-03-03T13:25:53Z] VQE heartbeat restart=1/16 elapsed_s=13969.1 calls=9936 |DeltaE|=6.645306e-01 best|DeltaE|=6.645306e-01 slope_last3=-1.791824e-08/s
[2026-03-03T13:26:54Z] VQE heartbeat restart=1/16 elapsed_s=14030.7 calls=9976 |DeltaE|=6.645297e-01 best|DeltaE|=6.645296e-01 slope_last3=-1.656396e-08/s
[2026-03-03T13:27:56Z] VQE heartbeat restart=1/16 elapsed_s=14091.2 calls=10014 |DeltaE|=6.645286e-01 best|DeltaE|=6.645286e-01 slope_last3=-1.675815e-08/s
[2026-03-03T13:28:55Z] VQE heartbeat restart=1/16 elapsed_s=14151.6 calls=10053 |DeltaE|=6.645278e-01 best|DeltaE|=6.645278e-01 slope_last3=-1.512468e-08/s
[2026-03-03T13:29:57Z] VQE heartbeat restart=1/16 elapsed_s=14212.2 calls=10090 |DeltaE|=6.645268e-01 best|DeltaE|=6.645268e-01 slope_last3=-1.433193e-08/s
[2026-03-03T13:30:57Z] VQE heartbeat restart=1/16 elapsed_s=14272.9 calls=10131 |DeltaE|=6.645261e-01 best|DeltaE|=6.645261e-01 slope_last3=-1.401844e-08/s
[2026-03-03T13:31:58Z] VQE heartbeat restart=1/16 elapsed_s=14334.6 calls=10169 |DeltaE|=6.645250e-01 best|DeltaE|=6.645249e-01 slope_last3=-1.565988e-08/s
[2026-03-03T13:32:59Z] VQE heartbeat restart=1/16 elapsed_s=14394.7 calls=10208 |DeltaE|=6.645236e-01 best|DeltaE|=6.645236e-01 slope_last3=-2.053577e-08/s
[2026-03-03T13:34:00Z] VQE heartbeat restart=1/16 elapsed_s=14455.8 calls=10247 |DeltaE|=6.645227e-01 best|DeltaE|=6.645227e-01 slope_last3=-1.801891e-08/s
[2026-03-03T13:35:01Z] VQE heartbeat restart=1/16 elapsed_s=14517.2 calls=10287 |DeltaE|=6.645215e-01 best|DeltaE|=6.645215e-01 slope_last3=-1.677837e-08/s
[2026-03-03T13:36:03Z] VQE heartbeat restart=1/16 elapsed_s=14578.5 calls=10325 |DeltaE|=6.645202e-01 best|DeltaE|=6.645202e-01 slope_last3=-2.056592e-08/s
[2026-03-03T13:37:03Z] VQE heartbeat restart=1/16 elapsed_s=14639.2 calls=10364 |DeltaE|=6.645193e-01 best|DeltaE|=6.645193e-01 slope_last3=-1.799669e-08/s
[2026-03-03T13:38:05Z] VQE heartbeat restart=1/16 elapsed_s=14700.2 calls=10404 |DeltaE|=6.645183e-01 best|DeltaE|=6.645183e-01 slope_last3=-1.568370e-08/s
[2026-03-03T13:39:06Z] VQE heartbeat restart=1/16 elapsed_s=14761.2 calls=10443 |DeltaE|=6.645170e-01 best|DeltaE|=6.645170e-01 slope_last3=-1.915230e-08/s
[2026-03-03T13:40:06Z] VQE heartbeat restart=1/16 elapsed_s=14821.9 calls=10482 |DeltaE|=6.645160e-01 best|DeltaE|=6.645160e-01 slope_last3=-1.848478e-08/s
[2026-03-03T13:41:06Z] VQE heartbeat restart=1/16 elapsed_s=14882.0 calls=10524 |DeltaE|=6.645151e-01 best|DeltaE|=6.645151e-01 slope_last3=-1.585912e-08/s
[2026-03-03T13:42:07Z] VQE heartbeat restart=1/16 elapsed_s=14942.2 calls=10565 |DeltaE|=6.645142e-01 best|DeltaE|=6.645142e-01 slope_last3=-1.550892e-08/s
[2026-03-03T13:43:06Z] VQE heartbeat restart=1/16 elapsed_s=15002.3 calls=10603 |DeltaE|=6.645131e-01 best|DeltaE|=6.645130e-01 slope_last3=-1.704239e-08/s
[2026-03-03T13:44:07Z] VQE heartbeat restart=1/16 elapsed_s=15062.6 calls=10646 |DeltaE|=6.645120e-01 best|DeltaE|=6.645120e-01 slope_last3=-1.789768e-08/s
[2026-03-03T13:45:07Z] VQE heartbeat restart=1/16 elapsed_s=15123.5 calls=10687 |DeltaE|=6.645112e-01 best|DeltaE|=6.645112e-01 slope_last3=-1.496652e-08/s
[2026-03-03T13:46:07Z] VQE heartbeat restart=1/16 elapsed_s=15183.6 calls=10728 |DeltaE|=6.645105e-01 best|DeltaE|=6.645105e-01 slope_last3=-1.282161e-08/s
[2026-03-03T13:47:08Z] VQE heartbeat restart=1/16 elapsed_s=15244.3 calls=10767 |DeltaE|=6.645091e-01 best|DeltaE|=6.645091e-01 slope_last3=-1.758823e-08/s
[2026-03-03T13:48:09Z] VQE heartbeat restart=1/16 elapsed_s=15305.0 calls=10807 |DeltaE|=6.645082e-01 best|DeltaE|=6.645082e-01 slope_last3=-1.857600e-08/s
[2026-03-03T13:49:10Z] VQE heartbeat restart=1/16 elapsed_s=15365.2 calls=10846 |DeltaE|=6.645068e-01 best|DeltaE|=6.645068e-01 slope_last3=-1.859175e-08/s
[2026-03-03T13:50:10Z] VQE heartbeat restart=1/16 elapsed_s=15425.9 calls=10887 |DeltaE|=6.645058e-01 best|DeltaE|=6.645058e-01 slope_last3=-1.967644e-08/s
[2026-03-03T13:51:11Z] VQE heartbeat restart=1/16 elapsed_s=15486.3 calls=10929 |DeltaE|=6.645049e-01 best|DeltaE|=6.645049e-01 slope_last3=-1.649372e-08/s
[2026-03-03T13:52:11Z] VQE heartbeat restart=1/16 elapsed_s=15546.8 calls=10970 |DeltaE|=6.645041e-01 best|DeltaE|=6.645041e-01 slope_last3=-1.440745e-08/s
[2026-03-03T13:53:12Z] VQE heartbeat restart=1/16 elapsed_s=15607.6 calls=11012 |DeltaE|=6.645031e-01 best|DeltaE|=6.645031e-01 slope_last3=-1.419364e-08/s
[2026-03-03T13:54:12Z] VQE heartbeat restart=1/16 elapsed_s=15668.4 calls=11056 |DeltaE|=6.645024e-01 best|DeltaE|=6.645024e-01 slope_last3=-1.404122e-08/s
[2026-03-03T13:55:14Z] VQE heartbeat restart=1/16 elapsed_s=15729.1 calls=11097 |DeltaE|=6.645015e-01 best|DeltaE|=6.645015e-01 slope_last3=-1.316417e-08/s
[2026-03-03T13:56:13Z] VQE heartbeat restart=1/16 elapsed_s=15789.4 calls=11139 |DeltaE|=6.645008e-01 best|DeltaE|=6.645008e-01 slope_last3=-1.315880e-08/s
[2026-03-03T13:57:14Z] VQE heartbeat restart=1/16 elapsed_s=15850.3 calls=11181 |DeltaE|=6.645001e-01 best|DeltaE|=6.645001e-01 slope_last3=-1.185977e-08/s
[2026-03-03T13:58:15Z] VQE heartbeat restart=1/16 elapsed_s=15911.7 calls=11219 |DeltaE|=6.644992e-01 best|DeltaE|=6.644991e-01 slope_last3=-1.381238e-08/s
[2026-03-03T13:59:17Z] VQE heartbeat restart=1/16 elapsed_s=15972.4 calls=11264 |DeltaE|=6.644984e-01 best|DeltaE|=6.644984e-01 slope_last3=-1.422117e-08/s
[2026-03-03T14:00:17Z] VQE heartbeat restart=1/16 elapsed_s=16033.7 calls=11307 |DeltaE|=6.644976e-01 best|DeltaE|=6.644975e-01 slope_last3=-1.284934e-08/s
[2026-03-03T14:01:20Z] VQE heartbeat restart=1/16 elapsed_s=16095.4 calls=11350 |DeltaE|=6.644964e-01 best|DeltaE|=6.644964e-01 slope_last3=-1.572220e-08/s
[2026-03-03T14:02:21Z] VQE heartbeat restart=1/16 elapsed_s=16157.1 calls=11393 |DeltaE|=6.644956e-01 best|DeltaE|=6.644956e-01 slope_last3=-1.570601e-08/s
[2026-03-03T14:03:22Z] VQE heartbeat restart=1/16 elapsed_s=16218.1 calls=11433 |DeltaE|=6.644945e-01 best|DeltaE|=6.644945e-01 slope_last3=-1.556974e-08/s
[2026-03-03T14:04:23Z] VQE heartbeat restart=1/16 elapsed_s=16278.4 calls=11476 |DeltaE|=6.644937e-01 best|DeltaE|=6.644937e-01 slope_last3=-1.530974e-08/s
[2026-03-03T14:05:23Z] VQE heartbeat restart=1/16 elapsed_s=16338.6 calls=11519 |DeltaE|=6.644930e-01 best|DeltaE|=6.644930e-01 slope_last3=-1.239039e-08/s
[2026-03-03T14:06:24Z] VQE heartbeat restart=1/16 elapsed_s=16400.1 calls=11562 |DeltaE|=6.644923e-01 best|DeltaE|=6.644923e-01 slope_last3=-1.170406e-08/s
[2026-03-03T14:07:25Z] VQE heartbeat restart=1/16 elapsed_s=16460.5 calls=11606 |DeltaE|=6.644916e-01 best|DeltaE|=6.644916e-01 slope_last3=-1.133965e-08/s
[2026-03-03T14:08:26Z] VQE heartbeat restart=1/16 elapsed_s=16521.4 calls=11647 |DeltaE|=6.644908e-01 best|DeltaE|=6.644908e-01 slope_last3=-1.282526e-08/s
[2026-03-03T14:09:27Z] VQE heartbeat restart=1/16 elapsed_s=16582.3 calls=11689 |DeltaE|=6.644899e-01 best|DeltaE|=6.644899e-01 slope_last3=-1.419597e-08/s
[2026-03-03T14:10:27Z] VQE heartbeat restart=1/16 elapsed_s=16643.2 calls=11731 |DeltaE|=6.644893e-01 best|DeltaE|=6.644892e-01 slope_last3=-1.261812e-08/s
[2026-03-03T14:11:29Z] VQE heartbeat restart=1/16 elapsed_s=16705.0 calls=11774 |DeltaE|=6.644883e-01 best|DeltaE|=6.644883e-01 slope_last3=-1.295246e-08/s
[2026-03-03T14:12:30Z] VQE heartbeat restart=1/16 elapsed_s=16765.6 calls=11816 |DeltaE|=6.644875e-01 best|DeltaE|=6.644875e-01 slope_last3=-1.394014e-08/s
[2026-03-03T14:13:30Z] VQE heartbeat restart=1/16 elapsed_s=16826.3 calls=11858 |DeltaE|=6.644868e-01 best|DeltaE|=6.644868e-01 slope_last3=-1.287656e-08/s
[2026-03-03T14:14:31Z] VQE heartbeat restart=1/16 elapsed_s=16886.4 calls=11897 |DeltaE|=6.644858e-01 best|DeltaE|=6.644858e-01 slope_last3=-1.404952e-08/s
[2026-03-03T14:15:32Z] VQE heartbeat restart=1/16 elapsed_s=16947.1 calls=11940 |DeltaE|=6.644851e-01 best|DeltaE|=6.644851e-01 slope_last3=-1.379451e-08/s
[2026-03-03T14:16:33Z] VQE heartbeat restart=1/16 elapsed_s=17008.4 calls=11980 |DeltaE|=6.644843e-01 best|DeltaE|=6.644843e-01 slope_last3=-1.275284e-08/s
[2026-03-03T14:17:03Z] VQE restart 1/16 status=ok runtime_s=17040.56 calls=12000 E_best=0.681141793583 |DeltaE|=6.644839e-01
[2026-03-03T14:18:05Z] VQE heartbeat restart=2/16 elapsed_s=17101.0 calls=60 |DeltaE|=6.685440e-01 best|DeltaE|=6.644839e-01 slope_last3=-7.822926e-09/s
[2026-03-03T14:19:06Z] VQE heartbeat restart=2/16 elapsed_s=17161.9 calls=120 |DeltaE|=6.653538e-01 best|DeltaE|=6.644839e-01 slope_last3=-2.442471e-09/s
[2026-03-03T14:20:06Z] VQE heartbeat restart=2/16 elapsed_s=17222.4 calls=180 |DeltaE|=6.650368e-01 best|DeltaE|=6.644839e-01 slope_last3=0.000000e+00/s
[2026-03-03T14:21:07Z] VQE heartbeat restart=2/16 elapsed_s=17283.2 calls=241 |DeltaE|=6.648879e-01 best|DeltaE|=6.644839e-01 slope_last3=0.000000e+00/s
[2026-03-03T14:22:07Z] VQE heartbeat restart=2/16 elapsed_s=17343.4 calls=301 |DeltaE|=6.647938e-01 best|DeltaE|=6.644839e-01 slope_last3=0.000000e+00/s
[2026-03-03T14:23:07Z] VQE heartbeat restart=2/16 elapsed_s=17403.7 calls=361 |DeltaE|=6.647374e-01 best|DeltaE|=6.644839e-01 slope_last3=0.000000e+00/s
[2026-03-03T14:24:08Z] VQE heartbeat restart=2/16 elapsed_s=17464.2 calls=421 |DeltaE|=6.646887e-01 best|DeltaE|=6.644839e-01 slope_last3=0.000000e+00/s
[2026-03-03T14:25:08Z] VQE heartbeat restart=2/16 elapsed_s=17524.9 calls=481 |DeltaE|=6.646671e-01 best|DeltaE|=6.644839e-01 slope_last3=0.000000e+00/s
[2026-03-03T14:26:09Z] VQE heartbeat restart=2/16 elapsed_s=17585.5 calls=541 |DeltaE|=6.646515e-01 best|DeltaE|=6.644839e-01 slope_last3=0.000000e+00/s
[2026-03-03T14:27:09Z] VQE heartbeat restart=2/16 elapsed_s=17645.7 calls=601 |DeltaE|=6.646384e-01 best|DeltaE|=6.644839e-01 slope_last3=0.000000e+00/s
[2026-03-03T14:28:10Z] VQE heartbeat restart=2/16 elapsed_s=17706.6 calls=662 |DeltaE|=6.646277e-01 best|DeltaE|=6.644839e-01 slope_last3=0.000000e+00/s
[2026-03-03T14:29:11Z] VQE heartbeat restart=2/16 elapsed_s=17767.2 calls=722 |DeltaE|=6.646199e-01 best|DeltaE|=6.644839e-01 slope_last3=0.000000e+00/s
[2026-03-03T14:30:12Z] VQE heartbeat restart=2/16 elapsed_s=17827.9 calls=782 |DeltaE|=6.646089e-01 best|DeltaE|=6.644839e-01 slope_last3=0.000000e+00/s
[2026-03-03T14:31:12Z] VQE heartbeat restart=2/16 elapsed_s=17888.8 calls=842 |DeltaE|=6.646016e-01 best|DeltaE|=6.644839e-01 slope_last3=0.000000e+00/s
[2026-03-03T14:32:13Z] VQE heartbeat restart=2/16 elapsed_s=17949.7 calls=902 |DeltaE|=6.645955e-01 best|DeltaE|=6.644839e-01 slope_last3=0.000000e+00/s
[2026-03-03T14:33:14Z] VQE heartbeat restart=2/16 elapsed_s=18010.4 calls=962 |DeltaE|=6.645887e-01 best|DeltaE|=6.644839e-01 slope_last3=0.000000e+00/s
[2026-03-03T14:34:15Z] VQE heartbeat restart=2/16 elapsed_s=18071.1 calls=1022 |DeltaE|=6.645826e-01 best|DeltaE|=6.644839e-01 slope_last3=0.000000e+00/s
[2026-03-03T14:35:15Z] VQE heartbeat restart=2/16 elapsed_s=18131.5 calls=1081 |DeltaE|=6.645774e-01 best|DeltaE|=6.644839e-01 slope_last3=0.000000e+00/s
[2026-03-03T14:36:15Z] VQE heartbeat restart=2/16 elapsed_s=18191.7 calls=1140 |DeltaE|=6.645731e-01 best|DeltaE|=6.644839e-01 slope_last3=0.000000e+00/s
[2026-03-03T14:48:33Z] VQE heartbeat restart=2/16 elapsed_s=18252.4 calls=1178 |DeltaE|=6.645704e-01 best|DeltaE|=6.644839e-01 slope_last3=0.000000e+00/s
[2026-03-03T14:49:33Z] VQE heartbeat restart=2/16 elapsed_s=18312.9 calls=1250 |DeltaE|=6.645649e-01 best|DeltaE|=6.644839e-01 slope_last3=0.000000e+00/s
[2026-03-03T14:50:33Z] VQE heartbeat restart=2/16 elapsed_s=18373.3 calls=1322 |DeltaE|=6.645599e-01 best|DeltaE|=6.644839e-01 slope_last3=0.000000e+00/s
[2026-03-03T14:51:34Z] VQE heartbeat restart=2/16 elapsed_s=18433.7 calls=1399 |DeltaE|=6.645550e-01 best|DeltaE|=6.644839e-01 slope_last3=0.000000e+00/s
[2026-03-03T14:52:34Z] VQE heartbeat restart=2/16 elapsed_s=18494.1 calls=1476 |DeltaE|=6.645507e-01 best|DeltaE|=6.644839e-01 slope_last3=0.000000e+00/s
[2026-03-03T14:53:35Z] VQE heartbeat restart=2/16 elapsed_s=18554.6 calls=1553 |DeltaE|=6.645459e-01 best|DeltaE|=6.644839e-01 slope_last3=0.000000e+00/s
[2026-03-03T14:54:35Z] VQE heartbeat restart=2/16 elapsed_s=18614.9 calls=1630 |DeltaE|=6.645422e-01 best|DeltaE|=6.644839e-01 slope_last3=0.000000e+00/s
[2026-03-03T14:55:35Z] VQE heartbeat restart=2/16 elapsed_s=18675.3 calls=1707 |DeltaE|=6.645395e-01 best|DeltaE|=6.644839e-01 slope_last3=0.000000e+00/s
[2026-03-03T14:56:36Z] VQE heartbeat restart=2/16 elapsed_s=18735.4 calls=1783 |DeltaE|=6.645370e-01 best|DeltaE|=6.644839e-01 slope_last3=0.000000e+00/s
[2026-03-03T14:57:36Z] VQE heartbeat restart=2/16 elapsed_s=18796.0 calls=1860 |DeltaE|=6.645348e-01 best|DeltaE|=6.644839e-01 slope_last3=0.000000e+00/s
[2026-03-03T14:58:37Z] VQE heartbeat restart=2/16 elapsed_s=18856.6 calls=1937 |DeltaE|=6.645325e-01 best|DeltaE|=6.644839e-01 slope_last3=0.000000e+00/s
[2026-03-03T14:59:37Z] VQE heartbeat restart=2/16 elapsed_s=18917.0 calls=2014 |DeltaE|=6.645307e-01 best|DeltaE|=6.644839e-01 slope_last3=0.000000e+00/s
[2026-03-03T15:00:37Z] VQE heartbeat restart=2/16 elapsed_s=18977.2 calls=2091 |DeltaE|=6.645282e-01 best|DeltaE|=6.644839e-01 slope_last3=0.000000e+00/s
[2026-03-03T15:01:38Z] VQE heartbeat restart=2/16 elapsed_s=19037.4 calls=2168 |DeltaE|=6.645263e-01 best|DeltaE|=6.644839e-01 slope_last3=0.000000e+00/s
[2026-03-03T15:02:38Z] VQE heartbeat restart=2/16 elapsed_s=19097.7 calls=2245 |DeltaE|=6.645243e-01 best|DeltaE|=6.644839e-01 slope_last3=0.000000e+00/s
[2026-03-03T15:03:38Z] VQE heartbeat restart=2/16 elapsed_s=19158.2 calls=2322 |DeltaE|=6.645224e-01 best|DeltaE|=6.644839e-01 slope_last3=0.000000e+00/s
[2026-03-03T15:04:39Z] VQE heartbeat restart=2/16 elapsed_s=19218.8 calls=2399 |DeltaE|=6.645205e-01 best|DeltaE|=6.644839e-01 slope_last3=0.000000e+00/s
[2026-03-03T15:05:39Z] VQE heartbeat restart=2/16 elapsed_s=19278.8 calls=2476 |DeltaE|=6.645190e-01 best|DeltaE|=6.644839e-01 slope_last3=0.000000e+00/s
[2026-03-03T15:06:39Z] VQE heartbeat restart=2/16 elapsed_s=19339.2 calls=2553 |DeltaE|=6.645169e-01 best|DeltaE|=6.644839e-01 slope_last3=0.000000e+00/s
[2026-03-03T15:07:40Z] VQE heartbeat restart=2/16 elapsed_s=19399.4 calls=2630 |DeltaE|=6.645151e-01 best|DeltaE|=6.644839e-01 slope_last3=0.000000e+00/s
[2026-03-03T15:08:40Z] VQE heartbeat restart=2/16 elapsed_s=19459.6 calls=2707 |DeltaE|=6.645132e-01 best|DeltaE|=6.644839e-01 slope_last3=0.000000e+00/s
[2026-03-03T15:09:40Z] VQE heartbeat restart=2/16 elapsed_s=19519.9 calls=2784 |DeltaE|=6.645114e-01 best|DeltaE|=6.644839e-01 slope_last3=0.000000e+00/s
[2026-03-03T15:10:40Z] VQE heartbeat restart=2/16 elapsed_s=19580.1 calls=2861 |DeltaE|=6.645099e-01 best|DeltaE|=6.644839e-01 slope_last3=0.000000e+00/s
[2026-03-03T15:11:40Z] VQE heartbeat restart=2/16 elapsed_s=19640.2 calls=2938 |DeltaE|=6.645085e-01 best|DeltaE|=6.644839e-01 slope_last3=0.000000e+00/s
[2026-03-03T15:12:41Z] VQE heartbeat restart=2/16 elapsed_s=19700.3 calls=3015 |DeltaE|=6.645072e-01 best|DeltaE|=6.644839e-01 slope_last3=0.000000e+00/s
[2026-03-03T15:13:41Z] VQE heartbeat restart=2/16 elapsed_s=19760.5 calls=3092 |DeltaE|=6.645059e-01 best|DeltaE|=6.644839e-01 slope_last3=0.000000e+00/s
[2026-03-03T15:14:41Z] VQE heartbeat restart=2/16 elapsed_s=19821.2 calls=3169 |DeltaE|=6.645045e-01 best|DeltaE|=6.644839e-01 slope_last3=0.000000e+00/s
[2026-03-03T15:15:41Z] VQE heartbeat restart=2/16 elapsed_s=19881.2 calls=3246 |DeltaE|=6.645031e-01 best|DeltaE|=6.644839e-01 slope_last3=0.000000e+00/s
[2026-03-03T15:16:42Z] VQE heartbeat restart=2/16 elapsed_s=19941.5 calls=3323 |DeltaE|=6.645013e-01 best|DeltaE|=6.644839e-01 slope_last3=0.000000e+00/s
[2026-03-03T15:17:43Z] VQE heartbeat restart=2/16 elapsed_s=20002.3 calls=3394 |DeltaE|=6.644996e-01 best|DeltaE|=6.644839e-01 slope_last3=0.000000e+00/s
[2026-03-03T15:18:43Z] VQE heartbeat restart=2/16 elapsed_s=20063.0 calls=3466 |DeltaE|=6.644981e-01 best|DeltaE|=6.644839e-01 slope_last3=0.000000e+00/s
[2026-03-03T15:19:44Z] VQE heartbeat restart=2/16 elapsed_s=20123.6 calls=3541 |DeltaE|=6.644962e-01 best|DeltaE|=6.644839e-01 slope_last3=0.000000e+00/s
[2026-03-03T15:20:45Z] VQE heartbeat restart=2/16 elapsed_s=20184.3 calls=3618 |DeltaE|=6.644948e-01 best|DeltaE|=6.644839e-01 slope_last3=0.000000e+00/s
[2026-03-03T15:21:45Z] VQE heartbeat restart=2/16 elapsed_s=20244.8 calls=3695 |DeltaE|=6.644936e-01 best|DeltaE|=6.644839e-01 slope_last3=0.000000e+00/s
[2026-03-03T15:22:45Z] VQE heartbeat restart=2/16 elapsed_s=20305.2 calls=3772 |DeltaE|=6.644922e-01 best|DeltaE|=6.644839e-01 slope_last3=0.000000e+00/s
[2026-03-03T15:23:46Z] VQE heartbeat restart=2/16 elapsed_s=20365.7 calls=3847 |DeltaE|=6.644908e-01 best|DeltaE|=6.644839e-01 slope_last3=0.000000e+00/s
[2026-03-03T15:24:46Z] VQE heartbeat restart=2/16 elapsed_s=20426.1 calls=3924 |DeltaE|=6.644891e-01 best|DeltaE|=6.644839e-01 slope_last3=0.000000e+00/s
[2026-03-03T15:25:47Z] VQE heartbeat restart=2/16 elapsed_s=20486.4 calls=4001 |DeltaE|=6.644876e-01 best|DeltaE|=6.644839e-01 slope_last3=0.000000e+00/s
[2026-03-03T15:26:47Z] VQE heartbeat restart=2/16 elapsed_s=20546.9 calls=4078 |DeltaE|=6.644865e-01 best|DeltaE|=6.644839e-01 slope_last3=0.000000e+00/s
[2026-03-03T15:27:47Z] VQE heartbeat restart=2/16 elapsed_s=20607.1 calls=4154 |DeltaE|=6.644844e-01 best|DeltaE|=6.644839e-01 slope_last3=0.000000e+00/s
[2026-03-03T15:28:48Z] VQE heartbeat restart=2/16 elapsed_s=20667.6 calls=4211 |DeltaE|=6.644831e-01 best|DeltaE|=6.644831e-01 slope_last3=-6.521132e-09/s
[2026-03-03T15:29:48Z] VQE heartbeat restart=2/16 elapsed_s=20728.2 calls=4267 |DeltaE|=6.644822e-01 best|DeltaE|=6.644822e-01 slope_last3=-1.425870e-08/s
[2026-03-03T15:30:50Z] VQE heartbeat restart=2/16 elapsed_s=20789.5 calls=4323 |DeltaE|=6.644811e-01 best|DeltaE|=6.644811e-01 slope_last3=-1.600909e-08/s
[2026-03-03T15:31:50Z] VQE heartbeat restart=2/16 elapsed_s=20850.2 calls=4376 |DeltaE|=6.644802e-01 best|DeltaE|=6.644801e-01 slope_last3=-1.674775e-08/s
[2026-03-03T15:32:51Z] VQE heartbeat restart=2/16 elapsed_s=20910.6 calls=4433 |DeltaE|=6.644792e-01 best|DeltaE|=6.644792e-01 slope_last3=-1.627089e-08/s
[2026-03-03T15:33:52Z] VQE heartbeat restart=2/16 elapsed_s=20970.7 calls=4486 |DeltaE|=6.644783e-01 best|DeltaE|=6.644783e-01 slope_last3=-1.516068e-08/s
[2026-03-03T15:34:52Z] VQE heartbeat restart=2/16 elapsed_s=21031.4 calls=4542 |DeltaE|=6.644772e-01 best|DeltaE|=6.644772e-01 slope_last3=-1.614649e-08/s
[2026-03-03T15:35:53Z] VQE heartbeat restart=2/16 elapsed_s=21092.1 calls=4595 |DeltaE|=6.644761e-01 best|DeltaE|=6.644761e-01 slope_last3=-1.788196e-08/s
[2026-03-03T15:36:53Z] VQE heartbeat restart=2/16 elapsed_s=21152.2 calls=4647 |DeltaE|=6.644750e-01 best|DeltaE|=6.644750e-01 slope_last3=-1.820911e-08/s
[2026-03-03T15:37:53Z] VQE heartbeat restart=2/16 elapsed_s=21212.6 calls=4698 |DeltaE|=6.644739e-01 best|DeltaE|=6.644738e-01 slope_last3=-1.924076e-08/s
[2026-03-03T15:38:54Z] VQE heartbeat restart=2/16 elapsed_s=21272.8 calls=4748 |DeltaE|=6.644726e-01 best|DeltaE|=6.644726e-01 slope_last3=-2.043370e-08/s
[2026-03-03T15:39:55Z] VQE heartbeat restart=2/16 elapsed_s=21333.9 calls=4803 |DeltaE|=6.644714e-01 best|DeltaE|=6.644714e-01 slope_last3=-2.005072e-08/s
[2026-03-03T15:40:56Z] VQE heartbeat restart=2/16 elapsed_s=21395.3 calls=4856 |DeltaE|=6.644701e-01 best|DeltaE|=6.644701e-01 slope_last3=-2.033555e-08/s
[2026-03-03T16:01:58Z] VQE heartbeat restart=2/16 elapsed_s=21455.6 calls=4888 |DeltaE|=6.644694e-01 best|DeltaE|=6.644694e-01 slope_last3=-1.598910e-08/s
[2026-03-03T16:03:14Z] VQE heartbeat restart=2/16 elapsed_s=21516.2 calls=4928 |DeltaE|=6.644685e-01 best|DeltaE|=6.644685e-01 slope_last3=-1.283849e-08/s
[2026-03-03T16:04:14Z] VQE heartbeat restart=2/16 elapsed_s=21577.2 calls=4980 |DeltaE|=6.644676e-01 best|DeltaE|=6.644676e-01 slope_last3=-1.498952e-08/s
[2026-03-03T16:05:15Z] VQE heartbeat restart=2/16 elapsed_s=21637.9 calls=5027 |DeltaE|=6.644666e-01 best|DeltaE|=6.644666e-01 slope_last3=-1.576569e-08/s
[2026-03-03T16:06:16Z] VQE heartbeat restart=2/16 elapsed_s=21698.0 calls=5077 |DeltaE|=6.644655e-01 best|DeltaE|=6.644655e-01 slope_last3=-1.734747e-08/s
[2026-03-03T16:07:16Z] VQE heartbeat restart=2/16 elapsed_s=21758.7 calls=5127 |DeltaE|=6.644643e-01 best|DeltaE|=6.644643e-01 slope_last3=-1.893382e-08/s
[2026-03-03T16:08:16Z] VQE heartbeat restart=2/16 elapsed_s=21818.8 calls=5180 |DeltaE|=6.644633e-01 best|DeltaE|=6.644633e-01 slope_last3=-1.853378e-08/s
[2026-03-03T16:09:18Z] VQE heartbeat restart=2/16 elapsed_s=21880.0 calls=5227 |DeltaE|=6.644624e-01 best|DeltaE|=6.644624e-01 slope_last3=-1.608571e-08/s
[2026-03-03T16:10:18Z] VQE heartbeat restart=2/16 elapsed_s=21940.3 calls=5277 |DeltaE|=6.644613e-01 best|DeltaE|=6.644613e-01 slope_last3=-1.594568e-08/s
[2026-03-03T16:11:18Z] VQE heartbeat restart=2/16 elapsed_s=22000.9 calls=5326 |DeltaE|=6.644605e-01 best|DeltaE|=6.644605e-01 slope_last3=-1.550182e-08/s
[2026-03-03T16:12:19Z] VQE heartbeat restart=2/16 elapsed_s=22061.7 calls=5377 |DeltaE|=6.644594e-01 best|DeltaE|=6.644594e-01 slope_last3=-1.572976e-08/s
[2026-03-03T16:13:19Z] VQE heartbeat restart=2/16 elapsed_s=22121.7 calls=5430 |DeltaE|=6.644585e-01 best|DeltaE|=6.644585e-01 slope_last3=-1.652820e-08/s
[2026-03-03T16:14:20Z] VQE heartbeat restart=2/16 elapsed_s=22182.5 calls=5485 |DeltaE|=6.644576e-01 best|DeltaE|=6.644576e-01 slope_last3=-1.474830e-08/s
[2026-03-03T16:15:21Z] VQE heartbeat restart=2/16 elapsed_s=22243.1 calls=5536 |DeltaE|=6.644569e-01 best|DeltaE|=6.644569e-01 slope_last3=-1.322639e-08/s
[2026-03-03T16:16:21Z] VQE heartbeat restart=2/16 elapsed_s=22303.4 calls=5588 |DeltaE|=6.644559e-01 best|DeltaE|=6.644559e-01 slope_last3=-1.462662e-08/s
[2026-03-03T16:17:21Z] VQE heartbeat restart=2/16 elapsed_s=22363.9 calls=5639 |DeltaE|=6.644549e-01 best|DeltaE|=6.644548e-01 slope_last3=-1.696280e-08/s
[2026-03-03T16:18:21Z] VQE heartbeat restart=2/16 elapsed_s=22424.0 calls=5690 |DeltaE|=6.644538e-01 best|DeltaE|=6.644538e-01 slope_last3=-1.695327e-08/s
[2026-03-03T16:19:22Z] VQE heartbeat restart=2/16 elapsed_s=22484.7 calls=5739 |DeltaE|=6.644526e-01 best|DeltaE|=6.644526e-01 slope_last3=-1.835483e-08/s
[2026-03-03T16:20:24Z] VQE heartbeat restart=2/16 elapsed_s=22545.9 calls=5792 |DeltaE|=6.644515e-01 best|DeltaE|=6.644515e-01 slope_last3=-1.943417e-08/s
[2026-03-03T16:21:24Z] VQE heartbeat restart=2/16 elapsed_s=22607.0 calls=5842 |DeltaE|=6.644506e-01 best|DeltaE|=6.644506e-01 slope_last3=-1.663341e-08/s
[2026-03-03T16:22:25Z] VQE heartbeat restart=2/16 elapsed_s=22667.7 calls=5896 |DeltaE|=6.644495e-01 best|DeltaE|=6.644495e-01 slope_last3=-1.628889e-08/s
[2026-03-03T16:23:25Z] VQE heartbeat restart=2/16 elapsed_s=22728.1 calls=5945 |DeltaE|=6.644485e-01 best|DeltaE|=6.644484e-01 slope_last3=-1.769542e-08/s
[2026-03-03T16:24:26Z] VQE heartbeat restart=2/16 elapsed_s=22789.4 calls=5998 |DeltaE|=6.644473e-01 best|DeltaE|=6.644473e-01 slope_last3=-1.750405e-08/s
[2026-03-03T16:25:28Z] VQE heartbeat restart=2/16 elapsed_s=22850.4 calls=6050 |DeltaE|=6.644464e-01 best|DeltaE|=6.644464e-01 slope_last3=-1.689649e-08/s
[2026-03-03T16:26:28Z] VQE heartbeat restart=2/16 elapsed_s=22910.6 calls=6106 |DeltaE|=6.644455e-01 best|DeltaE|=6.644455e-01 slope_last3=-1.486808e-08/s
[2026-03-03T16:27:28Z] VQE heartbeat restart=2/16 elapsed_s=22970.7 calls=6162 |DeltaE|=6.644446e-01 best|DeltaE|=6.644446e-01 slope_last3=-1.446639e-08/s
