[2026-03-04T01:52:22Z] VQE_FROM_ADAPT_START state=/Users/jakestrobel/Documents/Holstein_implementation/Holstein_test/artifacts/useful/L4/l4_hh_seq_20260302_215706_resume_adaptB_20260303_111311_adapt_B_B_probe_checkpoint_state.json
[2026-03-04T01:52:22Z] VQE config npar=16 restarts=16 maxiter=12000 method=COBYLA init_std=0.020 budget_s=72000
[2026-03-04T01:52:22Z] VQE start energy=0.528860769598 |DeltaE|=5.122029e-01
[2026-03-04T01:52:23Z] VQE restart 1/16 start elapsed_s=0.0 calls=0
[2026-03-04T01:53:23Z] VQE heartbeat restart=1/16 elapsed_s=60.2 calls=61 |DeltaE|=5.210432e-01 best|DeltaE|=5.122029e-01 slope_last3=nan/s
[2026-03-04T01:54:25Z] VQE heartbeat restart=1/16 elapsed_s=120.7 calls=120 |DeltaE|=5.118519e-01 best|DeltaE|=5.117673e-01 slope_last3=nan/s
[2026-03-04T01:55:25Z] VQE heartbeat restart=1/16 elapsed_s=181.3 calls=180 |DeltaE|=5.117397e-01 best|DeltaE|=5.117397e-01 slope_last3=-3.823434e-06/s
[2026-03-04T01:56:26Z] VQE heartbeat restart=1/16 elapsed_s=241.7 calls=238 |DeltaE|=5.117067e-01 best|DeltaE|=5.117067e-01 slope_last3=-5.005460e-07/s
[2026-03-04T01:57:26Z] VQE heartbeat restart=1/16 elapsed_s=302.2 calls=297 |DeltaE|=5.116440e-01 best|DeltaE|=5.116438e-01 slope_last3=-7.941022e-07/s
[2026-03-04T01:58:27Z] VQE heartbeat restart=1/16 elapsed_s=362.9 calls=357 |DeltaE|=5.116152e-01 best|DeltaE|=5.116152e-01 slope_last3=-7.547135e-07/s
[2026-03-04T01:59:27Z] VQE heartbeat restart=1/16 elapsed_s=422.9 calls=417 |DeltaE|=5.115916e-01 best|DeltaE|=5.115916e-01 slope_last3=-4.320267e-07/s
[2026-03-04T02:00:27Z] VQE heartbeat restart=1/16 elapsed_s=482.9 calls=476 |DeltaE|=5.115550e-01 best|DeltaE|=5.115550e-01 slope_last3=-5.019242e-07/s
[2026-03-04T02:01:28Z] VQE heartbeat restart=1/16 elapsed_s=543.8 calls=538 |DeltaE|=5.115296e-01 best|DeltaE|=5.115296e-01 slope_last3=-5.127366e-07/s
[2026-03-04T02:02:29Z] VQE heartbeat restart=1/16 elapsed_s=604.6 calls=599 |DeltaE|=5.114989e-01 best|DeltaE|=5.114978e-01 slope_last3=-4.702735e-07/s
[2026-03-04T02:03:29Z] VQE heartbeat restart=1/16 elapsed_s=665.3 calls=661 |DeltaE|=5.114642e-01 best|DeltaE|=5.114634e-01 slope_last3=-5.445885e-07/s
[2026-03-04T02:04:29Z] VQE heartbeat restart=1/16 elapsed_s=725.6 calls=721 |DeltaE|=5.114329e-01 best|DeltaE|=5.114329e-01 slope_last3=-5.364027e-07/s
[2026-03-04T02:05:30Z] VQE heartbeat restart=1/16 elapsed_s=786.3 calls=783 |DeltaE|=5.113906e-01 best|DeltaE|=5.113906e-01 slope_last3=-6.016293e-07/s
[2026-03-04T02:06:30Z] VQE heartbeat restart=1/16 elapsed_s=846.3 calls=843 |DeltaE|=5.113669e-01 best|DeltaE|=5.113669e-01 slope_last3=-5.467355e-07/s
[2026-03-04T02:07:31Z] VQE heartbeat restart=1/16 elapsed_s=907.2 calls=905 |DeltaE|=5.113133e-01 best|DeltaE|=5.113132e-01 slope_last3=-6.408081e-07/s
[2026-03-04T02:08:31Z] VQE heartbeat restart=1/16 elapsed_s=967.5 calls=965 |DeltaE|=5.112817e-01 best|DeltaE|=5.112817e-01 slope_last3=-7.037106e-07/s
[2026-03-04T02:09:32Z] VQE heartbeat restart=1/16 elapsed_s=1028.2 calls=1027 |DeltaE|=5.112442e-01 best|DeltaE|=5.112442e-01 slope_last3=-5.708682e-07/s
[2026-03-04T02:15:37Z] VQE heartbeat restart=1/16 elapsed_s=1088.3 calls=1086 |DeltaE|=5.112111e-01 best|DeltaE|=5.112110e-01 slope_last3=-5.855545e-07/s
[2026-03-04T02:49:19Z] VQE heartbeat restart=1/16 elapsed_s=1148.7 calls=1147 |DeltaE|=5.111811e-01 best|DeltaE|=5.111811e-01 slope_last3=-5.237170e-07/s
[2026-03-04T03:01:37Z] VQE heartbeat restart=1/16 elapsed_s=1209.2 calls=1193 |DeltaE|=5.111556e-01 best|DeltaE|=5.111556e-01 slope_last3=-4.581097e-07/s
[2026-03-04T03:02:37Z] VQE heartbeat restart=1/16 elapsed_s=1269.3 calls=1252 |DeltaE|=5.111186e-01 best|DeltaE|=5.111186e-01 slope_last3=-5.175756e-07/s
[2026-03-04T03:03:37Z] VQE heartbeat restart=1/16 elapsed_s=1329.5 calls=1311 |DeltaE|=5.110730e-01 best|DeltaE|=5.110730e-01 slope_last3=-6.864858e-07/s
[2026-03-04T03:04:38Z] VQE heartbeat restart=1/16 elapsed_s=1390.4 calls=1370 |DeltaE|=5.109908e-01 best|DeltaE|=5.109908e-01 slope_last3=-1.056462e-06/s
[2026-03-04T03:05:39Z] VQE heartbeat restart=1/16 elapsed_s=1451.2 calls=1429 |DeltaE|=5.108381e-01 best|DeltaE|=5.108381e-01 slope_last3=-1.929677e-06/s
[2026-03-04T03:06:39Z] VQE heartbeat restart=1/16 elapsed_s=1511.5 calls=1490 |DeltaE|=5.106799e-01 best|DeltaE|=5.106799e-01 slope_last3=-2.566781e-06/s
[2026-03-04T03:07:40Z] VQE heartbeat restart=1/16 elapsed_s=1572.5 calls=1551 |DeltaE|=5.105192e-01 best|DeltaE|=5.105192e-01 slope_last3=-2.629475e-06/s
[2026-03-04T03:08:41Z] VQE heartbeat restart=1/16 elapsed_s=1633.0 calls=1612 |DeltaE|=5.103596e-01 best|DeltaE|=5.103596e-01 slope_last3=-2.636807e-06/s
[2026-03-04T03:09:41Z] VQE heartbeat restart=1/16 elapsed_s=1693.1 calls=1672 |DeltaE|=5.102366e-01 best|DeltaE|=5.102366e-01 slope_last3=-2.343518e-06/s
[2026-03-04T03:10:42Z] VQE heartbeat restart=1/16 elapsed_s=1753.9 calls=1734 |DeltaE|=5.101793e-01 best|DeltaE|=5.101793e-01 slope_last3=-1.490191e-06/s
[2026-03-04T03:11:42Z] VQE heartbeat restart=1/16 elapsed_s=1814.5 calls=1795 |DeltaE|=5.101255e-01 best|DeltaE|=5.101255e-01 slope_last3=-9.156149e-07/s
[2026-03-04T03:12:43Z] VQE heartbeat restart=1/16 elapsed_s=1875.3 calls=1857 |DeltaE|=5.100629e-01 best|DeltaE|=5.100629e-01 slope_last3=-9.591530e-07/s
[2026-03-04T03:13:44Z] VQE heartbeat restart=1/16 elapsed_s=1936.1 calls=1918 |DeltaE|=5.100207e-01 best|DeltaE|=5.100207e-01 slope_last3=-8.618018e-07/s
[2026-03-04T03:14:44Z] VQE heartbeat restart=1/16 elapsed_s=1996.6 calls=1980 |DeltaE|=5.099569e-01 best|DeltaE|=5.099569e-01 slope_last3=-8.734145e-07/s
[2026-03-04T03:15:45Z] VQE heartbeat restart=1/16 elapsed_s=2057.2 calls=2041 |DeltaE|=5.098996e-01 best|DeltaE|=5.098996e-01 slope_last3=-9.993568e-07/s
[2026-03-04T03:16:46Z] VQE heartbeat restart=1/16 elapsed_s=2117.9 calls=2103 |DeltaE|=5.097688e-01 best|DeltaE|=5.097688e-01 slope_last3=-1.550792e-06/s
[2026-03-04T03:17:46Z] VQE heartbeat restart=1/16 elapsed_s=2178.6 calls=2164 |DeltaE|=5.095583e-01 best|DeltaE|=5.095583e-01 slope_last3=-2.812468e-06/s
[2026-03-04T03:18:47Z] VQE heartbeat restart=1/16 elapsed_s=2239.0 calls=2226 |DeltaE|=5.093411e-01 best|DeltaE|=5.093411e-01 slope_last3=-3.531237e-06/s
[2026-03-04T03:19:48Z] VQE heartbeat restart=1/16 elapsed_s=2299.8 calls=2287 |DeltaE|=5.091244e-01 best|DeltaE|=5.091244e-01 slope_last3=-3.580287e-06/s
[2026-03-04T03:20:48Z] VQE heartbeat restart=1/16 elapsed_s=2360.3 calls=2349 |DeltaE|=5.088993e-01 best|DeltaE|=5.088993e-01 slope_last3=-3.643797e-06/s
[2026-03-04T03:21:49Z] VQE heartbeat restart=1/16 elapsed_s=2421.0 calls=2410 |DeltaE|=5.086779e-01 best|DeltaE|=5.086779e-01 slope_last3=-3.683769e-06/s
[2026-03-04T03:22:50Z] VQE heartbeat restart=1/16 elapsed_s=2481.6 calls=2472 |DeltaE|=5.084497e-01 best|DeltaE|=5.084497e-01 slope_last3=-3.706622e-06/s
[2026-03-04T03:23:50Z] VQE heartbeat restart=1/16 elapsed_s=2542.6 calls=2533 |DeltaE|=5.082235e-01 best|DeltaE|=5.082235e-01 slope_last3=-3.736887e-06/s
[2026-03-04T03:24:51Z] VQE heartbeat restart=1/16 elapsed_s=2603.5 calls=2595 |DeltaE|=5.079958e-01 best|DeltaE|=5.079958e-01 slope_last3=-3.722707e-06/s
[2026-03-04T03:25:52Z] VQE heartbeat restart=1/16 elapsed_s=2663.8 calls=2656 |DeltaE|=5.077683e-01 best|DeltaE|=5.077683e-01 slope_last3=-3.754552e-06/s
[2026-03-04T03:26:52Z] VQE heartbeat restart=1/16 elapsed_s=2724.6 calls=2719 |DeltaE|=5.075343e-01 best|DeltaE|=5.075343e-01 slope_last3=-3.809736e-06/s
[2026-03-04T03:27:53Z] VQE heartbeat restart=1/16 elapsed_s=2785.1 calls=2780 |DeltaE|=5.073093e-01 best|DeltaE|=5.073093e-01 slope_last3=-3.784736e-06/s
[2026-03-04T03:28:54Z] VQE heartbeat restart=1/16 elapsed_s=2845.9 calls=2843 |DeltaE|=5.070777e-01 best|DeltaE|=5.070777e-01 slope_last3=-3.766519e-06/s
[2026-03-04T03:29:54Z] VQE heartbeat restart=1/16 elapsed_s=2906.1 calls=2904 |DeltaE|=5.068014e-01 best|DeltaE|=5.068014e-01 slope_last3=-4.198901e-06/s
[2026-03-04T03:30:54Z] VQE heartbeat restart=1/16 elapsed_s=2966.8 calls=2967 |DeltaE|=5.065021e-01 best|DeltaE|=5.065021e-01 slope_last3=-4.761531e-06/s
[2026-03-04T03:31:55Z] VQE heartbeat restart=1/16 elapsed_s=3027.0 calls=3028 |DeltaE|=5.062628e-01 best|DeltaE|=5.062628e-01 slope_last3=-4.453757e-06/s
[2026-03-04T03:32:55Z] VQE heartbeat restart=1/16 elapsed_s=3087.8 calls=3091 |DeltaE|=5.059136e-01 best|DeltaE|=5.059136e-01 slope_last3=-4.864485e-06/s
[2026-03-04T03:33:56Z] VQE heartbeat restart=1/16 elapsed_s=3148.1 calls=3152 |DeltaE|=5.056036e-01 best|DeltaE|=5.056036e-01 slope_last3=-5.444863e-06/s
[2026-03-04T03:34:57Z] VQE heartbeat restart=1/16 elapsed_s=3208.9 calls=3215 |DeltaE|=5.051901e-01 best|DeltaE|=5.051901e-01 slope_last3=-5.974775e-06/s
[2026-03-04T03:35:57Z] VQE heartbeat restart=1/16 elapsed_s=3269.0 calls=3276 |DeltaE|=5.047647e-01 best|DeltaE|=5.047647e-01 slope_last3=-6.934551e-06/s
[2026-03-04T03:36:58Z] VQE heartbeat restart=1/16 elapsed_s=3329.8 calls=3339 |DeltaE|=5.043227e-01 best|DeltaE|=5.043227e-01 slope_last3=-7.172247e-06/s
[2026-03-04T03:37:58Z] VQE heartbeat restart=1/16 elapsed_s=3390.3 calls=3400 |DeltaE|=5.038933e-01 best|DeltaE|=5.038933e-01 slope_last3=-7.185573e-06/s
[2026-03-04T03:38:59Z] VQE heartbeat restart=1/16 elapsed_s=3451.2 calls=3463 |DeltaE|=5.034515e-01 best|DeltaE|=5.034515e-01 slope_last3=-7.181070e-06/s
[2026-03-04T03:39:59Z] VQE heartbeat restart=1/16 elapsed_s=3511.4 calls=3524 |DeltaE|=5.030239e-01 best|DeltaE|=5.030239e-01 slope_last3=-7.177817e-06/s
[2026-03-04T03:40:59Z] VQE heartbeat restart=1/16 elapsed_s=3571.4 calls=3586 |DeltaE|=5.026051e-01 best|DeltaE|=5.026051e-01 slope_last3=-7.037245e-06/s
[2026-03-04T03:41:59Z] VQE heartbeat restart=1/16 elapsed_s=3631.5 calls=3647 |DeltaE|=5.022159e-01 best|DeltaE|=5.022159e-01 slope_last3=-6.732483e-06/s
[2026-03-04T03:43:00Z] VQE heartbeat restart=1/16 elapsed_s=3692.2 calls=3706 |DeltaE|=5.019101e-01 best|DeltaE|=5.019101e-01 slope_last3=-5.755445e-06/s
[2026-03-04T03:44:01Z] VQE heartbeat restart=1/16 elapsed_s=3752.9 calls=3765 |DeltaE|=5.016179e-01 best|DeltaE|=5.016179e-01 slope_last3=-4.923390e-06/s
[2026-03-04T03:45:01Z] VQE heartbeat restart=1/16 elapsed_s=3813.6 calls=3826 |DeltaE|=5.013341e-01 best|DeltaE|=5.013341e-01 slope_last3=-4.745081e-06/s
[2026-03-04T03:46:01Z] VQE heartbeat restart=1/16 elapsed_s=3873.7 calls=3882 |DeltaE|=5.010991e-01 best|DeltaE|=5.010991e-01 slope_last3=-4.295461e-06/s
[2026-03-04T03:47:02Z] VQE heartbeat restart=1/16 elapsed_s=3934.5 calls=3941 |DeltaE|=5.009103e-01 best|DeltaE|=5.009103e-01 slope_last3=-3.503811e-06/s
[2026-03-04T03:48:03Z] VQE heartbeat restart=1/16 elapsed_s=3995.4 calls=4001 |DeltaE|=5.007910e-01 best|DeltaE|=5.007908e-01 slope_last3=-2.534327e-06/s
[2026-03-04T03:49:03Z] VQE heartbeat restart=1/16 elapsed_s=4055.6 calls=4060 |DeltaE|=5.006877e-01 best|DeltaE|=5.006874e-01 slope_last3=-1.840465e-06/s
[2026-03-04T03:50:03Z] VQE heartbeat restart=1/16 elapsed_s=4115.8 calls=4120 |DeltaE|=5.005720e-01 best|DeltaE|=5.005720e-01 slope_last3=-1.816820e-06/s
[2026-03-04T03:51:04Z] VQE heartbeat restart=1/16 elapsed_s=4176.5 calls=4182 |DeltaE|=5.004696e-01 best|DeltaE|=5.004696e-01 slope_last3=-1.800889e-06/s
[2026-03-04T03:52:05Z] VQE heartbeat restart=1/16 elapsed_s=4236.9 calls=4242 |DeltaE|=5.003719e-01 best|DeltaE|=5.003719e-01 slope_last3=-1.651417e-06/s
[2026-03-04T03:53:05Z] VQE heartbeat restart=1/16 elapsed_s=4297.0 calls=4302 |DeltaE|=5.003025e-01 best|DeltaE|=5.003020e-01 slope_last3=-1.391368e-06/s
[2026-03-04T03:54:05Z] VQE heartbeat restart=1/16 elapsed_s=4357.6 calls=4361 |DeltaE|=5.002295e-01 best|DeltaE|=5.002295e-01 slope_last3=-1.180011e-06/s
[2026-03-04T03:55:06Z] VQE heartbeat restart=1/16 elapsed_s=4418.2 calls=4419 |DeltaE|=5.001473e-01 best|DeltaE|=5.001473e-01 slope_last3=-1.276505e-06/s
[2026-03-04T03:56:06Z] VQE heartbeat restart=1/16 elapsed_s=4478.7 calls=4480 |DeltaE|=5.000881e-01 best|DeltaE|=5.000878e-01 slope_last3=-1.170039e-06/s
[2026-03-04T03:57:07Z] VQE heartbeat restart=1/16 elapsed_s=4539.5 calls=4540 |DeltaE|=5.000322e-01 best|DeltaE|=5.000322e-01 slope_last3=-9.492083e-07/s
[2026-03-04T03:58:07Z] VQE heartbeat restart=1/16 elapsed_s=4599.5 calls=4598 |DeltaE|=4.999761e-01 best|DeltaE|=4.999761e-01 slope_last3=-9.250528e-07/s
[2026-03-04T03:59:08Z] VQE heartbeat restart=1/16 elapsed_s=4659.9 calls=4656 |DeltaE|=4.999224e-01 best|DeltaE|=4.999224e-01 slope_last3=-9.118753e-07/s
[2026-03-04T04:00:08Z] VQE heartbeat restart=1/16 elapsed_s=4720.3 calls=4716 |DeltaE|=4.998616e-01 best|DeltaE|=4.998616e-01 slope_last3=-9.483560e-07/s
[2026-03-04T04:01:08Z] VQE heartbeat restart=1/16 elapsed_s=4780.5 calls=4775 |DeltaE|=4.997978e-01 best|DeltaE|=4.997978e-01 slope_last3=-1.032470e-06/s
[2026-03-04T04:02:09Z] VQE heartbeat restart=1/16 elapsed_s=4841.2 calls=4836 |DeltaE|=4.997549e-01 best|DeltaE|=4.997548e-01 slope_last3=-8.826407e-07/s
[2026-03-04T04:03:10Z] VQE heartbeat restart=1/16 elapsed_s=4902.1 calls=4897 |DeltaE|=4.997166e-01 best|DeltaE|=4.997160e-01 slope_last3=-6.730779e-07/s
[2026-03-04T04:04:11Z] VQE heartbeat restart=1/16 elapsed_s=4963.0 calls=4958 |DeltaE|=4.996765e-01 best|DeltaE|=4.996764e-01 slope_last3=-6.432375e-07/s
[2026-03-04T04:05:12Z] VQE heartbeat restart=1/16 elapsed_s=5023.8 calls=5019 |DeltaE|=4.996371e-01 best|DeltaE|=4.996371e-01 slope_last3=-6.479275e-07/s
[2026-03-04T04:06:13Z] VQE heartbeat restart=1/16 elapsed_s=5084.8 calls=5080 |DeltaE|=4.995926e-01 best|DeltaE|=4.995926e-01 slope_last3=-6.882504e-07/s
[2026-03-04T04:07:13Z] VQE heartbeat restart=1/16 elapsed_s=5145.5 calls=5136 |DeltaE|=4.995646e-01 best|DeltaE|=4.995643e-01 slope_last3=-5.984423e-07/s
[2026-03-04T04:08:14Z] VQE heartbeat restart=1/16 elapsed_s=5206.1 calls=5195 |DeltaE|=4.994767e-01 best|DeltaE|=4.994767e-01 slope_last3=-9.551172e-07/s
[2026-03-04T04:09:14Z] VQE heartbeat restart=1/16 elapsed_s=5266.3 calls=5254 |DeltaE|=4.994431e-01 best|DeltaE|=4.994422e-01 slope_last3=-1.010905e-06/s
[2026-03-04T04:10:15Z] VQE heartbeat restart=1/16 elapsed_s=5327.2 calls=5314 |DeltaE|=4.993974e-01 best|DeltaE|=4.993974e-01 slope_last3=-6.558292e-07/s
[2026-03-04T04:11:16Z] VQE heartbeat restart=1/16 elapsed_s=5387.9 calls=5373 |DeltaE|=4.993601e-01 best|DeltaE|=4.993589e-01 slope_last3=-6.849883e-07/s
[2026-03-04T04:12:16Z] VQE heartbeat restart=1/16 elapsed_s=5448.3 calls=5434 |DeltaE|=4.993349e-01 best|DeltaE|=4.993338e-01 slope_last3=-5.248483e-07/s
[2026-03-04T04:13:16Z] VQE heartbeat restart=1/16 elapsed_s=5508.5 calls=5493 |DeltaE|=4.992925e-01 best|DeltaE|=4.992925e-01 slope_last3=-5.513597e-07/s
[2026-03-04T04:14:16Z] VQE heartbeat restart=1/16 elapsed_s=5568.7 calls=5554 |DeltaE|=4.992307e-01 best|DeltaE|=4.992307e-01 slope_last3=-8.568954e-07/s
[2026-03-04T04:15:17Z] VQE heartbeat restart=1/16 elapsed_s=5629.4 calls=5615 |DeltaE|=4.992002e-01 best|DeltaE|=4.991997e-01 slope_last3=-7.671143e-07/s
[2026-03-04T04:16:18Z] VQE heartbeat restart=1/16 elapsed_s=5690.2 calls=5673 |DeltaE|=4.991704e-01 best|DeltaE|=4.991702e-01 slope_last3=-4.971092e-07/s
[2026-03-04T04:17:18Z] VQE heartbeat restart=1/16 elapsed_s=5750.3 calls=5731 |DeltaE|=4.991195e-01 best|DeltaE|=4.991195e-01 slope_last3=-6.626965e-07/s
[2026-03-04T04:18:19Z] VQE heartbeat restart=1/16 elapsed_s=5810.9 calls=5789 |DeltaE|=4.990883e-01 best|DeltaE|=4.990883e-01 slope_last3=-6.789411e-07/s
[2026-03-04T04:19:19Z] VQE heartbeat restart=1/16 elapsed_s=5871.2 calls=5845 |DeltaE|=4.990501e-01 best|DeltaE|=4.990501e-01 slope_last3=-5.738096e-07/s
[2026-03-04T04:20:20Z] VQE heartbeat restart=1/16 elapsed_s=5932.2 calls=5901 |DeltaE|=4.990184e-01 best|DeltaE|=4.990184e-01 slope_last3=-5.762947e-07/s
[2026-03-04T04:21:08Z] VQE restart 1/16 end elapsed_s=5980.6 calls=5943 best|DeltaE|=4.989841e-01 msg=interrupted_keyboard_returning_best_restart
[2026-03-04T04:21:08Z] VQE run end elapsed_s=5981.7 calls=0 best|DeltaE|=4.989841e-01 best_restart=1
[2026-03-04T04:21:11Z] VQE done energy=0.515642011251 |DeltaE|=4.989841e-01 rel=2.995479e+01 success=False best_restart=1 nfev=5943 runtime_s=5985.3
