[2026-03-03T03:40:10Z] CONFIG L=4 sector=(2,2) encoding=binary ordering=blocked boundary=open poolA=UCCSD+PAOP poolB=UCCSD+PAOP+HVA warm=hh_hva_ptw
[2026-03-03T03:40:18Z] EXACT sector energy: 0.016657906358
[2026-03-03T03:40:18Z] WARM restart 1/1 start elapsed_s=0.0 nfev_so_far=0
[2026-03-03T03:40:24Z] WARM heartbeat restart 1/1 elapsed_s=5.8 nfev_so_far=6 |DeltaE|=8.420315e+00 best|DeltaE|=8.378170e+00
[2026-03-03T03:40:24Z] STATE_EXPORT warm_checkpoint: artifacts/useful/L4/smoke_auto_cutoff_warm_checkpoint_state.json E=8.394827544797 |DeltaE|=8.378170e+00
[2026-03-03T03:40:29Z] WARM heartbeat restart 1/1 elapsed_s=11.7 nfev_so_far=11 |DeltaE|=7.389860e+00 best|DeltaE|=7.389860e+00
[2026-03-03T03:40:30Z] STATE_EXPORT warm_checkpoint: artifacts/useful/L4/smoke_auto_cutoff_warm_checkpoint_state.json E=7.406517747785 |DeltaE|=7.389860e+00
[2026-03-03T03:40:35Z] WARM heartbeat restart 1/1 elapsed_s=17.6 nfev_so_far=16 |DeltaE|=7.375565e+00 best|DeltaE|=7.375565e+00
[2026-03-03T03:40:35Z] WARM auto-cutoff trigger: slope=-2.419493e-03/s threshold=-1.000000e-01/s window=2 elapsed=17.6s ; stopping warm and continuing with best-so-far state.
[2026-03-03T03:40:36Z] STATE_EXPORT warm_checkpoint: artifacts/useful/L4/smoke_auto_cutoff_warm_checkpoint_state.json E=7.392223311626 |DeltaE|=7.375565e+00
[2026-03-03T03:40:37Z] WARM restart 1/1 end elapsed_s=19.4 nfev_restart=17 best|DeltaE|=7.375565e+00
[2026-03-03T03:40:37Z] WARM run end elapsed_s=19.4 best_restart=1 nfev_total=17
[2026-03-03T03:40:38Z] WARM done: E=7.392223311626 |DeltaE|=7.375565e+00 rel=4.427667e+02 reps=4 restarts=1 maxiter=800 nfev=17 nit=0 runtime_s=20.19 heartbeat_events=9
[2026-03-03T03:40:38Z] WARM stopped by automatic cutoff; continuing with best-so-far warm state.
[2026-03-03T03:40:38Z] STATE_EXPORT warm: artifacts/useful/L4/smoke_auto_cutoff_warm_state.json
[2026-03-03T03:40:38Z] POOLS raw_sizes: uccsd=26 paop=10 hva=18 | A_dedup=36 B_dedup=54
[2026-03-03T03:40:38Z] RUN_START A_probe
[2026-03-03T03:40:38Z] A_probe: start | E0=7.392223311626 |DeltaE0|=7.375565e+00 depth_cap=1 maxiter=20 wallclock_cap_s=120
[2026-03-03T03:40:47Z] A_probe: depth 001 pre-opt |DeltaE|=7.375565e+00 best|DeltaE|=7.375565e+00 max|g|=2.482686e+00
[2026-03-03T03:40:51Z] A_probe: depth 001 post-opt |DeltaE|=6.808898e+00 best|DeltaE|=6.808898e+00 stepDeltaE=-5.666674e-01 max|g|=2.482686e+00
[2026-03-03T03:40:52Z] STATE_EXPORT A_probe: artifacts/useful/L4/smoke_auto_cutoff_A_probe_state.json
[2026-03-03T03:40:52Z] RUN_DONE A_probe: E_best=6.825555912355 |DeltaE|=6.808898e+00 rel=4.087487e+02 depth=1 stop=max_depth nfev=21 runtime_s=13.52
[2026-03-03T03:40:52Z] RUN_START A_medium
[2026-03-03T03:40:52Z] A_medium: start | E0=7.392223311626 |DeltaE0|=7.375565e+00 depth_cap=1 maxiter=20 wallclock_cap_s=120
[2026-03-03T03:41:02Z] A_medium: depth 001 pre-opt |DeltaE|=7.375565e+00 best|DeltaE|=7.375565e+00 max|g|=2.482686e+00
[2026-03-03T03:41:07Z] A_medium: depth 001 post-opt |DeltaE|=6.808898e+00 best|DeltaE|=6.808898e+00 stepDeltaE=-5.666674e-01 max|g|=2.482686e+00
[2026-03-03T03:41:07Z] STATE_EXPORT A_medium: artifacts/useful/L4/smoke_auto_cutoff_A_medium_state.json
[2026-03-03T03:41:07Z] RUN_DONE A_medium: E_best=6.825555912355 |DeltaE|=6.808898e+00 rel=4.087487e+02 depth=1 stop=max_depth nfev=21 runtime_s=15.19
[2026-03-03T03:41:07Z] RUN_START B_probe
[2026-03-03T03:41:07Z] B_probe: start | E0=7.392223311626 |DeltaE0|=7.375565e+00 depth_cap=1 maxiter=20 wallclock_cap_s=120
[2026-03-03T03:41:19Z] B_probe: depth 001 pre-opt |DeltaE|=7.375565e+00 best|DeltaE|=7.375565e+00 max|g|=2.482686e+00
[2026-03-03T03:41:24Z] B_probe: depth 001 post-opt |DeltaE|=6.808898e+00 best|DeltaE|=6.808898e+00 stepDeltaE=-5.666674e-01 max|g|=2.482686e+00
[2026-03-03T03:41:24Z] STATE_EXPORT B_probe: artifacts/useful/L4/smoke_auto_cutoff_B_probe_state.json
[2026-03-03T03:41:24Z] RUN_DONE B_probe: E_best=6.825555912355 |DeltaE|=6.808898e+00 rel=4.087487e+02 depth=1 stop=max_depth nfev=21 runtime_s=16.93
[2026-03-03T03:41:24Z] RUN_START B_medium
[2026-03-03T03:41:24Z] B_medium: start | E0=7.392223311626 |DeltaE0|=7.375565e+00 depth_cap=1 maxiter=20 wallclock_cap_s=120
[2026-03-03T03:41:39Z] B_medium: depth 001 pre-opt |DeltaE|=7.375565e+00 best|DeltaE|=7.375565e+00 max|g|=2.482686e+00
[2026-03-03T03:41:44Z] B_medium: depth 001 post-opt |DeltaE|=6.808898e+00 best|DeltaE|=6.808898e+00 stepDeltaE=-5.666674e-01 max|g|=2.482686e+00
[2026-03-03T03:41:44Z] STATE_EXPORT B_medium: artifacts/useful/L4/smoke_auto_cutoff_B_medium_state.json
[2026-03-03T03:41:44Z] RUN_DONE B_medium: E_best=6.825555912355 |DeltaE|=6.808898e+00 rel=4.087487e+02 depth=1 stop=max_depth nfev=21 runtime_s=19.88
[2026-03-03T03:41:44Z] WROTE JSON artifacts/useful/L4/smoke_auto_cutoff.json
[2026-03-03T03:41:44Z] WROTE CSV  artifacts/useful/L4/smoke_auto_cutoff.csv
[2026-03-03T03:41:44Z] WROTE MD   artifacts/useful/L4/smoke_auto_cutoff.md
[2026-03-03T03:41:44Z] WROTE METRICS JSON artifacts/useful/L4/smoke_auto_cutoff_metrics_proxy.json
[2026-03-03T03:41:44Z] WROTE METRICS CSV  artifacts/useful/L4/smoke_auto_cutoff_metrics_proxy.csv
