AI_LOG {"event": "hardcoded_main_start", "settings": {"L": 3, "adapt_allow_repeats": true, "adapt_disable_hh_seed": false, "adapt_eps_energy": 1e-08, "adapt_eps_grad": 1e-05, "adapt_finite_angle": 0.1, "adapt_finite_angle_fallback": true, "adapt_finite_angle_min_improvement": 1e-12, "adapt_input_json": "artifacts/useful/L3/warmstart_states/fix1_warm_start_B_full_state.json", "adapt_max_depth": 30, "adapt_maxiter": 800, "adapt_pool": "paop_std", "adapt_seed": 7, "adapt_strict_match": true, "adapt_summary_in_pdf": true, "boson_encoding": "binary", "boundary": "open", "drive_A": 0.5, "drive_custom_s": null, "drive_include_identity": false, "drive_omega": 2.0, "drive_pattern": "staggered", "drive_phi": 0.0, "drive_t0": 0.0, "drive_tbar": 3.0, "drive_time_sampling": "midpoint", "dv": 0.0, "enable_drive": true, "exact_steps_multiplier": 2, "fidelity_subspace_energy_tol": 1e-08, "g_ep": 0.5, "initial_state_source": "adapt_json", "n_ph_max": 1, "num_times": 201, "omega0": 1.0, "ordering": "blocked", "output_json": "artifacts/useful/L3/drive_from_fix1_warm_start_B_full.json", "output_pdf": "artifacts/useful/L3/drive_from_fix1_warm_start_B_full.pdf", "paop_normalization": "none", "paop_prune_eps": 0.0, "paop_r": 1, "paop_split_paulis": false, "problem": "hh", "qpe_eval_qubits": 6, "qpe_seed": 11, "qpe_shots": 1024, "skip_pdf": false, "skip_qpe": true, "suzuki_order": 2, "t": 1.0, "t_final": 15.0, "term_order": "sorted", "trotter_steps": 192, "u": 4.0, "vqe_ansatz": "hh_hva_ptw", "vqe_maxiter": 2400, "vqe_method": "COBYLA", "vqe_reps": 2, "vqe_restarts": 4, "vqe_seed": 7}, "ts_utc": "2026-03-02T16:21:15.358653+00:00"}
AI_LOG {"L": 3, "event": "hardcoded_hamiltonian_built", "num_terms": 27, "ts_utc": "2026-03-02T16:21:15.362125+00:00"}
AI_LOG {"L": 3, "drive_labels": 6, "event": "hardcoded_drive_built", "new_labels": 0, "ts_utc": "2026-03-02T16:21:15.362178+00:00"}
AI_LOG {"L": 3, "ansatz": "hh_hva_ptw", "event": "hardcoded_vqe_start", "maxiter": 2400, "method": "COBYLA", "ordering": "blocked", "problem": "hh", "reps": 2, "restarts": 4, "seed": 7, "ts_utc": "2026-03-02T16:21:15.665894+00:00"}
AI_LOG {"L": 3, "ansatz": "hh_hva_ptw", "best_restart": 2, "elapsed_sec": 433.34503, "energy": 0.4226190970102364, "event": "hardcoded_vqe_done", "exact_filtered_energy": 0.2449407001279198, "nfev": 2400, "nit": 0, "success": true, "ts_utc": "2026-03-02T16:28:28.960393+00:00"}
AI_LOG {"adapt_json": "artifacts/useful/L3/warmstart_states/fix1_warm_start_B_full_state.json", "event": "hardcoded_initial_state_selected", "source": "adapt_json", "ts_utc": "2026-03-02T16:28:28.964352+00:00"}
AI_LOG {"eval_qubits": 6, "event": "hardcoded_qpe_skipped", "shots": 1024, "ts_utc": "2026-03-02T16:28:28.964390+00:00"}
AI_LOG {"L": 3, "drive_enabled": true, "event": "hardcoded_trajectory_start", "exact_steps_multiplier": 2, "fidelity_selection_rule": "E <= E0 + tol", "fidelity_subspace_energy_tol": 1e-08, "ground_subspace_dimension": 1, "num_times": 201, "reference_steps": 384, "suzuki_order": 2, "t_final": 15.0, "trotter_steps": 192, "ts_utc": "2026-03-02T16:28:29.155393+00:00"}
AI_LOG {"elapsed_sec": 0.006008, "event": "hardcoded_trajectory_progress", "frac": 0.004975, "step": 1, "subspace_fidelity": 0.9959091949680081, "time": 0.0, "total_steps": 201, "ts_utc": "2026-03-02T16:28:29.161165+00:00"}
AI_LOG {"elapsed_sec": 10.454532, "event": "hardcoded_trajectory_progress", "frac": 0.049751, "step": 10, "subspace_fidelity": 0.9959090091577295, "time": 0.6749999999999999, "total_steps": 201, "ts_utc": "2026-03-02T16:28:39.609779+00:00"}
AI_LOG {"elapsed_sec": 22.295068, "event": "hardcoded_trajectory_progress", "frac": 0.099502, "step": 20, "subspace_fidelity": 0.99590883588224, "time": 1.425, "total_steps": 201, "ts_utc": "2026-03-02T16:28:51.450342+00:00"}
AI_LOG {"elapsed_sec": 34.897212, "event": "hardcoded_trajectory_progress", "frac": 0.149254, "step": 30, "subspace_fidelity": 0.995904891382562, "time": 2.175, "total_steps": 201, "ts_utc": "2026-03-02T16:29:04.052518+00:00"}
AI_LOG {"elapsed_sec": 47.172817, "event": "hardcoded_trajectory_progress", "frac": 0.199005, "step": 40, "subspace_fidelity": 0.9959056274597277, "time": 2.925, "total_steps": 201, "ts_utc": "2026-03-02T16:29:16.328048+00:00"}
AI_LOG {"elapsed_sec": 59.79985, "event": "hardcoded_trajectory_progress", "frac": 0.248756, "step": 50, "subspace_fidelity": 0.9959114535901485, "time": 3.675, "total_steps": 201, "ts_utc": "2026-03-02T16:29:28.955042+00:00"}
AI_LOG {"elapsed_sec": 72.553096, "event": "hardcoded_trajectory_progress", "frac": 0.298507, "step": 60, "subspace_fidelity": 0.9959093726112728, "time": 4.425, "total_steps": 201, "ts_utc": "2026-03-02T16:29:41.708261+00:00"}
AI_LOG {"elapsed_sec": 85.346713, "event": "hardcoded_trajectory_progress", "frac": 0.348259, "step": 70, "subspace_fidelity": 0.995935604841935, "time": 5.175, "total_steps": 201, "ts_utc": "2026-03-02T16:29:54.501814+00:00"}
AI_LOG {"elapsed_sec": 98.515753, "event": "hardcoded_trajectory_progress", "frac": 0.39801, "step": 80, "subspace_fidelity": 0.9959235866720937, "time": 5.925, "total_steps": 201, "ts_utc": "2026-03-02T16:30:07.670824+00:00"}
AI_LOG {"elapsed_sec": 111.508082, "event": "hardcoded_trajectory_progress", "frac": 0.447761, "step": 90, "subspace_fidelity": 0.9959468583719255, "time": 6.675, "total_steps": 201, "ts_utc": "2026-03-02T16:30:20.663088+00:00"}
AI_LOG {"elapsed_sec": 124.447815, "event": "hardcoded_trajectory_progress", "frac": 0.497512, "step": 100, "subspace_fidelity": 0.9959213001193334, "time": 7.425, "total_steps": 201, "ts_utc": "2026-03-02T16:30:33.602796+00:00"}
AI_LOG {"elapsed_sec": 138.059268, "event": "hardcoded_trajectory_progress", "frac": 0.547264, "step": 110, "subspace_fidelity": 0.9959028321841155, "time": 8.174999999999999, "total_steps": 201, "ts_utc": "2026-03-02T16:30:47.214193+00:00"}
AI_LOG {"elapsed_sec": 151.056603, "event": "hardcoded_trajectory_progress", "frac": 0.597015, "step": 120, "subspace_fidelity": 0.9958811943872177, "time": 8.924999999999999, "total_steps": 201, "ts_utc": "2026-03-02T16:31:00.211463+00:00"}
AI_LOG {"elapsed_sec": 164.819114, "event": "hardcoded_trajectory_progress", "frac": 0.646766, "step": 130, "subspace_fidelity": 0.9958256264372436, "time": 9.674999999999999, "total_steps": 201, "ts_utc": "2026-03-02T16:31:13.973941+00:00"}
AI_LOG {"elapsed_sec": 178.004661, "event": "hardcoded_trajectory_progress", "frac": 0.696517, "step": 140, "subspace_fidelity": 0.9958452224137008, "time": 10.424999999999999, "total_steps": 201, "ts_utc": "2026-03-02T16:31:27.159421+00:00"}
AI_LOG {"elapsed_sec": 191.088218, "event": "hardcoded_trajectory_progress", "frac": 0.746269, "step": 150, "subspace_fidelity": 0.9957572479190642, "time": 11.174999999999999, "total_steps": 201, "ts_utc": "2026-03-02T16:31:40.242930+00:00"}
AI_LOG {"elapsed_sec": 204.895953, "event": "hardcoded_trajectory_progress", "frac": 0.79602, "step": 160, "subspace_fidelity": 0.9958656282711136, "time": 11.924999999999999, "total_steps": 201, "ts_utc": "2026-03-02T16:31:54.050633+00:00"}
AI_LOG {"elapsed_sec": 218.989335, "event": "hardcoded_trajectory_progress", "frac": 0.845771, "step": 170, "subspace_fidelity": 0.9958292157768659, "time": 12.674999999999999, "total_steps": 201, "ts_utc": "2026-03-02T16:32:08.143962+00:00"}
AI_LOG {"elapsed_sec": 233.655025, "event": "hardcoded_trajectory_progress", "frac": 0.895522, "step": 180, "subspace_fidelity": 0.9959327236031558, "time": 13.424999999999999, "total_steps": 201, "ts_utc": "2026-03-02T16:32:22.809608+00:00"}
AI_LOG {"elapsed_sec": 246.873389, "event": "hardcoded_trajectory_progress", "frac": 0.945274, "step": 190, "subspace_fidelity": 0.9959382854516209, "time": 14.174999999999999, "total_steps": 201, "ts_utc": "2026-03-02T16:32:36.027894+00:00"}
AI_LOG {"elapsed_sec": 260.348607, "event": "hardcoded_trajectory_progress", "frac": 0.995025, "step": 200, "subspace_fidelity": 0.9958837985162347, "time": 14.924999999999999, "total_steps": 201, "ts_utc": "2026-03-02T16:32:49.503089+00:00"}
AI_LOG {"elapsed_sec": 261.706936, "event": "hardcoded_trajectory_progress", "frac": 1.0, "step": 201, "subspace_fidelity": 0.9958813434800866, "time": 15.0, "total_steps": 201, "ts_utc": "2026-03-02T16:32:50.861385+00:00"}
AI_LOG {"elapsed_sec": 261.707003, "event": "hardcoded_trajectory_done", "final_energy_static_trotter": 0.27632917603206375, "final_subspace_fidelity": 0.9958813434800866, "total_steps": 201, "ts_utc": "2026-03-02T16:32:50.861451+00:00"}
/Users/jakestrobel/Documents/Holstein_implementation/Holstein_test/pipelines/hardcoded/hubbard_pipeline.py:2004: UserWarning: Tight layout not applied. The left and right margins cannot be made large enough to accommodate all Axes decorations.
  fig3d_scalars.tight_layout(rect=(0.0, 0.02, 1.0, 0.94))
AI_LOG {"L": 3, "event": "hardcoded_main_done", "output_json": "artifacts/useful/L3/drive_from_fix1_warm_start_B_full.json", "output_pdf": "artifacts/useful/L3/drive_from_fix1_warm_start_B_full.pdf", "qpe_energy": null, "ts_utc": "2026-03-02T16:32:53.202306+00:00", "vqe_energy": 0.4226190970102364}
Wrote JSON: artifacts/useful/L3/drive_from_fix1_warm_start_B_full.json
Wrote PDF:  artifacts/useful/L3/drive_from_fix1_warm_start_B_full.pdf
