[2026-02-14 10:36:44] START L4 high-accuracy run
AI_LOG {"event": "compare_main_start", "settings": {"artifacts_dir": "/Users/jakestrobel/Downloads/qdynamics-main/Fermi-Hamil-JW-VQE-TROTTER-PIPELINE/artifacts", "boundary": "periodic", "dv": 0.0, "hardcoded_vqe_maxiter": 3000, "hardcoded_vqe_reps": 3, "hardcoded_vqe_restarts": 8, "hardcoded_vqe_seed": 17, "initial_state_source": "vqe", "l_values": "4", "num_times": 401, "ordering": "blocked", "qiskit_vqe_maxiter": 800, "qiskit_vqe_reps": 2, "qiskit_vqe_restarts": 3, "qiskit_vqe_seed": 17, "qpe_eval_qubits": 5, "qpe_seed": 11, "qpe_shots": 256, "run_pipelines": true, "skip_qpe": true, "suzuki_order": 2, "t": 1.0, "t_final": 20.0, "trotter_steps": 256, "u": 4.0, "with_per_l_pdfs": true}, "ts_utc": "2026-02-14T16:36:45.300879+00:00"}
AI_LOG {"event": "compare_l_values", "l_values": [4], "ts_utc": "2026-02-14T16:36:45.301375+00:00"}
AI_LOG {"L": 4, "event": "compare_l_start", "ts_utc": "2026-02-14T16:36:45.301398+00:00"}
AI_LOG {"cmd": ["/opt/anaconda3/bin/python3", "pipelines/hardcoded_hubbard_pipeline.py", "--L", "4", "--t", "1.0", "--u", "4.0", "--dv", "0.0", "--boundary", "periodic", "--ordering", "blocked", "--t-final", "20.0", "--num-times", "401", "--suzuki-order", "2", "--trotter-steps", "256", "--term-order", "sorted", "--vqe-reps", "3", "--vqe-restarts", "8", "--vqe-seed", "17", "--vqe-maxiter", "3000", "--qpe-eval-qubits", "5", "--qpe-shots", "256", "--qpe-seed", "11", "--initial-state-source", "vqe", "--output-json", "/Users/jakestrobel/Downloads/qdynamics-main/Fermi-Hamil-JW-VQE-TROTTER-PIPELINE/artifacts/hardcoded_pipeline_L4.json", "--output-pdf", "/Users/jakestrobel/Downloads/qdynamics-main/Fermi-Hamil-JW-VQE-TROTTER-PIPELINE/artifacts/hardcoded_pipeline_L4.pdf", "--skip-pdf", "--skip-qpe"], "event": "compare_subprocess_start", "ts_utc": "2026-02-14T16:36:45.301428+00:00"}
AI_LOG {"cmd": ["/opt/anaconda3/bin/python3", "pipelines/hardcoded_hubbard_pipeline.py", "--L", "4", "--t", "1.0", "--u", "4.0", "--dv", "0.0", "--boundary", "periodic", "--ordering", "blocked", "--t-final", "20.0", "--num-times", "401", "--suzuki-order", "2", "--trotter-steps", "256", "--term-order", "sorted", "--vqe-reps", "3", "--vqe-restarts", "8", "--vqe-seed", "17", "--vqe-maxiter", "3000", "--qpe-eval-qubits", "5", "--qpe-shots", "256", "--qpe-seed", "11", "--initial-state-source", "vqe", "--output-json", "/Users/jakestrobel/Downloads/qdynamics-main/Fermi-Hamil-JW-VQE-TROTTER-PIPELINE/artifacts/hardcoded_pipeline_L4.json", "--output-pdf", "/Users/jakestrobel/Downloads/qdynamics-main/Fermi-Hamil-JW-VQE-TROTTER-PIPELINE/artifacts/hardcoded_pipeline_L4.pdf", "--skip-pdf", "--skip-qpe"], "elapsed_sec": 5964.89117, "event": "compare_subprocess_done", "returncode": 0, "stderr_lines": 0, "stdout_lines": 32, "ts_utc": "2026-02-14T18:40:03.463510+00:00"}
AI_LOG {"L": 4, "event": "compare_l_hardcoded_done", "json_path": "/Users/jakestrobel/Downloads/qdynamics-main/Fermi-Hamil-JW-VQE-TROTTER-PIPELINE/artifacts/hardcoded_pipeline_L4.json", "ts_utc": "2026-02-14T18:40:03.467271+00:00"}
AI_LOG {"cmd": ["/opt/anaconda3/bin/python3", "pipelines/qiskit_hubbard_baseline_pipeline.py", "--L", "4", "--t", "1.0", "--u", "4.0", "--dv", "0.0", "--boundary", "periodic", "--ordering", "blocked", "--t-final", "20.0", "--num-times", "401", "--suzuki-order", "2", "--trotter-steps", "256", "--term-order", "sorted", "--vqe-reps", "2", "--vqe-restarts", "3", "--vqe-seed", "17", "--vqe-maxiter", "800", "--qpe-eval-qubits", "5", "--qpe-shots", "256", "--qpe-seed", "11", "--initial-state-source", "vqe", "--output-json", "/Users/jakestrobel/Downloads/qdynamics-main/Fermi-Hamil-JW-VQE-TROTTER-PIPELINE/artifacts/qiskit_pipeline_L4.json", "--output-pdf", "/Users/jakestrobel/Downloads/qdynamics-main/Fermi-Hamil-JW-VQE-TROTTER-PIPELINE/artifacts/qiskit_pipeline_L4.pdf", "--skip-pdf", "--skip-qpe"], "event": "compare_subprocess_start", "ts_utc": "2026-02-14T18:40:03.468257+00:00"}
AI_LOG {"cmd": ["/opt/anaconda3/bin/python3", "pipelines/qiskit_hubbard_baseline_pipeline.py", "--L", "4", "--t", "1.0", "--u", "4.0", "--dv", "0.0", "--boundary", "periodic", "--ordering", "blocked", "--t-final", "20.0", "--num-times", "401", "--suzuki-order", "2", "--trotter-steps", "256", "--term-order", "sorted", "--vqe-reps", "2", "--vqe-restarts", "3", "--vqe-seed", "17", "--vqe-maxiter", "800", "--qpe-eval-qubits", "5", "--qpe-shots", "256", "--qpe-seed", "11", "--initial-state-source", "vqe", "--output-json", "/Users/jakestrobel/Downloads/qdynamics-main/Fermi-Hamil-JW-VQE-TROTTER-PIPELINE/artifacts/qiskit_pipeline_L4.json", "--output-pdf", "/Users/jakestrobel/Downloads/qdynamics-main/Fermi-Hamil-JW-VQE-TROTTER-PIPELINE/artifacts/qiskit_pipeline_L4.pdf", "--skip-pdf", "--skip-qpe"], "elapsed_sec": 16929.4926, "event": "compare_subprocess_done", "returncode": 0, "stderr_lines": 4, "stdout_lines": 35, "ts_utc": "2026-02-14T23:22:13.069603+00:00"}
AI_LOG {"L": 4, "event": "compare_l_qiskit_done", "json_path": "/Users/jakestrobel/Downloads/qdynamics-main/Fermi-Hamil-JW-VQE-TROTTER-PIPELINE/artifacts/qiskit_pipeline_L4.json", "ts_utc": "2026-02-14T23:22:13.071193+00:00"}
AI_LOG {"L": 4, "event": "compare_l_collection_done", "ts_utc": "2026-02-14T23:22:13.073077+00:00"}
AI_LOG {"commands": 2, "event": "compare_command_log_written", "path": "/Users/jakestrobel/Downloads/qdynamics-main/Fermi-Hamil-JW-VQE-TROTTER-PIPELINE/artifacts/pipeline_commands_run.txt", "ts_utc": "2026-02-14T23:22:13.076965+00:00"}
AI_LOG {"L": 4, "energy_trotter_max_abs_delta": 4.138357329708242e-06, "event": "compare_l_metrics", "fidelity_max_abs_delta": 2.209725978863375e-07, "gs_abs_delta": 0.0, "passed": true, "ts_utc": "2026-02-14T23:22:13.102072+00:00"}
Delta metric definitions (L=4):
ΔF(t)      = |F_hc(t) - F_qk(t)|
ΔE_trot(t) = |E_trot_hc(t) - E_trot_qk(t)|
Δn_up0(t)  = |n_up0_hc(t) - n_up0_qk(t)|
Δn_dn0(t)  = |n_dn0_hc(t) - n_dn0_qk(t)|
ΔD(t)      = |D_hc(t) - D_qk(t)|
F_pipeline(t) is the pipeline's stored trajectory fidelity value (as computed internally vs that pipeline's exact evolution).
AI_LOG {"all_pass": true, "bundle_pdf": "/Users/jakestrobel/Downloads/qdynamics-main/Fermi-Hamil-JW-VQE-TROTTER-PIPELINE/artifacts/hardcoded_vs_qiskit_all_results_bundle.pdf", "event": "compare_main_done", "summary_json": "/Users/jakestrobel/Downloads/qdynamics-main/Fermi-Hamil-JW-VQE-TROTTER-PIPELINE/artifacts/hardcoded_vs_qiskit_pipeline_summary.json", "ts_utc": "2026-02-14T23:22:14.752462+00:00"}
Wrote summary JSON: /Users/jakestrobel/Downloads/qdynamics-main/Fermi-Hamil-JW-VQE-TROTTER-PIPELINE/artifacts/hardcoded_vs_qiskit_pipeline_summary.json
Wrote bundle PDF:   /Users/jakestrobel/Downloads/qdynamics-main/Fermi-Hamil-JW-VQE-TROTTER-PIPELINE/artifacts/hardcoded_vs_qiskit_all_results_bundle.pdf
Wrote command log:  /Users/jakestrobel/Downloads/qdynamics-main/Fermi-Hamil-JW-VQE-TROTTER-PIPELINE/artifacts/pipeline_commands_run.txt
L=4: pass=True metrics=/Users/jakestrobel/Downloads/qdynamics-main/Fermi-Hamil-JW-VQE-TROTTER-PIPELINE/artifacts/hardcoded_vs_qiskit_pipeline_L4_metrics.json pdf=/Users/jakestrobel/Downloads/qdynamics-main/Fermi-Hamil-JW-VQE-TROTTER-PIPELINE/artifacts/hardcoded_vs_qiskit_pipeline_L4_comparison.pdf
