[2026-03-06T08:40:36Z] loaded adapt seed: /Users/jakestrobel/Documents/Holstein_implementation/Holstein_test/artifacts/json/l4_hh_adapt_fullmeta_spsa_cont_d2_maxdepth20_20260305T183916Z.json
[2026-03-06T08:40:36Z] nq=16 dim=65536 exact=0.016089430889350
[2026-03-06T08:40:36Z] ansatz_npar=72
[2026-03-06T08:40:37Z] {"event": "run_start", "elapsed_s": 0.0, "restart": null, "restarts_total": 4, "nfev_so_far": null, "nfev_restart": null, "energy_current": null, "energy_best": null, "delta_abs_best": null, "method": "SPSA", "message": null}
[2026-03-06T08:40:37Z] {"event": "restart_start", "elapsed_s": 0.0006357086822390556, "restart": null, "restarts_total": 4, "nfev_so_far": 0, "nfev_restart": null, "energy_current": null, "energy_best": null, "delta_abs_best": null, "method": "SPSA", "message": null}
[2026-03-06T08:42:03Z] {"event": "heartbeat", "elapsed_s": 86.02179162483662, "restart": null, "restarts_total": 4, "nfev_so_far": 3, "nfev_restart": 3, "energy_current": 6.4452231581879555, "energy_best": 5.2128049744653335, "delta_abs_best": 5.1967155435759835, "method": "SPSA", "message": null}
[2026-03-06T08:43:29Z] {"event": "heartbeat", "elapsed_s": 172.61024774983525, "restart": null, "restarts_total": 4, "nfev_so_far": 6, "nfev_restart": 6, "energy_current": 6.691763337654575, "energy_best": 5.2128049744653335, "delta_abs_best": 5.1967155435759835, "method": "SPSA", "message": null}
[2026-03-06T08:44:55Z] {"event": "heartbeat", "elapsed_s": 258.35907516628504, "restart": null, "restarts_total": 4, "nfev_so_far": 9, "nfev_restart": 9, "energy_current": 6.696551280137672, "energy_best": 5.2128049744653335, "delta_abs_best": 5.1967155435759835, "method": "SPSA", "message": null}
[2026-03-06T08:46:20Z] {"event": "heartbeat", "elapsed_s": 343.57293820846826, "restart": null, "restarts_total": 4, "nfev_so_far": 12, "nfev_restart": 12, "energy_current": 6.060368981789384, "energy_best": 5.2128049744653335, "delta_abs_best": 5.1967155435759835, "method": "SPSA", "message": null}
[2026-03-06T08:47:45Z] {"event": "heartbeat", "elapsed_s": 428.6914814999327, "restart": null, "restarts_total": 4, "nfev_so_far": 15, "nfev_restart": 15, "energy_current": 6.313853906141814, "energy_best": 5.2128049744653335, "delta_abs_best": 5.1967155435759835, "method": "SPSA", "message": null}
[2026-03-06T08:49:12Z] {"event": "heartbeat", "elapsed_s": 515.0183083750308, "restart": null, "restarts_total": 4, "nfev_so_far": 18, "nfev_restart": 18, "energy_current": 6.122903504933513, "energy_best": 5.2128049744653335, "delta_abs_best": 5.1967155435759835, "method": "SPSA", "message": null}
[2026-03-06T08:50:13Z] {"event": "heartbeat", "elapsed_s": 576.1266485834494, "restart": null, "restarts_total": 4, "nfev_so_far": 20, "nfev_restart": 20, "energy_current": 6.192751312802268, "energy_best": 5.2128049744653335, "delta_abs_best": 5.1967155435759835, "method": "SPSA", "message": null}
[2026-03-06T08:51:14Z] {"event": "heartbeat", "elapsed_s": 637.5404001669958, "restart": null, "restarts_total": 4, "nfev_so_far": 22, "nfev_restart": 22, "energy_current": 6.239045488444283, "energy_best": 5.2128049744653335, "delta_abs_best": 5.1967155435759835, "method": "SPSA", "message": null}
[2026-03-06T08:52:17Z] {"event": "heartbeat", "elapsed_s": 700.4146107500419, "restart": null, "restarts_total": 4, "nfev_so_far": 24, "nfev_restart": 24, "energy_current": 6.093829148064559, "energy_best": 5.2128049744653335, "delta_abs_best": 5.1967155435759835, "method": "SPSA", "message": null}
[2026-03-06T08:53:18Z] {"event": "heartbeat", "elapsed_s": 761.232772083953, "restart": null, "restarts_total": 4, "nfev_so_far": 26, "nfev_restart": 26, "energy_current": 5.993917346529363, "energy_best": 5.2128049744653335, "delta_abs_best": 5.1967155435759835, "method": "SPSA", "message": null}
[2026-03-06T08:54:45Z] {"event": "heartbeat", "elapsed_s": 848.6556974584237, "restart": null, "restarts_total": 4, "nfev_so_far": 29, "nfev_restart": 29, "energy_current": 5.887080909158006, "energy_best": 5.2128049744653335, "delta_abs_best": 5.1967155435759835, "method": "SPSA", "message": null}
[2026-03-06T08:56:12Z] {"event": "heartbeat", "elapsed_s": 935.7088166242465, "restart": null, "restarts_total": 4, "nfev_so_far": 32, "nfev_restart": 32, "energy_current": 5.770256727067409, "energy_best": 5.2128049744653335, "delta_abs_best": 5.1967155435759835, "method": "SPSA", "message": null}
[2026-03-06T08:57:38Z] {"event": "heartbeat", "elapsed_s": 1021.4320899993181, "restart": null, "restarts_total": 4, "nfev_so_far": 35, "nfev_restart": 35, "energy_current": 5.900852546454599, "energy_best": 5.2128049744653335, "delta_abs_best": 5.1967155435759835, "method": "SPSA", "message": null}
[2026-03-06T08:59:03Z] {"event": "heartbeat", "elapsed_s": 1106.3602125840262, "restart": null, "restarts_total": 4, "nfev_so_far": 38, "nfev_restart": 38, "energy_current": 5.876913517388065, "energy_best": 5.2128049744653335, "delta_abs_best": 5.1967155435759835, "method": "SPSA", "message": null}
[2026-03-06T09:00:04Z] {"event": "heartbeat", "elapsed_s": 1167.6199067495763, "restart": null, "restarts_total": 4, "nfev_so_far": 40, "nfev_restart": 40, "energy_current": 5.993858653890299, "energy_best": 5.2128049744653335, "delta_abs_best": 5.1967155435759835, "method": "SPSA", "message": null}
[2026-03-06T09:01:06Z] {"event": "heartbeat", "elapsed_s": 1229.7645708750933, "restart": null, "restarts_total": 4, "nfev_so_far": 42, "nfev_restart": 42, "energy_current": 5.85163071195338, "energy_best": 5.2128049744653335, "delta_abs_best": 5.1967155435759835, "method": "SPSA", "message": null}
[2026-03-06T09:02:08Z] {"event": "heartbeat", "elapsed_s": 1291.800211374648, "restart": null, "restarts_total": 4, "nfev_so_far": 44, "nfev_restart": 44, "energy_current": 6.126959615007609, "energy_best": 5.2128049744653335, "delta_abs_best": 5.1967155435759835, "method": "SPSA", "message": null}
[2026-03-06T09:03:39Z] {"event": "heartbeat", "elapsed_s": 1382.9385482920334, "restart": null, "restarts_total": 4, "nfev_so_far": 47, "nfev_restart": 47, "energy_current": 6.050026764783553, "energy_best": 5.2128049744653335, "delta_abs_best": 5.1967155435759835, "method": "SPSA", "message": null}
[2026-03-06T09:05:06Z] {"event": "heartbeat", "elapsed_s": 1469.496237916872, "restart": null, "restarts_total": 4, "nfev_so_far": 50, "nfev_restart": 50, "energy_current": 6.389958779089416, "energy_best": 5.2128049744653335, "delta_abs_best": 5.1967155435759835, "method": "SPSA", "message": null}
[2026-03-06T09:06:33Z] {"event": "heartbeat", "elapsed_s": 1556.7619070839137, "restart": null, "restarts_total": 4, "nfev_so_far": 53, "nfev_restart": 53, "energy_current": 5.856661009362381, "energy_best": 5.2128049744653335, "delta_abs_best": 5.1967155435759835, "method": "SPSA", "message": null}
[2026-03-06T09:07:35Z] {"event": "heartbeat", "elapsed_s": 1618.290438584052, "restart": null, "restarts_total": 4, "nfev_so_far": 55, "nfev_restart": 55, "energy_current": 5.924464735501008, "energy_best": 5.2128049744653335, "delta_abs_best": 5.1967155435759835, "method": "SPSA", "message": null}
[2026-03-06T09:09:02Z] {"event": "heartbeat", "elapsed_s": 1705.7211188338697, "restart": null, "restarts_total": 4, "nfev_so_far": 58, "nfev_restart": 58, "energy_current": 5.751809744869917, "energy_best": 5.2128049744653335, "delta_abs_best": 5.1967155435759835, "method": "SPSA", "message": null}
[2026-03-06T09:10:06Z] {"event": "heartbeat", "elapsed_s": 1769.5685859164223, "restart": null, "restarts_total": 4, "nfev_so_far": 60, "nfev_restart": 60, "energy_current": 5.795157499231769, "energy_best": 5.2128049744653335, "delta_abs_best": 5.1967155435759835, "method": "SPSA", "message": null}
[2026-03-06T09:11:36Z] {"event": "heartbeat", "elapsed_s": 1859.563837791793, "restart": null, "restarts_total": 4, "nfev_so_far": 63, "nfev_restart": 63, "energy_current": 6.118149588424927, "energy_best": 5.2128049744653335, "delta_abs_best": 5.1967155435759835, "method": "SPSA", "message": null}
[2026-03-06T09:12:39Z] {"event": "heartbeat", "elapsed_s": 1922.093863999471, "restart": null, "restarts_total": 4, "nfev_so_far": 65, "nfev_restart": 65, "energy_current": 5.851646649628849, "energy_best": 5.2128049744653335, "delta_abs_best": 5.1967155435759835, "method": "SPSA", "message": null}
[2026-03-06T09:13:46Z] {"event": "heartbeat", "elapsed_s": 1989.0440749162808, "restart": null, "restarts_total": 4, "nfev_so_far": 67, "nfev_restart": 67, "energy_current": 5.683859613676807, "energy_best": 5.2128049744653335, "delta_abs_best": 5.1967155435759835, "method": "SPSA", "message": null}
